Repo to build:
https://api.github.com/repos/wled/WLED/zipball/nightly
Enviroment to build:
[env:custom_build]
extends = env:esp32s3dev_16MB_opi
board_build.flash_mode = qio
board_build.f_flash = 40000000L
board_upload.flash_size = 16MB
board_build.mcu = esp32s3
board_build.f_cpu = 240000000L
board_build.psram_type = opi
board_build.partitions = ${esp32.extreme_partitions}
Hacks to apply:

--2025-06-03 21:02:36--  https://api.github.com/repos/wled/WLED/zipball/nightly
Resolving api.github.com (api.github.com)... 140.82.112.6
Connecting to api.github.com (api.github.com)|140.82.112.6|:443... connected.
HTTP request sent, awaiting response... 302 Found
Location: https://codeload.github.com/wled/WLED/legacy.zip/refs/tags/nightly [following]
--2025-06-03 21:02:36--  https://codeload.github.com/wled/WLED/legacy.zip/refs/tags/nightly
Resolving codeload.github.com (codeload.github.com)... 140.82.113.9
Connecting to codeload.github.com (codeload.github.com)|140.82.113.9|:443... connected.
HTTP request sent, awaiting response... 200 OK
Length: unspecified [application/zip]
Saving to: ‘/tmp/WLEDtemp/mm.zip’

     0K .......... .......... .......... .......... .......... 1.07M
    50K .......... .......... .......... .......... .......... 2.14M
   100K .......... .......... .......... .......... .......... 69.5M
   150K .......... .......... .......... .......... ..........  128M
   200K .......... .......... .......... .......... .......... 2.21M
   250K .......... .......... .......... .......... ..........  105M
   300K .......... .......... .......... .......... ..........  149M
   350K .......... .......... .......... .......... ..........  318M
   400K .......... .......... .......... .......... .......... 2.23M
   450K .......... .......... .......... .......... ..........  159M
   500K .......... .......... .......... .......... .......... 94.7M
   550K .......... .......... .......... .......... ..........  211M
   600K .......... .......... .......... .......... ..........  114M
   650K .......... .......... .......... .......... ..........  195M
   700K .......... .......... .......... .......... ..........  212M
   750K .......... .......... .......... .......... ..........  217M
   800K .......... .......... .......... .......... ..........  214M
   850K .......... .......... .......... .......... .......... 2.40M
   900K .......... .......... .......... .......... ..........  187M
   950K .......... .......... .......... .......... ..........  223M
  1000K .......... .......... .......... .......... ..........  150M
  1050K .......... .......... .......... .......... ..........  372M
  1100K .......... .......... .......... .......... ..........  193M
  1150K .......... .......... .......... .......... ..........  354M
  1200K .......... .......... .......... .......... ..........  200M
  1250K .......... .......... .......... .......... ..........  165M
  1300K .......... .......... .......... .......... .......... 94.9M
  1350K .......... .......... .......... .......... .......... 93.8M
  1400K .......... .......... .......... .......... ..........  103M
  1450K .......... .......... .......... .......... ..........  269M
  1500K .......... .......... .......... .......... ..........  239M
  1550K .......... .......... .......... .......... .......... 2.55M
  1600K .......... .......... .......... .......... ..........  104M
  1650K .......... .......... .......... .......... ..........  374M
  1700K .......... .......... .......... .......... ..........  137M
  1750K .......... .......... .......... .......... ..........  242M
  1800K .......... .......... .......... .......... ..........  368M
  1850K .......... .......... .......... .......... ..........  236M
  1900K .......... .......... .......... .......... ..........  355M
  1950K .......... .......... .......... .......... ..........  335M
  2000K .......... .......... .......... .......... ..........  178M
  2050K .......... .......... .......... .......... ..........  350M
  2100K .......... .......... .......... .......... ..........  303M
  2150K .......... .......... .......... .......... ..........  176M
  2200K .......... .......... .......... .......... ..........  364M
  2250K .......... .......... .......... .......... ..........  171M
  2300K .......... .......... .......... .......... ..........  364M
  2350K .......... .......... .......... .......... ..........  374M
  2400K .......... .......... .......... .......... ..........  190M
  2450K .......... .......... .......... .......... ..........  337M
  2500K .......... .......... .......... .......... ..........  310M
  2550K .......... .......... .......... .......... ..........  170M
  2600K .......... .......... .......... .......... ..........  367M
  2650K .......... .......... .......... .......... ..........  363M
  2700K .......... .......... .......... .......... ..........  185M
  2750K .......... .......... .......... .......... ..........  362M
  2800K .......... .......... .......... .......... ..........  305M
  2850K .......... .......... .......... .......... ..........  374M
  2900K .......... .......... .......... .......... ..........  371M
  2950K .......... .......... .......... .......... ..........  248M
  3000K .......... .......... .......... .......... ..........  160M
  3050K .......... .......... .......... .......... ..........  155M
  3100K .......... .......... .......... .......... .......... 2.94M
  3150K .......... .......... .......... .......... .......... 78.2M
  3200K .......... .......... .......... .......... ..........  128M
  3250K .......... .......... .......... .......... ..........  116M
  3300K .......... .......... .......... .......... ..........  163M
  3350K .......... .......... .......... .......... ..........  112M
  3400K .......... .......... .......... .......... ..........  107M
  3450K .......... .......... .......... .......... ..........  109M
  3500K .......... .......... .......... .......... ..........  151M
  3550K .......... .......... .......... .......... ..........  160M
  3600K .......... .......... .......... .......... ..........  156M
  3650K .......... .......... .......... .......... ..........  151M
  3700K .......... .......... .......... .......... ..........  162M
  3750K .......... .......... .......... .......... ..........  163M
  3800K .......... .......... .......... .......... ..........  149M
  3850K .......... .......... .......... .......... ..........  105M
  3900K .......... .......... .......... .......... ..........  131M
  3950K .......... .......... .......... .......... ..........  230M
  4000K .......... .......... .......... .......... ..........  238M
  4050K .......... .......... .......... .......... ..........  117M
  4100K .......... .......... .......... .......... ..........  148M
  4150K .......... .......... .......... .......... ..........  161M
  4200K .......... .......... .......... .......... .......... 35.1M
  4250K .......... .......... .......... .......... .......... 5.49M
  4300K .......... .......... .......... .......... .......... 82.6M
  4350K .......... .......... .......... .......... ..........  142M
  4400K .......... .......... .......... .......... .......... 1.40M
  4450K .......... .......... .......... .......... ..........  108M
  4500K .......... .......... .......... .......... ..........  109M
  4550K .......... .......... .......... .......... ..........  293M
  4600K .......... .......... .......... .......... ..........  141M
  4650K .......... .......... .......... .......... ..........  360M
  4700K .......... .......... .......... .......... ..........  335M
  4750K .......... .......... .......... .......... ..........  164M
  4800K .......... .......... .......... .......... ..........  364M
  4850K .......... .......... .......... .......... ..........  359M
  4900K .......... .......... .......... .......... ..........  388M
  4950K .......... .......... .......... .......... ..........  372M
  5000K .......... .......... .......... .......... ..........  254M
  5050K .......... .......... .......... .......... ..........  367M
  5100K .......... .......... .......... .......... .......... 3.00M
  5150K .......... .......... .......... .......... .......... 76.5M
  5200K .......... .......... .......... .......... ..........  108M
  5250K .......... .......... .......... .......... ..........  104M
  5300K .......... .......... .......... .......... ..........  110M
  5350K .......... .......... .......... .......... ..........  247M
  5400K .......... .......... .......... .......... ..........  160M
  5450K .......... .......... .......... .......... ..........  317M
  5500K .......... .......... .......... .......... ..........  326M
  5550K .......... .......... .......... .......... ..........  367M
  5600K .......... .......... .......... .......... ..........  330M
  5650K .......... .......... .......... .......... ..........  346M
  5700K .......... .......... .......... .......... ..........  405M
  5750K .......... .......... .......... .......... ..........  321M
  5800K .......... .......... .......... .......... ..........  368M
  5850K .......... .......... .......... .......... ..........  309M
  5900K .......... .......... .......... .......... ..........  335M
  5950K .......... .......... .......... .......... .......... 1.50M
  6000K .......... .......... .......... .......... .......... 88.5M
  6050K .......... .......... .......... .......... .......... 90.7M
  6100K .......... .......... .......... .......... ..........  115M
  6150K .......... .......... .......... .......... ..........  138M
  6200K .......... .......... .......... .......... ..........  197M
  6250K .......... .......... .......... .......... ..........  356M
  6300K .......... .......... .......... .......... ..........  150M
  6350K .......... .......... .......... .......... ..........  275M
  6400K .......... .......... .......... .......... ..........  384M
  6450K .......... .......... .......... .......... ..........  163M
  6500K .......... .......... .......... .......... ..........  362M
  6550K .......... .......... .......... .......... ..........  173M
  6600K .......... .......... .......... .......... ..........  390M
  6650K .......... .......... .......... .......... ..........  368M
  6700K .......... .......... .......... .......... ..........  153M
  6750K .......... .......... .......... .......... ..........  371M
  6800K .......... .......... .......... .......... ..........  393M
  6850K .......... .......... .......... .......... ..........  365M
  6900K .......... .......... .......... .......... ..........  353M
  6950K .......... .......... .......... .......... ..........  329M
  7000K .......... .......... .......... .......... ..........  393M
  7050K .......... .......... .......... .......... ..........  358M
  7100K .......... .......... .......... .......... .......... 2.09M
  7150K .......... .......... .......... .......... .......... 88.0M
  7200K .......... .......... .......... .......... ..........  101M
  7250K .......... .......... .......... .......... ..........  103M
  7300K .......... .......... .......... .......... ..........  210M
  7350K .......... .......... .......... .......... ..........  167M
  7400K .......... .......... .......... .......... ..........  392M
  7450K .......... .......... .......... .......... ..........  354M
  7500K .......... .......... .......... .......... ..........  166M
  7550K .......... .......... .......... .......... ..........  364M
  7600K .......... .......... .......... .......... ..........  173M
  7650K .......... .......... .......... .......... ..........  365M
  7700K .......... .......... .......... .......... ..........  369M
  7750K .......... .......... .......... .......... ..........  242M
  7800K .......... .......... .......... .......... ..........  394M
  7850K .......... .......... .......... .......... ..........  356M
  7900K .......... .......... .......... .......... ..........  369M
  7950K .......... .......... .......... .......... .......... 3.15M
  8000K .......... .......... .......... .......... .......... 75.3M
  8050K .......... .......... .......... .......... ..........  113M
  8100K .......... .......... .......... .......... ..........  110M
  8150K .......... .......... .......... .......... ..........  206M
  8200K .......... .......... .......... .......... ..........  145M
  8250K .......... .......... .......... .......... ..........  345M
  8300K .......... .......... .......... .......... ..........  359M
  8350K .......... .......... .......... .......... ..........  364M
  8400K .......... .......... .......... .......... ..........  370M
  8450K .......... .......... .......... .......... ..........  302M
  8500K .......... .......... .......... .......... ..........  359M
  8550K .......... .......... .......... .......... ..........  309M
  8600K .......... .......... .......... .......... .......... 14.6M
  8650K .......... .......... .......... .......... .......... 4.29M
  8700K .......... .......... .......... .......... .......... 77.9M
  8750K .......... .......... .......... .......... ..........  115M
  8800K .......... .......... .......... .......... ..........  149M
  8850K .......... .......... .......... .......... ..........  399M
  8900K .......... .......... .......... .......... ..........  363M
  8950K .......... .......... .......... .......... .......... 7.98M
  9000K .......... .......... .......... .......... ..........  109M
  9050K .......... .......... .......... .......... ..........  117M
  9100K .......... .......... .......... .......... ..........  161M
  9150K .......... .......... .......... .......... ..........  155M
  9200K .......... .......... .......... .......... .......... 5.06M
  9250K .......... .......... .......... .......... .......... 84.5M
  9300K .......... .......... .......... .......... ..........  116M
  9350K .......... .......... .......... .......... ..........  164M
  9400K .......... .......... .......... .......... ..........  123M
  9450K .......... .......... .......... .......... ..........  159M
  9500K .......... .......... .......... .......... .......... 42.4M
  9550K .......... .......... .......... .......... .......... 38.4M
  9600K .......... .......... .......... .......... .......... 17.5M
  9650K .......... .......... .......... .......... .......... 4.75M
  9700K .......... .......... .......... .......... ..........  130M
  9750K .......... .......... .......... .......... .......... 2.36M
  9800K .......... .......... .......... .......... .......... 92.5M
  9850K .......... .......... .......... .......... .......... 52.2M
  9900K .......... .......... .......... .......... .......... 5.99M
  9950K .......... .......... .......... .......... .......... 11.3M
 10000K .......... .......... .......... .......... .......... 10.5M
 10050K .......... .......... .......... .......... .......... 6.80M
 10100K .......... .......... .......... .......... .......... 20.9M
 10150K .......... .......... .......... .......... .......... 9.76M
 10200K .......... .......... .......... .......... .......... 6.32M
 10250K .......... .......... .......... .......... .......... 17.0M
 10300K .......... .......... .......... .......... .......... 10.1M
 10350K .......... .......... .......... .......... .......... 4.53M
 10400K .......... .......... .......... .......... .......... 8.14M
 10450K .......... .......... .......... .......... .......... 19.1M
 10500K .......... .......... .......... .......... .......... 37.1M
 10550K .......... .......... .......... ..                    39.1M=0.5s

2025-06-03 21:02:37 (21.3 MB/s) - ‘/tmp/WLEDtemp/mm.zip’ saved [10836806]


added 67 packages, and audited 68 packages in 1s

13 packages are looking for funding
  run `npm fund` for details

found 0 vulnerabilities
********************************************************************************
If you like PlatformIO, please:
- star it on GitHub > https://github.com/platformio/platformio-core
- follow us on LinkedIn to stay up-to-date on the latest project news > https://www.linkedin.com/company/platformio/
- try PlatformIO IDE for embedded development > https://platformio.org/platformio-ide
********************************************************************************

Processing custom_build (board: esp32-s3-devkitc-1; platform: https://github.com/tasmota/platform-espressif32/releases/download/2023.06.02/platform-espressif32.zip; framework: arduino)
--------------------------------------------------------------------------------
Platform Manager: Installing https://github.com/tasmota/platform-espressif32/releases/download/2023.06.02/platform-espressif32.zip
Downloading 0% 10% 20% 30% 40% 50% 60% 70% 80% 90% 100%
Unpacking 0% 10% 20% 30% 40% 50% 60% 70% 80% 90% 100%
Platform Manager: espressif32@2023.6.2 has been installed!
Tool Manager: Installing https://github.com/tasmota/arduino-esp32/releases/download/2.0.9.20230531/framework-arduinoespressif32.zip
Downloading...
Tool Manager: Error: Please read https://bit.ly/package-manager-ioerror
ConnectionError: Traceback (most recent call last):
  File "/opt/hostedtoolcache/Python/3.9.22/x64/lib/python3.9/site-packages/urllib3/connectionpool.py", line 787, in urlopen
    response = self._make_request(
  File "/opt/hostedtoolcache/Python/3.9.22/x64/lib/python3.9/site-packages/urllib3/connectionpool.py", line 534, in _make_request
    response = conn.getresponse()
  File "/opt/hostedtoolcache/Python/3.9.22/x64/lib/python3.9/site-packages/urllib3/connection.py", line 516, in getresponse
    httplib_response = super().getresponse()
  File "/opt/hostedtoolcache/Python/3.9.22/x64/lib/python3.9/http/client.py", line 1377, in getresponse
    response.begin()
  File "/opt/hostedtoolcache/Python/3.9.22/x64/lib/python3.9/http/client.py", line 320, in begin
    version, status, reason = self._read_status()
  File "/opt/hostedtoolcache/Python/3.9.22/x64/lib/python3.9/http/client.py", line 289, in _read_status
    raise RemoteDisconnected("Remote end closed connection without"
http.client.RemoteDisconnected: Remote end closed connection without response

During handling of the above exception, another exception occurred:

Traceback (most recent call last):
  File "/opt/hostedtoolcache/Python/3.9.22/x64/lib/python3.9/site-packages/requests/adapters.py", line 667, in send
    resp = conn.urlopen(
  File "/opt/hostedtoolcache/Python/3.9.22/x64/lib/python3.9/site-packages/urllib3/connectionpool.py", line 841, in urlopen
    retries = retries.increment(
  File "/opt/hostedtoolcache/Python/3.9.22/x64/lib/python3.9/site-packages/urllib3/util/retry.py", line 474, in increment
    raise reraise(type(error), error, _stacktrace)
  File "/opt/hostedtoolcache/Python/3.9.22/x64/lib/python3.9/site-packages/urllib3/util/util.py", line 38, in reraise
    raise value.with_traceback(tb)
  File "/opt/hostedtoolcache/Python/3.9.22/x64/lib/python3.9/site-packages/urllib3/connectionpool.py", line 787, in urlopen
    response = self._make_request(
  File "/opt/hostedtoolcache/Python/3.9.22/x64/lib/python3.9/site-packages/urllib3/connectionpool.py", line 534, in _make_request
    response = conn.getresponse()
  File "/opt/hostedtoolcache/Python/3.9.22/x64/lib/python3.9/site-packages/urllib3/connection.py", line 516, in getresponse
    httplib_response = super().getresponse()
  File "/opt/hostedtoolcache/Python/3.9.22/x64/lib/python3.9/http/client.py", line 1377, in getresponse
    response.begin()
  File "/opt/hostedtoolcache/Python/3.9.22/x64/lib/python3.9/http/client.py", line 320, in begin
    version, status, reason = self._read_status()
  File "/opt/hostedtoolcache/Python/3.9.22/x64/lib/python3.9/http/client.py", line 289, in _read_status
    raise RemoteDisconnected("Remote end closed connection without"
urllib3.exceptions.ProtocolError: ('Connection aborted.', RemoteDisconnected('Remote end closed connection without response'))

During handling of the above exception, another exception occurred:

Traceback (most recent call last):
  File "/opt/hostedtoolcache/Python/3.9.22/x64/lib/python3.9/site-packages/platformio/__main__.py", line 103, in main
    cli()  # pylint: disable=no-value-for-parameter
  File "/opt/hostedtoolcache/Python/3.9.22/x64/lib/python3.9/site-packages/click/core.py", line 1157, in __call__
    return self.main(*args, **kwargs)
  File "/opt/hostedtoolcache/Python/3.9.22/x64/lib/python3.9/site-packages/click/core.py", line 1078, in main
    rv = self.invoke(ctx)
  File "/opt/hostedtoolcache/Python/3.9.22/x64/lib/python3.9/site-packages/platformio/cli.py", line 85, in invoke
    return super().invoke(ctx)
  File "/opt/hostedtoolcache/Python/3.9.22/x64/lib/python3.9/site-packages/click/core.py", line 1688, in invoke
    return _process_result(sub_ctx.command.invoke(sub_ctx))
  File "/opt/hostedtoolcache/Python/3.9.22/x64/lib/python3.9/site-packages/click/core.py", line 1434, in invoke
    return ctx.invoke(self.callback, **ctx.params)
  File "/opt/hostedtoolcache/Python/3.9.22/x64/lib/python3.9/site-packages/click/core.py", line 783, in invoke
    return __callback(*args, **kwargs)
  File "/opt/hostedtoolcache/Python/3.9.22/x64/lib/python3.9/site-packages/click/decorators.py", line 33, in new_func
    return f(get_current_context(), *args, **kwargs)
  File "/opt/hostedtoolcache/Python/3.9.22/x64/lib/python3.9/site-packages/platformio/run/cli.py", line 147, in cli
    process_env(
  File "/opt/hostedtoolcache/Python/3.9.22/x64/lib/python3.9/site-packages/platformio/run/cli.py", line 200, in process_env
    result["succeeded"] = EnvironmentProcessor(
  File "/opt/hostedtoolcache/Python/3.9.22/x64/lib/python3.9/site-packages/platformio/run/processor.py", line 81, in process
    install_project_env_dependencies(
  File "/opt/hostedtoolcache/Python/3.9.22/x64/lib/python3.9/site-packages/platformio/package/commands/install.py", line 132, in install_project_env_dependencies
    _install_project_env_platform(project_env, options),
  File "/opt/hostedtoolcache/Python/3.9.22/x64/lib/python3.9/site-packages/platformio/package/commands/install.py", line 149, in _install_project_env_platform
    PlatformPackageManager().install(
  File "/opt/hostedtoolcache/Python/3.9.22/x64/lib/python3.9/site-packages/platformio/package/manager/platform.py", line 62, in install
    p.install_required_packages(force=force)
  File "/opt/hostedtoolcache/Python/3.9.22/x64/lib/python3.9/site-packages/platformio/platform/_packages.py", line 76, in install_required_packages
    self.install_package(name, force=force)
  File "/opt/hostedtoolcache/Python/3.9.22/x64/lib/python3.9/site-packages/platformio/platform/_packages.py", line 70, in install_package
    return self.pm.install(spec or self.get_package_spec(name), force=force)
  File "/opt/hostedtoolcache/Python/3.9.22/x64/lib/python3.9/site-packages/platformio/package/manager/_install.py", line 47, in install
    pkg = self._install(spec, skip_dependencies=skip_dependencies, force=force)
  File "/opt/hostedtoolcache/Python/3.9.22/x64/lib/python3.9/site-packages/platformio/package/manager/_install.py", line 97, in _install
    pkg = self.install_from_uri(spec.uri, spec)
  File "/opt/hostedtoolcache/Python/3.9.22/x64/lib/python3.9/site-packages/platformio/package/manager/_install.py", line 189, in install_from_uri
    dl_path = self.download(uri, checksum)
  File "/opt/hostedtoolcache/Python/3.9.22/x64/lib/python3.9/site-packages/platformio/package/manager/_download.py", line 88, in download
    raise exc
  File "/opt/hostedtoolcache/Python/3.9.22/x64/lib/python3.9/site-packages/platformio/package/manager/_download.py", line 69, in download
    fd = FileDownloader(url)
  File "/opt/hostedtoolcache/Python/3.9.22/x64/lib/python3.9/site-packages/platformio/package/download.py", line 33, in __init__
    self._http_response = self._http_session.get(
  File "/opt/hostedtoolcache/Python/3.9.22/x64/lib/python3.9/site-packages/requests/sessions.py", line 602, in get
    return self.request("GET", url, **kwargs)
  File "/opt/hostedtoolcache/Python/3.9.22/x64/lib/python3.9/site-packages/platformio/http.py", line 64, in request
    return super().request(
  File "/opt/hostedtoolcache/Python/3.9.22/x64/lib/python3.9/site-packages/requests/sessions.py", line 589, in request
    resp = self.send(prep, **send_kwargs)
  File "/opt/hostedtoolcache/Python/3.9.22/x64/lib/python3.9/site-packages/requests/sessions.py", line 703, in send
    r = adapter.send(request, **kwargs)
  File "/opt/hostedtoolcache/Python/3.9.22/x64/lib/python3.9/site-packages/requests/adapters.py", line 682, in send
    raise ConnectionError(err, request=request)
requests.exceptions.ConnectionError: ('Connection aborted.', RemoteDisconnected('Remote end closed connection without response'))

============================================================

An unexpected error occurred. Further steps:

* Verify that you have the latest version of PlatformIO using
  `python -m pip install -U platformio` command

* Try to find answer in FAQ Troubleshooting section
  https://docs.platformio.org/page/faq/index.html

* Report this problem to the developers
  https://github.com/platformio/platformio-core/issues

============================================================

Processing custom_build (board: esp32-s3-devkitc-1; platform: https://github.com/tasmota/platform-espressif32/releases/download/2023.06.02/platform-espressif32.zip; framework: arduino)
--------------------------------------------------------------------------------
Tool Manager: Installing https://github.com/tasmota/arduino-esp32/releases/download/2.0.9.20230531/framework-arduinoespressif32.zip
Downloading 0% 10% 20% 30% 40% 50% 60% 70% 80% 90% 100%
Unpacking 0% 10% 20% 30% 40% 50% 60% 70% 80% 90% 100%
Tool Manager: framework-arduinoespressif32@2.0.9 has been installed!
Tool Manager: Installing espressif/toolchain-xtensa-esp32s3 @ 8.4.0+2021r2-patch5
Downloading 0% 10% 20% 30% 40% 50% 60% 70% 80% 90% 100%
Unpacking 0% 10% 20% 30% 40% 50% 60% 70% 80% 90% 100%
Tool Manager: toolchain-xtensa-esp32s3@8.4.0+2021r2-patch5 has been installed!
Tool Manager: Installing espressif/toolchain-riscv32-esp @ 8.4.0+2021r2-patch5
Downloading 0% 10% 20% 30% 40% 50% 60% 70% 80% 90% 100%
Unpacking 0% 10% 20% 30% 40% 50% 60% 70% 80% 90% 100%
Tool Manager: toolchain-riscv32-esp@8.4.0+2021r2-patch5 has been installed!
Tool Manager: Installing https://github.com/tasmota/esptool/releases/download/v4.6.2/esptool-4.6.2.zip
Downloading 0% 10% 20% 30% 40% 50% 60% 70% 80% 90% 100%
Unpacking 0% 10% 20% 30% 40% 50% 60% 70% 80% 90% 100%
Tool Manager: tool-esptoolpy@1.40602.0 has been installed!
Tool Manager: Installing platformio/tool-mkspiffs @ ~2.230.0
Downloading 0% 10% 20% 30% 40% 50% 60% 70% 80% 90% 100%
Unpacking 0% 10% 20% 30% 40%
Tool Manager: tool-mkspiffs@2.230.0 has been installed!
Tool Manager: Installing platformio/tool-mklittlefs @ ~1.203.0
Downloading 0% 10% 20% 30% 40% 50% 60%
Unpacking 0% 10% 20%
Tool Manager: tool-mklittlefs@1.203.210628 has been installed!
Tool Manager: Installing platformio/tool-scons @ ~4.40801.0
Downloading 0% 10% 20% 30% 40% 50% 60% 70% 80% 90% 100%
Unpacking 0% 10% 20% 30% 40% 50% 60% 70% 80% 90% 100%
Tool Manager: tool-scons@4.40801.0 has been installed!
Library Manager: Installing willmmiles/AsyncTCP @ 1.3.1
Downloading 0% 10% 20% 30%
Unpacking 0% 10% 20% 30% 40% 50% 60% 70% 80% 90% 100%
Library Manager: AsyncTCP@1.3.1 has been installed!
Library Manager: Installing bitbank2/AnimatedGIF @ ^1.4.7
Downloading 0% 10% 20% 30% 40% 50% 60% 70% 80% 90% 100%
Unpacking 0% 10% 20% 30% 40% 50% 60% 70% 80% 90% 100%
Library Manager: AnimatedGIF@1.4.7 has been installed!
Library Manager: Installing git+https://github.com/Aircoookie/GifDecoder#bc3af18
git version 2.49.0
Cloning into '/home/runner/.platformio/.cache/tmp/pkg-installing-pso_iozp'...
HEAD is now at bc3af18 separate alloc methods
Library Manager: GifDecoder@1.1.0+sha.bc3af18 has been installed!
Library Manager: Installing fastled/FastLED @ 3.6.0
Downloading 0% 10% 20% 30% 40% 50% 60% 70% 80% 90% 100%
Unpacking 0% 10% 20% 30% 40% 50% 60% 70% 80% 90% 100%
Library Manager: FastLED@3.6.0 has been installed!
Library Manager: Installing makuna/NeoPixelBus @ 2.8.3
Downloading 0% 10% 20% 30% 40% 50% 60% 70% 80% 90% 100%
Unpacking 0% 10% 20% 30% 40% 50% 60% 70% 80% 90% 100%
Library Manager: NeoPixelBus@2.8.3 has been installed!
Library Manager: Resolving dependencies...
Library Manager: Installing SPI
Library Manager: Installing git+https://github.com/Aircoookie/ESPAsyncWebServer.git#v2.4.0
git version 2.49.0
Cloning into '/home/runner/.platformio/.cache/tmp/pkg-installing-k6ql5d_h'...
warning: refs/tags/v2.4.0 154df45f680c1eeb70e1dec8ac3d95c3e0a1ac14 is not a commit!
Note: switching to '2d3af2c32b1dd1a8fd9fb01d7b51fa3653221a89'.

You are in 'detached HEAD' state. You can look around, make experimental
changes and commit them, and you can discard any commits you make in this
state without impacting any branches by switching back to a branch.

If you want to create a new branch to retain commits you create, you may
do so (now or later) by using -c with the switch command. Example:

  git switch -c <new-branch-name>

Or undo this operation with:

  git switch -

Turn off this advice by setting config variable advice.detachedHead to false

Library Manager: ESPAsyncWebServerWLED@2.4.0+sha.2d3af2c has been installed!
Library Manager: Resolving dependencies...
Library Manager: Installing git+https://github.com/blazoncek/QuickESPNow.git#optional-debug
git version 2.49.0
Cloning into '/home/runner/.platformio/.cache/tmp/pkg-installing-j3kjdwz5'...
Library Manager: QuickEspNow@0.8.1+sha.193e991 has been installed!
Verbose mode can be enabled via `-v, --verbose` option
Installing node packages
npm ci

added 67 packages, and audited 68 packages in 677ms

13 packages are looking for funding
  run `npm fund` for details

found 0 vulnerabilities
npm run build

> wled@0.16.0-alpha build
> node tools/cdata.js


	  ##  ##      ##        ######    ######
	##      ##    ##      ##        ##  ##  ##
	##  ##  ##  ##        ######        ##  ##
	##  ##  ##  ##        ##            ##  ##
	  ##  ##      ######    ######    ######
		 build script for web UI

File wled00/html_ui.h does not exist. Rebuilding...
Reading wled00/data/index.htm
Reading wled00/data/pixart/pixart.htm
Reading wled00/data/cpal/cpal.htm
Reading wled00/data/pxmagic/pxmagic.htm
Reading wled00/data/style.css as PAGE_settingsCss
Reading wled00/data/usermod.htm as PAGE_usermod
Minified and compressed style.css from 2989 to 887 bytes
Reading wled00/data/common.js as JS_common
Minified and compressed common.js from 4454 to 1331 bytes
Reading wled00/data/settings.htm as PAGE_settings
Minified and compressed usermod.htm from 77 to 83 bytes
Reading wled00/data/msg.htm as PAGE_msg
Minified msg.htm from 397 to 356 bytes
Reading wled00/data/dmxmap.htm as PAGE_dmxmap
Minified dmxmap.htm from 1485 to 1219 bytes
Reading wled00/data/update.htm as PAGE_update
Minified and compressed settings.htm from 1905 to 676 bytes
Reading wled00/data/settings_wifi.htm as PAGE_settings_wifi
Minified and compressed settings_wifi.htm from 11316 to 3044 bytes
Reading wled00/data/settings_leds.htm as PAGE_settings_leds
Minified and compressed update.htm from 1201 to 628 bytes
Reading wled00/data/welcome.htm as PAGE_welcome
Minified and compressed welcome.htm from 2490 to 1522 bytes
Reading wled00/data/liveview.htm as PAGE_liveview
Minified and compressed liveview.htm from 3099 to 1006 bytes
Reading wled00/data/liveviewws2D.htm as PAGE_liveviewws2D
Minified and compressed liveviewws2D.htm from 2422 to 869 bytes
Reading wled00/data/404.htm as PAGE_404
Minified and compressed 404.htm from 1469 to 865 bytes
Reading wled00/data/favicon.ico as favicon
Writing 34571 characters into wled00/html_other.h
Minified and compressed wled00/data/pxmagic/pxmagic.htm from 52403 to 8701 bytes
Writing wled00/html_pxmagic.h
Minified and compressed wled00/data/cpal/cpal.htm from 26167 to 5179 bytes
Writing wled00/html_cpal.h
Minified and compressed settings_leds.htm from 40829 to 8898 bytes
Reading wled00/data/settings_dmx.htm as PAGE_settings_dmx
Minified and compressed settings_dmx.htm from 3205 to 1293 bytes
Reading wled00/data/settings_ui.htm as PAGE_settings_ui
Minified and compressed wled00/data/index.htm from 187777 to 46231 bytes
Writing wled00/html_ui.h
Minified and compressed settings_ui.htm from 9931 to 2861 bytes
Reading wled00/data/settings_sync.htm as PAGE_settings_sync
Minified and compressed settings_sync.htm from 10689 to 3104 bytes
Reading wled00/data/settings_time.htm as PAGE_settings_time
Minified and compressed settings_time.htm from 10316 to 3001 bytes
Reading wled00/data/settings_sec.htm as PAGE_settings_sec
Minified and compressed settings_sec.htm from 4902 to 1953 bytes
Reading wled00/data/settings_um.htm as PAGE_settings_um
Minified and compressed wled00/data/pixart/pixart.htm from 41577 to 7457 bytes
Writing wled00/html_pixart.h
Minified and compressed settings_um.htm from 11434 to 2850 bytes
Reading wled00/data/settings_2D.htm as PAGE_settings_2D
Minified and compressed settings_2D.htm from 10269 to 2613 bytes
Reading wled00/data/settings_pin.htm as PAGE_settings_pin
Minified and compressed settings_pin.htm from 734 to 444 bytes
Writing 204202 characters into wled00/html_settings.h
CONFIGURATION: https://docs.platformio.org/page/boards/espressif32/esp32-s3-devkitc-1.html
PLATFORM: Espressif 32 (2023.6.2) > Espressif ESP32-S3-DevKitC-1-N8 (8 MB QD, No PSRAM)
HARDWARE: ESP32S3 240MHz, 320KB RAM, 16MB Flash
DEBUG: Current (esp-builtin) On-board (esp-builtin) External (cmsis-dap, esp-bridge, esp-prog, iot-bus-jtag, jlink, minimodule, olimex-arm-usb-ocd, olimex-arm-usb-ocd-h, olimex-arm-usb-tiny-h, olimex-jtag-tiny, tumpa)
PACKAGES: 
 - framework-arduinoespressif32 @ 2.0.9 
 - tool-esptoolpy @ 1.40602.0 (4.6.2) 
 - tool-mklittlefs @ 1.203.210628 (2.3) 
 - tool-mkspiffs @ 2.230.0 (2.30) 
 - toolchain-riscv32-esp @ 8.4.0+2021r2-patch5 
 - toolchain-xtensa-esp32s3 @ 8.4.0+2021r2-patch5
Installing Python dependencies
Collecting wheel>=0.35.1
  Downloading wheel-0.45.1-py3-none-any.whl.metadata (2.3 kB)
Collecting zopfli>=0.2.2
  Downloading zopfli-0.2.3.post1-cp39-cp39-manylinux_2_5_x86_64.manylinux1_x86_64.whl.metadata (2.9 kB)
Collecting tasmota-metrics>=0.3.3
  Downloading tasmota_metrics-0.4.3-py3-none-any.whl.metadata (1.4 kB)
Collecting pyyaml (from tasmota-metrics>=0.3.3)
  Downloading PyYAML-6.0.2-cp39-cp39-manylinux_2_17_x86_64.manylinux2014_x86_64.whl.metadata (2.1 kB)
Downloading wheel-0.45.1-py3-none-any.whl (72 kB)
Downloading zopfli-0.2.3.post1-cp39-cp39-manylinux_2_5_x86_64.manylinux1_x86_64.whl (704 kB)
   ━━━━━━━━━━━━━━━━━━━━━━━━━━━━━━━━━━━━━━━━ 704.1/704.1 kB 23.8 MB/s eta 0:00:00
Downloading tasmota_metrics-0.4.3-py3-none-any.whl (23 kB)
Downloading PyYAML-6.0.2-cp39-cp39-manylinux_2_17_x86_64.manylinux2014_x86_64.whl (737 kB)
   ━━━━━━━━━━━━━━━━━━━━━━━━━━━━━━━━━━━━━━━━ 737.4/737.4 kB 72.5 MB/s eta 0:00:00
Installing collected packages: zopfli, wheel, pyyaml, tasmota-metrics

Successfully installed pyyaml-6.0.2 tasmota-metrics-0.4.3 wheel-0.45.1 zopfli-0.2.3.post1
LDF: Library Dependency Finder -> https://bit.ly/configure-pio-ldf
LDF Modes: Finder ~ chain, Compatibility ~ strict
Library Manager: Installing IRremoteESP8266 @ 2.8.2
Downloading 0% 10% 20% 30% 40% 50% 60% 70% 80% 90% 100%
Unpacking 0% 10% 20% 30% 40% 50% 60% 70% 80% 90% 100%
Library Manager: IRremoteESP8266@2.8.2 has been installed!
Library Manager: Installing symlink:///tmp/WLEDtemp/wled-WLED-23a51e0/usermods/audioreactive
Library Manager: audioreactive@0.0.0+20250603210523 has been installed!
Library Manager: Resolving dependencies...
Library Manager: Installing kosme/arduinoFFT @ 2.0.1
Downloading 0% 10% 20% 30%
Unpacking 0% 10% 20% 30% 40% 50% 60% 70% 80% 90% 100%
Library Manager: arduinoFFT@2.0.1 has been installed!
Found 42 compatible libraries
Scanning dependencies...
Dependency Graph
|-- AsyncTCP @ 1.3.1
|-- AnimatedGIF @ 1.4.7
|-- GifDecoder @ 1.1.0+sha.bc3af18
|-- FastLED @ 3.6.0
|-- IRremoteESP8266 @ 2.8.2
|-- NeoPixelBus @ 2.8.3
|-- ESPAsyncWebServerWLED @ 2.4.0+sha.2d3af2c
|-- QuickEspNow @ 0.8.1+sha.193e991
|-- audioreactive
|-- Wire @ 2.0.0
|-- EEPROM @ 2.0.0
|-- ArduinoOTA @ 2.0.0
|-- DNSServer @ 2.0.0
|-- ESPmDNS @ 2.0.0
|-- Ethernet @ 2.0.0
|-- LittleFS @ 2.0.0
|-- SPI @ 2.0.0
|-- WiFi @ 2.0.0
|-- ESP32 Async UDP @ 2.0.0
|-- WebServer @ 2.0.0
Building in release mode
Compiling .pio/build/custom_build/libfc7/FastLED/FastLED.cpp.o
Compiling .pio/build/custom_build/libfc7/FastLED/bitswap.cpp.o
Compiling .pio/build/custom_build/libfc7/FastLED/colorpalettes.cpp.o
Compiling .pio/build/custom_build/libfc7/FastLED/colorutils.cpp.o
Compiling .pio/build/custom_build/libfc7/FastLED/hsv2rgb.cpp.o
Compiling .pio/build/custom_build/libfc7/FastLED/lib8tion.cpp.o
Compiling .pio/build/custom_build/libfc7/FastLED/noise.cpp.o
Compiling .pio/build/custom_build/libfc7/FastLED/platforms.cpp.o
Compiling .pio/build/custom_build/libfc7/FastLED/platforms/esp/32/clockless_rmt_esp32.cpp.o
Compiling .pio/build/custom_build/libfc7/FastLED/power_mgt.cpp.o
Compiling .pio/build/custom_build/libfc7/FastLED/wiring.cpp.o
Compiling .pio/build/custom_build/lib065/audioreactive/audio_reactive.cpp.o
Compiling .pio/build/custom_build/src/FX.cpp.o
In file included from usermods/audioreactive/audio_reactive.cpp:105:
usermods/audioreactive/audio_source.h:240:10: warning: #warning this MCU does not have an APLL high accuracy clock for audio [-Wcpp]
         #warning this MCU does not have an APLL high accuracy clock for audio
          ^~~~~~~
usermods/audioreactive/audio_source.h:551:4: warning: #warning this MCU does not support analog sound input [-Wcpp]
   #warning this MCU does not support analog sound input
    ^~~~~~~
usermods/audioreactive/audio_source.h:769:8: warning: #warning FIX ME! Please. [-Wcpp]
       #warning FIX ME! Please.
        ^~~~~~~
Compiling .pio/build/custom_build/src/FX_2Dfcn.cpp.o
Compiling .pio/build/custom_build/src/FX_fcn.cpp.o
Compiling .pio/build/custom_build/src/FXparticleSystem.cpp.o
Compiling .pio/build/custom_build/src/alexa.cpp.o
Compiling .pio/build/custom_build/src/bus_manager.cpp.o
Compiling .pio/build/custom_build/src/button.cpp.o
Compiling .pio/build/custom_build/src/cfg.cpp.o
Compiling .pio/build/custom_build/src/colors.cpp.o
Compiling .pio/build/custom_build/src/dmx_input.cpp.o
Compiling .pio/build/custom_build/src/dmx_output.cpp.o
Compiling .pio/build/custom_build/src/e131.cpp.o
Compiling .pio/build/custom_build/src/file.cpp.o
Compiling .pio/build/custom_build/src/hue.cpp.o
Compiling .pio/build/custom_build/src/image_loader.cpp.o
Compiling .pio/build/custom_build/src/improv.cpp.o
Compiling .pio/build/custom_build/src/ir.cpp.o
Compiling .pio/build/custom_build/src/json.cpp.o
Compiling .pio/build/custom_build/src/led.cpp.o
Compiling .pio/build/custom_build/src/lx_parser.cpp.o
Compiling .pio/build/custom_build/src/mqtt.cpp.o
Compiling .pio/build/custom_build/src/net_debug.cpp.o
Compiling .pio/build/custom_build/src/network.cpp.o
Compiling .pio/build/custom_build/src/ntp.cpp.o
Compiling .pio/build/custom_build/src/overlay.cpp.o
Compiling .pio/build/custom_build/src/pin_manager.cpp.o
Compiling .pio/build/custom_build/src/playlist.cpp.o
Compiling .pio/build/custom_build/src/presets.cpp.o
Compiling .pio/build/custom_build/src/remote.cpp.o
Compiling .pio/build/custom_build/src/set.cpp.o
Compiling .pio/build/custom_build/src/src/dependencies/async-mqtt-client/AsyncMqttClient.cpp.o
Compiling .pio/build/custom_build/src/src/dependencies/async-mqtt-client/AsyncMqttClient/Packets/ConnAckPacket.cpp.o
Compiling .pio/build/custom_build/src/src/dependencies/async-mqtt-client/AsyncMqttClient/Packets/PingRespPacket.cpp.o
Compiling .pio/build/custom_build/src/src/dependencies/async-mqtt-client/AsyncMqttClient/Packets/PubAckPacket.cpp.o
Compiling .pio/build/custom_build/src/src/dependencies/async-mqtt-client/AsyncMqttClient/Packets/PubCompPacket.cpp.o
Compiling .pio/build/custom_build/src/src/dependencies/async-mqtt-client/AsyncMqttClient/Packets/PubRecPacket.cpp.o
Compiling .pio/build/custom_build/src/src/dependencies/async-mqtt-client/AsyncMqttClient/Packets/PubRelPacket.cpp.o
Compiling .pio/build/custom_build/src/src/dependencies/async-mqtt-client/AsyncMqttClient/Packets/PublishPacket.cpp.o
Compiling .pio/build/custom_build/src/src/dependencies/async-mqtt-client/AsyncMqttClient/Packets/SubAckPacket.cpp.o
Compiling .pio/build/custom_build/src/src/dependencies/async-mqtt-client/AsyncMqttClient/Packets/UnsubAckPacket.cpp.o
Compiling .pio/build/custom_build/src/src/dependencies/dmx/ESPDMX.cpp.o
Compiling .pio/build/custom_build/src/src/dependencies/dmx/SparkFunDMX.cpp.o
Compiling .pio/build/custom_build/src/src/dependencies/e131/ESPAsyncE131.cpp.o
Compiling .pio/build/custom_build/src/src/dependencies/espalexa/EspalexaDevice.cpp.o
Compiling .pio/build/custom_build/src/src/dependencies/network/Network.cpp.o
Compiling .pio/build/custom_build/src/src/dependencies/time/DS1307RTC.cpp.o
Compiling .pio/build/custom_build/src/src/dependencies/time/DateStrings.cpp.o
Compiling .pio/build/custom_build/src/src/dependencies/time/Time.cpp.o
Compiling .pio/build/custom_build/src/src/dependencies/timezone/Timezone.cpp.o
Compiling .pio/build/custom_build/src/udp.cpp.o
Compiling .pio/build/custom_build/src/um_manager.cpp.o
Compiling .pio/build/custom_build/src/usermod.cpp.o
Compiling .pio/build/custom_build/src/util.cpp.o
Compiling .pio/build/custom_build/src/wled.cpp.o
Compiling .pio/build/custom_build/src/wled_eeprom.cpp.o
Compiling .pio/build/custom_build/src/wled_main.cpp.o
Compiling .pio/build/custom_build/src/wled_math.cpp.o
Compiling .pio/build/custom_build/src/wled_serial.cpp.o
Compiling .pio/build/custom_build/src/wled_server.cpp.o
Compiling .pio/build/custom_build/src/ws.cpp.o
Compiling .pio/build/custom_build/src/xml.cpp.o
*** [.pio/build/custom_build/bootloader.bin] Source `/home/runner/.platformio/packages/framework-arduinoespressif32/tools/sdk/esp32s3/bin/bootloader_qio_40m.elf' not found, needed by target `.pio/build/custom_build/bootloader.bin'.
========================= [FAILED] Took 87.42 seconds =========================

Environment    Status    Duration
-------------  --------  ------------
custom_build   FAILED    00:01:27.418
==================== 1 failed, 0 succeeded in 00:01:27.418 ====================
