Repo to build:
https://github.com/wled/WLED/archive/refs/heads/main.zip
Enviroment to build:
[env:custom_build]
extends = env:nodemcuv2
build_flags = ${env:nodemcuv2.build_flags} -D WLED_USE_ETHERNET -D WLED_ENABLE_WEBSOCKETS -D WLED_ENABLE_PIXART -D USERMOD_DHT_CELSIUS
custom_usermods =  audioreactive DHT rotary_encoder_ui_ALT four_line_display_ALT Internal_Temperature
Hacks to apply:

--2025-07-25 06:01:37--  https://github.com/wled/WLED/archive/refs/heads/main.zip
Resolving github.com (github.com)... 140.82.112.4
Connecting to github.com (github.com)|140.82.112.4|:443... connected.
HTTP request sent, awaiting response... 302 Found
Location: https://codeload.github.com/wled/WLED/zip/refs/heads/main [following]
--2025-07-25 06:01:37--  https://codeload.github.com/wled/WLED/zip/refs/heads/main
Resolving codeload.github.com (codeload.github.com)... 140.82.114.9
Connecting to codeload.github.com (codeload.github.com)|140.82.114.9|:443... connected.
HTTP request sent, awaiting response... 200 OK
Length: unspecified [application/zip]
Saving to: ‘/tmp/WLEDtemp/mm.zip’

     0K .......... .......... .......... .......... .......... 1.85M
    50K .......... .......... .......... .......... .......... 25.7M
   100K .......... .......... .......... .......... .......... 94.1M
   150K .......... .......... .......... .......... .......... 35.5M
   200K .......... .......... .......... .......... ..........  123M
   250K .......... .......... .......... .......... ..........  130M
   300K .......... .......... .......... .......... .......... 48.9M
   350K .......... .......... .......... .......... ..........  241M
   400K .......... .......... .......... .......... ..........  237M
   450K .......... .......... .......... .......... ..........  356M
   500K .......... .......... .......... .......... .......... 1.73M
   550K .......... .......... .......... .......... ..........  178M
   600K .......... .......... .......... .......... ..........  160M
   650K .......... .......... .......... .......... ..........  394M
   700K .......... .......... .......... .......... ..........  190M
   750K .......... .......... .......... .......... ..........  207M
   800K .......... .......... .......... .......... ..........  353M
   850K .......... .......... .......... .......... ..........  381M
   900K .......... .......... .......... .......... ..........  324M
   950K .......... .......... .......... .......... ..........  270M
  1000K .......... .......... .......... .......... ..........  207M
  1050K .......... .......... .......... .......... ..........  252M
  1100K .......... .......... .......... .......... ..........  334M
  1150K .......... .......... .......... .......... ..........  674K
  1200K .......... .......... .......... .......... .......... 76.7M
  1250K .......... .......... .......... .......... .......... 91.2M
  1300K .......... .......... .......... .......... ..........  102M
  1350K .......... .......... .......... .......... ..........  142M
  1400K .......... .......... .......... .......... ..........  157M
  1450K .......... .......... .......... .......... .......... 77.4M
  1500K .......... .......... .......... .......... .......... 85.9M
  1550K .......... .......... .......... .......... ..........  104M
  1600K .......... .......... .......... .......... .......... 83.0M
  1650K .......... .......... .......... .......... ..........  214M
  1700K .......... .......... .......... .......... ..........  316M
  1750K .......... .......... .......... .......... ..........  221M
  1800K .......... .......... .......... .......... ..........  288M
  1850K .......... .......... .......... .......... ..........  179M
  1900K .......... .......... .......... .......... ..........  112M
  1950K .......... .......... .......... .......... ..........  121M
  2000K .......... .......... .......... .......... ..........  131M
  2050K .......... .......... .......... .......... ..........  387M
  2100K .......... .......... .......... .......... ..........  374M
  2150K .......... .......... .......... .......... ..........  278M
  2200K .......... .......... .......... .......... ..........  311M
  2250K .......... .......... .......... .......... ..........  374M
  2300K .......... .......... .......... .......... ..........  376M
  2350K .......... .......... .......... .......... ..........  382M
  2400K .......... .......... .......... .......... ..........  339M
  2450K .......... .......... .......... .......... ..........  437M
  2500K .......... .......... .......... .......... ..........  370M
  2550K .......... .......... .......... .......... ..........  286M
  2600K .......... .......... .......... .......... ..........  311M
  2650K .......... .......... .......... .......... ..........  388M
  2700K .......... .......... .......... .......... ..........  379M
  2750K .......... .......... .......... .......... ..........  370M
  2800K .......... .......... .......... .......... .......... 28.4M
  2850K .......... .......... .......... .......... ..........  129M
  2900K .......... .......... .......... .......... .......... 93.9M
  2950K .......... .......... .......... .......... .......... 42.3M
  3000K .......... .......... .......... .......... .......... 6.62M
  3050K .......... .......... .......... .......... ..........  116M
  3100K .......... .......... .......... .......... ..........  166M
  3150K .......... .......... .......... .......... .......... 38.1M
  3200K .......... .......... .......... .......... .......... 38.6M
  3250K .......... .......... .......... .......... .......... 9.41M
  3300K .......... .......... .......... .......... .......... 96.7M
  3350K .......... .......... .......... .......... ..........  148M
  3400K .......... .......... .......... .......... .......... 33.4M
  3450K .......... .......... .......... .......... .......... 9.52M
  3500K .......... .......... .......... .......... ..........  157M
  3550K .......... .......... .......... .......... .......... 28.9M
  3600K .......... .......... .......... .......... .......... 30.0M
  3650K .......... .......... .......... .......... .......... 3.12M
  3700K .......... .......... .......... .......... .......... 91.9M
  3750K .......... .......... .......... .......... ..........  107M
  3800K .......... .......... .......... .......... ..........  126M
  3850K .......... .......... .......... .......... ..........  153M
  3900K .......... .......... .......... .......... ..........  151M
  3950K .......... .......... .......... .......... ..........  130M
  4000K .......... .......... .......... .......... .......... 8.70M
  4050K .......... .......... .......... .......... .......... 89.0M
  4100K .......... .......... .......... .......... ..........  160M
  4150K .......... .......... .......... .......... .......... 38.0M
  4200K .......... .......... .......... .......... .......... 24.2M
  4250K .......... .......... .......... .......... .......... 5.01M
  4300K .......... .......... .......... .......... .......... 83.4M
  4350K .......... .......... .......... .......... ..........  160M
  4400K .......... .......... .......... .......... .......... 1.81M
  4450K .......... .......... .......... .......... .......... 87.4M
  4500K .......... .......... .......... .......... ..........  123M
  4550K .......... .......... .......... .......... ..........  262M
  4600K .......... .......... .......... .......... ..........  163M
  4650K .......... .......... .......... .......... ..........  369M
  4700K .......... .......... .......... .......... ..........  242M
  4750K .......... .......... .......... .......... ..........  270M
  4800K .......... .......... .......... .......... ..........  371M
  4850K .......... .......... .......... .......... ..........  374M
  4900K .......... .......... .......... .......... ..........  359M
  4950K .......... .......... .......... .......... ..........  361M
  5000K .......... .......... .......... .......... ..........  282M
  5050K .......... .......... .......... .......... ..........  370M
  5100K .......... .......... .......... .......... .......... 1.98M
  5150K .......... .......... .......... .......... .......... 76.5M
  5200K .......... .......... .......... .......... .......... 97.9M
  5250K .......... .......... .......... .......... ..........  138M
  5300K .......... .......... .......... .......... ..........  316M
  5350K .......... .......... .......... .......... ..........  359M
  5400K .......... .......... .......... .......... ..........  209M
  5450K .......... .......... .......... .......... ..........  243M
  5500K .......... .......... .......... .......... ..........  175M
  5550K .......... .......... .......... .......... ..........  211M
  5600K .......... .......... .......... .......... ..........  204M
  5650K .......... .......... .......... .......... ..........  325M
  5700K .......... .......... .......... .......... ..........  403M
  5750K .......... .......... .......... .......... ..........  361M
  5800K .......... .......... .......... .......... ..........  381M
  5850K .......... .......... .......... .......... ..........  371M
  5900K .......... .......... .......... .......... ..........  313M
  5950K .......... .......... .......... .......... .......... 1.37M
  6000K .......... .......... .......... .......... .......... 90.7M
  6050K .......... .......... .......... .......... .......... 88.7M
  6100K .......... .......... .......... .......... .......... 88.9M
  6150K .......... .......... .......... .......... ..........  329M
  6200K .......... .......... .......... .......... ..........  188M
  6250K .......... .......... .......... .......... .......... 93.6M
  6300K .......... .......... .......... .......... ..........  141M
  6350K .......... .......... .......... .......... ..........  155M
  6400K .......... .......... .......... .......... ..........  278M
  6450K .......... .......... .......... .......... ..........  238M
  6500K .......... .......... .......... .......... ..........  355M
  6550K .......... .......... .......... .......... ..........  381M
  6600K .......... .......... .......... .......... ..........  355M
  6650K .......... .......... .......... .......... ..........  392M
  6700K .......... .......... .......... .......... ..........  285M
  6750K .......... .......... .......... .......... ..........  370M
  6800K .......... .......... .......... .......... ..........  319M
  6850K .......... .......... .......... .......... ..........  391M
  6900K .......... .......... .......... .......... ..........  367M
  6950K .......... .......... .......... .......... ..........  376M
  7000K .......... .......... .......... .......... ..........  374M
  7050K .......... .......... .......... .......... ..........  396M
  7100K .......... .......... .......... .......... .......... 1.86M
  7150K .......... .......... .......... .......... .......... 93.6M
  7200K .......... .......... .......... .......... ..........  109M
  7250K .......... .......... .......... .......... ..........  197M
  7300K .......... .......... .......... .......... ..........  266M
  7350K .......... .......... .......... .......... ..........  319M
  7400K .......... .......... .......... .......... ..........  225M
  7450K .......... .......... .......... .......... ..........  299M
  7500K .......... .......... .......... .......... ..........  331M
  7550K .......... .......... .......... .......... ..........  202M
  7600K .......... .......... .......... .......... ..........  378M
  7650K .......... .......... .......... .......... ..........  247M
  7700K .......... .......... .......... .......... ..........  342M
  7750K .......... .......... .......... .......... ..........  327M
  7800K .......... .......... .......... .......... ..........  309M
  7850K .......... .......... .......... .......... ..........  364M
  7900K .......... .......... .......... .......... ..........  379M
  7950K .......... .......... .......... .......... .......... 2.57M
  8000K .......... .......... .......... .......... .......... 83.7M
  8050K .......... .......... .......... .......... .......... 96.4M
  8100K .......... .......... .......... .......... ..........  135M
  8150K .......... .......... .......... .......... ..........  128M
  8200K .......... .......... .......... .......... ..........  243M
  8250K .......... .......... .......... .......... ..........  300M
  8300K .......... .......... .......... .......... ..........  370M
  8350K .......... .......... .......... .......... ..........  264M
  8400K .......... .......... .......... .......... ..........  285M
  8450K .......... .......... .......... .......... ..........  365M
  8500K .......... .......... .......... .......... ..........  287M
  8550K .......... .......... .......... .......... ..........  380M
  8600K .......... .......... .......... .......... .......... 11.9M
  8650K .......... .......... .......... .......... .......... 3.67M
  8700K .......... .......... .......... .......... .......... 95.7M
  8750K .......... .......... .......... .......... ..........  132M
  8800K .......... .......... .......... .......... ..........  166M
  8850K .......... .......... .......... .......... ..........  374M
  8900K .......... .......... .......... .......... ..........  407M
  8950K .......... .......... .......... .......... .......... 6.97M
  9000K .......... .......... .......... .......... ..........  118M
  9050K .......... .......... .......... .......... ..........  117M
  9100K .......... .......... .......... .......... ..........  210M
  9150K .......... .......... .......... .......... ..........  387M
  9200K .......... .......... .......... .......... .......... 4.82M
  9250K .......... .......... .......... .......... .......... 93.0M
  9300K .......... .......... .......... .......... ..........  122M
  9350K .......... .......... .......... .......... ..........  221M
  9400K .......... .......... .......... .......... ..........  296M
  9450K .......... .......... .......... .......... ..........  290M
  9500K .......... .......... .......... .......... .......... 27.5M
  9550K .......... .......... .......... .......... .......... 12.5M
  9600K .......... .......... .......... .......... ..........  117M
  9650K .......... .......... .......... .......... .......... 10.5M
  9700K .......... .......... .......... .......... .......... 8.54M
  9750K .......... .......... .......... .......... .......... 2.12M
  9800K .......... .......... .......... .......... .......... 62.8M
  9850K .......... .......... .......... .......... ..........  162M
  9900K .......... .......... .......... .......... .......... 7.12M
  9950K .......... .......... .......... .......... .......... 6.48M
 10000K .......... .......... .......... .......... .......... 8.39M
 10050K .......... .......... .......... .......... .......... 5.85M
 10100K .......... .......... .......... .......... .......... 14.7M
 10150K .......... .......... .......... .......... .......... 8.76M
 10200K .......... .......... .......... .......... .......... 6.80M
 10250K .......... .......... .......... .......... .......... 9.30M
 10300K .......... .......... .......... .......... .......... 6.61M
 10350K .......... .......... .......... .......... .......... 4.99M
 10400K .......... .......... .......... .......... .......... 5.72M
 10450K .......... .......... .......... .......... .......... 7.38M
 10500K .......... .......... .......... .......... .......... 76.1M
 10550K .......... .......... .......... ...                   13.0M=0.5s

2025-07-25 06:01:37 (19.5 MB/s) - ‘/tmp/WLEDtemp/mm.zip’ saved [10837712]


added 67 packages, and audited 68 packages in 2s

13 packages are looking for funding
  run `npm fund` for details

found 0 vulnerabilities
********************************************************************************
If you like PlatformIO, please:
- star it on GitHub > https://github.com/platformio/platformio-core
- follow us on LinkedIn to stay up-to-date on the latest project news > https://www.linkedin.com/company/platformio/
- try PlatformIO IDE for embedded development > https://platformio.org/platformio-ide
********************************************************************************

Processing custom_build (board: nodemcuv2; platform: espressif8266@4.2.1; framework: arduino)
--------------------------------------------------------------------------------
Platform Manager: Installing espressif8266 @ 4.2.1
Downloading 0% 10% 20% 30% 40%
Unpacking 0% 10% 20% 30% 40% 50% 60% 70% 80% 90% 100%
Platform Manager: espressif8266@4.2.1 has been installed!
Tool Manager: Installing platformio/toolchain-xtensa @ ~2.100300.220621
Downloading 0% 10% 20% 30% 40% 50% 60% 70% 80% 90% 100%
Unpacking 0% 10% 20% 30% 40% 50% 60% 70% 80% 90% 100%
Tool Manager: toolchain-xtensa@2.100300.220621 has been installed!
Tool Manager: Installing platformio/framework-arduinoespressif8266 @ ~3.30102.0
Downloading 0% 10% 20% 30% 40% 50% 60% 70% 80% 90% 100%
Unpacking 0% 10% 20% 30% 40% 50% 60% 70% 80% 90% 100%
Tool Manager: framework-arduinoespressif8266@3.30102.0 has been installed!
Tool Manager: Installing platformio/tool-esptool @ *
Downloading 0% 10% 20%
Unpacking 0% 10% 20%
Tool Manager: tool-esptool@1.413.0 has been installed!
Tool Manager: Installing platformio/tool-esptoolpy @ *
Downloading 0% 10% 20% 30% 40% 50% 60% 70% 80% 90% 100%
Unpacking 0% 10% 20% 30% 40% 50% 60% 70% 80% 90% 100%
Collecting cryptography~=45.0.3
  Downloading cryptography-45.0.5-cp37-abi3-manylinux_2_34_x86_64.whl.metadata (5.7 kB)
Collecting ecdsa~=0.19.1
  Downloading ecdsa-0.19.1-py2.py3-none-any.whl.metadata (29 kB)
Collecting bitstring~=4.3.1
  Downloading bitstring-4.3.1-py3-none-any.whl.metadata (5.3 kB)
Collecting reedsolo~=1.7.0
  Downloading reedsolo-1.7.0-py3-none-any.whl.metadata (23 kB)
Collecting intelhex~=2.3.0
  Downloading intelhex-2.3.0-py2.py3-none-any.whl.metadata (2.7 kB)
Collecting cffi>=1.14 (from cryptography~=45.0.3)
  Downloading cffi-1.17.1-cp39-cp39-manylinux_2_17_x86_64.manylinux2014_x86_64.whl.metadata (1.5 kB)
Collecting six>=1.9.0 (from ecdsa~=0.19.1)
  Downloading six-1.17.0-py2.py3-none-any.whl.metadata (1.7 kB)
Collecting bitarray<4.0,>=3.0.0 (from bitstring~=4.3.1)
  Downloading bitarray-3.5.2-cp39-cp39-manylinux_2_17_x86_64.manylinux2014_x86_64.whl.metadata (34 kB)
Collecting pycparser (from cffi>=1.14->cryptography~=45.0.3)
  Downloading pycparser-2.22-py3-none-any.whl.metadata (943 bytes)
Downloading cryptography-45.0.5-cp37-abi3-manylinux_2_34_x86_64.whl (4.4 MB)
   ━━━━━━━━━━━━━━━━━━━━━━━━━━━━━━━━━━━━━━━━ 4.4/4.4 MB 135.2 MB/s eta 0:00:00
Downloading ecdsa-0.19.1-py2.py3-none-any.whl (150 kB)
Downloading bitstring-4.3.1-py3-none-any.whl (71 kB)
Downloading reedsolo-1.7.0-py3-none-any.whl (32 kB)
Downloading intelhex-2.3.0-py2.py3-none-any.whl (50 kB)
Downloading bitarray-3.5.2-cp39-cp39-manylinux_2_17_x86_64.manylinux2014_x86_64.whl (309 kB)
Downloading cffi-1.17.1-cp39-cp39-manylinux_2_17_x86_64.manylinux2014_x86_64.whl (445 kB)
Downloading six-1.17.0-py2.py3-none-any.whl (11 kB)
Downloading pycparser-2.22-py3-none-any.whl (117 kB)
Installing collected packages: reedsolo, intelhex, bitarray, six, pycparser, bitstring, ecdsa, cffi, cryptography

Successfully installed bitarray-3.5.2 bitstring-4.3.1 cffi-1.17.1 cryptography-45.0.5 ecdsa-0.19.1 intelhex-2.3.0 pycparser-2.22 reedsolo-1.7.0 six-1.17.0
Cleaning...
Tool Manager: tool-esptoolpy@2.40900.0 has been installed!
Tool Manager: Installing platformio/tool-scons @ ~4.40801.0
Downloading 0% 10% 20% 30% 40% 50% 60% 70% 80% 90% 100%
Unpacking 0% 10% 20% 30% 40% 50% 60% 70% 80% 90% 100%
Tool Manager: tool-scons@4.40801.0 has been installed!
Library Manager: Installing fastled/FastLED @ 3.6.0
Downloading 0% 10% 20% 30% 40% 50% 60% 70% 80% 90% 100%
Unpacking 0% 10% 20% 30% 40% 50% 60% 70% 80% 90% 100%
Library Manager: FastLED@3.6.0 has been installed!
Library Manager: Installing makuna/NeoPixelBus @ 2.8.3
Downloading 0% 10% 20% 30% 40% 50% 60% 70% 80% 90% 100%
Unpacking 0% 10% 20% 30% 40% 50% 60% 70% 80% 90% 100%
Library Manager: NeoPixelBus@2.8.3 has been installed!
Library Manager: Resolving dependencies...
Library Manager: Installing git+https://github.com/Aircoookie/ESPAsyncWebServer.git#v2.4.0
git version 2.50.1
Cloning into '/home/runner/.platformio/.cache/tmp/pkg-installing-n4q3shmz'...
warning: refs/tags/v2.4.0 154df45f680c1eeb70e1dec8ac3d95c3e0a1ac14 is not a commit!
Note: switching to '2d3af2c32b1dd1a8fd9fb01d7b51fa3653221a89'.

You are in 'detached HEAD' state. You can look around, make experimental
changes and commit them, and you can discard any commits you make in this
state without impacting any branches by switching back to a branch.

If you want to create a new branch to retain commits you create, you may
do so (now or later) by using -c with the switch command. Example:

  git switch -c <new-branch-name>

Or undo this operation with:

  git switch -

Turn off this advice by setting config variable advice.detachedHead to false

Library Manager: ESPAsyncWebServerWLED@2.4.0+sha.2d3af2c has been installed!
Library Manager: Resolving dependencies...
Library Manager: Installing me-no-dev/ESPAsyncTCP @ ^1.2.2
Downloading 0% 10% 20% 30% 40% 50%
Unpacking 0% 10% 20% 30% 40% 50% 60% 70% 80% 90% 100%
Library Manager: ESPAsyncTCP@1.2.2 has been installed!
Library Manager: Installing git+https://github.com/blazoncek/QuickESPNow.git#optional-debug
git version 2.50.1
Cloning into '/home/runner/.platformio/.cache/tmp/pkg-installing-yd8onlb7'...
Library Manager: QuickEspNow@0.8.1+sha.193e991 has been installed!
Verbose mode can be enabled via `-v, --verbose` option
Installing node packages
npm ci

added 67 packages, and audited 68 packages in 645ms

13 packages are looking for funding
  run `npm fund` for details

found 0 vulnerabilities
npm run build

> wled@0.16.0-alpha build
> node tools/cdata.js


	  ##  ##      ##        ######    ######
	##      ##    ##      ##        ##  ##  ##
	##  ##  ##  ##        ######        ##  ##
	##  ##  ##  ##        ##            ##  ##
	  ##  ##      ######    ######    ######
		 build script for web UI

File wled00/html_ui.h does not exist. Rebuilding...
Reading wled00/data/index.htm
Reading wled00/data/pixart/pixart.htm
Reading wled00/data/cpal/cpal.htm
Reading wled00/data/pxmagic/pxmagic.htm
Reading wled00/data/style.css as PAGE_settingsCss
Reading wled00/data/usermod.htm as PAGE_usermod
Minified and compressed style.css from 2989 to 887 bytes
Reading wled00/data/common.js as JS_common
Minified and compressed common.js from 4454 to 1331 bytes
Reading wled00/data/settings.htm as PAGE_settings
Minified and compressed usermod.htm from 77 to 83 bytes
Reading wled00/data/msg.htm as PAGE_msg
Minified msg.htm from 397 to 356 bytes
Reading wled00/data/dmxmap.htm as PAGE_dmxmap
Minified dmxmap.htm from 1485 to 1219 bytes
Reading wled00/data/update.htm as PAGE_update
Minified and compressed settings.htm from 1905 to 676 bytes
Reading wled00/data/settings_wifi.htm as PAGE_settings_wifi
Minified and compressed settings_wifi.htm from 11316 to 3044 bytes
Reading wled00/data/settings_leds.htm as PAGE_settings_leds
Minified and compressed update.htm from 1486 to 747 bytes
Reading wled00/data/welcome.htm as PAGE_welcome
Minified and compressed welcome.htm from 2490 to 1522 bytes
Reading wled00/data/liveview.htm as PAGE_liveview
Minified and compressed liveview.htm from 3099 to 1006 bytes
Reading wled00/data/liveviewws2D.htm as PAGE_liveviewws2D
Minified and compressed liveviewws2D.htm from 2422 to 869 bytes
Reading wled00/data/404.htm as PAGE_404
Minified and compressed 404.htm from 1469 to 865 bytes
Reading wled00/data/favicon.ico as favicon
Writing 35299 characters into wled00/html_other.h
Minified and compressed wled00/data/pxmagic/pxmagic.htm from 52403 to 8701 bytes
Writing wled00/html_pxmagic.h
Minified and compressed wled00/data/cpal/cpal.htm from 26167 to 5179 bytes
Writing wled00/html_cpal.h
Minified and compressed settings_leds.htm from 41182 to 8937 bytes
Reading wled00/data/settings_dmx.htm as PAGE_settings_dmx
Minified and compressed settings_dmx.htm from 3205 to 1293 bytes
Reading wled00/data/settings_ui.htm as PAGE_settings_ui
Minified and compressed wled00/data/index.htm from 187835 to 46244 bytes
Writing wled00/html_ui.h
Minified and compressed settings_ui.htm from 9931 to 2861 bytes
Reading wled00/data/settings_sync.htm as PAGE_settings_sync
Minified and compressed settings_sync.htm from 10689 to 3104 bytes
Reading wled00/data/settings_time.htm as PAGE_settings_time
Minified and compressed settings_time.htm from 10316 to 3001 bytes
Reading wled00/data/settings_sec.htm as PAGE_settings_sec
Minified and compressed settings_sec.htm from 5181 to 2062 bytes
Reading wled00/data/settings_um.htm as PAGE_settings_um
Minified and compressed wled00/data/pixart/pixart.htm from 41577 to 7457 bytes
Writing wled00/html_pixart.h
Minified and compressed settings_um.htm from 11434 to 2850 bytes
Reading wled00/data/settings_2D.htm as PAGE_settings_2D
Minified and compressed settings_2D.htm from 10269 to 2613 bytes
Reading wled00/data/settings_pin.htm as PAGE_settings_pin
Minified and compressed settings_pin.htm from 734 to 444 bytes
Writing 205106 characters into wled00/html_settings.h
CONFIGURATION: https://docs.platformio.org/page/boards/espressif8266/nodemcuv2.html
PLATFORM: Espressif 8266 (4.2.1) > NodeMCU 1.0 (ESP-12E Module)
HARDWARE: ESP8266 80MHz, 80KB RAM, 4MB Flash
PACKAGES: 
 - framework-arduinoespressif8266 @ 3.30102.0 (3.1.2) 
 - tool-esptool @ 1.413.0 (4.13) 
 - tool-esptoolpy @ 2.40900.0 (4.9.0) 
 - toolchain-xtensa @ 2.100300.220621 (10.3.0)
LDF: Library Dependency Finder -> https://bit.ly/configure-pio-ldf
LDF Modes: Finder ~ chain, Compatibility ~ strict
Library Manager: Installing ESPAsyncUDP
Downloading 0% 10% 20%
Unpacking 0% 10% 20% 30% 40% 50% 60% 70% 80% 90% 100%
Library Manager: ESPAsyncUDP@0.0.0-alpha+sha.697c75a025 has been installed!
Library Manager: Installing IRremoteESP8266 @ 2.8.2
Downloading 0% 10% 20% 30% 40% 50% 60% 70% 80% 90% 100%
Unpacking 0% 10% 20% 30% 40% 50% 60% 70% 80% 90% 100%
Library Manager: IRremoteESP8266@2.8.2 has been installed!
Library Manager: Installing symlink:///tmp/WLEDtemp/WLED-main/usermods/audioreactive
Library Manager: audioreactive@0.0.0+20250725060218 has been installed!
Library Manager: Resolving dependencies...
Library Manager: Installing kosme/arduinoFFT @ 2.0.1
Downloading 0% 10% 20% 30%
Unpacking 0% 10% 20% 30% 40% 50% 60% 70% 80% 90% 100%
Library Manager: arduinoFFT@2.0.1 has been installed!
Library Manager: Installing symlink:///tmp/WLEDtemp/WLED-main/usermods/DHT
Library Manager: DHT@0.0.0+20250725060221 has been installed!
Library Manager: Resolving dependencies...
Library Manager: Installing git+https://github.com/alwynallan/DHT_nonblocking
git version 2.50.1
Cloning into '/home/runner/.platformio/.cache/tmp/pkg-installing-hgm7hyq0'...
Library Manager: DHT_nonblocking@1.0.0+sha.62113cb has been installed!
Library Manager: Installing symlink:///tmp/WLEDtemp/WLED-main/usermods/usermod_v2_rotary_encoder_ui_ALT
Library Manager: rotary_encoder_ui_ALT@0.0.0+20250725060221 has been installed!
Library Manager: Installing symlink:///tmp/WLEDtemp/WLED-main/usermods/usermod_v2_four_line_display_ALT
Library Manager: four_line_display_ALT@0.0.0+20250725060221 has been installed!
Library Manager: Resolving dependencies...
Library Manager: Installing U8g2 @ ~2.34.4
Downloading 0% 10% 20% 30% 40% 50% 60% 70% 80% 90% 100%
Unpacking 0% 10% 20% 30% 40% 50% 60% 70% 80% 90% 100%
Library Manager: U8g2@2.34.22 has been installed!
Library Manager: Installing symlink:///tmp/WLEDtemp/WLED-main/usermods/Internal_Temperature_v2
Library Manager: Internal_Temperature_v2@0.0.0+20250725060225 has been installed!
Found 53 compatible libraries
Scanning dependencies...
Dependency Graph
|-- ESPAsyncTCP @ 1.2.2
|-- ESPAsyncUDP @ 0.0.0-alpha+sha.697c75a025
|-- ESP8266PWM
|-- FastLED @ 3.6.0
|-- IRremoteESP8266 @ 2.8.2
|-- NeoPixelBus @ 2.8.3
|-- ESPAsyncWebServerWLED @ 2.4.0+sha.2d3af2c
|-- QuickEspNow @ 0.8.1+sha.193e991
|-- audioreactive
|-- DHT
|-- rotary_encoder_ui_ALT
|-- four_line_display_ALT
|-- Internal_Temperature_v2
|-- Wire @ 1.0
|-- EEPROM @ 1.0
|-- ArduinoOTA @ 1.0
|-- DNSServer @ 1.1.1
|-- ESP8266WiFi @ 1.0
|-- ESP8266mDNS @ 1.2
|-- LittleFS @ 0.1.0
|-- SPI @ 1.0
|-- ESP8266WebServer @ 1.0
Building in release mode
Compiling .pio/build/custom_build/libe4a/FastLED/FastLED.cpp.o
Compiling .pio/build/custom_build/libe4a/FastLED/bitswap.cpp.o
Compiling .pio/build/custom_build/libe4a/FastLED/colorpalettes.cpp.o
Compiling .pio/build/custom_build/libe4a/FastLED/colorutils.cpp.o
Compiling .pio/build/custom_build/libe4a/FastLED/hsv2rgb.cpp.o
Compiling .pio/build/custom_build/libe4a/FastLED/lib8tion.cpp.o
Compiling .pio/build/custom_build/libe4a/FastLED/noise.cpp.o
Compiling .pio/build/custom_build/libe4a/FastLED/platforms.cpp.o
Compiling .pio/build/custom_build/libe4a/FastLED/platforms/esp/32/clockless_rmt_esp32.cpp.o
Compiling .pio/build/custom_build/libe4a/FastLED/power_mgt.cpp.o
Compiling .pio/build/custom_build/libe4a/FastLED/wiring.cpp.o
Compiling .pio/build/custom_build/libadc/audioreactive/audio_reactive.cpp.o
In file included from usermods/audioreactive/audio_reactive.cpp:2:
wled00/wled.h:42: warning: "WLED_ENABLE_WEBSOCKETS" redefined
   42 |   #define WLED_ENABLE_WEBSOCKETS
      | 
<command-line>: note: this is the location of the previous definition
Compiling .pio/build/custom_build/lib1b1/DHT/DHT.cpp.o
In file included from usermods/DHT/DHT.cpp:1:
wled00/wled.h:42: warning: "WLED_ENABLE_WEBSOCKETS" redefined
   42 |   #define WLED_ENABLE_WEBSOCKETS
      | 
<command-line>: note: this is the location of the previous definition
Compiling .pio/build/custom_build/libd5d/usermod_v2_four_line_display_ALT/usermod_v2_four_line_display_ALT.cpp.o
In file included from usermods/usermod_v2_four_line_display_ALT/usermod_v2_four_line_display.h:1,
                 from usermods/usermod_v2_four_line_display_ALT/usermod_v2_four_line_display_ALT.cpp:1:
wled00/wled.h:42: warning: "WLED_ENABLE_WEBSOCKETS" redefined
   42 |   #define WLED_ENABLE_WEBSOCKETS
      | 
<command-line>: note: this is the location of the previous definition
Compiling .pio/build/custom_build/libe1e/usermod_v2_rotary_encoder_ui_ALT/usermod_v2_rotary_encoder_ui_ALT.cpp.o
In file included from usermods/usermod_v2_rotary_encoder_ui_ALT/usermod_v2_rotary_encoder_ui_ALT.cpp:1:
wled00/wled.h:42: warning: "WLED_ENABLE_WEBSOCKETS" redefined
   42 |   #define WLED_ENABLE_WEBSOCKETS
      | 
<command-line>: note: this is the location of the previous definition
Compiling .pio/build/custom_build/lib356/Internal_Temperature_v2/Internal_Temperature_v2.cpp.o
In file included from usermods/Internal_Temperature_v2/Internal_Temperature_v2.cpp:1:
wled00/wled.h:42: warning: "WLED_ENABLE_WEBSOCKETS" redefined
   42 |   #define WLED_ENABLE_WEBSOCKETS
      | 
<command-line>: note: this is the location of the previous definition
usermods/usermod_v2_rotary_encoder_ui_ALT/usermod_v2_rotary_encoder_ui_ALT.cpp: In member function 'void RotaryEncoderUIUsermod::sortModesAndPalettes()':
usermods/usermod_v2_rotary_encoder_ui_ALT/usermod_v2_rotary_encoder_ui_ALT.cpp:407:20: warning: comparison of integer expressions of different signedness: 'int' and 'std::vector<CRGBPalette16>::size_type' {aka 'unsigned int'} [-Wsign-compare]
  407 |     for (int i=0; i<customPalettes.size(); i++) {
      |                   ~^~~~~~~~~~~~~~~~~~~~~~
usermods/usermod_v2_rotary_encoder_ui_ALT/usermod_v2_rotary_encoder_ui_ALT.cpp: In member function 'byte* RotaryEncoderUIUsermod::re_initIndexArray(int)':
usermods/usermod_v2_rotary_encoder_ui_ALT/usermod_v2_rotary_encoder_ui_ALT.cpp:421:26: warning: comparison of integer expressions of different signedness: 'unsigned int' and 'int' [-Wsign-compare]
  421 |   for (unsigned i = 0; i < numModes; i++) {
      |                        ~~^~~~~~~~~~
Compiling .pio/build/custom_build/src/FX.cpp.o
In file included from wled00/FX.cpp:13:
wled00/wled.h:42: warning: "WLED_ENABLE_WEBSOCKETS" redefined
   42 |   #define WLED_ENABLE_WEBSOCKETS
      | 
<command-line>: note: this is the location of the previous definition
Compiling .pio/build/custom_build/src/FX_2Dfcn.cpp.o
In file included from wled00/FX_2Dfcn.cpp:10:
wled00/wled.h:42: warning: "WLED_ENABLE_WEBSOCKETS" redefined
   42 |   #define WLED_ENABLE_WEBSOCKETS
      | 
<command-line>: note: this is the location of the previous definition
Compiling .pio/build/custom_build/src/FX_fcn.cpp.o
In file included from wled00/FX_fcn.cpp:12:
wled00/wled.h:42: warning: "WLED_ENABLE_WEBSOCKETS" redefined
   42 |   #define WLED_ENABLE_WEBSOCKETS
      | 
<command-line>: note: this is the location of the previous definition
wled00/FX.cpp: In function 'uint16_t mode_random_chase()':
wled00/FX.cpp:1816:11: warning: comparison of integer expressions of different signedness: 'int' and 'unsigned int' [-Wsign-compare]
 1816 |     if (i == SEGLEN -1U && SEGENV.aux1 != (it & 0xFFFFU)) { //new first color in next frame
      |         ~~^~~~~~~~~~~~~
Compiling .pio/build/custom_build/src/FXparticleSystem.cpp.o
In file included from wled00/FXparticleSystem.h:18,
                 from wled00/FXparticleSystem.cpp:16:
wled00/wled.h:42: warning: "WLED_ENABLE_WEBSOCKETS" redefined
   42 |   #define WLED_ENABLE_WEBSOCKETS
      | 
<command-line>: note: this is the location of the previous definition
Compiling .pio/build/custom_build/src/alexa.cpp.o
In file included from wled00/alexa.cpp:1:
wled00/wled.h:42: warning: "WLED_ENABLE_WEBSOCKETS" redefined
   42 |   #define WLED_ENABLE_WEBSOCKETS
      | 
<command-line>: note: this is the location of the previous definition
Compiling .pio/build/custom_build/src/bus_manager.cpp.o
Compiling .pio/build/custom_build/src/button.cpp.o
In file included from wled00/button.cpp:1:
wled00/wled.h:42: warning: "WLED_ENABLE_WEBSOCKETS" redefined
   42 |   #define WLED_ENABLE_WEBSOCKETS
      | 
<command-line>: note: this is the location of the previous definition
In file included from wled00/bus_manager.cpp:25:
wled00/bus_wrapper.h: In static member function 'static void PolyBus::begin(void*, uint8_t, uint8_t*, uint16_t)':
wled00/bus_wrapper.h:301:53: error: 'DotStarEsp32HspiHzMethod' was not declared in this scope; did you mean 'DotStarSpiHzMethod'?
  301 | #define B_HS_DOT_3 NeoPixelBusLg<DotStarBgrFeature, DotStarEsp32HspiHzMethod, NeoGammaNullMethod> //hardware HSPI (was DotStarEsp32DmaHspi5MhzMethod in NPB @ 2.6.9)
      |                                                     ^~~~~~~~~~~~~~~~~~~~~~~~
wled00/bus_wrapper.h:393:37: note: in expansion of macro 'B_HS_DOT_3'
  393 |       case I_HS_DOT_3: beginDotStar<B_HS_DOT_3*>(busPtr, -1, -1, -1, -1, clock_kHz); break;
      |                                     ^~~~~~~~~~
wled00/bus_wrapper.h:301:97: error: template argument 2 is invalid
  301 | #define B_HS_DOT_3 NeoPixelBusLg<DotStarBgrFeature, DotStarEsp32HspiHzMethod, NeoGammaNullMethod> //hardware HSPI (was DotStarEsp32DmaHspi5MhzMethod in NPB @ 2.6.9)
      |                                                                                                 ^
wled00/bus_wrapper.h:393:37: note: in expansion of macro 'B_HS_DOT_3'
  393 |       case I_HS_DOT_3: beginDotStar<B_HS_DOT_3*>(busPtr, -1, -1, -1, -1, clock_kHz); break;
      |                                     ^~~~~~~~~~
wled00/bus_wrapper.h:393:24: error: parse error in template argument list
  393 |       case I_HS_DOT_3: beginDotStar<B_HS_DOT_3*>(busPtr, -1, -1, -1, -1, clock_kHz); break;
      |                        ^~~~~~~~~~~~~~~~~~~~~~~~~
wled00/bus_wrapper.h:393:83: error: no matching function for call to 'PolyBus::beginDotStar<<expression error> >(void*&, int, int, int, int, uint16_t&)'
  393 |       case I_HS_DOT_3: beginDotStar<B_HS_DOT_3*>(busPtr, -1, -1, -1, -1, clock_kHz); break;
      |                                                                                   ^
wled00/bus_wrapper.h:342:15: note: candidate: 'template<class T> static void PolyBus::beginDotStar(void*, int8_t, int8_t, int8_t, int8_t, uint16_t)'
  342 |   static void beginDotStar(void* busPtr, int8_t sck, int8_t miso, int8_t mosi, int8_t ss, uint16_t clock_kHz /* 0 == use default */) {
      |               ^~~~~~~~~~~~
wled00/bus_wrapper.h:342:15: note:   template argument deduction/substitution failed:
wled00/bus_wrapper.h:393:83: error: template argument 1 is invalid
  393 |       case I_HS_DOT_3: beginDotStar<B_HS_DOT_3*>(busPtr, -1, -1, -1, -1, clock_kHz); break;
      |                                                                                   ^
wled00/bus_wrapper.h:317:66: error: 'TwoWireHspiImple' was not declared in this scope; did you mean 'TwoWireSpiImple'?
  317 | #define B_HS_WS1_3 NeoPixelBusLg<NeoRbgFeature, Ws2801MethodBase<TwoWireHspiImple<SpiSpeedHz>>, NeoGammaNullMethod>
      |                                                                  ^~~~~~~~~~~~~~~~
wled00/bus_wrapper.h:396:37: note: in expansion of macro 'B_HS_WS1_3'
  396 |       case I_HS_WS1_3: beginDotStar<B_HS_WS1_3*>(busPtr, -1, -1, -1, -1, clock_kHz); break;
      |                                     ^~~~~~~~~~
wled00/bus_wrapper.h:317:83: error: template argument 1 is invalid
  317 | #define B_HS_WS1_3 NeoPixelBusLg<NeoRbgFeature, Ws2801MethodBase<TwoWireHspiImple<SpiSpeedHz>>, NeoGammaNullMethod>
      |                                                                                   ^~~~~~~~~~
wled00/bus_wrapper.h:396:37: note: in expansion of macro 'B_HS_WS1_3'
  396 |       case I_HS_WS1_3: beginDotStar<B_HS_WS1_3*>(busPtr, -1, -1, -1, -1, clock_kHz); break;
      |                                     ^~~~~~~~~~
wled00/bus_wrapper.h:317:93: error: template argument 2 is invalid
  317 | #define B_HS_WS1_3 NeoPixelBusLg<NeoRbgFeature, Ws2801MethodBase<TwoWireHspiImple<SpiSpeedHz>>, NeoGammaNullMethod>
      |                                                                                             ^~
wled00/bus_wrapper.h:396:37: note: in expansion of macro 'B_HS_WS1_3'
  396 |       case I_HS_WS1_3: beginDotStar<B_HS_WS1_3*>(busPtr, -1, -1, -1, -1, clock_kHz); break;
      |                                     ^~~~~~~~~~
wled00/bus_wrapper.h:396:48: error: expected primary-expression before '>' token
  396 |       case I_HS_WS1_3: beginDotStar<B_HS_WS1_3*>(busPtr, -1, -1, -1, -1, clock_kHz); break;
      |                                                ^
wled00/bus_wrapper.h:396:50: warning: left operand of comma operator has no effect [-Wunused-value]
  396 |       case I_HS_WS1_3: beginDotStar<B_HS_WS1_3*>(busPtr, -1, -1, -1, -1, clock_kHz); break;
      |                                                  ^~~~~~
wled00/bus_wrapper.h:396:63: warning: right operand of comma operator has no effect [-Wunused-value]
  396 |       case I_HS_WS1_3: beginDotStar<B_HS_WS1_3*>(busPtr, -1, -1, -1, -1, clock_kHz); break;
      |                                                               ^
wled00/bus_wrapper.h:396:67: warning: right operand of comma operator has no effect [-Wunused-value]
  396 |       case I_HS_WS1_3: beginDotStar<B_HS_WS1_3*>(busPtr, -1, -1, -1, -1, clock_kHz); break;
      |                                                                   ^
wled00/bus_wrapper.h:396:71: warning: right operand of comma operator has no effect [-Wunused-value]
  396 |       case I_HS_WS1_3: beginDotStar<B_HS_WS1_3*>(busPtr, -1, -1, -1, -1, clock_kHz); break;
      |                                                                       ^
wled00/bus_wrapper.h:396:74: warning: right operand of comma operator has no effect [-Wunused-value]
  396 |       case I_HS_WS1_3: beginDotStar<B_HS_WS1_3*>(busPtr, -1, -1, -1, -1, clock_kHz); break;
      |                                                                          ^~~~~~~~~
wled00/bus_wrapper.h: In static member function 'static void* PolyBus::create(uint8_t, uint8_t*, uint16_t, uint8_t)':
wled00/bus_wrapper.h:301:53: error: 'DotStarEsp32HspiHzMethod' was not declared in this scope; did you mean 'DotStarSpiHzMethod'?
  301 | #define B_HS_DOT_3 NeoPixelBusLg<DotStarBgrFeature, DotStarEsp32HspiHzMethod, NeoGammaNullMethod> //hardware HSPI (was DotStarEsp32DmaHspi5MhzMethod in NPB @ 2.6.9)
      |                                                     ^~~~~~~~~~~~~~~~~~~~~~~~
wled00/bus_wrapper.h:570:37: note: in expansion of macro 'B_HS_DOT_3'
  570 |       case I_HS_DOT_3: busPtr = new B_HS_DOT_3(len, pins[1], pins[0]); break;
      |                                     ^~~~~~~~~~
wled00/bus_wrapper.h:301:97: error: template argument 2 is invalid
  301 | #define B_HS_DOT_3 NeoPixelBusLg<DotStarBgrFeature, DotStarEsp32HspiHzMethod, NeoGammaNullMethod> //hardware HSPI (was DotStarEsp32DmaHspi5MhzMethod in NPB @ 2.6.9)
      |                                                                                                 ^
wled00/bus_wrapper.h:570:37: note: in expansion of macro 'B_HS_DOT_3'
  570 |       case I_HS_DOT_3: busPtr = new B_HS_DOT_3(len, pins[1], pins[0]); break;
      |                                     ^~~~~~~~~~
wled00/bus_wrapper.h:317:66: error: 'TwoWireHspiImple' was not declared in this scope; did you mean 'TwoWireSpiImple'?
  317 | #define B_HS_WS1_3 NeoPixelBusLg<NeoRbgFeature, Ws2801MethodBase<TwoWireHspiImple<SpiSpeedHz>>, NeoGammaNullMethod>
      |                                                                  ^~~~~~~~~~~~~~~~
wled00/bus_wrapper.h:576:37: note: in expansion of macro 'B_HS_WS1_3'
  576 |       case I_HS_WS1_3: busPtr = new B_HS_WS1_3(len, pins[1], pins[0]); break;
      |                                     ^~~~~~~~~~
wled00/bus_wrapper.h:317:83: error: template argument 1 is invalid
  317 | #define B_HS_WS1_3 NeoPixelBusLg<NeoRbgFeature, Ws2801MethodBase<TwoWireHspiImple<SpiSpeedHz>>, NeoGammaNullMethod>
      |                                                                                   ^~~~~~~~~~
wled00/bus_wrapper.h:576:37: note: in expansion of macro 'B_HS_WS1_3'
  576 |       case I_HS_WS1_3: busPtr = new B_HS_WS1_3(len, pins[1], pins[0]); break;
      |                                     ^~~~~~~~~~
wled00/bus_wrapper.h:317:93: error: template argument 2 is invalid
  317 | #define B_HS_WS1_3 NeoPixelBusLg<NeoRbgFeature, Ws2801MethodBase<TwoWireHspiImple<SpiSpeedHz>>, NeoGammaNullMethod>
      |                                                                                             ^~
wled00/bus_wrapper.h:576:37: note: in expansion of macro 'B_HS_WS1_3'
  576 |       case I_HS_WS1_3: busPtr = new B_HS_WS1_3(len, pins[1], pins[0]); break;
      |                                     ^~~~~~~~~~
wled00/bus_wrapper.h:317:115: error: expected primary-expression before '>' token
  317 | #define B_HS_WS1_3 NeoPixelBusLg<NeoRbgFeature, Ws2801MethodBase<TwoWireHspiImple<SpiSpeedHz>>, NeoGammaNullMethod>
      |                                                                                                                   ^
wled00/bus_wrapper.h:576:37: note: in expansion of macro 'B_HS_WS1_3'
  576 |       case I_HS_WS1_3: busPtr = new B_HS_WS1_3(len, pins[1], pins[0]); break;
      |                                     ^~~~~~~~~~
wled00/bus_wrapper.h:576:48: warning: left operand of comma operator has no effect [-Wunused-value]
  576 |       case I_HS_WS1_3: busPtr = new B_HS_WS1_3(len, pins[1], pins[0]); break;
      |                                                ^~~
wled00/bus_wrapper.h:576:59: warning: value computed is not used [-Wunused-value]
  576 |       case I_HS_WS1_3: busPtr = new B_HS_WS1_3(len, pins[1], pins[0]); break;
      |                                                     ~~~~~~^
wled00/bus_wrapper.h:576:59: warning: right operand of comma operator has no effect [-Wunused-value]
wled00/bus_wrapper.h: In static member function 'static void PolyBus::show(void*, uint8_t, bool)':
wled00/bus_wrapper.h:301:53: error: 'DotStarEsp32HspiHzMethod' was not declared in this scope; did you mean 'DotStarSpiHzMethod'?
  301 | #define B_HS_DOT_3 NeoPixelBusLg<DotStarBgrFeature, DotStarEsp32HspiHzMethod, NeoGammaNullMethod> //hardware HSPI (was DotStarEsp32DmaHspi5MhzMethod in NPB @ 2.6.9)
      |                                                     ^~~~~~~~~~~~~~~~~~~~~~~~
wled00/bus_wrapper.h:668:37: note: in expansion of macro 'B_HS_DOT_3'
  668 |       case I_HS_DOT_3: (static_cast<B_HS_DOT_3*>(busPtr))->Show(consistent); break;
      |                                     ^~~~~~~~~~
wled00/bus_wrapper.h:301:97: error: template argument 2 is invalid
  301 | #define B_HS_DOT_3 NeoPixelBusLg<DotStarBgrFeature, DotStarEsp32HspiHzMethod, NeoGammaNullMethod> //hardware HSPI (was DotStarEsp32DmaHspi5MhzMethod in NPB @ 2.6.9)
      |                                                                                                 ^
wled00/bus_wrapper.h:668:37: note: in expansion of macro 'B_HS_DOT_3'
  668 |       case I_HS_DOT_3: (static_cast<B_HS_DOT_3*>(busPtr))->Show(consistent); break;
      |                                     ^~~~~~~~~~
wled00/bus_wrapper.h:668:47: error: expected '>' before '*' token
  668 |       case I_HS_DOT_3: (static_cast<B_HS_DOT_3*>(busPtr))->Show(consistent); break;
      |                                               ^
wled00/bus_wrapper.h:668:47: error: expected '(' before '*' token
  668 |       case I_HS_DOT_3: (static_cast<B_HS_DOT_3*>(busPtr))->Show(consistent); break;
      |                                               ^
      |                                               (
wled00/bus_wrapper.h:668:48: error: expected primary-expression before '>' token
  668 |       case I_HS_DOT_3: (static_cast<B_HS_DOT_3*>(busPtr))->Show(consistent); break;
      |                                                ^
wled00/bus_wrapper.h:668:76: error: expected ')' before ';' token
  668 |       case I_HS_DOT_3: (static_cast<B_HS_DOT_3*>(busPtr))->Show(consistent); break;
      |                        ~                                                   ^
      |                                                                            )
wled00/bus_wrapper.h:317:66: error: 'TwoWireHspiImple' was not declared in this scope; did you mean 'TwoWireSpiImple'?
  317 | #define B_HS_WS1_3 NeoPixelBusLg<NeoRbgFeature, Ws2801MethodBase<TwoWireHspiImple<SpiSpeedHz>>, NeoGammaNullMethod>
      |                                                                  ^~~~~~~~~~~~~~~~
wled00/bus_wrapper.h:674:37: note: in expansion of macro 'B_HS_WS1_3'
  674 |       case I_HS_WS1_3: (static_cast<B_HS_WS1_3*>(busPtr))->Show(consistent); break;
      |                                     ^~~~~~~~~~
wled00/bus_wrapper.h:317:83: error: template argument 1 is invalid
  317 | #define B_HS_WS1_3 NeoPixelBusLg<NeoRbgFeature, Ws2801MethodBase<TwoWireHspiImple<SpiSpeedHz>>, NeoGammaNullMethod>
      |                                                                                   ^~~~~~~~~~
wled00/bus_wrapper.h:674:37: note: in expansion of macro 'B_HS_WS1_3'
  674 |       case I_HS_WS1_3: (static_cast<B_HS_WS1_3*>(busPtr))->Show(consistent); break;
      |                                     ^~~~~~~~~~
wled00/bus_wrapper.h:317:93: error: template argument 2 is invalid
  317 | #define B_HS_WS1_3 NeoPixelBusLg<NeoRbgFeature, Ws2801MethodBase<TwoWireHspiImple<SpiSpeedHz>>, NeoGammaNullMethod>
      |                                                                                             ^~
wled00/bus_wrapper.h:674:37: note: in expansion of macro 'B_HS_WS1_3'
  674 |       case I_HS_WS1_3: (static_cast<B_HS_WS1_3*>(busPtr))->Show(consistent); break;
      |                                     ^~~~~~~~~~
wled00/bus_wrapper.h:317:95: error: expected '>' before ',' token
  317 | #define B_HS_WS1_3 NeoPixelBusLg<NeoRbgFeature, Ws2801MethodBase<TwoWireHspiImple<SpiSpeedHz>>, NeoGammaNullMethod>
      |                                                                                               ^
wled00/bus_wrapper.h:674:37: note: in expansion of macro 'B_HS_WS1_3'
  674 |       case I_HS_WS1_3: (static_cast<B_HS_WS1_3*>(busPtr))->Show(consistent); break;
      |                                     ^~~~~~~~~~
wled00/bus_wrapper.h:317:95: error: expected '(' before ',' token
  317 | #define B_HS_WS1_3 NeoPixelBusLg<NeoRbgFeature, Ws2801MethodBase<TwoWireHspiImple<SpiSpeedHz>>, NeoGammaNullMethod>
      |                                                                                               ^
wled00/bus_wrapper.h:674:37: note: in expansion of macro 'B_HS_WS1_3'
  674 |       case I_HS_WS1_3: (static_cast<B_HS_WS1_3*>(busPtr))->Show(consistent); break;
      |                                     ^~~~~~~~~~
wled00/bus_wrapper.h:317:95: error: expected primary-expression before ',' token
  317 | #define B_HS_WS1_3 NeoPixelBusLg<NeoRbgFeature, Ws2801MethodBase<TwoWireHspiImple<SpiSpeedHz>>, NeoGammaNullMethod>
      |                                                                                               ^
wled00/bus_wrapper.h:674:37: note: in expansion of macro 'B_HS_WS1_3'
  674 |       case I_HS_WS1_3: (static_cast<B_HS_WS1_3*>(busPtr))->Show(consistent); break;
      |                                     ^~~~~~~~~~
wled00/bus_wrapper.h:317:115: error: expected primary-expression before '>' token
  317 | #define B_HS_WS1_3 NeoPixelBusLg<NeoRbgFeature, Ws2801MethodBase<TwoWireHspiImple<SpiSpeedHz>>, NeoGammaNullMethod>
      |                                                                                                                   ^
wled00/bus_wrapper.h:674:37: note: in expansion of macro 'B_HS_WS1_3'
  674 |       case I_HS_WS1_3: (static_cast<B_HS_WS1_3*>(busPtr))->Show(consistent); break;
      |                                     ^~~~~~~~~~
wled00/bus_wrapper.h:674:48: error: expected primary-expression before '>' token
  674 |       case I_HS_WS1_3: (static_cast<B_HS_WS1_3*>(busPtr))->Show(consistent); break;
      |                                                ^
wled00/bus_wrapper.h:674:76: error: expected ')' before ';' token
  674 |       case I_HS_WS1_3: (static_cast<B_HS_WS1_3*>(busPtr))->Show(consistent); break;
      |                        ~                                                   ^
      |                                                                            )
wled00/bus_wrapper.h: In static member function 'static bool PolyBus::canShow(void*, uint8_t)':
wled00/bus_wrapper.h:301:53: error: 'DotStarEsp32HspiHzMethod' was not declared in this scope; did you mean 'DotStarSpiHzMethod'?
  301 | #define B_HS_DOT_3 NeoPixelBusLg<DotStarBgrFeature, DotStarEsp32HspiHzMethod, NeoGammaNullMethod> //hardware HSPI (was DotStarEsp32DmaHspi5MhzMethod in NPB @ 2.6.9)
      |                                                     ^~~~~~~~~~~~~~~~~~~~~~~~
wled00/bus_wrapper.h:764:44: note: in expansion of macro 'B_HS_DOT_3'
  764 |       case I_HS_DOT_3: return (static_cast<B_HS_DOT_3*>(busPtr))->CanShow(); break;
      |                                            ^~~~~~~~~~
wled00/bus_wrapper.h:301:97: error: template argument 2 is invalid
  301 | #define B_HS_DOT_3 NeoPixelBusLg<DotStarBgrFeature, DotStarEsp32HspiHzMethod, NeoGammaNullMethod> //hardware HSPI (was DotStarEsp32DmaHspi5MhzMethod in NPB @ 2.6.9)
      |                                                                                                 ^
wled00/bus_wrapper.h:764:44: note: in expansion of macro 'B_HS_DOT_3'
  764 |       case I_HS_DOT_3: return (static_cast<B_HS_DOT_3*>(busPtr))->CanShow(); break;
      |                                            ^~~~~~~~~~
wled00/bus_wrapper.h:764:54: error: expected '>' before '*' token
  764 |       case I_HS_DOT_3: return (static_cast<B_HS_DOT_3*>(busPtr))->CanShow(); break;
      |                                                      ^
wled00/bus_wrapper.h:764:54: error: expected '(' before '*' token
  764 |       case I_HS_DOT_3: return (static_cast<B_HS_DOT_3*>(busPtr))->CanShow(); break;
      |                                                      ^
      |                                                      (
wled00/bus_wrapper.h:764:55: error: expected primary-expression before '>' token
  764 |       case I_HS_DOT_3: return (static_cast<B_HS_DOT_3*>(busPtr))->CanShow(); break;
      |                                                       ^
wled00/bus_wrapper.h:764:76: error: expected ')' before ';' token
  764 |       case I_HS_DOT_3: return (static_cast<B_HS_DOT_3*>(busPtr))->CanShow(); break;
      |                               ~                                            ^
      |                                                                            )
wled00/bus_wrapper.h:317:66: error: 'TwoWireHspiImple' was not declared in this scope; did you mean 'TwoWireSpiImple'?
  317 | #define B_HS_WS1_3 NeoPixelBusLg<NeoRbgFeature, Ws2801MethodBase<TwoWireHspiImple<SpiSpeedHz>>, NeoGammaNullMethod>
      |                                                                  ^~~~~~~~~~~~~~~~
wled00/bus_wrapper.h:770:44: note: in expansion of macro 'B_HS_WS1_3'
  770 |       case I_HS_WS1_3: return (static_cast<B_HS_WS1_3*>(busPtr))->CanShow(); break;
      |                                            ^~~~~~~~~~
wled00/bus_wrapper.h:317:83: error: template argument 1 is invalid
  317 | #define B_HS_WS1_3 NeoPixelBusLg<NeoRbgFeature, Ws2801MethodBase<TwoWireHspiImple<SpiSpeedHz>>, NeoGammaNullMethod>
      |                                                                                   ^~~~~~~~~~
wled00/bus_wrapper.h:770:44: note: in expansion of macro 'B_HS_WS1_3'
  770 |       case I_HS_WS1_3: return (static_cast<B_HS_WS1_3*>(busPtr))->CanShow(); break;
      |                                            ^~~~~~~~~~
wled00/bus_wrapper.h:317:93: error: template argument 2 is invalid
  317 | #define B_HS_WS1_3 NeoPixelBusLg<NeoRbgFeature, Ws2801MethodBase<TwoWireHspiImple<SpiSpeedHz>>, NeoGammaNullMethod>
      |                                                                                             ^~
wled00/bus_wrapper.h:770:44: note: in expansion of macro 'B_HS_WS1_3'
  770 |       case I_HS_WS1_3: return (static_cast<B_HS_WS1_3*>(busPtr))->CanShow(); break;
      |                                            ^~~~~~~~~~
wled00/bus_wrapper.h:317:95: error: expected '>' before ',' token
  317 | #define B_HS_WS1_3 NeoPixelBusLg<NeoRbgFeature, Ws2801MethodBase<TwoWireHspiImple<SpiSpeedHz>>, NeoGammaNullMethod>
      |                                                                                               ^
wled00/bus_wrapper.h:770:44: note: in expansion of macro 'B_HS_WS1_3'
  770 |       case I_HS_WS1_3: return (static_cast<B_HS_WS1_3*>(busPtr))->CanShow(); break;
      |                                            ^~~~~~~~~~
wled00/bus_wrapper.h:317:95: error: expected '(' before ',' token
  317 | #define B_HS_WS1_3 NeoPixelBusLg<NeoRbgFeature, Ws2801MethodBase<TwoWireHspiImple<SpiSpeedHz>>, NeoGammaNullMethod>
      |                                                                                               ^
wled00/bus_wrapper.h:770:44: note: in expansion of macro 'B_HS_WS1_3'
  770 |       case I_HS_WS1_3: return (static_cast<B_HS_WS1_3*>(busPtr))->CanShow(); break;
      |                                            ^~~~~~~~~~
wled00/bus_wrapper.h:317:95: error: expected primary-expression before ',' token
  317 | #define B_HS_WS1_3 NeoPixelBusLg<NeoRbgFeature, Ws2801MethodBase<TwoWireHspiImple<SpiSpeedHz>>, NeoGammaNullMethod>
      |                                                                                               ^
wled00/bus_wrapper.h:770:44: note: in expansion of macro 'B_HS_WS1_3'
  770 |       case I_HS_WS1_3: return (static_cast<B_HS_WS1_3*>(busPtr))->CanShow(); break;
      |                                            ^~~~~~~~~~
wled00/bus_wrapper.h:317:115: error: expected primary-expression before '>' token
  317 | #define B_HS_WS1_3 NeoPixelBusLg<NeoRbgFeature, Ws2801MethodBase<TwoWireHspiImple<SpiSpeedHz>>, NeoGammaNullMethod>
      |                                                                                                                   ^
wled00/bus_wrapper.h:770:44: note: in expansion of macro 'B_HS_WS1_3'
  770 |       case I_HS_WS1_3: return (static_cast<B_HS_WS1_3*>(busPtr))->CanShow(); break;
      |                                            ^~~~~~~~~~
wled00/bus_wrapper.h:770:55: error: expected primary-expression before '>' token
  770 |       case I_HS_WS1_3: return (static_cast<B_HS_WS1_3*>(busPtr))->CanShow(); break;
      |                                                       ^
wled00/bus_wrapper.h:770:76: error: expected ')' before ';' token
  770 |       case I_HS_WS1_3: return (static_cast<B_HS_WS1_3*>(busPtr))->CanShow(); break;
      |                               ~                                            ^
      |                                                                            )
wled00/bus_wrapper.h: In static member function 'static void PolyBus::setPixelColor(void*, uint8_t, uint16_t, uint32_t, uint8_t, uint16_t)':
wled00/bus_wrapper.h:301:53: error: 'DotStarEsp32HspiHzMethod' was not declared in this scope; did you mean 'DotStarSpiHzMethod'?
  301 | #define B_HS_DOT_3 NeoPixelBusLg<DotStarBgrFeature, DotStarEsp32HspiHzMethod, NeoGammaNullMethod> //hardware HSPI (was DotStarEsp32DmaHspi5MhzMethod in NPB @ 2.6.9)
      |                                                     ^~~~~~~~~~~~~~~~~~~~~~~~
wled00/bus_wrapper.h:886:37: note: in expansion of macro 'B_HS_DOT_3'
  886 |       case I_HS_DOT_3: (static_cast<B_HS_DOT_3*>(busPtr))->SetPixelColor(pix, RgbColor(col)); break;
      |                                     ^~~~~~~~~~
wled00/bus_wrapper.h:301:97: error: template argument 2 is invalid
  301 | #define B_HS_DOT_3 NeoPixelBusLg<DotStarBgrFeature, DotStarEsp32HspiHzMethod, NeoGammaNullMethod> //hardware HSPI (was DotStarEsp32DmaHspi5MhzMethod in NPB @ 2.6.9)
      |                                                                                                 ^
wled00/bus_wrapper.h:886:37: note: in expansion of macro 'B_HS_DOT_3'
  886 |       case I_HS_DOT_3: (static_cast<B_HS_DOT_3*>(busPtr))->SetPixelColor(pix, RgbColor(col)); break;
      |                                     ^~~~~~~~~~
In file included from wled00/bus_manager.cpp:25:
wled00/bus_wrapper.h:886:47: error: expected '>' before '*' token
  886 |       case I_HS_DOT_3: (static_cast<B_HS_DOT_3*>(busPtr))->SetPixelColor(pix, RgbColor(col)); break;
      |                                               ^
wled00/bus_wrapper.h:886:47: error: expected '(' before '*' token
  886 |       case I_HS_DOT_3: (static_cast<B_HS_DOT_3*>(busPtr))->SetPixelColor(pix, RgbColor(col)); break;
      |                                               ^
      |                                               (
wled00/bus_wrapper.h:886:48: error: expected primary-expression before '>' token
  886 |       case I_HS_DOT_3: (static_cast<B_HS_DOT_3*>(busPtr))->SetPixelColor(pix, RgbColor(col)); break;
      |                                                ^
wled00/bus_wrapper.h:886:93: error: expected ')' before ';' token
  886 |       case I_HS_DOT_3: (static_cast<B_HS_DOT_3*>(busPtr))->SetPixelColor(pix, RgbColor(col)); break;
      |                        ~                                                                    ^
      |                                                                                             )
In file included from wled00/bus_manager.cpp:25:
wled00/bus_wrapper.h:317:66: error: 'TwoWireHspiImple' was not declared in this scope; did you mean 'TwoWireSpiImple'?
  317 | #define B_HS_WS1_3 NeoPixelBusLg<NeoRbgFeature, Ws2801MethodBase<TwoWireHspiImple<SpiSpeedHz>>, NeoGammaNullMethod>
      |                                                                  ^~~~~~~~~~~~~~~~
wled00/bus_wrapper.h:892:37: note: in expansion of macro 'B_HS_WS1_3'
  892 |       case I_HS_WS1_3: (static_cast<B_HS_WS1_3*>(busPtr))->SetPixelColor(pix, RgbColor(col)); break;
      |                                     ^~~~~~~~~~
wled00/bus_wrapper.h:317:83: error: template argument 1 is invalid
  317 | #define B_HS_WS1_3 NeoPixelBusLg<NeoRbgFeature, Ws2801MethodBase<TwoWireHspiImple<SpiSpeedHz>>, NeoGammaNullMethod>
      |                                                                                   ^~~~~~~~~~
wled00/bus_wrapper.h:892:37: note: in expansion of macro 'B_HS_WS1_3'
  892 |       case I_HS_WS1_3: (static_cast<B_HS_WS1_3*>(busPtr))->SetPixelColor(pix, RgbColor(col)); break;
      |                                     ^~~~~~~~~~
wled00/bus_wrapper.h:317:93: error: template argument 2 is invalid
  317 | #define B_HS_WS1_3 NeoPixelBusLg<NeoRbgFeature, Ws2801MethodBase<TwoWireHspiImple<SpiSpeedHz>>, NeoGammaNullMethod>
      |                                                                                             ^~
wled00/bus_wrapper.h:892:37: note: in expansion of macro 'B_HS_WS1_3'
  892 |       case I_HS_WS1_3: (static_cast<B_HS_WS1_3*>(busPtr))->SetPixelColor(pix, RgbColor(col)); break;
      |                                     ^~~~~~~~~~
wled00/bus_wrapper.h:317:95: error: expected '>' before ',' token
  317 | #define B_HS_WS1_3 NeoPixelBusLg<NeoRbgFeature, Ws2801MethodBase<TwoWireHspiImple<SpiSpeedHz>>, NeoGammaNullMethod>
      |                                                                                               ^
wled00/bus_wrapper.h:892:37: note: in expansion of macro 'B_HS_WS1_3'
  892 |       case I_HS_WS1_3: (static_cast<B_HS_WS1_3*>(busPtr))->SetPixelColor(pix, RgbColor(col)); break;
      |                                     ^~~~~~~~~~
wled00/bus_wrapper.h:317:95: error: expected '(' before ',' token
  317 | #define B_HS_WS1_3 NeoPixelBusLg<NeoRbgFeature, Ws2801MethodBase<TwoWireHspiImple<SpiSpeedHz>>, NeoGammaNullMethod>
      |                                                                                               ^
wled00/bus_wrapper.h:892:37: note: in expansion of macro 'B_HS_WS1_3'
  892 |       case I_HS_WS1_3: (static_cast<B_HS_WS1_3*>(busPtr))->SetPixelColor(pix, RgbColor(col)); break;
      |                                     ^~~~~~~~~~
wled00/bus_wrapper.h:317:95: error: expected primary-expression before ',' token
  317 | #define B_HS_WS1_3 NeoPixelBusLg<NeoRbgFeature, Ws2801MethodBase<TwoWireHspiImple<SpiSpeedHz>>, NeoGammaNullMethod>
      |                                                                                               ^
wled00/bus_wrapper.h:892:37: note: in expansion of macro 'B_HS_WS1_3'
  892 |       case I_HS_WS1_3: (static_cast<B_HS_WS1_3*>(busPtr))->SetPixelColor(pix, RgbColor(col)); break;
      |                                     ^~~~~~~~~~
wled00/bus_wrapper.h:317:115: error: expected primary-expression before '>' token
  317 | #define B_HS_WS1_3 NeoPixelBusLg<NeoRbgFeature, Ws2801MethodBase<TwoWireHspiImple<SpiSpeedHz>>, NeoGammaNullMethod>
      |                                                                                                                   ^
wled00/bus_wrapper.h:892:37: note: in expansion of macro 'B_HS_WS1_3'
  892 |       case I_HS_WS1_3: (static_cast<B_HS_WS1_3*>(busPtr))->SetPixelColor(pix, RgbColor(col)); break;
      |                                     ^~~~~~~~~~
In file included from wled00/bus_manager.cpp:25:
wled00/bus_wrapper.h:892:48: error: expected primary-expression before '>' token
  892 |       case I_HS_WS1_3: (static_cast<B_HS_WS1_3*>(busPtr))->SetPixelColor(pix, RgbColor(col)); break;
      |                                                ^
wled00/bus_wrapper.h:892:93: error: expected ')' before ';' token
  892 |       case I_HS_WS1_3: (static_cast<B_HS_WS1_3*>(busPtr))->SetPixelColor(pix, RgbColor(col)); break;
      |                        ~                                                                    ^
      |                                                                                             )
In file included from wled00/bus_manager.cpp:25:
wled00/bus_wrapper.h: In static member function 'static void PolyBus::setBrightness(void*, uint8_t, uint8_t)':
wled00/bus_wrapper.h:301:53: error: 'DotStarEsp32HspiHzMethod' was not declared in this scope; did you mean 'DotStarSpiHzMethod'?
  301 | #define B_HS_DOT_3 NeoPixelBusLg<DotStarBgrFeature, DotStarEsp32HspiHzMethod, NeoGammaNullMethod> //hardware HSPI (was DotStarEsp32DmaHspi5MhzMethod in NPB @ 2.6.9)
      |                                                     ^~~~~~~~~~~~~~~~~~~~~~~~
wled00/bus_wrapper.h:982:37: note: in expansion of macro 'B_HS_DOT_3'
  982 |       case I_HS_DOT_3: (static_cast<B_HS_DOT_3*>(busPtr))->SetLuminance(b); break;
      |                                     ^~~~~~~~~~
wled00/bus_wrapper.h:301:97: error: template argument 2 is invalid
  301 | #define B_HS_DOT_3 NeoPixelBusLg<DotStarBgrFeature, DotStarEsp32HspiHzMethod, NeoGammaNullMethod> //hardware HSPI (was DotStarEsp32DmaHspi5MhzMethod in NPB @ 2.6.9)
      |                                                                                                 ^
wled00/bus_wrapper.h:982:37: note: in expansion of macro 'B_HS_DOT_3'
  982 |       case I_HS_DOT_3: (static_cast<B_HS_DOT_3*>(busPtr))->SetLuminance(b); break;
      |                                     ^~~~~~~~~~
In file included from wled00/bus_manager.cpp:25:
wled00/bus_wrapper.h:982:47: error: expected '>' before '*' token
  982 |       case I_HS_DOT_3: (static_cast<B_HS_DOT_3*>(busPtr))->SetLuminance(b); break;
      |                                               ^
wled00/bus_wrapper.h:982:47: error: expected '(' before '*' token
  982 |       case I_HS_DOT_3: (static_cast<B_HS_DOT_3*>(busPtr))->SetLuminance(b); break;
      |                                               ^
      |                                               (
wled00/bus_wrapper.h:982:48: error: expected primary-expression before '>' token
  982 |       case I_HS_DOT_3: (static_cast<B_HS_DOT_3*>(busPtr))->SetLuminance(b); break;
      |                                                ^
wled00/bus_wrapper.h:982:75: error: expected ')' before ';' token
  982 |       case I_HS_DOT_3: (static_cast<B_HS_DOT_3*>(busPtr))->SetLuminance(b); break;
      |                        ~                                                  ^
      |                                                                           )
In file included from wled00/bus_manager.cpp:25:
wled00/bus_wrapper.h:317:66: error: 'TwoWireHspiImple' was not declared in this scope; did you mean 'TwoWireSpiImple'?
  317 | #define B_HS_WS1_3 NeoPixelBusLg<NeoRbgFeature, Ws2801MethodBase<TwoWireHspiImple<SpiSpeedHz>>, NeoGammaNullMethod>
      |                                                                  ^~~~~~~~~~~~~~~~
wled00/bus_wrapper.h:988:37: note: in expansion of macro 'B_HS_WS1_3'
  988 |       case I_HS_WS1_3: (static_cast<B_HS_WS1_3*>(busPtr))->SetLuminance(b); break;
      |                                     ^~~~~~~~~~
wled00/bus_wrapper.h:317:83: error: template argument 1 is invalid
  317 | #define B_HS_WS1_3 NeoPixelBusLg<NeoRbgFeature, Ws2801MethodBase<TwoWireHspiImple<SpiSpeedHz>>, NeoGammaNullMethod>
      |                                                                                   ^~~~~~~~~~
wled00/bus_wrapper.h:988:37: note: in expansion of macro 'B_HS_WS1_3'
  988 |       case I_HS_WS1_3: (static_cast<B_HS_WS1_3*>(busPtr))->SetLuminance(b); break;
      |                                     ^~~~~~~~~~
wled00/bus_wrapper.h:317:93: error: template argument 2 is invalid
  317 | #define B_HS_WS1_3 NeoPixelBusLg<NeoRbgFeature, Ws2801MethodBase<TwoWireHspiImple<SpiSpeedHz>>, NeoGammaNullMethod>
      |                                                                                             ^~
wled00/bus_wrapper.h:988:37: note: in expansion of macro 'B_HS_WS1_3'
  988 |       case I_HS_WS1_3: (static_cast<B_HS_WS1_3*>(busPtr))->SetLuminance(b); break;
      |                                     ^~~~~~~~~~
wled00/bus_wrapper.h:317:95: error: expected '>' before ',' token
  317 | #define B_HS_WS1_3 NeoPixelBusLg<NeoRbgFeature, Ws2801MethodBase<TwoWireHspiImple<SpiSpeedHz>>, NeoGammaNullMethod>
      |                                                                                               ^
wled00/bus_wrapper.h:988:37: note: in expansion of macro 'B_HS_WS1_3'
  988 |       case I_HS_WS1_3: (static_cast<B_HS_WS1_3*>(busPtr))->SetLuminance(b); break;
      |                                     ^~~~~~~~~~
wled00/bus_wrapper.h:317:95: error: expected '(' before ',' token
  317 | #define B_HS_WS1_3 NeoPixelBusLg<NeoRbgFeature, Ws2801MethodBase<TwoWireHspiImple<SpiSpeedHz>>, NeoGammaNullMethod>
      |                                                                                               ^
wled00/bus_wrapper.h:988:37: note: in expansion of macro 'B_HS_WS1_3'
  988 |       case I_HS_WS1_3: (static_cast<B_HS_WS1_3*>(busPtr))->SetLuminance(b); break;
      |                                     ^~~~~~~~~~
wled00/bus_wrapper.h:317:95: error: expected primary-expression before ',' token
  317 | #define B_HS_WS1_3 NeoPixelBusLg<NeoRbgFeature, Ws2801MethodBase<TwoWireHspiImple<SpiSpeedHz>>, NeoGammaNullMethod>
      |                                                                                               ^
wled00/bus_wrapper.h:988:37: note: in expansion of macro 'B_HS_WS1_3'
  988 |       case I_HS_WS1_3: (static_cast<B_HS_WS1_3*>(busPtr))->SetLuminance(b); break;
      |                                     ^~~~~~~~~~
wled00/bus_wrapper.h:317:115: error: expected primary-expression before '>' token
  317 | #define B_HS_WS1_3 NeoPixelBusLg<NeoRbgFeature, Ws2801MethodBase<TwoWireHspiImple<SpiSpeedHz>>, NeoGammaNullMethod>
      |                                                                                                                   ^
wled00/bus_wrapper.h:988:37: note: in expansion of macro 'B_HS_WS1_3'
  988 |       case I_HS_WS1_3: (static_cast<B_HS_WS1_3*>(busPtr))->SetLuminance(b); break;
      |                                     ^~~~~~~~~~
In file included from wled00/bus_manager.cpp:25:
wled00/bus_wrapper.h:988:48: error: expected primary-expression before '>' token
  988 |       case I_HS_WS1_3: (static_cast<B_HS_WS1_3*>(busPtr))->SetLuminance(b); break;
      |                                                ^
wled00/bus_wrapper.h:988:75: error: expected ')' before ';' token
  988 |       case I_HS_WS1_3: (static_cast<B_HS_WS1_3*>(busPtr))->SetLuminance(b); break;
      |                        ~                                                  ^
      |                                                                           )
In file included from wled00/bus_manager.cpp:25:
wled00/bus_wrapper.h: In static member function 'static uint32_t PolyBus::getPixelColor(void*, uint8_t, uint16_t, uint8_t)':
wled00/bus_wrapper.h:301:53: error: 'DotStarEsp32HspiHzMethod' was not declared in this scope; did you mean 'DotStarSpiHzMethod'?
  301 | #define B_HS_DOT_3 NeoPixelBusLg<DotStarBgrFeature, DotStarEsp32HspiHzMethod, NeoGammaNullMethod> //hardware HSPI (was DotStarEsp32DmaHspi5MhzMethod in NPB @ 2.6.9)
      |                                                     ^~~~~~~~~~~~~~~~~~~~~~~~
wled00/bus_wrapper.h:1079:43: note: in expansion of macro 'B_HS_DOT_3'
 1079 |       case I_HS_DOT_3: col = (static_cast<B_HS_DOT_3*>(busPtr))->GetPixelColor(pix); break;
      |                                           ^~~~~~~~~~
wled00/bus_wrapper.h:301:97: error: template argument 2 is invalid
  301 | #define B_HS_DOT_3 NeoPixelBusLg<DotStarBgrFeature, DotStarEsp32HspiHzMethod, NeoGammaNullMethod> //hardware HSPI (was DotStarEsp32DmaHspi5MhzMethod in NPB @ 2.6.9)
      |                                                                                                 ^
wled00/bus_wrapper.h:1079:43: note: in expansion of macro 'B_HS_DOT_3'
 1079 |       case I_HS_DOT_3: col = (static_cast<B_HS_DOT_3*>(busPtr))->GetPixelColor(pix); break;
      |                                           ^~~~~~~~~~
In file included from wled00/bus_manager.cpp:25:
wled00/bus_wrapper.h:1079:53: error: expected '>' before '*' token
 1079 |       case I_HS_DOT_3: col = (static_cast<B_HS_DOT_3*>(busPtr))->GetPixelColor(pix); break;
      |                                                     ^
wled00/bus_wrapper.h:1079:53: error: expected '(' before '*' token
 1079 |       case I_HS_DOT_3: col = (static_cast<B_HS_DOT_3*>(busPtr))->GetPixelColor(pix); break;
      |                                                     ^
      |                                                     (
wled00/bus_wrapper.h:1079:54: error: expected primary-expression before '>' token
 1079 |       case I_HS_DOT_3: col = (static_cast<B_HS_DOT_3*>(busPtr))->GetPixelColor(pix); break;
      |                                                      ^
wled00/bus_wrapper.h:1079:84: error: expected ')' before ';' token
 1079 |       case I_HS_DOT_3: col = (static_cast<B_HS_DOT_3*>(busPtr))->GetPixelColor(pix); break;
      |                              ~                                                     ^
      |                                                                                    )
In file included from wled00/bus_manager.cpp:25:
wled00/bus_wrapper.h:317:66: error: 'TwoWireHspiImple' was not declared in this scope; did you mean 'TwoWireSpiImple'?
  317 | #define B_HS_WS1_3 NeoPixelBusLg<NeoRbgFeature, Ws2801MethodBase<TwoWireHspiImple<SpiSpeedHz>>, NeoGammaNullMethod>
      |                                                                  ^~~~~~~~~~~~~~~~
wled00/bus_wrapper.h:1085:43: note: in expansion of macro 'B_HS_WS1_3'
 1085 |       case I_HS_WS1_3: col = (static_cast<B_HS_WS1_3*>(busPtr))->GetPixelColor(pix); break;
      |                                           ^~~~~~~~~~
wled00/bus_wrapper.h:317:83: error: template argument 1 is invalid
  317 | #define B_HS_WS1_3 NeoPixelBusLg<NeoRbgFeature, Ws2801MethodBase<TwoWireHspiImple<SpiSpeedHz>>, NeoGammaNullMethod>
      |                                                                                   ^~~~~~~~~~
wled00/bus_wrapper.h:1085:43: note: in expansion of macro 'B_HS_WS1_3'
 1085 |       case I_HS_WS1_3: col = (static_cast<B_HS_WS1_3*>(busPtr))->GetPixelColor(pix); break;
      |                                           ^~~~~~~~~~
wled00/bus_wrapper.h:317:93: error: template argument 2 is invalid
  317 | #define B_HS_WS1_3 NeoPixelBusLg<NeoRbgFeature, Ws2801MethodBase<TwoWireHspiImple<SpiSpeedHz>>, NeoGammaNullMethod>
      |                                                                                             ^~
wled00/bus_wrapper.h:1085:43: note: in expansion of macro 'B_HS_WS1_3'
 1085 |       case I_HS_WS1_3: col = (static_cast<B_HS_WS1_3*>(busPtr))->GetPixelColor(pix); break;
      |                                           ^~~~~~~~~~
wled00/bus_wrapper.h:317:95: error: expected '>' before ',' token
  317 | #define B_HS_WS1_3 NeoPixelBusLg<NeoRbgFeature, Ws2801MethodBase<TwoWireHspiImple<SpiSpeedHz>>, NeoGammaNullMethod>
      |                                                                                               ^
wled00/bus_wrapper.h:1085:43: note: in expansion of macro 'B_HS_WS1_3'
 1085 |       case I_HS_WS1_3: col = (static_cast<B_HS_WS1_3*>(busPtr))->GetPixelColor(pix); break;
      |                                           ^~~~~~~~~~
wled00/bus_wrapper.h:317:95: error: expected '(' before ',' token
  317 | #define B_HS_WS1_3 NeoPixelBusLg<NeoRbgFeature, Ws2801MethodBase<TwoWireHspiImple<SpiSpeedHz>>, NeoGammaNullMethod>
      |                                                                                               ^
wled00/bus_wrapper.h:1085:43: note: in expansion of macro 'B_HS_WS1_3'
 1085 |       case I_HS_WS1_3: col = (static_cast<B_HS_WS1_3*>(busPtr))->GetPixelColor(pix); break;
      |                                           ^~~~~~~~~~
wled00/bus_wrapper.h:317:95: error: expected primary-expression before ',' token
  317 | #define B_HS_WS1_3 NeoPixelBusLg<NeoRbgFeature, Ws2801MethodBase<TwoWireHspiImple<SpiSpeedHz>>, NeoGammaNullMethod>
      |                                                                                               ^
wled00/bus_wrapper.h:1085:43: note: in expansion of macro 'B_HS_WS1_3'
 1085 |       case I_HS_WS1_3: col = (static_cast<B_HS_WS1_3*>(busPtr))->GetPixelColor(pix); break;
      |                                           ^~~~~~~~~~
wled00/bus_wrapper.h:317:115: error: expected primary-expression before '>' token
  317 | #define B_HS_WS1_3 NeoPixelBusLg<NeoRbgFeature, Ws2801MethodBase<TwoWireHspiImple<SpiSpeedHz>>, NeoGammaNullMethod>
      |                                                                                                                   ^
wled00/bus_wrapper.h:1085:43: note: in expansion of macro 'B_HS_WS1_3'
 1085 |       case I_HS_WS1_3: col = (static_cast<B_HS_WS1_3*>(busPtr))->GetPixelColor(pix); break;
      |                                           ^~~~~~~~~~
In file included from wled00/bus_manager.cpp:25:
wled00/bus_wrapper.h:1085:54: error: expected primary-expression before '>' token
 1085 |       case I_HS_WS1_3: col = (static_cast<B_HS_WS1_3*>(busPtr))->GetPixelColor(pix); break;
      |                                                      ^
wled00/bus_wrapper.h:1085:84: error: expected ')' before ';' token
 1085 |       case I_HS_WS1_3: col = (static_cast<B_HS_WS1_3*>(busPtr))->GetPixelColor(pix); break;
      |                              ~                                                     ^
      |                                                                                    )
In file included from wled00/bus_manager.cpp:25:
wled00/bus_wrapper.h: In static member function 'static void PolyBus::cleanup(void*, uint8_t)':
wled00/bus_wrapper.h:301:53: error: 'DotStarEsp32HspiHzMethod' was not declared in this scope; did you mean 'DotStarSpiHzMethod'?
  301 | #define B_HS_DOT_3 NeoPixelBusLg<DotStarBgrFeature, DotStarEsp32HspiHzMethod, NeoGammaNullMethod> //hardware HSPI (was DotStarEsp32DmaHspi5MhzMethod in NPB @ 2.6.9)
      |                                                     ^~~~~~~~~~~~~~~~~~~~~~~~
wled00/bus_wrapper.h:1194:44: note: in expansion of macro 'B_HS_DOT_3'
 1194 |       case I_HS_DOT_3: delete (static_cast<B_HS_DOT_3*>(busPtr)); break;
      |                                            ^~~~~~~~~~
wled00/bus_wrapper.h:301:97: error: template argument 2 is invalid
  301 | #define B_HS_DOT_3 NeoPixelBusLg<DotStarBgrFeature, DotStarEsp32HspiHzMethod, NeoGammaNullMethod> //hardware HSPI (was DotStarEsp32DmaHspi5MhzMethod in NPB @ 2.6.9)
      |                                                                                                 ^
wled00/bus_wrapper.h:1194:44: note: in expansion of macro 'B_HS_DOT_3'
 1194 |       case I_HS_DOT_3: delete (static_cast<B_HS_DOT_3*>(busPtr)); break;
      |                                            ^~~~~~~~~~
In file included from wled00/bus_manager.cpp:25:
wled00/bus_wrapper.h:1194:54: error: expected '>' before '*' token
 1194 |       case I_HS_DOT_3: delete (static_cast<B_HS_DOT_3*>(busPtr)); break;
      |                                                      ^
wled00/bus_wrapper.h:1194:54: error: expected '(' before '*' token
 1194 |       case I_HS_DOT_3: delete (static_cast<B_HS_DOT_3*>(busPtr)); break;
      |                                                      ^
      |                                                      (
wled00/bus_wrapper.h:1194:55: error: expected primary-expression before '>' token
 1194 |       case I_HS_DOT_3: delete (static_cast<B_HS_DOT_3*>(busPtr)); break;
      |                                                       ^
wled00/bus_wrapper.h:1194:65: error: expected ')' before ';' token
 1194 |       case I_HS_DOT_3: delete (static_cast<B_HS_DOT_3*>(busPtr)); break;
      |                               ~                                 ^
      |                                                                 )
In file included from wled00/bus_manager.cpp:25:
wled00/bus_wrapper.h:317:66: error: 'TwoWireHspiImple' was not declared in this scope; did you mean 'TwoWireSpiImple'?
  317 | #define B_HS_WS1_3 NeoPixelBusLg<NeoRbgFeature, Ws2801MethodBase<TwoWireHspiImple<SpiSpeedHz>>, NeoGammaNullMethod>
      |                                                                  ^~~~~~~~~~~~~~~~
wled00/bus_wrapper.h:1200:44: note: in expansion of macro 'B_HS_WS1_3'
 1200 |       case I_HS_WS1_3: delete (static_cast<B_HS_WS1_3*>(busPtr)); break;
      |                                            ^~~~~~~~~~
wled00/bus_wrapper.h:317:83: error: template argument 1 is invalid
  317 | #define B_HS_WS1_3 NeoPixelBusLg<NeoRbgFeature, Ws2801MethodBase<TwoWireHspiImple<SpiSpeedHz>>, NeoGammaNullMethod>
      |                                                                                   ^~~~~~~~~~
wled00/bus_wrapper.h:1200:44: note: in expansion of macro 'B_HS_WS1_3'
 1200 |       case I_HS_WS1_3: delete (static_cast<B_HS_WS1_3*>(busPtr)); break;
      |                                            ^~~~~~~~~~
wled00/bus_wrapper.h:317:93: error: template argument 2 is invalid
  317 | #define B_HS_WS1_3 NeoPixelBusLg<NeoRbgFeature, Ws2801MethodBase<TwoWireHspiImple<SpiSpeedHz>>, NeoGammaNullMethod>
      |                                                                                             ^~
wled00/bus_wrapper.h:1200:44: note: in expansion of macro 'B_HS_WS1_3'
 1200 |       case I_HS_WS1_3: delete (static_cast<B_HS_WS1_3*>(busPtr)); break;
      |                                            ^~~~~~~~~~
wled00/bus_wrapper.h:317:95: error: expected '>' before ',' token
  317 | #define B_HS_WS1_3 NeoPixelBusLg<NeoRbgFeature, Ws2801MethodBase<TwoWireHspiImple<SpiSpeedHz>>, NeoGammaNullMethod>
      |                                                                                               ^
wled00/bus_wrapper.h:1200:44: note: in expansion of macro 'B_HS_WS1_3'
 1200 |       case I_HS_WS1_3: delete (static_cast<B_HS_WS1_3*>(busPtr)); break;
      |                                            ^~~~~~~~~~
wled00/bus_wrapper.h:317:95: error: expected '(' before ',' token
  317 | #define B_HS_WS1_3 NeoPixelBusLg<NeoRbgFeature, Ws2801MethodBase<TwoWireHspiImple<SpiSpeedHz>>, NeoGammaNullMethod>
      |                                                                                               ^
wled00/bus_wrapper.h:1200:44: note: in expansion of macro 'B_HS_WS1_3'
 1200 |       case I_HS_WS1_3: delete (static_cast<B_HS_WS1_3*>(busPtr)); break;
      |                                            ^~~~~~~~~~
wled00/bus_wrapper.h:317:95: error: expected primary-expression before ',' token
  317 | #define B_HS_WS1_3 NeoPixelBusLg<NeoRbgFeature, Ws2801MethodBase<TwoWireHspiImple<SpiSpeedHz>>, NeoGammaNullMethod>
      |                                                                                               ^
wled00/bus_wrapper.h:1200:44: note: in expansion of macro 'B_HS_WS1_3'
 1200 |       case I_HS_WS1_3: delete (static_cast<B_HS_WS1_3*>(busPtr)); break;
      |                                            ^~~~~~~~~~
wled00/bus_wrapper.h:317:115: error: expected primary-expression before '>' token
  317 | #define B_HS_WS1_3 NeoPixelBusLg<NeoRbgFeature, Ws2801MethodBase<TwoWireHspiImple<SpiSpeedHz>>, NeoGammaNullMethod>
      |                                                                                                                   ^
wled00/bus_wrapper.h:1200:44: note: in expansion of macro 'B_HS_WS1_3'
 1200 |       case I_HS_WS1_3: delete (static_cast<B_HS_WS1_3*>(busPtr)); break;
      |                                            ^~~~~~~~~~
In file included from wled00/bus_manager.cpp:25:
wled00/bus_wrapper.h:1200:55: error: expected primary-expression before '>' token
 1200 |       case I_HS_WS1_3: delete (static_cast<B_HS_WS1_3*>(busPtr)); break;
      |                                                       ^
wled00/bus_wrapper.h:1200:65: error: expected ')' before ';' token
 1200 |       case I_HS_WS1_3: delete (static_cast<B_HS_WS1_3*>(busPtr)); break;
      |                               ~                                 ^
      |                                                                 )
In file included from wled00/bus_manager.cpp:25:
wled00/bus_wrapper.h: In static member function 'static unsigned int PolyBus::getDataSize(void*, uint8_t)':
wled00/bus_wrapper.h:301:53: error: 'DotStarEsp32HspiHzMethod' was not declared in this scope; did you mean 'DotStarSpiHzMethod'?
  301 | #define B_HS_DOT_3 NeoPixelBusLg<DotStarBgrFeature, DotStarEsp32HspiHzMethod, NeoGammaNullMethod> //hardware HSPI (was DotStarEsp32DmaHspi5MhzMethod in NPB @ 2.6.9)
      |                                                     ^~~~~~~~~~~~~~~~~~~~~~~~
wled00/bus_wrapper.h:1291:44: note: in expansion of macro 'B_HS_DOT_3'
 1291 |       case I_HS_DOT_3: size = (static_cast<B_HS_DOT_3*>(busPtr))->PixelsSize()*2; break;
      |                                            ^~~~~~~~~~
wled00/bus_wrapper.h:301:97: error: template argument 2 is invalid
  301 | #define B_HS_DOT_3 NeoPixelBusLg<DotStarBgrFeature, DotStarEsp32HspiHzMethod, NeoGammaNullMethod> //hardware HSPI (was DotStarEsp32DmaHspi5MhzMethod in NPB @ 2.6.9)
      |                                                                                                 ^
wled00/bus_wrapper.h:1291:44: note: in expansion of macro 'B_HS_DOT_3'
 1291 |       case I_HS_DOT_3: size = (static_cast<B_HS_DOT_3*>(busPtr))->PixelsSize()*2; break;
      |                                            ^~~~~~~~~~
In file included from wled00/bus_manager.cpp:25:
wled00/bus_wrapper.h:1291:54: error: expected '>' before '*' token
 1291 |       case I_HS_DOT_3: size = (static_cast<B_HS_DOT_3*>(busPtr))->PixelsSize()*2; break;
      |                                                      ^
wled00/bus_wrapper.h:1291:54: error: expected '(' before '*' token
 1291 |       case I_HS_DOT_3: size = (static_cast<B_HS_DOT_3*>(busPtr))->PixelsSize()*2; break;
      |                                                      ^
      |                                                      (
wled00/bus_wrapper.h:1291:55: error: expected primary-expression before '>' token
 1291 |       case I_HS_DOT_3: size = (static_cast<B_HS_DOT_3*>(busPtr))->PixelsSize()*2; break;
      |                                                       ^
wled00/bus_wrapper.h:1291:81: error: expected ')' before ';' token
 1291 |       case I_HS_DOT_3: size = (static_cast<B_HS_DOT_3*>(busPtr))->PixelsSize()*2; break;
      |                               ~                                                 ^
      |                                                                                 )
In file included from wled00/bus_manager.cpp:25:
wled00/bus_wrapper.h:317:66: error: 'TwoWireHspiImple' was not declared in this scope; did you mean 'TwoWireSpiImple'?
  317 | #define B_HS_WS1_3 NeoPixelBusLg<NeoRbgFeature, Ws2801MethodBase<TwoWireHspiImple<SpiSpeedHz>>, NeoGammaNullMethod>
      |                                                                  ^~~~~~~~~~~~~~~~
wled00/bus_wrapper.h:1297:44: note: in expansion of macro 'B_HS_WS1_3'
 1297 |       case I_HS_WS1_3: size = (static_cast<B_HS_WS1_3*>(busPtr))->PixelsSize()*2; break;
      |                                            ^~~~~~~~~~
wled00/bus_wrapper.h:317:83: error: template argument 1 is invalid
  317 | #define B_HS_WS1_3 NeoPixelBusLg<NeoRbgFeature, Ws2801MethodBase<TwoWireHspiImple<SpiSpeedHz>>, NeoGammaNullMethod>
      |                                                                                   ^~~~~~~~~~
wled00/bus_wrapper.h:1297:44: note: in expansion of macro 'B_HS_WS1_3'
 1297 |       case I_HS_WS1_3: size = (static_cast<B_HS_WS1_3*>(busPtr))->PixelsSize()*2; break;
      |                                            ^~~~~~~~~~
wled00/bus_wrapper.h:317:93: error: template argument 2 is invalid
  317 | #define B_HS_WS1_3 NeoPixelBusLg<NeoRbgFeature, Ws2801MethodBase<TwoWireHspiImple<SpiSpeedHz>>, NeoGammaNullMethod>
      |                                                                                             ^~
wled00/bus_wrapper.h:1297:44: note: in expansion of macro 'B_HS_WS1_3'
 1297 |       case I_HS_WS1_3: size = (static_cast<B_HS_WS1_3*>(busPtr))->PixelsSize()*2; break;
      |                                            ^~~~~~~~~~
wled00/bus_wrapper.h:317:95: error: expected '>' before ',' token
  317 | #define B_HS_WS1_3 NeoPixelBusLg<NeoRbgFeature, Ws2801MethodBase<TwoWireHspiImple<SpiSpeedHz>>, NeoGammaNullMethod>
      |                                                                                               ^
wled00/bus_wrapper.h:1297:44: note: in expansion of macro 'B_HS_WS1_3'
 1297 |       case I_HS_WS1_3: size = (static_cast<B_HS_WS1_3*>(busPtr))->PixelsSize()*2; break;
      |                                            ^~~~~~~~~~
wled00/bus_wrapper.h:317:95: error: expected '(' before ',' token
  317 | #define B_HS_WS1_3 NeoPixelBusLg<NeoRbgFeature, Ws2801MethodBase<TwoWireHspiImple<SpiSpeedHz>>, NeoGammaNullMethod>
      |                                                                                               ^
wled00/bus_wrapper.h:1297:44: note: in expansion of macro 'B_HS_WS1_3'
 1297 |       case I_HS_WS1_3: size = (static_cast<B_HS_WS1_3*>(busPtr))->PixelsSize()*2; break;
      |                                            ^~~~~~~~~~
wled00/bus_wrapper.h:317:95: error: expected primary-expression before ',' token
  317 | #define B_HS_WS1_3 NeoPixelBusLg<NeoRbgFeature, Ws2801MethodBase<TwoWireHspiImple<SpiSpeedHz>>, NeoGammaNullMethod>
      |                                                                                               ^
wled00/bus_wrapper.h:1297:44: note: in expansion of macro 'B_HS_WS1_3'
 1297 |       case I_HS_WS1_3: size = (static_cast<B_HS_WS1_3*>(busPtr))->PixelsSize()*2; break;
      |                                            ^~~~~~~~~~
wled00/bus_wrapper.h:317:115: error: expected primary-expression before '>' token
  317 | #define B_HS_WS1_3 NeoPixelBusLg<NeoRbgFeature, Ws2801MethodBase<TwoWireHspiImple<SpiSpeedHz>>, NeoGammaNullMethod>
      |                                                                                                                   ^
wled00/bus_wrapper.h:1297:44: note: in expansion of macro 'B_HS_WS1_3'
 1297 |       case I_HS_WS1_3: size = (static_cast<B_HS_WS1_3*>(busPtr))->PixelsSize()*2; break;
      |                                            ^~~~~~~~~~
In file included from wled00/bus_manager.cpp:25:
wled00/bus_wrapper.h:1297:55: error: expected primary-expression before '>' token
 1297 |       case I_HS_WS1_3: size = (static_cast<B_HS_WS1_3*>(busPtr))->PixelsSize()*2; break;
      |                                                       ^
wled00/bus_wrapper.h:1297:81: error: expected ')' before ';' token
 1297 |       case I_HS_WS1_3: size = (static_cast<B_HS_WS1_3*>(busPtr))->PixelsSize()*2; break;
      |                               ~                                                 ^
      |                                                                                 )
Compiling .pio/build/custom_build/src/cfg.cpp.o
In file included from wled00/cfg.cpp:1:
wled00/wled.h:42: warning: "WLED_ENABLE_WEBSOCKETS" redefined
   42 |   #define WLED_ENABLE_WEBSOCKETS
      | 
<command-line>: note: this is the location of the previous definition
*** [.pio/build/custom_build/src/bus_manager.cpp.o] Error 1
In file included from wled00/cfg.cpp:2:
wled00/wled_ethernet.h:25:3: error: 'eth_phy_type_t' does not name a type
   25 |   eth_phy_type_t eth_type;
      |   ^~~~~~~~~~~~~~
wled00/wled_ethernet.h:26:3: error: 'eth_clock_mode_t' does not name a type
   26 |   eth_clock_mode_t eth_clk_mode;
      |   ^~~~~~~~~~~~~~~~
wled00/cfg.cpp: In function 'bool deserializeConfig(ArduinoJson::JsonObject, bool)':
wled00/cfg.cpp:54:9: error: 'ethernetType' was not declared in this scope; did you mean 'ethernet'?
   54 |   CJSON(ethernetType, ethernet["type"]);
      |         ^~~~~~~~~~~~
wled00/cfg.cpp:39:20: note: in definition of macro 'CJSON'
   39 | #define CJSON(a,b) a = b | a
      |                    ^
*** [.pio/build/custom_build/src/cfg.cpp.o] Error 1
========================= [FAILED] Took 57.58 seconds =========================

Environment    Status    Duration
-------------  --------  ------------
custom_build   FAILED    00:00:57.575
==================== 1 failed, 0 succeeded in 00:00:57.575 ====================
Processing custom_build (board: nodemcuv2; platform: espressif8266@4.2.1; framework: arduino)
--------------------------------------------------------------------------------
Verbose mode can be enabled via `-v, --verbose` option
*** use existing my_config.h ***
Installing node packages
npm ci

added 67 packages, and audited 68 packages in 642ms

13 packages are looking for funding
  run `npm fund` for details

found 0 vulnerabilities
npm run build

> wled@0.16.0-alpha build
> node tools/cdata.js


	  ##  ##      ##        ######    ######
	##      ##    ##      ##        ##  ##  ##
	##  ##  ##  ##        ######        ##  ##
	##  ##  ##  ##        ##            ##  ##
	  ##  ##      ######    ######    ######
		 build script for web UI

Web UI is already built
CONFIGURATION: https://docs.platformio.org/page/boards/espressif8266/nodemcuv2.html
PLATFORM: Espressif 8266 (4.2.1) > NodeMCU 1.0 (ESP-12E Module)
HARDWARE: ESP8266 80MHz, 80KB RAM, 4MB Flash
PACKAGES: 
 - framework-arduinoespressif8266 @ 3.30102.0 (3.1.2) 
 - tool-esptool @ 1.413.0 (4.13) 
 - tool-esptoolpy @ 2.40900.0 (4.9.0) 
 - toolchain-xtensa @ 2.100300.220621 (10.3.0)
LDF: Library Dependency Finder -> https://bit.ly/configure-pio-ldf
LDF Modes: Finder ~ chain, Compatibility ~ strict
Found 53 compatible libraries
Scanning dependencies...
Dependency Graph
|-- ESPAsyncTCP @ 1.2.2
|-- ESPAsyncUDP @ 0.0.0-alpha+sha.697c75a025
|-- ESP8266PWM
|-- FastLED @ 3.6.0
|-- IRremoteESP8266 @ 2.8.2
|-- NeoPixelBus @ 2.8.3
|-- ESPAsyncWebServerWLED @ 2.4.0+sha.2d3af2c
|-- QuickEspNow @ 0.8.1+sha.193e991
|-- audioreactive
|-- DHT
|-- rotary_encoder_ui_ALT
|-- four_line_display_ALT
|-- Internal_Temperature_v2
|-- Wire @ 1.0
|-- EEPROM @ 1.0
|-- ArduinoOTA @ 1.0
|-- DNSServer @ 1.1.1
|-- ESP8266WiFi @ 1.0
|-- ESP8266mDNS @ 1.2
|-- LittleFS @ 0.1.0
|-- SPI @ 1.0
|-- ESP8266WebServer @ 1.0
Building in release mode
Retrieved `.pio/build/custom_build/libe4a/FastLED/FastLED.cpp.o' from cache
Retrieved `.pio/build/custom_build/libe4a/FastLED/bitswap.cpp.o' from cache
Retrieved `.pio/build/custom_build/libe4a/FastLED/colorpalettes.cpp.o' from cache
Retrieved `.pio/build/custom_build/libe4a/FastLED/colorutils.cpp.o' from cache
Retrieved `.pio/build/custom_build/libe4a/FastLED/hsv2rgb.cpp.o' from cache
Retrieved `.pio/build/custom_build/libe4a/FastLED/lib8tion.cpp.o' from cache
Retrieved `.pio/build/custom_build/libe4a/FastLED/noise.cpp.o' from cache
Retrieved `.pio/build/custom_build/libe4a/FastLED/platforms.cpp.o' from cache
Retrieved `.pio/build/custom_build/libe4a/FastLED/platforms/esp/32/clockless_rmt_esp32.cpp.o' from cache
Retrieved `.pio/build/custom_build/libe4a/FastLED/power_mgt.cpp.o' from cache
Retrieved `.pio/build/custom_build/libe4a/FastLED/wiring.cpp.o' from cache
Retrieved `.pio/build/custom_build/libadc/audioreactive/audio_reactive.cpp.o' from cache
Retrieved `.pio/build/custom_build/lib1b1/DHT/DHT.cpp.o' from cache
Retrieved `.pio/build/custom_build/libd5d/usermod_v2_four_line_display_ALT/usermod_v2_four_line_display_ALT.cpp.o' from cache
Retrieved `.pio/build/custom_build/libe1e/usermod_v2_rotary_encoder_ui_ALT/usermod_v2_rotary_encoder_ui_ALT.cpp.o' from cache
Retrieved `.pio/build/custom_build/lib356/Internal_Temperature_v2/Internal_Temperature_v2.cpp.o' from cache
Retrieved `.pio/build/custom_build/src/FX.cpp.o' from cache
Retrieved `.pio/build/custom_build/src/FX_2Dfcn.cpp.o' from cache
Retrieved `.pio/build/custom_build/src/FX_fcn.cpp.o' from cache
Retrieved `.pio/build/custom_build/src/FXparticleSystem.cpp.o' from cache
Retrieved `.pio/build/custom_build/src/alexa.cpp.o' from cache
Compiling .pio/build/custom_build/src/bus_manager.cpp.o
Retrieved `.pio/build/custom_build/src/button.cpp.o' from cache
Compiling .pio/build/custom_build/src/cfg.cpp.o
In file included from wled00/cfg.cpp:1:
wled00/wled.h:42: warning: "WLED_ENABLE_WEBSOCKETS" redefined
   42 |   #define WLED_ENABLE_WEBSOCKETS
      | 
<command-line>: note: this is the location of the previous definition
Compiling .pio/build/custom_build/src/colors.cpp.o
Compiling .pio/build/custom_build/src/dmx_input.cpp.o
In file included from wled00/colors.cpp:1:
wled00/wled.h:42: warning: "WLED_ENABLE_WEBSOCKETS" redefined
   42 |   #define WLED_ENABLE_WEBSOCKETS
      | 
<command-line>: note: this is the location of the previous definition
In file included from wled00/dmx_input.cpp:1:
wled00/wled.h:42: warning: "WLED_ENABLE_WEBSOCKETS" redefined
   42 |   #define WLED_ENABLE_WEBSOCKETS
      | 
<command-line>: note: this is the location of the previous definition
In file included from wled00/bus_manager.cpp:25:
wled00/bus_wrapper.h: In static member function 'static void PolyBus::begin(void*, uint8_t, uint8_t*, uint16_t)':
wled00/bus_wrapper.h:301:53: error: 'DotStarEsp32HspiHzMethod' was not declared in this scope; did you mean 'DotStarSpiHzMethod'?
  301 | #define B_HS_DOT_3 NeoPixelBusLg<DotStarBgrFeature, DotStarEsp32HspiHzMethod, NeoGammaNullMethod> //hardware HSPI (was DotStarEsp32DmaHspi5MhzMethod in NPB @ 2.6.9)
      |                                                     ^~~~~~~~~~~~~~~~~~~~~~~~
wled00/bus_wrapper.h:393:37: note: in expansion of macro 'B_HS_DOT_3'
  393 |       case I_HS_DOT_3: beginDotStar<B_HS_DOT_3*>(busPtr, -1, -1, -1, -1, clock_kHz); break;
      |                                     ^~~~~~~~~~
wled00/bus_wrapper.h:301:97: error: template argument 2 is invalid
  301 | #define B_HS_DOT_3 NeoPixelBusLg<DotStarBgrFeature, DotStarEsp32HspiHzMethod, NeoGammaNullMethod> //hardware HSPI (was DotStarEsp32DmaHspi5MhzMethod in NPB @ 2.6.9)
      |                                                                                                 ^
wled00/bus_wrapper.h:393:37: note: in expansion of macro 'B_HS_DOT_3'
  393 |       case I_HS_DOT_3: beginDotStar<B_HS_DOT_3*>(busPtr, -1, -1, -1, -1, clock_kHz); break;
      |                                     ^~~~~~~~~~
wled00/bus_wrapper.h:393:24: error: parse error in template argument list
  393 |       case I_HS_DOT_3: beginDotStar<B_HS_DOT_3*>(busPtr, -1, -1, -1, -1, clock_kHz); break;
      |                        ^~~~~~~~~~~~~~~~~~~~~~~~~
wled00/bus_wrapper.h:393:83: error: no matching function for call to 'PolyBus::beginDotStar<<expression error> >(void*&, int, int, int, int, uint16_t&)'
  393 |       case I_HS_DOT_3: beginDotStar<B_HS_DOT_3*>(busPtr, -1, -1, -1, -1, clock_kHz); break;
      |                                                                                   ^
wled00/bus_wrapper.h:342:15: note: candidate: 'template<class T> static void PolyBus::beginDotStar(void*, int8_t, int8_t, int8_t, int8_t, uint16_t)'
  342 |   static void beginDotStar(void* busPtr, int8_t sck, int8_t miso, int8_t mosi, int8_t ss, uint16_t clock_kHz /* 0 == use default */) {
      |               ^~~~~~~~~~~~
wled00/bus_wrapper.h:342:15: note:   template argument deduction/substitution failed:
wled00/bus_wrapper.h:393:83: error: template argument 1 is invalid
  393 |       case I_HS_DOT_3: beginDotStar<B_HS_DOT_3*>(busPtr, -1, -1, -1, -1, clock_kHz); break;
      |                                                                                   ^
wled00/bus_wrapper.h:317:66: error: 'TwoWireHspiImple' was not declared in this scope; did you mean 'TwoWireSpiImple'?
  317 | #define B_HS_WS1_3 NeoPixelBusLg<NeoRbgFeature, Ws2801MethodBase<TwoWireHspiImple<SpiSpeedHz>>, NeoGammaNullMethod>
      |                                                                  ^~~~~~~~~~~~~~~~
wled00/bus_wrapper.h:396:37: note: in expansion of macro 'B_HS_WS1_3'
  396 |       case I_HS_WS1_3: beginDotStar<B_HS_WS1_3*>(busPtr, -1, -1, -1, -1, clock_kHz); break;
      |                                     ^~~~~~~~~~
wled00/bus_wrapper.h:317:83: error: template argument 1 is invalid
  317 | #define B_HS_WS1_3 NeoPixelBusLg<NeoRbgFeature, Ws2801MethodBase<TwoWireHspiImple<SpiSpeedHz>>, NeoGammaNullMethod>
      |                                                                                   ^~~~~~~~~~
wled00/bus_wrapper.h:396:37: note: in expansion of macro 'B_HS_WS1_3'
  396 |       case I_HS_WS1_3: beginDotStar<B_HS_WS1_3*>(busPtr, -1, -1, -1, -1, clock_kHz); break;
      |                                     ^~~~~~~~~~
wled00/bus_wrapper.h:317:93: error: template argument 2 is invalid
  317 | #define B_HS_WS1_3 NeoPixelBusLg<NeoRbgFeature, Ws2801MethodBase<TwoWireHspiImple<SpiSpeedHz>>, NeoGammaNullMethod>
      |                                                                                             ^~
wled00/bus_wrapper.h:396:37: note: in expansion of macro 'B_HS_WS1_3'
  396 |       case I_HS_WS1_3: beginDotStar<B_HS_WS1_3*>(busPtr, -1, -1, -1, -1, clock_kHz); break;
      |                                     ^~~~~~~~~~
wled00/bus_wrapper.h:396:48: error: expected primary-expression before '>' token
  396 |       case I_HS_WS1_3: beginDotStar<B_HS_WS1_3*>(busPtr, -1, -1, -1, -1, clock_kHz); break;
      |                                                ^
wled00/bus_wrapper.h:396:50: warning: left operand of comma operator has no effect [-Wunused-value]
  396 |       case I_HS_WS1_3: beginDotStar<B_HS_WS1_3*>(busPtr, -1, -1, -1, -1, clock_kHz); break;
      |                                                  ^~~~~~
wled00/bus_wrapper.h:396:63: warning: right operand of comma operator has no effect [-Wunused-value]
  396 |       case I_HS_WS1_3: beginDotStar<B_HS_WS1_3*>(busPtr, -1, -1, -1, -1, clock_kHz); break;
      |                                                               ^
wled00/bus_wrapper.h:396:67: warning: right operand of comma operator has no effect [-Wunused-value]
  396 |       case I_HS_WS1_3: beginDotStar<B_HS_WS1_3*>(busPtr, -1, -1, -1, -1, clock_kHz); break;
      |                                                                   ^
wled00/bus_wrapper.h:396:71: warning: right operand of comma operator has no effect [-Wunused-value]
  396 |       case I_HS_WS1_3: beginDotStar<B_HS_WS1_3*>(busPtr, -1, -1, -1, -1, clock_kHz); break;
      |                                                                       ^
wled00/bus_wrapper.h:396:74: warning: right operand of comma operator has no effect [-Wunused-value]
  396 |       case I_HS_WS1_3: beginDotStar<B_HS_WS1_3*>(busPtr, -1, -1, -1, -1, clock_kHz); break;
      |                                                                          ^~~~~~~~~
wled00/bus_wrapper.h: In static member function 'static void* PolyBus::create(uint8_t, uint8_t*, uint16_t, uint8_t)':
wled00/bus_wrapper.h:301:53: error: 'DotStarEsp32HspiHzMethod' was not declared in this scope; did you mean 'DotStarSpiHzMethod'?
  301 | #define B_HS_DOT_3 NeoPixelBusLg<DotStarBgrFeature, DotStarEsp32HspiHzMethod, NeoGammaNullMethod> //hardware HSPI (was DotStarEsp32DmaHspi5MhzMethod in NPB @ 2.6.9)
      |                                                     ^~~~~~~~~~~~~~~~~~~~~~~~
wled00/bus_wrapper.h:570:37: note: in expansion of macro 'B_HS_DOT_3'
  570 |       case I_HS_DOT_3: busPtr = new B_HS_DOT_3(len, pins[1], pins[0]); break;
      |                                     ^~~~~~~~~~
wled00/bus_wrapper.h:301:97: error: template argument 2 is invalid
  301 | #define B_HS_DOT_3 NeoPixelBusLg<DotStarBgrFeature, DotStarEsp32HspiHzMethod, NeoGammaNullMethod> //hardware HSPI (was DotStarEsp32DmaHspi5MhzMethod in NPB @ 2.6.9)
      |                                                                                                 ^
wled00/bus_wrapper.h:570:37: note: in expansion of macro 'B_HS_DOT_3'
  570 |       case I_HS_DOT_3: busPtr = new B_HS_DOT_3(len, pins[1], pins[0]); break;
      |                                     ^~~~~~~~~~
wled00/bus_wrapper.h:317:66: error: 'TwoWireHspiImple' was not declared in this scope; did you mean 'TwoWireSpiImple'?
  317 | #define B_HS_WS1_3 NeoPixelBusLg<NeoRbgFeature, Ws2801MethodBase<TwoWireHspiImple<SpiSpeedHz>>, NeoGammaNullMethod>
      |                                                                  ^~~~~~~~~~~~~~~~
wled00/bus_wrapper.h:576:37: note: in expansion of macro 'B_HS_WS1_3'
  576 |       case I_HS_WS1_3: busPtr = new B_HS_WS1_3(len, pins[1], pins[0]); break;
      |                                     ^~~~~~~~~~
wled00/bus_wrapper.h:317:83: error: template argument 1 is invalid
  317 | #define B_HS_WS1_3 NeoPixelBusLg<NeoRbgFeature, Ws2801MethodBase<TwoWireHspiImple<SpiSpeedHz>>, NeoGammaNullMethod>
      |                                                                                   ^~~~~~~~~~
wled00/bus_wrapper.h:576:37: note: in expansion of macro 'B_HS_WS1_3'
  576 |       case I_HS_WS1_3: busPtr = new B_HS_WS1_3(len, pins[1], pins[0]); break;
      |                                     ^~~~~~~~~~
wled00/bus_wrapper.h:317:93: error: template argument 2 is invalid
  317 | #define B_HS_WS1_3 NeoPixelBusLg<NeoRbgFeature, Ws2801MethodBase<TwoWireHspiImple<SpiSpeedHz>>, NeoGammaNullMethod>
      |                                                                                             ^~
wled00/bus_wrapper.h:576:37: note: in expansion of macro 'B_HS_WS1_3'
  576 |       case I_HS_WS1_3: busPtr = new B_HS_WS1_3(len, pins[1], pins[0]); break;
      |                                     ^~~~~~~~~~
wled00/bus_wrapper.h:317:115: error: expected primary-expression before '>' token
  317 | #define B_HS_WS1_3 NeoPixelBusLg<NeoRbgFeature, Ws2801MethodBase<TwoWireHspiImple<SpiSpeedHz>>, NeoGammaNullMethod>
      |                                                                                                                   ^
wled00/bus_wrapper.h:576:37: note: in expansion of macro 'B_HS_WS1_3'
  576 |       case I_HS_WS1_3: busPtr = new B_HS_WS1_3(len, pins[1], pins[0]); break;
      |                                     ^~~~~~~~~~
wled00/bus_wrapper.h:576:48: warning: left operand of comma operator has no effect [-Wunused-value]
  576 |       case I_HS_WS1_3: busPtr = new B_HS_WS1_3(len, pins[1], pins[0]); break;
      |                                                ^~~
wled00/bus_wrapper.h:576:59: warning: value computed is not used [-Wunused-value]
  576 |       case I_HS_WS1_3: busPtr = new B_HS_WS1_3(len, pins[1], pins[0]); break;
      |                                                     ~~~~~~^
wled00/bus_wrapper.h:576:59: warning: right operand of comma operator has no effect [-Wunused-value]
wled00/bus_wrapper.h: In static member function 'static void PolyBus::show(void*, uint8_t, bool)':
wled00/bus_wrapper.h:301:53: error: 'DotStarEsp32HspiHzMethod' was not declared in this scope; did you mean 'DotStarSpiHzMethod'?
  301 | #define B_HS_DOT_3 NeoPixelBusLg<DotStarBgrFeature, DotStarEsp32HspiHzMethod, NeoGammaNullMethod> //hardware HSPI (was DotStarEsp32DmaHspi5MhzMethod in NPB @ 2.6.9)
      |                                                     ^~~~~~~~~~~~~~~~~~~~~~~~
wled00/bus_wrapper.h:668:37: note: in expansion of macro 'B_HS_DOT_3'
  668 |       case I_HS_DOT_3: (static_cast<B_HS_DOT_3*>(busPtr))->Show(consistent); break;
      |                                     ^~~~~~~~~~
wled00/bus_wrapper.h:301:97: error: template argument 2 is invalid
  301 | #define B_HS_DOT_3 NeoPixelBusLg<DotStarBgrFeature, DotStarEsp32HspiHzMethod, NeoGammaNullMethod> //hardware HSPI (was DotStarEsp32DmaHspi5MhzMethod in NPB @ 2.6.9)
      |                                                                                                 ^
wled00/bus_wrapper.h:668:37: note: in expansion of macro 'B_HS_DOT_3'
  668 |       case I_HS_DOT_3: (static_cast<B_HS_DOT_3*>(busPtr))->Show(consistent); break;
      |                                     ^~~~~~~~~~
wled00/bus_wrapper.h:668:47: error: expected '>' before '*' token
  668 |       case I_HS_DOT_3: (static_cast<B_HS_DOT_3*>(busPtr))->Show(consistent); break;
      |                                               ^
wled00/bus_wrapper.h:668:47: error: expected '(' before '*' token
  668 |       case I_HS_DOT_3: (static_cast<B_HS_DOT_3*>(busPtr))->Show(consistent); break;
      |                                               ^
      |                                               (
wled00/bus_wrapper.h:668:48: error: expected primary-expression before '>' token
  668 |       case I_HS_DOT_3: (static_cast<B_HS_DOT_3*>(busPtr))->Show(consistent); break;
      |                                                ^
wled00/bus_wrapper.h:668:76: error: expected ')' before ';' token
  668 |       case I_HS_DOT_3: (static_cast<B_HS_DOT_3*>(busPtr))->Show(consistent); break;
      |                        ~                                                   ^
      |                                                                            )
wled00/bus_wrapper.h:317:66: error: 'TwoWireHspiImple' was not declared in this scope; did you mean 'TwoWireSpiImple'?
  317 | #define B_HS_WS1_3 NeoPixelBusLg<NeoRbgFeature, Ws2801MethodBase<TwoWireHspiImple<SpiSpeedHz>>, NeoGammaNullMethod>
      |                                                                  ^~~~~~~~~~~~~~~~
wled00/bus_wrapper.h:674:37: note: in expansion of macro 'B_HS_WS1_3'
  674 |       case I_HS_WS1_3: (static_cast<B_HS_WS1_3*>(busPtr))->Show(consistent); break;
      |                                     ^~~~~~~~~~
wled00/bus_wrapper.h:317:83: error: template argument 1 is invalid
  317 | #define B_HS_WS1_3 NeoPixelBusLg<NeoRbgFeature, Ws2801MethodBase<TwoWireHspiImple<SpiSpeedHz>>, NeoGammaNullMethod>
      |                                                                                   ^~~~~~~~~~
wled00/bus_wrapper.h:674:37: note: in expansion of macro 'B_HS_WS1_3'
  674 |       case I_HS_WS1_3: (static_cast<B_HS_WS1_3*>(busPtr))->Show(consistent); break;
      |                                     ^~~~~~~~~~
wled00/bus_wrapper.h:317:93: error: template argument 2 is invalid
  317 | #define B_HS_WS1_3 NeoPixelBusLg<NeoRbgFeature, Ws2801MethodBase<TwoWireHspiImple<SpiSpeedHz>>, NeoGammaNullMethod>
      |                                                                                             ^~
wled00/bus_wrapper.h:674:37: note: in expansion of macro 'B_HS_WS1_3'
  674 |       case I_HS_WS1_3: (static_cast<B_HS_WS1_3*>(busPtr))->Show(consistent); break;
      |                                     ^~~~~~~~~~
wled00/bus_wrapper.h:317:95: error: expected '>' before ',' token
  317 | #define B_HS_WS1_3 NeoPixelBusLg<NeoRbgFeature, Ws2801MethodBase<TwoWireHspiImple<SpiSpeedHz>>, NeoGammaNullMethod>
      |                                                                                               ^
wled00/bus_wrapper.h:674:37: note: in expansion of macro 'B_HS_WS1_3'
  674 |       case I_HS_WS1_3: (static_cast<B_HS_WS1_3*>(busPtr))->Show(consistent); break;
      |                                     ^~~~~~~~~~
wled00/bus_wrapper.h:317:95: error: expected '(' before ',' token
  317 | #define B_HS_WS1_3 NeoPixelBusLg<NeoRbgFeature, Ws2801MethodBase<TwoWireHspiImple<SpiSpeedHz>>, NeoGammaNullMethod>
      |                                                                                               ^
wled00/bus_wrapper.h:674:37: note: in expansion of macro 'B_HS_WS1_3'
  674 |       case I_HS_WS1_3: (static_cast<B_HS_WS1_3*>(busPtr))->Show(consistent); break;
      |                                     ^~~~~~~~~~
wled00/bus_wrapper.h:317:95: error: expected primary-expression before ',' token
  317 | #define B_HS_WS1_3 NeoPixelBusLg<NeoRbgFeature, Ws2801MethodBase<TwoWireHspiImple<SpiSpeedHz>>, NeoGammaNullMethod>
      |                                                                                               ^
wled00/bus_wrapper.h:674:37: note: in expansion of macro 'B_HS_WS1_3'
  674 |       case I_HS_WS1_3: (static_cast<B_HS_WS1_3*>(busPtr))->Show(consistent); break;
      |                                     ^~~~~~~~~~
wled00/bus_wrapper.h:317:115: error: expected primary-expression before '>' token
  317 | #define B_HS_WS1_3 NeoPixelBusLg<NeoRbgFeature, Ws2801MethodBase<TwoWireHspiImple<SpiSpeedHz>>, NeoGammaNullMethod>
      |                                                                                                                   ^
wled00/bus_wrapper.h:674:37: note: in expansion of macro 'B_HS_WS1_3'
  674 |       case I_HS_WS1_3: (static_cast<B_HS_WS1_3*>(busPtr))->Show(consistent); break;
      |                                     ^~~~~~~~~~
wled00/bus_wrapper.h:674:48: error: expected primary-expression before '>' token
  674 |       case I_HS_WS1_3: (static_cast<B_HS_WS1_3*>(busPtr))->Show(consistent); break;
      |                                                ^
wled00/bus_wrapper.h:674:76: error: expected ')' before ';' token
  674 |       case I_HS_WS1_3: (static_cast<B_HS_WS1_3*>(busPtr))->Show(consistent); break;
      |                        ~                                                   ^
      |                                                                            )
wled00/bus_wrapper.h: In static member function 'static bool PolyBus::canShow(void*, uint8_t)':
wled00/bus_wrapper.h:301:53: error: 'DotStarEsp32HspiHzMethod' was not declared in this scope; did you mean 'DotStarSpiHzMethod'?
  301 | #define B_HS_DOT_3 NeoPixelBusLg<DotStarBgrFeature, DotStarEsp32HspiHzMethod, NeoGammaNullMethod> //hardware HSPI (was DotStarEsp32DmaHspi5MhzMethod in NPB @ 2.6.9)
      |                                                     ^~~~~~~~~~~~~~~~~~~~~~~~
wled00/bus_wrapper.h:764:44: note: in expansion of macro 'B_HS_DOT_3'
  764 |       case I_HS_DOT_3: return (static_cast<B_HS_DOT_3*>(busPtr))->CanShow(); break;
      |                                            ^~~~~~~~~~
wled00/bus_wrapper.h:301:97: error: template argument 2 is invalid
  301 | #define B_HS_DOT_3 NeoPixelBusLg<DotStarBgrFeature, DotStarEsp32HspiHzMethod, NeoGammaNullMethod> //hardware HSPI (was DotStarEsp32DmaHspi5MhzMethod in NPB @ 2.6.9)
      |                                                                                                 ^
wled00/bus_wrapper.h:764:44: note: in expansion of macro 'B_HS_DOT_3'
  764 |       case I_HS_DOT_3: return (static_cast<B_HS_DOT_3*>(busPtr))->CanShow(); break;
      |                                            ^~~~~~~~~~
wled00/bus_wrapper.h:764:54: error: expected '>' before '*' token
  764 |       case I_HS_DOT_3: return (static_cast<B_HS_DOT_3*>(busPtr))->CanShow(); break;
      |                                                      ^
wled00/bus_wrapper.h:764:54: error: expected '(' before '*' token
  764 |       case I_HS_DOT_3: return (static_cast<B_HS_DOT_3*>(busPtr))->CanShow(); break;
      |                                                      ^
      |                                                      (
wled00/bus_wrapper.h:764:55: error: expected primary-expression before '>' token
  764 |       case I_HS_DOT_3: return (static_cast<B_HS_DOT_3*>(busPtr))->CanShow(); break;
      |                                                       ^
wled00/bus_wrapper.h:764:76: error: expected ')' before ';' token
  764 |       case I_HS_DOT_3: return (static_cast<B_HS_DOT_3*>(busPtr))->CanShow(); break;
      |                               ~                                            ^
      |                                                                            )
wled00/bus_wrapper.h:317:66: error: 'TwoWireHspiImple' was not declared in this scope; did you mean 'TwoWireSpiImple'?
  317 | #define B_HS_WS1_3 NeoPixelBusLg<NeoRbgFeature, Ws2801MethodBase<TwoWireHspiImple<SpiSpeedHz>>, NeoGammaNullMethod>
      |                                                                  ^~~~~~~~~~~~~~~~
wled00/bus_wrapper.h:770:44: note: in expansion of macro 'B_HS_WS1_3'
  770 |       case I_HS_WS1_3: return (static_cast<B_HS_WS1_3*>(busPtr))->CanShow(); break;
      |                                            ^~~~~~~~~~
wled00/bus_wrapper.h:317:83: error: template argument 1 is invalid
  317 | #define B_HS_WS1_3 NeoPixelBusLg<NeoRbgFeature, Ws2801MethodBase<TwoWireHspiImple<SpiSpeedHz>>, NeoGammaNullMethod>
      |                                                                                   ^~~~~~~~~~
wled00/bus_wrapper.h:770:44: note: in expansion of macro 'B_HS_WS1_3'
  770 |       case I_HS_WS1_3: return (static_cast<B_HS_WS1_3*>(busPtr))->CanShow(); break;
      |                                            ^~~~~~~~~~
wled00/bus_wrapper.h:317:93: error: template argument 2 is invalid
  317 | #define B_HS_WS1_3 NeoPixelBusLg<NeoRbgFeature, Ws2801MethodBase<TwoWireHspiImple<SpiSpeedHz>>, NeoGammaNullMethod>
      |                                                                                             ^~
wled00/bus_wrapper.h:770:44: note: in expansion of macro 'B_HS_WS1_3'
  770 |       case I_HS_WS1_3: return (static_cast<B_HS_WS1_3*>(busPtr))->CanShow(); break;
      |                                            ^~~~~~~~~~
wled00/bus_wrapper.h:317:95: error: expected '>' before ',' token
  317 | #define B_HS_WS1_3 NeoPixelBusLg<NeoRbgFeature, Ws2801MethodBase<TwoWireHspiImple<SpiSpeedHz>>, NeoGammaNullMethod>
      |                                                                                               ^
wled00/bus_wrapper.h:770:44: note: in expansion of macro 'B_HS_WS1_3'
  770 |       case I_HS_WS1_3: return (static_cast<B_HS_WS1_3*>(busPtr))->CanShow(); break;
      |                                            ^~~~~~~~~~
wled00/bus_wrapper.h:317:95: error: expected '(' before ',' token
  317 | #define B_HS_WS1_3 NeoPixelBusLg<NeoRbgFeature, Ws2801MethodBase<TwoWireHspiImple<SpiSpeedHz>>, NeoGammaNullMethod>
      |                                                                                               ^
wled00/bus_wrapper.h:770:44: note: in expansion of macro 'B_HS_WS1_3'
  770 |       case I_HS_WS1_3: return (static_cast<B_HS_WS1_3*>(busPtr))->CanShow(); break;
      |                                            ^~~~~~~~~~
wled00/bus_wrapper.h:317:95: error: expected primary-expression before ',' token
  317 | #define B_HS_WS1_3 NeoPixelBusLg<NeoRbgFeature, Ws2801MethodBase<TwoWireHspiImple<SpiSpeedHz>>, NeoGammaNullMethod>
      |                                                                                               ^
wled00/bus_wrapper.h:770:44: note: in expansion of macro 'B_HS_WS1_3'
  770 |       case I_HS_WS1_3: return (static_cast<B_HS_WS1_3*>(busPtr))->CanShow(); break;
      |                                            ^~~~~~~~~~
wled00/bus_wrapper.h:317:115: error: expected primary-expression before '>' token
  317 | #define B_HS_WS1_3 NeoPixelBusLg<NeoRbgFeature, Ws2801MethodBase<TwoWireHspiImple<SpiSpeedHz>>, NeoGammaNullMethod>
      |                                                                                                                   ^
wled00/bus_wrapper.h:770:44: note: in expansion of macro 'B_HS_WS1_3'
  770 |       case I_HS_WS1_3: return (static_cast<B_HS_WS1_3*>(busPtr))->CanShow(); break;
      |                                            ^~~~~~~~~~
wled00/bus_wrapper.h:770:55: error: expected primary-expression before '>' token
  770 |       case I_HS_WS1_3: return (static_cast<B_HS_WS1_3*>(busPtr))->CanShow(); break;
      |                                                       ^
wled00/bus_wrapper.h:770:76: error: expected ')' before ';' token
  770 |       case I_HS_WS1_3: return (static_cast<B_HS_WS1_3*>(busPtr))->CanShow(); break;
      |                               ~                                            ^
      |                                                                            )
wled00/bus_wrapper.h: In static member function 'static void PolyBus::setPixelColor(void*, uint8_t, uint16_t, uint32_t, uint8_t, uint16_t)':
wled00/bus_wrapper.h:301:53: error: 'DotStarEsp32HspiHzMethod' was not declared in this scope; did you mean 'DotStarSpiHzMethod'?
  301 | #define B_HS_DOT_3 NeoPixelBusLg<DotStarBgrFeature, DotStarEsp32HspiHzMethod, NeoGammaNullMethod> //hardware HSPI (was DotStarEsp32DmaHspi5MhzMethod in NPB @ 2.6.9)
      |                                                     ^~~~~~~~~~~~~~~~~~~~~~~~
wled00/bus_wrapper.h:886:37: note: in expansion of macro 'B_HS_DOT_3'
  886 |       case I_HS_DOT_3: (static_cast<B_HS_DOT_3*>(busPtr))->SetPixelColor(pix, RgbColor(col)); break;
      |                                     ^~~~~~~~~~
wled00/bus_wrapper.h:301:97: error: template argument 2 is invalid
  301 | #define B_HS_DOT_3 NeoPixelBusLg<DotStarBgrFeature, DotStarEsp32HspiHzMethod, NeoGammaNullMethod> //hardware HSPI (was DotStarEsp32DmaHspi5MhzMethod in NPB @ 2.6.9)
      |                                                                                                 ^
wled00/bus_wrapper.h:886:37: note: in expansion of macro 'B_HS_DOT_3'
  886 |       case I_HS_DOT_3: (static_cast<B_HS_DOT_3*>(busPtr))->SetPixelColor(pix, RgbColor(col)); break;
      |                                     ^~~~~~~~~~
In file included from wled00/bus_manager.cpp:25:
wled00/bus_wrapper.h:886:47: error: expected '>' before '*' token
  886 |       case I_HS_DOT_3: (static_cast<B_HS_DOT_3*>(busPtr))->SetPixelColor(pix, RgbColor(col)); break;
      |                                               ^
wled00/bus_wrapper.h:886:47: error: expected '(' before '*' token
  886 |       case I_HS_DOT_3: (static_cast<B_HS_DOT_3*>(busPtr))->SetPixelColor(pix, RgbColor(col)); break;
      |                                               ^
      |                                               (
wled00/bus_wrapper.h:886:48: error: expected primary-expression before '>' token
  886 |       case I_HS_DOT_3: (static_cast<B_HS_DOT_3*>(busPtr))->SetPixelColor(pix, RgbColor(col)); break;
      |                                                ^
wled00/bus_wrapper.h:886:93: error: expected ')' before ';' token
  886 |       case I_HS_DOT_3: (static_cast<B_HS_DOT_3*>(busPtr))->SetPixelColor(pix, RgbColor(col)); break;
      |                        ~                                                                    ^
      |                                                                                             )
In file included from wled00/bus_manager.cpp:25:
wled00/bus_wrapper.h:317:66: error: 'TwoWireHspiImple' was not declared in this scope; did you mean 'TwoWireSpiImple'?
  317 | #define B_HS_WS1_3 NeoPixelBusLg<NeoRbgFeature, Ws2801MethodBase<TwoWireHspiImple<SpiSpeedHz>>, NeoGammaNullMethod>
      |                                                                  ^~~~~~~~~~~~~~~~
wled00/bus_wrapper.h:892:37: note: in expansion of macro 'B_HS_WS1_3'
  892 |       case I_HS_WS1_3: (static_cast<B_HS_WS1_3*>(busPtr))->SetPixelColor(pix, RgbColor(col)); break;
      |                                     ^~~~~~~~~~
wled00/bus_wrapper.h:317:83: error: template argument 1 is invalid
  317 | #define B_HS_WS1_3 NeoPixelBusLg<NeoRbgFeature, Ws2801MethodBase<TwoWireHspiImple<SpiSpeedHz>>, NeoGammaNullMethod>
      |                                                                                   ^~~~~~~~~~
wled00/bus_wrapper.h:892:37: note: in expansion of macro 'B_HS_WS1_3'
  892 |       case I_HS_WS1_3: (static_cast<B_HS_WS1_3*>(busPtr))->SetPixelColor(pix, RgbColor(col)); break;
      |                                     ^~~~~~~~~~
wled00/bus_wrapper.h:317:93: error: template argument 2 is invalid
  317 | #define B_HS_WS1_3 NeoPixelBusLg<NeoRbgFeature, Ws2801MethodBase<TwoWireHspiImple<SpiSpeedHz>>, NeoGammaNullMethod>
      |                                                                                             ^~
wled00/bus_wrapper.h:892:37: note: in expansion of macro 'B_HS_WS1_3'
  892 |       case I_HS_WS1_3: (static_cast<B_HS_WS1_3*>(busPtr))->SetPixelColor(pix, RgbColor(col)); break;
      |                                     ^~~~~~~~~~
wled00/bus_wrapper.h:317:95: error: expected '>' before ',' token
  317 | #define B_HS_WS1_3 NeoPixelBusLg<NeoRbgFeature, Ws2801MethodBase<TwoWireHspiImple<SpiSpeedHz>>, NeoGammaNullMethod>
      |                                                                                               ^
wled00/bus_wrapper.h:892:37: note: in expansion of macro 'B_HS_WS1_3'
  892 |       case I_HS_WS1_3: (static_cast<B_HS_WS1_3*>(busPtr))->SetPixelColor(pix, RgbColor(col)); break;
      |                                     ^~~~~~~~~~
wled00/bus_wrapper.h:317:95: error: expected '(' before ',' token
  317 | #define B_HS_WS1_3 NeoPixelBusLg<NeoRbgFeature, Ws2801MethodBase<TwoWireHspiImple<SpiSpeedHz>>, NeoGammaNullMethod>
      |                                                                                               ^
wled00/bus_wrapper.h:892:37: note: in expansion of macro 'B_HS_WS1_3'
  892 |       case I_HS_WS1_3: (static_cast<B_HS_WS1_3*>(busPtr))->SetPixelColor(pix, RgbColor(col)); break;
      |                                     ^~~~~~~~~~
wled00/bus_wrapper.h:317:95: error: expected primary-expression before ',' token
  317 | #define B_HS_WS1_3 NeoPixelBusLg<NeoRbgFeature, Ws2801MethodBase<TwoWireHspiImple<SpiSpeedHz>>, NeoGammaNullMethod>
      |                                                                                               ^
wled00/bus_wrapper.h:892:37: note: in expansion of macro 'B_HS_WS1_3'
  892 |       case I_HS_WS1_3: (static_cast<B_HS_WS1_3*>(busPtr))->SetPixelColor(pix, RgbColor(col)); break;
      |                                     ^~~~~~~~~~
wled00/bus_wrapper.h:317:115: error: expected primary-expression before '>' token
  317 | #define B_HS_WS1_3 NeoPixelBusLg<NeoRbgFeature, Ws2801MethodBase<TwoWireHspiImple<SpiSpeedHz>>, NeoGammaNullMethod>
      |                                                                                                                   ^
wled00/bus_wrapper.h:892:37: note: in expansion of macro 'B_HS_WS1_3'
  892 |       case I_HS_WS1_3: (static_cast<B_HS_WS1_3*>(busPtr))->SetPixelColor(pix, RgbColor(col)); break;
      |                                     ^~~~~~~~~~
In file included from wled00/bus_manager.cpp:25:
wled00/bus_wrapper.h:892:48: error: expected primary-expression before '>' token
  892 |       case I_HS_WS1_3: (static_cast<B_HS_WS1_3*>(busPtr))->SetPixelColor(pix, RgbColor(col)); break;
      |                                                ^
wled00/bus_wrapper.h:892:93: error: expected ')' before ';' token
  892 |       case I_HS_WS1_3: (static_cast<B_HS_WS1_3*>(busPtr))->SetPixelColor(pix, RgbColor(col)); break;
      |                        ~                                                                    ^
      |                                                                                             )
In file included from wled00/bus_manager.cpp:25:
wled00/bus_wrapper.h: In static member function 'static void PolyBus::setBrightness(void*, uint8_t, uint8_t)':
wled00/bus_wrapper.h:301:53: error: 'DotStarEsp32HspiHzMethod' was not declared in this scope; did you mean 'DotStarSpiHzMethod'?
  301 | #define B_HS_DOT_3 NeoPixelBusLg<DotStarBgrFeature, DotStarEsp32HspiHzMethod, NeoGammaNullMethod> //hardware HSPI (was DotStarEsp32DmaHspi5MhzMethod in NPB @ 2.6.9)
      |                                                     ^~~~~~~~~~~~~~~~~~~~~~~~
wled00/bus_wrapper.h:982:37: note: in expansion of macro 'B_HS_DOT_3'
  982 |       case I_HS_DOT_3: (static_cast<B_HS_DOT_3*>(busPtr))->SetLuminance(b); break;
      |                                     ^~~~~~~~~~
wled00/bus_wrapper.h:301:97: error: template argument 2 is invalid
  301 | #define B_HS_DOT_3 NeoPixelBusLg<DotStarBgrFeature, DotStarEsp32HspiHzMethod, NeoGammaNullMethod> //hardware HSPI (was DotStarEsp32DmaHspi5MhzMethod in NPB @ 2.6.9)
      |                                                                                                 ^
wled00/bus_wrapper.h:982:37: note: in expansion of macro 'B_HS_DOT_3'
  982 |       case I_HS_DOT_3: (static_cast<B_HS_DOT_3*>(busPtr))->SetLuminance(b); break;
      |                                     ^~~~~~~~~~
In file included from wled00/bus_manager.cpp:25:
wled00/bus_wrapper.h:982:47: error: expected '>' before '*' token
  982 |       case I_HS_DOT_3: (static_cast<B_HS_DOT_3*>(busPtr))->SetLuminance(b); break;
      |                                               ^
wled00/bus_wrapper.h:982:47: error: expected '(' before '*' token
  982 |       case I_HS_DOT_3: (static_cast<B_HS_DOT_3*>(busPtr))->SetLuminance(b); break;
      |                                               ^
      |                                               (
wled00/bus_wrapper.h:982:48: error: expected primary-expression before '>' token
  982 |       case I_HS_DOT_3: (static_cast<B_HS_DOT_3*>(busPtr))->SetLuminance(b); break;
      |                                                ^
wled00/bus_wrapper.h:982:75: error: expected ')' before ';' token
  982 |       case I_HS_DOT_3: (static_cast<B_HS_DOT_3*>(busPtr))->SetLuminance(b); break;
      |                        ~                                                  ^
      |                                                                           )
In file included from wled00/bus_manager.cpp:25:
wled00/bus_wrapper.h:317:66: error: 'TwoWireHspiImple' was not declared in this scope; did you mean 'TwoWireSpiImple'?
  317 | #define B_HS_WS1_3 NeoPixelBusLg<NeoRbgFeature, Ws2801MethodBase<TwoWireHspiImple<SpiSpeedHz>>, NeoGammaNullMethod>
      |                                                                  ^~~~~~~~~~~~~~~~
wled00/bus_wrapper.h:988:37: note: in expansion of macro 'B_HS_WS1_3'
  988 |       case I_HS_WS1_3: (static_cast<B_HS_WS1_3*>(busPtr))->SetLuminance(b); break;
      |                                     ^~~~~~~~~~
wled00/bus_wrapper.h:317:83: error: template argument 1 is invalid
  317 | #define B_HS_WS1_3 NeoPixelBusLg<NeoRbgFeature, Ws2801MethodBase<TwoWireHspiImple<SpiSpeedHz>>, NeoGammaNullMethod>
      |                                                                                   ^~~~~~~~~~
wled00/bus_wrapper.h:988:37: note: in expansion of macro 'B_HS_WS1_3'
  988 |       case I_HS_WS1_3: (static_cast<B_HS_WS1_3*>(busPtr))->SetLuminance(b); break;
      |                                     ^~~~~~~~~~
wled00/bus_wrapper.h:317:93: error: template argument 2 is invalid
  317 | #define B_HS_WS1_3 NeoPixelBusLg<NeoRbgFeature, Ws2801MethodBase<TwoWireHspiImple<SpiSpeedHz>>, NeoGammaNullMethod>
      |                                                                                             ^~
wled00/bus_wrapper.h:988:37: note: in expansion of macro 'B_HS_WS1_3'
  988 |       case I_HS_WS1_3: (static_cast<B_HS_WS1_3*>(busPtr))->SetLuminance(b); break;
      |                                     ^~~~~~~~~~
wled00/bus_wrapper.h:317:95: error: expected '>' before ',' token
  317 | #define B_HS_WS1_3 NeoPixelBusLg<NeoRbgFeature, Ws2801MethodBase<TwoWireHspiImple<SpiSpeedHz>>, NeoGammaNullMethod>
      |                                                                                               ^
wled00/bus_wrapper.h:988:37: note: in expansion of macro 'B_HS_WS1_3'
  988 |       case I_HS_WS1_3: (static_cast<B_HS_WS1_3*>(busPtr))->SetLuminance(b); break;
      |                                     ^~~~~~~~~~
wled00/bus_wrapper.h:317:95: error: expected '(' before ',' token
  317 | #define B_HS_WS1_3 NeoPixelBusLg<NeoRbgFeature, Ws2801MethodBase<TwoWireHspiImple<SpiSpeedHz>>, NeoGammaNullMethod>
      |                                                                                               ^
wled00/bus_wrapper.h:988:37: note: in expansion of macro 'B_HS_WS1_3'
  988 |       case I_HS_WS1_3: (static_cast<B_HS_WS1_3*>(busPtr))->SetLuminance(b); break;
      |                                     ^~~~~~~~~~
wled00/bus_wrapper.h:317:95: error: expected primary-expression before ',' token
  317 | #define B_HS_WS1_3 NeoPixelBusLg<NeoRbgFeature, Ws2801MethodBase<TwoWireHspiImple<SpiSpeedHz>>, NeoGammaNullMethod>
      |                                                                                               ^
wled00/bus_wrapper.h:988:37: note: in expansion of macro 'B_HS_WS1_3'
  988 |       case I_HS_WS1_3: (static_cast<B_HS_WS1_3*>(busPtr))->SetLuminance(b); break;
      |                                     ^~~~~~~~~~
wled00/bus_wrapper.h:317:115: error: expected primary-expression before '>' token
  317 | #define B_HS_WS1_3 NeoPixelBusLg<NeoRbgFeature, Ws2801MethodBase<TwoWireHspiImple<SpiSpeedHz>>, NeoGammaNullMethod>
      |                                                                                                                   ^
wled00/bus_wrapper.h:988:37: note: in expansion of macro 'B_HS_WS1_3'
  988 |       case I_HS_WS1_3: (static_cast<B_HS_WS1_3*>(busPtr))->SetLuminance(b); break;
      |                                     ^~~~~~~~~~
In file included from wled00/bus_manager.cpp:25:
wled00/bus_wrapper.h:988:48: error: expected primary-expression before '>' token
  988 |       case I_HS_WS1_3: (static_cast<B_HS_WS1_3*>(busPtr))->SetLuminance(b); break;
      |                                                ^
wled00/bus_wrapper.h:988:75: error: expected ')' before ';' token
  988 |       case I_HS_WS1_3: (static_cast<B_HS_WS1_3*>(busPtr))->SetLuminance(b); break;
      |                        ~                                                  ^
      |                                                                           )
In file included from wled00/bus_manager.cpp:25:
wled00/bus_wrapper.h: In static member function 'static uint32_t PolyBus::getPixelColor(void*, uint8_t, uint16_t, uint8_t)':
wled00/bus_wrapper.h:301:53: error: 'DotStarEsp32HspiHzMethod' was not declared in this scope; did you mean 'DotStarSpiHzMethod'?
  301 | #define B_HS_DOT_3 NeoPixelBusLg<DotStarBgrFeature, DotStarEsp32HspiHzMethod, NeoGammaNullMethod> //hardware HSPI (was DotStarEsp32DmaHspi5MhzMethod in NPB @ 2.6.9)
      |                                                     ^~~~~~~~~~~~~~~~~~~~~~~~
wled00/bus_wrapper.h:1079:43: note: in expansion of macro 'B_HS_DOT_3'
 1079 |       case I_HS_DOT_3: col = (static_cast<B_HS_DOT_3*>(busPtr))->GetPixelColor(pix); break;
      |                                           ^~~~~~~~~~
wled00/bus_wrapper.h:301:97: error: template argument 2 is invalid
  301 | #define B_HS_DOT_3 NeoPixelBusLg<DotStarBgrFeature, DotStarEsp32HspiHzMethod, NeoGammaNullMethod> //hardware HSPI (was DotStarEsp32DmaHspi5MhzMethod in NPB @ 2.6.9)
      |                                                                                                 ^
wled00/bus_wrapper.h:1079:43: note: in expansion of macro 'B_HS_DOT_3'
 1079 |       case I_HS_DOT_3: col = (static_cast<B_HS_DOT_3*>(busPtr))->GetPixelColor(pix); break;
      |                                           ^~~~~~~~~~
In file included from wled00/bus_manager.cpp:25:
wled00/bus_wrapper.h:1079:53: error: expected '>' before '*' token
 1079 |       case I_HS_DOT_3: col = (static_cast<B_HS_DOT_3*>(busPtr))->GetPixelColor(pix); break;
      |                                                     ^
wled00/bus_wrapper.h:1079:53: error: expected '(' before '*' token
 1079 |       case I_HS_DOT_3: col = (static_cast<B_HS_DOT_3*>(busPtr))->GetPixelColor(pix); break;
      |                                                     ^
      |                                                     (
wled00/bus_wrapper.h:1079:54: error: expected primary-expression before '>' token
 1079 |       case I_HS_DOT_3: col = (static_cast<B_HS_DOT_3*>(busPtr))->GetPixelColor(pix); break;
      |                                                      ^
wled00/bus_wrapper.h:1079:84: error: expected ')' before ';' token
 1079 |       case I_HS_DOT_3: col = (static_cast<B_HS_DOT_3*>(busPtr))->GetPixelColor(pix); break;
      |                              ~                                                     ^
      |                                                                                    )
In file included from wled00/bus_manager.cpp:25:
wled00/bus_wrapper.h:317:66: error: 'TwoWireHspiImple' was not declared in this scope; did you mean 'TwoWireSpiImple'?
  317 | #define B_HS_WS1_3 NeoPixelBusLg<NeoRbgFeature, Ws2801MethodBase<TwoWireHspiImple<SpiSpeedHz>>, NeoGammaNullMethod>
      |                                                                  ^~~~~~~~~~~~~~~~
wled00/bus_wrapper.h:1085:43: note: in expansion of macro 'B_HS_WS1_3'
 1085 |       case I_HS_WS1_3: col = (static_cast<B_HS_WS1_3*>(busPtr))->GetPixelColor(pix); break;
      |                                           ^~~~~~~~~~
wled00/bus_wrapper.h:317:83: error: template argument 1 is invalid
  317 | #define B_HS_WS1_3 NeoPixelBusLg<NeoRbgFeature, Ws2801MethodBase<TwoWireHspiImple<SpiSpeedHz>>, NeoGammaNullMethod>
      |                                                                                   ^~~~~~~~~~
wled00/bus_wrapper.h:1085:43: note: in expansion of macro 'B_HS_WS1_3'
 1085 |       case I_HS_WS1_3: col = (static_cast<B_HS_WS1_3*>(busPtr))->GetPixelColor(pix); break;
      |                                           ^~~~~~~~~~
wled00/bus_wrapper.h:317:93: error: template argument 2 is invalid
  317 | #define B_HS_WS1_3 NeoPixelBusLg<NeoRbgFeature, Ws2801MethodBase<TwoWireHspiImple<SpiSpeedHz>>, NeoGammaNullMethod>
      |                                                                                             ^~
wled00/bus_wrapper.h:1085:43: note: in expansion of macro 'B_HS_WS1_3'
 1085 |       case I_HS_WS1_3: col = (static_cast<B_HS_WS1_3*>(busPtr))->GetPixelColor(pix); break;
      |                                           ^~~~~~~~~~
wled00/bus_wrapper.h:317:95: error: expected '>' before ',' token
  317 | #define B_HS_WS1_3 NeoPixelBusLg<NeoRbgFeature, Ws2801MethodBase<TwoWireHspiImple<SpiSpeedHz>>, NeoGammaNullMethod>
      |                                                                                               ^
wled00/bus_wrapper.h:1085:43: note: in expansion of macro 'B_HS_WS1_3'
 1085 |       case I_HS_WS1_3: col = (static_cast<B_HS_WS1_3*>(busPtr))->GetPixelColor(pix); break;
      |                                           ^~~~~~~~~~
wled00/bus_wrapper.h:317:95: error: expected '(' before ',' token
  317 | #define B_HS_WS1_3 NeoPixelBusLg<NeoRbgFeature, Ws2801MethodBase<TwoWireHspiImple<SpiSpeedHz>>, NeoGammaNullMethod>
      |                                                                                               ^
wled00/bus_wrapper.h:1085:43: note: in expansion of macro 'B_HS_WS1_3'
 1085 |       case I_HS_WS1_3: col = (static_cast<B_HS_WS1_3*>(busPtr))->GetPixelColor(pix); break;
      |                                           ^~~~~~~~~~
wled00/bus_wrapper.h:317:95: error: expected primary-expression before ',' token
  317 | #define B_HS_WS1_3 NeoPixelBusLg<NeoRbgFeature, Ws2801MethodBase<TwoWireHspiImple<SpiSpeedHz>>, NeoGammaNullMethod>
      |                                                                                               ^
wled00/bus_wrapper.h:1085:43: note: in expansion of macro 'B_HS_WS1_3'
 1085 |       case I_HS_WS1_3: col = (static_cast<B_HS_WS1_3*>(busPtr))->GetPixelColor(pix); break;
      |                                           ^~~~~~~~~~
wled00/bus_wrapper.h:317:115: error: expected primary-expression before '>' token
  317 | #define B_HS_WS1_3 NeoPixelBusLg<NeoRbgFeature, Ws2801MethodBase<TwoWireHspiImple<SpiSpeedHz>>, NeoGammaNullMethod>
      |                                                                                                                   ^
wled00/bus_wrapper.h:1085:43: note: in expansion of macro 'B_HS_WS1_3'
 1085 |       case I_HS_WS1_3: col = (static_cast<B_HS_WS1_3*>(busPtr))->GetPixelColor(pix); break;
      |                                           ^~~~~~~~~~
In file included from wled00/bus_manager.cpp:25:
wled00/bus_wrapper.h:1085:54: error: expected primary-expression before '>' token
 1085 |       case I_HS_WS1_3: col = (static_cast<B_HS_WS1_3*>(busPtr))->GetPixelColor(pix); break;
      |                                                      ^
wled00/bus_wrapper.h:1085:84: error: expected ')' before ';' token
 1085 |       case I_HS_WS1_3: col = (static_cast<B_HS_WS1_3*>(busPtr))->GetPixelColor(pix); break;
      |                              ~                                                     ^
      |                                                                                    )
In file included from wled00/bus_manager.cpp:25:
wled00/bus_wrapper.h: In static member function 'static void PolyBus::cleanup(void*, uint8_t)':
wled00/bus_wrapper.h:301:53: error: 'DotStarEsp32HspiHzMethod' was not declared in this scope; did you mean 'DotStarSpiHzMethod'?
  301 | #define B_HS_DOT_3 NeoPixelBusLg<DotStarBgrFeature, DotStarEsp32HspiHzMethod, NeoGammaNullMethod> //hardware HSPI (was DotStarEsp32DmaHspi5MhzMethod in NPB @ 2.6.9)
      |                                                     ^~~~~~~~~~~~~~~~~~~~~~~~
wled00/bus_wrapper.h:1194:44: note: in expansion of macro 'B_HS_DOT_3'
 1194 |       case I_HS_DOT_3: delete (static_cast<B_HS_DOT_3*>(busPtr)); break;
      |                                            ^~~~~~~~~~
wled00/bus_wrapper.h:301:97: error: template argument 2 is invalid
  301 | #define B_HS_DOT_3 NeoPixelBusLg<DotStarBgrFeature, DotStarEsp32HspiHzMethod, NeoGammaNullMethod> //hardware HSPI (was DotStarEsp32DmaHspi5MhzMethod in NPB @ 2.6.9)
      |                                                                                                 ^
wled00/bus_wrapper.h:1194:44: note: in expansion of macro 'B_HS_DOT_3'
 1194 |       case I_HS_DOT_3: delete (static_cast<B_HS_DOT_3*>(busPtr)); break;
      |                                            ^~~~~~~~~~
In file included from wled00/bus_manager.cpp:25:
wled00/bus_wrapper.h:1194:54: error: expected '>' before '*' token
 1194 |       case I_HS_DOT_3: delete (static_cast<B_HS_DOT_3*>(busPtr)); break;
      |                                                      ^
wled00/bus_wrapper.h:1194:54: error: expected '(' before '*' token
 1194 |       case I_HS_DOT_3: delete (static_cast<B_HS_DOT_3*>(busPtr)); break;
      |                                                      ^
      |                                                      (
wled00/bus_wrapper.h:1194:55: error: expected primary-expression before '>' token
 1194 |       case I_HS_DOT_3: delete (static_cast<B_HS_DOT_3*>(busPtr)); break;
      |                                                       ^
wled00/bus_wrapper.h:1194:65: error: expected ')' before ';' token
 1194 |       case I_HS_DOT_3: delete (static_cast<B_HS_DOT_3*>(busPtr)); break;
      |                               ~                                 ^
      |                                                                 )
In file included from wled00/bus_manager.cpp:25:
wled00/bus_wrapper.h:317:66: error: 'TwoWireHspiImple' was not declared in this scope; did you mean 'TwoWireSpiImple'?
  317 | #define B_HS_WS1_3 NeoPixelBusLg<NeoRbgFeature, Ws2801MethodBase<TwoWireHspiImple<SpiSpeedHz>>, NeoGammaNullMethod>
      |                                                                  ^~~~~~~~~~~~~~~~
wled00/bus_wrapper.h:1200:44: note: in expansion of macro 'B_HS_WS1_3'
 1200 |       case I_HS_WS1_3: delete (static_cast<B_HS_WS1_3*>(busPtr)); break;
      |                                            ^~~~~~~~~~
wled00/bus_wrapper.h:317:83: error: template argument 1 is invalid
  317 | #define B_HS_WS1_3 NeoPixelBusLg<NeoRbgFeature, Ws2801MethodBase<TwoWireHspiImple<SpiSpeedHz>>, NeoGammaNullMethod>
      |                                                                                   ^~~~~~~~~~
wled00/bus_wrapper.h:1200:44: note: in expansion of macro 'B_HS_WS1_3'
 1200 |       case I_HS_WS1_3: delete (static_cast<B_HS_WS1_3*>(busPtr)); break;
      |                                            ^~~~~~~~~~
wled00/bus_wrapper.h:317:93: error: template argument 2 is invalid
  317 | #define B_HS_WS1_3 NeoPixelBusLg<NeoRbgFeature, Ws2801MethodBase<TwoWireHspiImple<SpiSpeedHz>>, NeoGammaNullMethod>
      |                                                                                             ^~
wled00/bus_wrapper.h:1200:44: note: in expansion of macro 'B_HS_WS1_3'
 1200 |       case I_HS_WS1_3: delete (static_cast<B_HS_WS1_3*>(busPtr)); break;
      |                                            ^~~~~~~~~~
wled00/bus_wrapper.h:317:95: error: expected '>' before ',' token
  317 | #define B_HS_WS1_3 NeoPixelBusLg<NeoRbgFeature, Ws2801MethodBase<TwoWireHspiImple<SpiSpeedHz>>, NeoGammaNullMethod>
      |                                                                                               ^
wled00/bus_wrapper.h:1200:44: note: in expansion of macro 'B_HS_WS1_3'
 1200 |       case I_HS_WS1_3: delete (static_cast<B_HS_WS1_3*>(busPtr)); break;
      |                                            ^~~~~~~~~~
wled00/bus_wrapper.h:317:95: error: expected '(' before ',' token
  317 | #define B_HS_WS1_3 NeoPixelBusLg<NeoRbgFeature, Ws2801MethodBase<TwoWireHspiImple<SpiSpeedHz>>, NeoGammaNullMethod>
      |                                                                                               ^
wled00/bus_wrapper.h:1200:44: note: in expansion of macro 'B_HS_WS1_3'
 1200 |       case I_HS_WS1_3: delete (static_cast<B_HS_WS1_3*>(busPtr)); break;
      |                                            ^~~~~~~~~~
wled00/bus_wrapper.h:317:95: error: expected primary-expression before ',' token
  317 | #define B_HS_WS1_3 NeoPixelBusLg<NeoRbgFeature, Ws2801MethodBase<TwoWireHspiImple<SpiSpeedHz>>, NeoGammaNullMethod>
      |                                                                                               ^
wled00/bus_wrapper.h:1200:44: note: in expansion of macro 'B_HS_WS1_3'
 1200 |       case I_HS_WS1_3: delete (static_cast<B_HS_WS1_3*>(busPtr)); break;
      |                                            ^~~~~~~~~~
wled00/bus_wrapper.h:317:115: error: expected primary-expression before '>' token
  317 | #define B_HS_WS1_3 NeoPixelBusLg<NeoRbgFeature, Ws2801MethodBase<TwoWireHspiImple<SpiSpeedHz>>, NeoGammaNullMethod>
      |                                                                                                                   ^
wled00/bus_wrapper.h:1200:44: note: in expansion of macro 'B_HS_WS1_3'
 1200 |       case I_HS_WS1_3: delete (static_cast<B_HS_WS1_3*>(busPtr)); break;
      |                                            ^~~~~~~~~~
In file included from wled00/bus_manager.cpp:25:
wled00/bus_wrapper.h:1200:55: error: expected primary-expression before '>' token
 1200 |       case I_HS_WS1_3: delete (static_cast<B_HS_WS1_3*>(busPtr)); break;
      |                                                       ^
wled00/bus_wrapper.h:1200:65: error: expected ')' before ';' token
 1200 |       case I_HS_WS1_3: delete (static_cast<B_HS_WS1_3*>(busPtr)); break;
      |                               ~                                 ^
      |                                                                 )
In file included from wled00/bus_manager.cpp:25:
wled00/bus_wrapper.h: In static member function 'static unsigned int PolyBus::getDataSize(void*, uint8_t)':
wled00/bus_wrapper.h:301:53: error: 'DotStarEsp32HspiHzMethod' was not declared in this scope; did you mean 'DotStarSpiHzMethod'?
  301 | #define B_HS_DOT_3 NeoPixelBusLg<DotStarBgrFeature, DotStarEsp32HspiHzMethod, NeoGammaNullMethod> //hardware HSPI (was DotStarEsp32DmaHspi5MhzMethod in NPB @ 2.6.9)
      |                                                     ^~~~~~~~~~~~~~~~~~~~~~~~
wled00/bus_wrapper.h:1291:44: note: in expansion of macro 'B_HS_DOT_3'
 1291 |       case I_HS_DOT_3: size = (static_cast<B_HS_DOT_3*>(busPtr))->PixelsSize()*2; break;
      |                                            ^~~~~~~~~~
wled00/bus_wrapper.h:301:97: error: template argument 2 is invalid
  301 | #define B_HS_DOT_3 NeoPixelBusLg<DotStarBgrFeature, DotStarEsp32HspiHzMethod, NeoGammaNullMethod> //hardware HSPI (was DotStarEsp32DmaHspi5MhzMethod in NPB @ 2.6.9)
      |                                                                                                 ^
wled00/bus_wrapper.h:1291:44: note: in expansion of macro 'B_HS_DOT_3'
 1291 |       case I_HS_DOT_3: size = (static_cast<B_HS_DOT_3*>(busPtr))->PixelsSize()*2; break;
      |                                            ^~~~~~~~~~
In file included from wled00/bus_manager.cpp:25:
wled00/bus_wrapper.h:1291:54: error: expected '>' before '*' token
 1291 |       case I_HS_DOT_3: size = (static_cast<B_HS_DOT_3*>(busPtr))->PixelsSize()*2; break;
      |                                                      ^
wled00/bus_wrapper.h:1291:54: error: expected '(' before '*' token
 1291 |       case I_HS_DOT_3: size = (static_cast<B_HS_DOT_3*>(busPtr))->PixelsSize()*2; break;
      |                                                      ^
      |                                                      (
wled00/bus_wrapper.h:1291:55: error: expected primary-expression before '>' token
 1291 |       case I_HS_DOT_3: size = (static_cast<B_HS_DOT_3*>(busPtr))->PixelsSize()*2; break;
      |                                                       ^
wled00/bus_wrapper.h:1291:81: error: expected ')' before ';' token
 1291 |       case I_HS_DOT_3: size = (static_cast<B_HS_DOT_3*>(busPtr))->PixelsSize()*2; break;
      |                               ~                                                 ^
      |                                                                                 )
In file included from wled00/bus_manager.cpp:25:
wled00/bus_wrapper.h:317:66: error: 'TwoWireHspiImple' was not declared in this scope; did you mean 'TwoWireSpiImple'?
  317 | #define B_HS_WS1_3 NeoPixelBusLg<NeoRbgFeature, Ws2801MethodBase<TwoWireHspiImple<SpiSpeedHz>>, NeoGammaNullMethod>
      |                                                                  ^~~~~~~~~~~~~~~~
wled00/bus_wrapper.h:1297:44: note: in expansion of macro 'B_HS_WS1_3'
 1297 |       case I_HS_WS1_3: size = (static_cast<B_HS_WS1_3*>(busPtr))->PixelsSize()*2; break;
      |                                            ^~~~~~~~~~
wled00/bus_wrapper.h:317:83: error: template argument 1 is invalid
  317 | #define B_HS_WS1_3 NeoPixelBusLg<NeoRbgFeature, Ws2801MethodBase<TwoWireHspiImple<SpiSpeedHz>>, NeoGammaNullMethod>
      |                                                                                   ^~~~~~~~~~
wled00/bus_wrapper.h:1297:44: note: in expansion of macro 'B_HS_WS1_3'
 1297 |       case I_HS_WS1_3: size = (static_cast<B_HS_WS1_3*>(busPtr))->PixelsSize()*2; break;
      |                                            ^~~~~~~~~~
wled00/bus_wrapper.h:317:93: error: template argument 2 is invalid
  317 | #define B_HS_WS1_3 NeoPixelBusLg<NeoRbgFeature, Ws2801MethodBase<TwoWireHspiImple<SpiSpeedHz>>, NeoGammaNullMethod>
      |                                                                                             ^~
wled00/bus_wrapper.h:1297:44: note: in expansion of macro 'B_HS_WS1_3'
 1297 |       case I_HS_WS1_3: size = (static_cast<B_HS_WS1_3*>(busPtr))->PixelsSize()*2; break;
      |                                            ^~~~~~~~~~
wled00/bus_wrapper.h:317:95: error: expected '>' before ',' token
  317 | #define B_HS_WS1_3 NeoPixelBusLg<NeoRbgFeature, Ws2801MethodBase<TwoWireHspiImple<SpiSpeedHz>>, NeoGammaNullMethod>
      |                                                                                               ^
wled00/bus_wrapper.h:1297:44: note: in expansion of macro 'B_HS_WS1_3'
 1297 |       case I_HS_WS1_3: size = (static_cast<B_HS_WS1_3*>(busPtr))->PixelsSize()*2; break;
      |                                            ^~~~~~~~~~
wled00/bus_wrapper.h:317:95: error: expected '(' before ',' token
  317 | #define B_HS_WS1_3 NeoPixelBusLg<NeoRbgFeature, Ws2801MethodBase<TwoWireHspiImple<SpiSpeedHz>>, NeoGammaNullMethod>
      |                                                                                               ^
wled00/bus_wrapper.h:1297:44: note: in expansion of macro 'B_HS_WS1_3'
 1297 |       case I_HS_WS1_3: size = (static_cast<B_HS_WS1_3*>(busPtr))->PixelsSize()*2; break;
      |                                            ^~~~~~~~~~
wled00/bus_wrapper.h:317:95: error: expected primary-expression before ',' token
  317 | #define B_HS_WS1_3 NeoPixelBusLg<NeoRbgFeature, Ws2801MethodBase<TwoWireHspiImple<SpiSpeedHz>>, NeoGammaNullMethod>
      |                                                                                               ^
wled00/bus_wrapper.h:1297:44: note: in expansion of macro 'B_HS_WS1_3'
 1297 |       case I_HS_WS1_3: size = (static_cast<B_HS_WS1_3*>(busPtr))->PixelsSize()*2; break;
      |                                            ^~~~~~~~~~
wled00/bus_wrapper.h:317:115: error: expected primary-expression before '>' token
  317 | #define B_HS_WS1_3 NeoPixelBusLg<NeoRbgFeature, Ws2801MethodBase<TwoWireHspiImple<SpiSpeedHz>>, NeoGammaNullMethod>
      |                                                                                                                   ^
wled00/bus_wrapper.h:1297:44: note: in expansion of macro 'B_HS_WS1_3'
 1297 |       case I_HS_WS1_3: size = (static_cast<B_HS_WS1_3*>(busPtr))->PixelsSize()*2; break;
      |                                            ^~~~~~~~~~
In file included from wled00/bus_manager.cpp:25:
wled00/bus_wrapper.h:1297:55: error: expected primary-expression before '>' token
 1297 |       case I_HS_WS1_3: size = (static_cast<B_HS_WS1_3*>(busPtr))->PixelsSize()*2; break;
      |                                                       ^
wled00/bus_wrapper.h:1297:81: error: expected ')' before ';' token
 1297 |       case I_HS_WS1_3: size = (static_cast<B_HS_WS1_3*>(busPtr))->PixelsSize()*2; break;
      |                               ~                                                 ^
      |                                                                                 )
*** [.pio/build/custom_build/src/bus_manager.cpp.o] Error 1
In file included from wled00/cfg.cpp:2:
wled00/wled_ethernet.h:25:3: error: 'eth_phy_type_t' does not name a type
   25 |   eth_phy_type_t eth_type;
      |   ^~~~~~~~~~~~~~
wled00/wled_ethernet.h:26:3: error: 'eth_clock_mode_t' does not name a type
   26 |   eth_clock_mode_t eth_clk_mode;
      |   ^~~~~~~~~~~~~~~~
wled00/cfg.cpp: In function 'bool deserializeConfig(ArduinoJson::JsonObject, bool)':
wled00/cfg.cpp:54:9: error: 'ethernetType' was not declared in this scope; did you mean 'ethernet'?
   54 |   CJSON(ethernetType, ethernet["type"]);
      |         ^~~~~~~~~~~~
wled00/cfg.cpp:39:20: note: in definition of macro 'CJSON'
   39 | #define CJSON(a,b) a = b | a
      |                    ^
wled00/colors.cpp: In function 'uint32_t adjust_color(uint32_t, uint32_t, uint32_t, uint32_t)':
wled00/colors.cpp:95:12: warning: suggest parentheses around comparison in operand of '|' [-Wparentheses]
   95 |     if(rgb == 0 | hueShift + lighten + brighten == 0) return rgb; // black or no change
      |        ~~~~^~~~
*** [.pio/build/custom_build/src/cfg.cpp.o] Error 1
========================== [FAILED] Took 5.94 seconds ==========================

Environment    Status    Duration
-------------  --------  ------------
custom_build   FAILED    00:00:05.943
==================== 1 failed, 0 succeeded in 00:00:05.943 ====================
