Repo to build:
https://github.com/wled/WLED/archive/refs/heads/main.zip
Enviroment to build:
[env:custom_build]
extends = env:nodemcuv2
build_flags = ${env:nodemcuv2.build_flags} -D WLED_DISABLE_OTA -D WLED_USE_ETHERNET -D WLED_ENABLE_MQTT -D WLED_ENABLE_PIXART -D WLED_DISABLE_ALEXA -D WLED_DISABLE_HUESYNC -D USERMOD_DHT_PIN=2 -D USERMOD_DHT_CELSIUS
custom_usermods =  DHT Internal_Temperature
Hacks to apply:

--2025-11-29 06:12:11--  https://github.com/wled/WLED/archive/refs/heads/main.zip
Resolving github.com (github.com)... 140.82.113.3
Connecting to github.com (github.com)|140.82.113.3|:443... connected.
HTTP request sent, awaiting response... 302 Found
Location: https://codeload.github.com/wled/WLED/zip/refs/heads/main [following]
--2025-11-29 06:12:11--  https://codeload.github.com/wled/WLED/zip/refs/heads/main
Resolving codeload.github.com (codeload.github.com)... 140.82.113.9
Connecting to codeload.github.com (codeload.github.com)|140.82.113.9|:443... connected.
HTTP request sent, awaiting response... 200 OK
Length: unspecified [application/zip]
Saving to: ‘/tmp/WLEDtemp/mm.zip’

     0K .......... .......... .......... .......... .......... 1.82M
    50K .......... .......... .......... .......... .......... 31.8M
   100K .......... .......... .......... .......... ..........  125M
   150K .......... .......... .......... .......... .......... 39.0M
   200K .......... .......... .......... .......... ..........  133M
   250K .......... .......... .......... .......... .......... 37.4M
   300K .......... .......... .......... .......... ..........  116M
   350K .......... .......... .......... .......... ..........  166M
   400K .......... .......... .......... .......... ..........  145M
   450K .......... .......... .......... .......... ..........  166M
   500K .......... .......... .......... .......... .......... 2.59M
   550K .......... .......... .......... .......... .......... 80.1M
   600K .......... .......... .......... .......... ..........  103M
   650K .......... .......... .......... .......... .......... 5.63M
   700K .......... .......... .......... .......... .......... 55.1M
   750K .......... .......... .......... .......... .......... 81.4M
   800K .......... .......... .......... .......... ..........  122M
   850K .......... .......... .......... .......... ..........  227M
   900K .......... .......... .......... .......... ..........  352M
   950K .......... .......... .......... .......... ..........  371M
  1000K .......... .......... .......... .......... ..........  197M
  1050K .......... .......... .......... .......... ..........  144M
  1100K .......... .......... .......... .......... ..........  158M
  1150K .......... .......... .......... .......... .......... 89.4M
  1200K .......... .......... .......... .......... ..........  682K
  1250K .......... .......... .......... .......... .......... 80.3M
  1300K .......... .......... .......... .......... .......... 89.1M
  1350K .......... .......... .......... .......... ..........  131M
  1400K .......... .......... .......... .......... .......... 89.3M
  1450K .......... .......... .......... .......... .......... 99.2M
  1500K .......... .......... .......... .......... ..........  103M
  1550K .......... .......... .......... .......... ..........  135M
  1600K .......... .......... .......... .......... ..........  114M
  1650K .......... .......... .......... .......... .......... 97.5M
  1700K .......... .......... .......... .......... .......... 95.0M
  1750K .......... .......... .......... .......... ..........  146M
  1800K .......... .......... .......... .......... ..........  163M
  1850K .......... .......... .......... .......... ..........  163M
  1900K .......... .......... .......... .......... ..........  144M
  1950K .......... .......... .......... .......... ..........  161M
  2000K .......... .......... .......... .......... ..........  154M
  2050K .......... .......... .......... .......... ..........  152M
  2100K .......... .......... .......... .......... ..........  158M
  2150K .......... .......... .......... .......... ..........  159M
  2200K .......... .......... .......... .......... ..........  154M
  2250K .......... .......... .......... .......... ..........  162M
  2300K .......... .......... .......... .......... ..........  160M
  2350K .......... .......... .......... .......... ..........  154M
  2400K .......... .......... .......... .......... ..........  157M
  2450K .......... .......... .......... .......... ..........  162M
  2500K .......... .......... .......... .......... ..........  144M
  2550K .......... .......... .......... .......... ..........  161M
  2600K .......... .......... .......... .......... .......... 96.1M
  2650K .......... .......... .......... .......... ..........  110M
  2700K .......... .......... .......... .......... ..........  131M
  2750K .......... .......... .......... .......... ..........  165M
  2800K .......... .......... .......... .......... ..........  147M
  2850K .......... .......... .......... .......... ..........  152M
  2900K .......... .......... .......... .......... ..........  116M
  2950K .......... .......... .......... .......... ..........  152M
  3000K .......... .......... .......... .......... .......... 8.00M
  3050K .......... .......... .......... .......... .......... 73.5M
  3100K .......... .......... .......... .......... ..........  149M
  3150K .......... .......... .......... .......... .......... 44.0M
  3200K .......... .......... .......... .......... .......... 94.1M
  3250K .......... .......... .......... .......... .......... 8.85M
  3300K .......... .......... .......... .......... .......... 82.0M
  3350K .......... .......... .......... .......... ..........  157M
  3400K .......... .......... .......... .......... .......... 27.2M
  3450K .......... .......... .......... .......... .......... 8.19M
  3500K .......... .......... .......... .......... .......... 98.2M
  3550K .......... .......... .......... .......... .......... 14.7M
  3600K .......... .......... .......... .......... .......... 99.7M
  3650K .......... .......... .......... .......... .......... 29.3M
  3700K .......... .......... .......... .......... .......... 10.5M
  3750K .......... .......... .......... .......... ..........  135M
  3800K .......... .......... .......... .......... .......... 6.81M
  3850K .......... .......... .......... .......... .......... 67.0M
  3900K .......... .......... .......... .......... ..........  160M
  3950K .......... .......... .......... .......... ..........  165M
  4000K .......... .......... .......... .......... ..........  113M
  4050K .......... .......... .......... .......... .......... 8.52M
  4100K .......... .......... .......... .......... .......... 82.3M
  4150K .......... .......... .......... .......... .......... 37.6M
  4200K .......... .......... .......... .......... .......... 35.2M
  4250K .......... .......... .......... .......... .......... 14.8M
  4300K .......... .......... .......... .......... .......... 6.88M
  4350K .......... .......... .......... .......... .......... 26.9M
  4400K .......... .......... .......... .......... .......... 2.25M
  4450K .......... .......... .......... .......... ..........  122M
  4500K .......... .......... .......... .......... .......... 86.6M
  4550K .......... .......... .......... .......... .......... 92.9M
  4600K .......... .......... .......... .......... .......... 93.9M
  4650K .......... .......... .......... .......... .......... 94.5M
  4700K .......... .......... .......... .......... .......... 90.7M
  4750K .......... .......... .......... .......... ..........  119M
  4800K .......... .......... .......... .......... ..........  163M
  4850K .......... .......... .......... .......... ..........  101M
  4900K .......... .......... .......... .......... .......... 85.3M
  4950K .......... .......... .......... .......... ..........  153M
  5000K .......... .......... .......... .......... ..........  166M
  5050K .......... .......... .......... .......... ..........  163M
  5100K .......... .......... .......... .......... ..........  148M
  5150K .......... .......... .......... .......... .......... 2.20M
  5200K .......... .......... .......... .......... ..........  119M
  5250K .......... .......... .......... .......... .......... 98.5M
  5300K .......... .......... .......... .......... .......... 78.2M
  5350K .......... .......... .......... .......... .......... 84.2M
  5400K .......... .......... .......... .......... .......... 81.6M
  5450K .......... .......... .......... .......... ..........  103M
  5500K .......... .......... .......... .......... ..........  140M
  5550K .......... .......... .......... .......... ..........  146M
  5600K .......... .......... .......... .......... ..........  161M
  5650K .......... .......... .......... .......... ..........  165M
  5700K .......... .......... .......... .......... ..........  153M
  5750K .......... .......... .......... .......... ..........  160M
  5800K .......... .......... .......... .......... ..........  164M
  5850K .......... .......... .......... .......... ..........  148M
  5900K .......... .......... .......... .......... ..........  160M
  5950K .......... .......... .......... .......... .......... 1.62M
  6000K .......... .......... .......... .......... .......... 63.0M
  6050K .......... .......... .......... .......... .......... 98.4M
  6100K .......... .......... .......... .......... ..........  118M
  6150K .......... .......... .......... .......... ..........  102M
  6200K .......... .......... .......... .......... ..........  396M
  6250K .......... .......... .......... .......... ..........  118M
  6300K .......... .......... .......... .......... ..........  195M
  6350K .......... .......... .......... .......... ..........  249M
  6400K .......... .......... .......... .......... ..........  112M
  6450K .......... .......... .......... .......... ..........  111M
  6500K .......... .......... .......... .......... ..........  140M
  6550K .......... .......... .......... .......... ..........  150M
  6600K .......... .......... .......... .......... ..........  165M
  6650K .......... .......... .......... .......... ..........  164M
  6700K .......... .......... .......... .......... ..........  146M
  6750K .......... .......... .......... .......... ..........  164M
  6800K .......... .......... .......... .......... ..........  166M
  6850K .......... .......... .......... .......... ..........  151M
  6900K .......... .......... .......... .......... ..........  166M
  6950K .......... .......... .......... .......... ..........  162M
  7000K .......... .......... .......... .......... ..........  166M
  7050K .......... .......... .......... .......... ..........  156M
  7100K .......... .......... .......... .......... .......... 2.27M
  7150K .......... .......... .......... .......... .......... 62.6M
  7200K .......... .......... .......... .......... .......... 85.1M
  7250K .......... .......... .......... .......... .......... 93.3M
  7300K .......... .......... .......... .......... ..........  129M
  7350K .......... .......... .......... .......... ..........  123M
  7400K .......... .......... .......... .......... ..........  100M
  7450K .......... .......... .......... .......... ..........  158M
  7500K .......... .......... .......... .......... ..........  164M
  7550K .......... .......... .......... .......... ..........  242M
  7600K .......... .......... .......... .......... ..........  315M
  7650K .......... .......... .......... .......... ..........  351M
  7700K .......... .......... .......... .......... ..........  360M
  7750K .......... .......... .......... .......... ..........  373M
  7800K .......... .......... .......... .......... ..........  321M
  7850K .......... .......... .......... .......... ..........  394M
  7900K .......... .......... .......... .......... ..........  378M
  7950K .......... .......... .......... .......... ..........  295M
  8000K .......... .......... .......... .......... .......... 2.61M
  8050K .......... .......... .......... .......... ..........  135M
  8100K .......... .......... .......... .......... ..........  118M
  8150K .......... .......... .......... .......... ..........  171M
  8200K .......... .......... .......... .......... ..........  357M
  8250K .......... .......... .......... .......... ..........  372M
  8300K .......... .......... .......... .......... ..........  185M
  8350K .......... .......... .......... .......... ..........  330M
  8400K .......... .......... .......... .......... ..........  438M
  8450K .......... .......... .......... .......... ..........  365M
  8500K .......... .......... .......... .......... ..........  329M
  8550K .......... .......... .......... .......... ..........  329M
  8600K .......... .......... .......... .......... ..........  348M
  8650K .......... .......... .......... .......... .......... 3.91M
  8700K .......... .......... .......... .......... .......... 72.0M
  8750K .......... .......... .......... .......... .......... 83.5M
  8800K .......... .......... .......... .......... ..........  129M
  8850K .......... .......... .......... .......... ..........  165M
  8900K .......... .......... .......... .......... ..........  165M
  8950K .......... .......... .......... .......... .......... 7.52M
  9000K .......... .......... .......... .......... .......... 83.8M
  9050K .......... .......... .......... .......... ..........  156M
  9100K .......... .......... .......... .......... ..........  163M
  9150K .......... .......... .......... .......... ..........  161M
  9200K .......... .......... .......... .......... .......... 4.27M
  9250K .......... .......... .......... .......... .......... 87.5M
  9300K .......... .......... .......... .......... .......... 7.46M
  9350K .......... .......... .......... .......... .......... 56.6M
  9400K .......... .......... .......... .......... .......... 17.2M
  9450K .......... .......... .......... .......... .......... 72.6M
  9500K .......... .......... .......... .......... .......... 74.6M
  9550K .......... .......... .......... .......... .......... 59.8M
  9600K .......... .......... .......... .......... ..........  103M
  9650K .......... .......... .......... .......... .......... 1.53M
  9700K .......... .......... .......... .......... .......... 24.8M
  9750K .......... .......... .......... .......... ..........  132M
  9800K .......... .......... .......... .......... ..........  170M
  9850K .......... .......... .......... .......... ..........  393M
  9900K .......... .......... .......... .......... ..........  161M
  9950K .......... .......... .......... .......... ..........  172M
 10000K .......... .......... .......... .......... ..........  204M
 10050K .......... .......... .......... .......... ..........  212M
 10100K .......... .......... .......... .......... ..........  272M
 10150K .......... .......... .......... .......... ..........  206M
 10200K .......... .......... .......... .......... ..........  325M
 10250K .......... .......... .......... .......... ..........  309M
 10300K .......... .......... .......... .......... ..........  243M
 10350K .......... .......... .......... .......... ..........  372M
 10400K .......... .......... .......... .......... ..........  272M
 10450K .......... .......... .......... .......... ..........  391M
 10500K .......... .......... .......... .......... ..........  202M
 10550K .......... .......... .......... .......... ..........  159M
 10600K .......... .......... .......... .......... ..........  159M
 10650K .......... .......... .......... .......... ..........  155M
 10700K .......... .......... .......... .......... .......... 12.6M
 10750K .......... .......... .......... .......... .......... 6.85M
 10800K .......... .......... .......... .......... .......... 2.60M
 10850K .......... .......... .......... .......... ..........  153M
 10900K .......... .......... .......... .......... .......... 9.49M
 10950K .......... .......... .......... .......... .......... 12.6M
 11000K .......... .......... .......... .......... .......... 7.00M
 11050K .......... .......... .......... .......... .......... 11.8M
 11100K .......... .......... .......... .......... .......... 7.33M
 11150K .......... .......... .......... .......... .......... 13.6M
 11200K .......... .......... .......... .......... .......... 12.4M
 11250K .......... .......... .......... .......... .......... 8.27M
 11300K .......... .......... .......... .......... .......... 10.2M
 11350K .......... .......... .......... .......... .......... 5.14M
 11400K .......... .......... .......... .......... .......... 8.82M
 11450K .......... .......... .......... .......... .......... 10.6M
 11500K .......... .......... .......... .......... .......... 7.69M
 11550K .......... .......... .......... .......... ..........  123M
 11600K .......... .......... .                                96.1M=0.5s

2025-11-29 06:12:12 (20.8 MB/s) - ‘/tmp/WLEDtemp/mm.zip’ saved [11900851]


added 67 packages, and audited 68 packages in 3s

13 packages are looking for funding
  run `npm fund` for details

found 0 vulnerabilities
********************************************************************************
If you like PlatformIO, please:
- star it on GitHub > https://github.com/platformio/platformio-core
- follow us on LinkedIn to stay up-to-date on the latest project news > https://www.linkedin.com/company/platformio/
- try PlatformIO IDE for embedded development > https://platformio.org/platformio-ide
********************************************************************************

Processing custom_build (board: nodemcuv2; platform: espressif8266@4.2.1; framework: arduino)
--------------------------------------------------------------------------------
Platform Manager: Installing espressif8266 @ 4.2.1
Downloading 0% 10% 20% 30% 40%
Unpacking 0% 10% 20% 30% 40% 50% 60% 70% 80% 90% 100%
Platform Manager: espressif8266@4.2.1 has been installed!
Tool Manager: Installing platformio/toolchain-xtensa @ ~2.100300.220621
Downloading 0% 10% 20% 30% 40% 50% 60% 70% 80% 90% 100%
Unpacking 0% 10% 20% 30% 40% 50% 60% 70% 80% 90% 100%
Tool Manager: toolchain-xtensa@2.100300.220621 has been installed!
Tool Manager: Installing platformio/framework-arduinoespressif8266 @ ~3.30102.0
Downloading 0% 10% 20% 30% 40% 50% 60% 70% 80% 90% 100%
Unpacking 0% 10% 20% 30% 40% 50% 60% 70% 80% 90% 100%
Tool Manager: framework-arduinoespressif8266@3.30102.0 has been installed!
Tool Manager: Installing platformio/tool-esptool @ *
Downloading 0% 10% 20%
Unpacking 0% 10% 20%
Tool Manager: tool-esptool@1.413.0 has been installed!
Tool Manager: Installing platformio/tool-esptoolpy @ *
Downloading 0% 10% 20% 30% 40% 50% 60% 70% 80% 90% 100%
Unpacking 0% 10% 20% 30% 40% 50% 60% 70% 80% 90% 100%
Collecting cryptography~=45.0.3
  Downloading cryptography-45.0.7-cp37-abi3-manylinux_2_34_x86_64.whl.metadata (5.7 kB)
Collecting ecdsa~=0.19.1
  Downloading ecdsa-0.19.1-py2.py3-none-any.whl.metadata (29 kB)
Collecting bitstring~=4.3.1
  Downloading bitstring-4.3.1-py3-none-any.whl.metadata (5.3 kB)
Collecting reedsolo~=1.7.0
  Downloading reedsolo-1.7.0-py3-none-any.whl.metadata (23 kB)
Collecting intelhex~=2.3.0
  Downloading intelhex-2.3.0-py2.py3-none-any.whl.metadata (2.7 kB)
Collecting cffi>=1.14 (from cryptography~=45.0.3)
  Downloading cffi-2.0.0-cp39-cp39-manylinux2014_x86_64.manylinux_2_17_x86_64.whl.metadata (2.6 kB)
Collecting six>=1.9.0 (from ecdsa~=0.19.1)
  Downloading six-1.17.0-py2.py3-none-any.whl.metadata (1.7 kB)
Collecting bitarray<4.0,>=3.0.0 (from bitstring~=4.3.1)
  Downloading bitarray-3.8.0-cp39-cp39-manylinux2014_x86_64.manylinux_2_17_x86_64.manylinux_2_28_x86_64.whl.metadata (34 kB)
Collecting pycparser (from cffi>=1.14->cryptography~=45.0.3)
  Downloading pycparser-2.23-py3-none-any.whl.metadata (993 bytes)
Downloading cryptography-45.0.7-cp37-abi3-manylinux_2_34_x86_64.whl (4.4 MB)
   ━━━━━━━━━━━━━━━━━━━━━━━━━━━━━━━━━━━━━━━━ 4.4/4.4 MB 9.6 MB/s  0:00:00
Downloading ecdsa-0.19.1-py2.py3-none-any.whl (150 kB)
Downloading bitstring-4.3.1-py3-none-any.whl (71 kB)
Downloading reedsolo-1.7.0-py3-none-any.whl (32 kB)
Downloading intelhex-2.3.0-py2.py3-none-any.whl (50 kB)
Downloading bitarray-3.8.0-cp39-cp39-manylinux2014_x86_64.manylinux_2_17_x86_64.manylinux_2_28_x86_64.whl (327 kB)
Downloading cffi-2.0.0-cp39-cp39-manylinux2014_x86_64.manylinux_2_17_x86_64.whl (216 kB)
Downloading six-1.17.0-py2.py3-none-any.whl (11 kB)
Downloading pycparser-2.23-py3-none-any.whl (118 kB)
Installing collected packages: reedsolo, intelhex, bitarray, six, pycparser, bitstring, ecdsa, cffi, cryptography

Successfully installed bitarray-3.8.0 bitstring-4.3.1 cffi-2.0.0 cryptography-45.0.7 ecdsa-0.19.1 intelhex-2.3.0 pycparser-2.23 reedsolo-1.7.0 six-1.17.0
Tool Manager: tool-esptoolpy@2.40900.250804 has been installed!
Tool Manager: Installing platformio/tool-scons @ ~4.40801.0
Downloading 0% 10% 20% 30% 40% 50% 60% 70% 80% 90% 100%
Unpacking 0% 10% 20% 30% 40% 50% 60% 70% 80% 90% 100%
Tool Manager: tool-scons@4.40801.0 has been installed!
Library Manager: Installing fastled/FastLED @ 3.6.0
Downloading 0% 10% 20% 30% 40% 50% 60% 70% 80% 90% 100%
Unpacking 0% 10% 20% 30% 40% 50% 60% 70% 80% 90% 100%
Library Manager: FastLED@3.6.0 has been installed!
Library Manager: Installing makuna/NeoPixelBus @ 2.8.3
Downloading 0% 10% 20% 30% 40% 50% 60% 70% 80% 90% 100%
Unpacking 0% 10% 20% 30% 40% 50% 60% 70% 80% 90% 100%
Library Manager: NeoPixelBus@2.8.3 has been installed!
Library Manager: Resolving dependencies...
Library Manager: Installing git+https://github.com/Aircoookie/ESPAsyncWebServer.git#v2.4.2
git version 2.51.2
Cloning into '/home/runner/.platformio/.cache/tmp/pkg-installing-z0bfkzpa'...
warning: refs/tags/v2.4.2 fb607f9322798a25413e701e470542eca648de6e is not a commit!
Note: switching to '39b830c852054444ea12a8b5d7fcb4fa004a89d7'.

You are in 'detached HEAD' state. You can look around, make experimental
changes and commit them, and you can discard any commits you make in this
state without impacting any branches by switching back to a branch.

If you want to create a new branch to retain commits you create, you may
do so (now or later) by using -c with the switch command. Example:

  git switch -c <new-branch-name>

Or undo this operation with:

  git switch -

Turn off this advice by setting config variable advice.detachedHead to false

Library Manager: ESPAsyncWebServerWLED@2.4.2+sha.39b830c has been installed!
Library Manager: Resolving dependencies...
Library Manager: Installing me-no-dev/ESPAsyncTCP @ ^1.2.2
Downloading 0% 10% 20% 30% 40% 50%
Unpacking 0% 10% 20% 30% 40% 50% 60% 70% 80% 90% 100%
Library Manager: ESPAsyncTCP@1.2.2 has been installed!
Library Manager: Installing marvinroger/AsyncMqttClient @ 0.9.0
Downloading 0% 10% 20% 30%
Unpacking 0% 10% 20% 30% 40% 50% 60% 70% 80% 90% 100%
Library Manager: AsyncMqttClient@0.9.0 has been installed!
Library Manager: Resolving dependencies...
Library Manager: Installing git+https://github.com/blazoncek/QuickESPNow.git#optional-debug
git version 2.51.2
Cloning into '/home/runner/.platformio/.cache/tmp/pkg-installing-k3jb0pvn'...
Library Manager: QuickEspNow@0.8.1+sha.193e991 has been installed!
Verbose mode can be enabled via `-v, --verbose` option
Installing node packages
npm ci

added 67 packages, and audited 68 packages in 640ms

13 packages are looking for funding
  run `npm fund` for details

found 0 vulnerabilities
npm run build

> wled@0.16.0-alpha build
> node tools/cdata.js


	  ##  ##      ##        ######    ######
	##      ##    ##      ##        ##  ##  ##
	##  ##  ##  ##        ######        ##  ##
	##  ##  ##  ##        ##            ##  ##
	  ##  ##      ######    ######    ######
		 build script for web UI

File wled00/html_ui.h does not exist. Rebuilding...
Reading wled00/data/index.htm
Reading wled00/data/pixart/pixart.htm
Reading wled00/data/pxmagic/pxmagic.htm
Reading wled00/data/edit.htm as PAGE_edit
Reading wled00/data/cpal/cpal.htm as PAGE_cpal
Reading wled00/data/style.css as PAGE_settingsCss
Reading wled00/data/usermod.htm as PAGE_usermod
Minified and compressed style.css from 3023 to 896 bytes
Reading wled00/data/common.js as JS_common
Minified and compressed common.js from 6913 to 1715 bytes
Reading wled00/data/settings.htm as PAGE_settings
Minified and compressed usermod.htm from 77 to 83 bytes
Reading wled00/data/msg.htm as PAGE_msg
Minified msg.htm from 397 to 356 bytes
Reading wled00/data/dmxmap.htm as PAGE_dmxmap
Minified dmxmap.htm from 1485 to 1219 bytes
Reading wled00/data/update.htm as PAGE_update
Minified and compressed edit.htm from 16560 to 4036 bytes
Writing 25112 characters into wled00/html_edit.h
Minified and compressed settings.htm from 1899 to 672 bytes
Reading wled00/data/settings_wifi.htm as PAGE_settings_wifi
Minified and compressed settings_wifi.htm from 11313 to 3043 bytes
Reading wled00/data/settings_leds.htm as PAGE_settings_leds
Minified and compressed update.htm from 3347 to 1204 bytes
Reading wled00/data/welcome.htm as PAGE_welcome
Minified and compressed welcome.htm from 2490 to 1522 bytes
Reading wled00/data/liveview.htm as PAGE_liveview
Minified and compressed liveview.htm from 2504 to 852 bytes
Reading wled00/data/liveviewws2D.htm as PAGE_liveviewws2D
Minified and compressed wled00/data/pxmagic/pxmagic.htm from 52403 to 8701 bytes
Writing wled00/html_pxmagic.h
Minified and compressed liveviewws2D.htm from 1993 to 712 bytes
Reading wled00/data/404.htm as PAGE_404
Minified and compressed 404.htm from 1469 to 865 bytes
Reading wled00/data/favicon.ico as favicon
Writing 36195 characters into wled00/html_other.h
Minified and compressed cpal.htm from 21110 to 4903 bytes
Writing 30427 characters into wled00/html_cpal.h
Minified and compressed settings_leds.htm from 43884 to 9398 bytes
Reading wled00/data/settings_dmx.htm as PAGE_settings_dmx
Minified and compressed settings_dmx.htm from 3199 to 1289 bytes
Reading wled00/data/settings_ui.htm as PAGE_settings_ui
Minified and compressed wled00/data/index.htm from 194586 to 47575 bytes
Writing wled00/html_ui.h
Minified and compressed settings_ui.htm from 9925 to 2857 bytes
Reading wled00/data/settings_sync.htm as PAGE_settings_sync
Minified and compressed settings_sync.htm from 10683 to 3102 bytes
Reading wled00/data/settings_time.htm as PAGE_settings_time
Minified and compressed settings_time.htm from 10310 to 2996 bytes
Reading wled00/data/settings_sec.htm as PAGE_settings_sec
Minified and compressed settings_sec.htm from 5438 to 2060 bytes
Reading wled00/data/settings_um.htm as PAGE_settings_um
Minified and compressed wled00/data/pixart/pixart.htm from 41577 to 7457 bytes
Writing wled00/html_pixart.h
Minified and compressed settings_um.htm from 11428 to 2845 bytes
Reading wled00/data/settings_2D.htm as PAGE_settings_2D
Minified and compressed settings_2D.htm from 10317 to 2611 bytes
Reading wled00/data/settings_pin.htm as PAGE_settings_pin
Minified and compressed settings_pin.htm from 734 to 444 bytes
Writing 210158 characters into wled00/html_settings.h
CONFIGURATION: https://docs.platformio.org/page/boards/espressif8266/nodemcuv2.html
PLATFORM: Espressif 8266 (4.2.1) > NodeMCU 1.0 (ESP-12E Module)
HARDWARE: ESP8266 80MHz, 80KB RAM, 4MB Flash
PACKAGES: 
 - framework-arduinoespressif8266 @ 3.30102.0 (3.1.2) 
 - tool-esptool @ 1.413.0 (4.13) 
 - tool-esptoolpy @ 2.40900.250804 (4.9.0) 
 - toolchain-xtensa @ 2.100300.220621 (10.3.0)
LDF: Library Dependency Finder -> https://bit.ly/configure-pio-ldf
LDF Modes: Finder ~ chain, Compatibility ~ strict
Library Manager: Installing ESPAsyncUDP
Downloading 0% 10% 20%
Unpacking 0% 10% 20% 30% 40% 50% 60% 70% 80% 90% 100%
Library Manager: ESPAsyncUDP@0.0.0-alpha+sha.697c75a025 has been installed!
Library Manager: Installing IRremoteESP8266 @ 2.8.2
Downloading 0% 10% 20% 30% 40% 50% 60% 70% 80% 90% 100%
Unpacking 0% 10% 20% 30% 40% 50% 60% 70% 80% 90% 100%
Library Manager: IRremoteESP8266@2.8.2 has been installed!
Library Manager: Installing symlink:///tmp/WLEDtemp/WLED-main/usermods/DHT
Library Manager: DHT@0.0.0+20251129061258 has been installed!
Library Manager: Resolving dependencies...
Library Manager: Installing git+https://github.com/alwynallan/DHT_nonblocking
git version 2.51.2
Cloning into '/home/runner/.platformio/.cache/tmp/pkg-installing-0qhcl_fu'...
Library Manager: DHT_nonblocking@1.0.0+sha.62113cb has been installed!
Library Manager: Installing symlink:///tmp/WLEDtemp/WLED-main/usermods/Internal_Temperature_v2
Library Manager: Internal_Temperature_v2@0.0.0+20251129061259 has been installed!
Found 49 compatible libraries
Scanning dependencies...
Dependency Graph
|-- ESPAsyncTCP @ 1.2.2
|-- ESPAsyncUDP @ 0.0.0-alpha+sha.697c75a025
|-- ESP8266PWM
|-- FastLED @ 3.6.0
|-- IRremoteESP8266 @ 2.8.2
|-- NeoPixelBus @ 2.8.3
|-- ESPAsyncWebServerWLED @ 2.4.2+sha.39b830c
|-- AsyncMqttClient @ 0.9.0
|-- QuickEspNow @ 0.8.1+sha.193e991
|-- DHT
|-- Internal_Temperature_v2
|-- Wire @ 1.0
|-- Hash @ 1.0
|-- ArduinoOTA @ 1.0
|-- EEPROM @ 1.0
|-- DNSServer @ 1.1.1
|-- ESP8266WiFi @ 1.0
|-- ESP8266mDNS @ 1.2
|-- LittleFS @ 0.1.0
|-- SPI @ 1.0
|-- ESP8266WebServer @ 1.0
Building in release mode
Compiling .pio/build/custom_build/libe4a/FastLED/FastLED.cpp.o
Compiling .pio/build/custom_build/libe4a/FastLED/bitswap.cpp.o
Compiling .pio/build/custom_build/libe4a/FastLED/colorpalettes.cpp.o
Compiling .pio/build/custom_build/libe4a/FastLED/colorutils.cpp.o
Compiling .pio/build/custom_build/libe4a/FastLED/hsv2rgb.cpp.o
Compiling .pio/build/custom_build/libe4a/FastLED/lib8tion.cpp.o
Compiling .pio/build/custom_build/libe4a/FastLED/noise.cpp.o
Compiling .pio/build/custom_build/libe4a/FastLED/platforms.cpp.o
Compiling .pio/build/custom_build/libe4a/FastLED/platforms/esp/32/clockless_rmt_esp32.cpp.o
Compiling .pio/build/custom_build/libe4a/FastLED/power_mgt.cpp.o
Compiling .pio/build/custom_build/libe4a/FastLED/wiring.cpp.o
Compiling .pio/build/custom_build/lib1b1/DHT/DHT.cpp.o
In file included from usermods/DHT/DHT.cpp:1:
wled00/wled.h:36: warning: "WLED_ENABLE_MQTT" redefined
   36 |   #define WLED_ENABLE_MQTT         // saves 12kb
      | 
<command-line>: note: this is the location of the previous definition
Compiling .pio/build/custom_build/lib356/Internal_Temperature_v2/Internal_Temperature_v2.cpp.o
In file included from usermods/Internal_Temperature_v2/Internal_Temperature_v2.cpp:1:
wled00/wled.h:36: warning: "WLED_ENABLE_MQTT" redefined
   36 |   #define WLED_ENABLE_MQTT         // saves 12kb
      | 
<command-line>: note: this is the location of the previous definition
Compiling .pio/build/custom_build/src/FX.cpp.o
Compiling .pio/build/custom_build/src/FX_2Dfcn.cpp.o
In file included from wled00/FX.cpp:13:
wled00/wled.h:36: warning: "WLED_ENABLE_MQTT" redefined
   36 |   #define WLED_ENABLE_MQTT         // saves 12kb
      | 
<command-line>: note: this is the location of the previous definition
In file included from wled00/FX_2Dfcn.cpp:10:
wled00/wled.h:36: warning: "WLED_ENABLE_MQTT" redefined
   36 |   #define WLED_ENABLE_MQTT         // saves 12kb
      | 
<command-line>: note: this is the location of the previous definition
Compiling .pio/build/custom_build/src/FX_fcn.cpp.o
wled00/FX.cpp: In function 'uint16_t mode_random_chase()':
wled00/FX.cpp:1837:11: warning: comparison of integer expressions of different signedness: 'int' and 'unsigned int' [-Wsign-compare]
 1837 |     if (i == SEGLEN -1U && SEGENV.aux1 != (it & 0xFFFFU)) { //new first color in next frame
      |         ~~^~~~~~~~~~~~~
In file included from wled00/FX_fcn.cpp:12:
wled00/wled.h:36: warning: "WLED_ENABLE_MQTT" redefined
   36 |   #define WLED_ENABLE_MQTT         // saves 12kb
      | 
<command-line>: note: this is the location of the previous definition
wled00/FX.cpp: In function 'uint16_t mode_shimmer()':
wled00/FX.cpp:4948:21: warning: comparison of integer expressions of different signedness: 'int' and 'unsigned int' [-Wsign-compare]
 4948 |   for (int i = 0; i < SEGLEN; i++) {
wled00/FX.cpp: In function 'uint16_t mode_2Dgameoflife()':
wled00/FX.cpp:5262:40: warning: comparison of integer expressions of different signedness: 'unsigned int' and 'int' [-Wsign-compare]
 5262 |       cells[i].edgeCell = (x == 0 || x == cols-1 || y == 0 || y == rows-1);
      |                                      ~~^~~~~~~~~
wled00/FX.cpp:5262:65: warning: comparison of integer expressions of different signedness: 'unsigned int' and 'int' [-Wsign-compare]
 5262 |       cells[i].edgeCell = (x == 0 || x == cols-1 || y == 0 || y == rows-1);
      |                                                               ~~^~~~~~~~~
wled00/FX.cpp:5268:42: warning: comparison of integer expressions of different signedness: 'long unsigned int' and 'long int' [-Wsign-compare]
 5268 |   if (paused || (strip.now - SEGENV.step < 1000 / map(SEGMENT.speed,0,255,1,42))) {
      |                  ~~~~~~~~~~~~~~~~~~~~~~~~^~~~~~~~~~~~~~~~~~~~~~~~~~~~~~~~~~~~~~
Compiling .pio/build/custom_build/src/FXparticleSystem.cpp.o
In file included from wled00/FXparticleSystem.h:18,
                 from wled00/FXparticleSystem.cpp:16:
wled00/wled.h:36: warning: "WLED_ENABLE_MQTT" redefined
   36 |   #define WLED_ENABLE_MQTT         // saves 12kb
      | 
<command-line>: note: this is the location of the previous definition
Compiling .pio/build/custom_build/src/alexa.cpp.o
In file included from wled00/alexa.cpp:1:
wled00/wled.h:36: warning: "WLED_ENABLE_MQTT" redefined
   36 |   #define WLED_ENABLE_MQTT         // saves 12kb
      | 
<command-line>: note: this is the location of the previous definition
Compiling .pio/build/custom_build/src/bus_manager.cpp.o
Compiling .pio/build/custom_build/src/button.cpp.o
In file included from wled00/button.cpp:1:
wled00/wled.h:36: warning: "WLED_ENABLE_MQTT" redefined
   36 |   #define WLED_ENABLE_MQTT         // saves 12kb
      | 
<command-line>: note: this is the location of the previous definition
Compiling .pio/build/custom_build/src/cfg.cpp.o
In file included from wled00/cfg.cpp:1:
wled00/wled.h:36: warning: "WLED_ENABLE_MQTT" redefined
   36 |   #define WLED_ENABLE_MQTT         // saves 12kb
      | 
<command-line>: note: this is the location of the previous definition
In file included from .pio/libdeps/custom_build/FastLED/src/FastLED.h:75,
                 from wled00/colors.h:9,
                 from wled00/bus_manager.cpp:25:
.pio/libdeps/custom_build/FastLED/src/fastspi.h:157:23: note: '#pragma message: No hardware SPI pins defined.  All SPI access will default to bitbanged output'
  157 | #      pragma message "No hardware SPI pins defined.  All SPI access will default to bitbanged output"
      |                       ^~~~~~~~~~~~~~~~~~~~~~~~~~~~~~~~~~~~~~~~~~~~~~~~~~~~~~~~~~~~~~~~~~~~~~~~~~~~~~~~
In file included from wled00/bus_manager.cpp:28:
wled00/bus_wrapper.h: In static member function 'static void PolyBus::begin(void*, uint8_t, uint8_t*, uint16_t)':
wled00/bus_wrapper.h:309:51: error: 'DotStarEsp32HspiHzMethod' was not declared in this scope; did you mean 'DotStarSpiHzMethod'?
  309 | #define B_HS_DOT_3 NeoPixelBus<DotStarBgrFeature, DotStarEsp32HspiHzMethod> //hardware HSPI (was DotStarEsp32DmaHspi5MhzMethod in NPB @ 2.6.9)
      |                                                   ^~~~~~~~~~~~~~~~~~~~~~~~
wled00/bus_wrapper.h:401:37: note: in expansion of macro 'B_HS_DOT_3'
  401 |       case I_HS_DOT_3: beginDotStar<B_HS_DOT_3*>(busPtr, -1, -1, -1, -1, clock_kHz); break;
      |                                     ^~~~~~~~~~
wled00/bus_wrapper.h:309:75: error: template argument 2 is invalid
  309 | #define B_HS_DOT_3 NeoPixelBus<DotStarBgrFeature, DotStarEsp32HspiHzMethod> //hardware HSPI (was DotStarEsp32DmaHspi5MhzMethod in NPB @ 2.6.9)
      |                                                                           ^
wled00/bus_wrapper.h:401:37: note: in expansion of macro 'B_HS_DOT_3'
  401 |       case I_HS_DOT_3: beginDotStar<B_HS_DOT_3*>(busPtr, -1, -1, -1, -1, clock_kHz); break;
      |                                     ^~~~~~~~~~
wled00/bus_wrapper.h:401:24: error: parse error in template argument list
  401 |       case I_HS_DOT_3: beginDotStar<B_HS_DOT_3*>(busPtr, -1, -1, -1, -1, clock_kHz); break;
      |                        ^~~~~~~~~~~~~~~~~~~~~~~~~
wled00/bus_wrapper.h:401:83: error: no matching function for call to 'PolyBus::beginDotStar<<expression error> >(void*&, int, int, int, int, uint16_t&)'
  401 |       case I_HS_DOT_3: beginDotStar<B_HS_DOT_3*>(busPtr, -1, -1, -1, -1, clock_kHz); break;
      |                                                                                   ^
wled00/bus_wrapper.h:350:15: note: candidate: 'template<class T> static void PolyBus::beginDotStar(void*, int8_t, int8_t, int8_t, int8_t, uint16_t)'
  350 |   static void beginDotStar(void* busPtr, int8_t sck, int8_t miso, int8_t mosi, int8_t ss, uint16_t clock_kHz /* 0 == use default */) {
      |               ^~~~~~~~~~~~
wled00/bus_wrapper.h:350:15: note:   template argument deduction/substitution failed:
wled00/bus_wrapper.h:401:83: error: template argument 1 is invalid
  401 |       case I_HS_DOT_3: beginDotStar<B_HS_DOT_3*>(busPtr, -1, -1, -1, -1, clock_kHz); break;
      |                                                                                   ^
wled00/bus_wrapper.h:325:64: error: 'TwoWireHspiImple' was not declared in this scope; did you mean 'TwoWireSpiImple'?
  325 | #define B_HS_WS1_3 NeoPixelBus<NeoRbgFeature, Ws2801MethodBase<TwoWireHspiImple<SpiSpeedHz>>>
      |                                                                ^~~~~~~~~~~~~~~~
wled00/bus_wrapper.h:404:37: note: in expansion of macro 'B_HS_WS1_3'
  404 |       case I_HS_WS1_3: beginDotStar<B_HS_WS1_3*>(busPtr, -1, -1, -1, -1, clock_kHz); break;
      |                                     ^~~~~~~~~~
wled00/bus_wrapper.h:325:81: error: template argument 1 is invalid
  325 | #define B_HS_WS1_3 NeoPixelBus<NeoRbgFeature, Ws2801MethodBase<TwoWireHspiImple<SpiSpeedHz>>>
      |                                                                                 ^~~~~~~~~~
wled00/bus_wrapper.h:404:37: note: in expansion of macro 'B_HS_WS1_3'
  404 |       case I_HS_WS1_3: beginDotStar<B_HS_WS1_3*>(busPtr, -1, -1, -1, -1, clock_kHz); break;
      |                                     ^~~~~~~~~~
wled00/bus_wrapper.h:325:91: error: template argument 2 is invalid
  325 | #define B_HS_WS1_3 NeoPixelBus<NeoRbgFeature, Ws2801MethodBase<TwoWireHspiImple<SpiSpeedHz>>>
      |                                                                                           ^~
wled00/bus_wrapper.h:404:37: note: in expansion of macro 'B_HS_WS1_3'
  404 |       case I_HS_WS1_3: beginDotStar<B_HS_WS1_3*>(busPtr, -1, -1, -1, -1, clock_kHz); break;
      |                                     ^~~~~~~~~~
wled00/bus_wrapper.h:404:48: error: expected primary-expression before '>' token
  404 |       case I_HS_WS1_3: beginDotStar<B_HS_WS1_3*>(busPtr, -1, -1, -1, -1, clock_kHz); break;
      |                                                ^
wled00/bus_wrapper.h:404:50: warning: left operand of comma operator has no effect [-Wunused-value]
  404 |       case I_HS_WS1_3: beginDotStar<B_HS_WS1_3*>(busPtr, -1, -1, -1, -1, clock_kHz); break;
      |                                                  ^~~~~~
wled00/bus_wrapper.h:404:63: warning: right operand of comma operator has no effect [-Wunused-value]
  404 |       case I_HS_WS1_3: beginDotStar<B_HS_WS1_3*>(busPtr, -1, -1, -1, -1, clock_kHz); break;
      |                                                               ^
wled00/bus_wrapper.h:404:67: warning: right operand of comma operator has no effect [-Wunused-value]
  404 |       case I_HS_WS1_3: beginDotStar<B_HS_WS1_3*>(busPtr, -1, -1, -1, -1, clock_kHz); break;
      |                                                                   ^
wled00/bus_wrapper.h:404:71: warning: right operand of comma operator has no effect [-Wunused-value]
  404 |       case I_HS_WS1_3: beginDotStar<B_HS_WS1_3*>(busPtr, -1, -1, -1, -1, clock_kHz); break;
      |                                                                       ^
wled00/bus_wrapper.h:404:74: warning: right operand of comma operator has no effect [-Wunused-value]
  404 |       case I_HS_WS1_3: beginDotStar<B_HS_WS1_3*>(busPtr, -1, -1, -1, -1, clock_kHz); break;
      |                                                                          ^~~~~~~~~
wled00/bus_wrapper.h: In static member function 'static void* PolyBus::create(uint8_t, uint8_t*, uint16_t, uint8_t)':
wled00/bus_wrapper.h:309:51: error: 'DotStarEsp32HspiHzMethod' was not declared in this scope; did you mean 'DotStarSpiHzMethod'?
  309 | #define B_HS_DOT_3 NeoPixelBus<DotStarBgrFeature, DotStarEsp32HspiHzMethod> //hardware HSPI (was DotStarEsp32DmaHspi5MhzMethod in NPB @ 2.6.9)
      |                                                   ^~~~~~~~~~~~~~~~~~~~~~~~
wled00/bus_wrapper.h:578:37: note: in expansion of macro 'B_HS_DOT_3'
  578 |       case I_HS_DOT_3: busPtr = new B_HS_DOT_3(len, pins[1], pins[0]); break;
      |                                     ^~~~~~~~~~
wled00/bus_wrapper.h:309:75: error: template argument 2 is invalid
  309 | #define B_HS_DOT_3 NeoPixelBus<DotStarBgrFeature, DotStarEsp32HspiHzMethod> //hardware HSPI (was DotStarEsp32DmaHspi5MhzMethod in NPB @ 2.6.9)
      |                                                                           ^
wled00/bus_wrapper.h:578:37: note: in expansion of macro 'B_HS_DOT_3'
  578 |       case I_HS_DOT_3: busPtr = new B_HS_DOT_3(len, pins[1], pins[0]); break;
      |                                     ^~~~~~~~~~
wled00/bus_wrapper.h:325:64: error: 'TwoWireHspiImple' was not declared in this scope; did you mean 'TwoWireSpiImple'?
  325 | #define B_HS_WS1_3 NeoPixelBus<NeoRbgFeature, Ws2801MethodBase<TwoWireHspiImple<SpiSpeedHz>>>
      |                                                                ^~~~~~~~~~~~~~~~
wled00/bus_wrapper.h:584:37: note: in expansion of macro 'B_HS_WS1_3'
  584 |       case I_HS_WS1_3: busPtr = new B_HS_WS1_3(len, pins[1], pins[0]); break;
      |                                     ^~~~~~~~~~
wled00/bus_wrapper.h:325:81: error: template argument 1 is invalid
  325 | #define B_HS_WS1_3 NeoPixelBus<NeoRbgFeature, Ws2801MethodBase<TwoWireHspiImple<SpiSpeedHz>>>
      |                                                                                 ^~~~~~~~~~
wled00/bus_wrapper.h:584:37: note: in expansion of macro 'B_HS_WS1_3'
  584 |       case I_HS_WS1_3: busPtr = new B_HS_WS1_3(len, pins[1], pins[0]); break;
      |                                     ^~~~~~~~~~
wled00/bus_wrapper.h:325:91: error: template argument 2 is invalid
  325 | #define B_HS_WS1_3 NeoPixelBus<NeoRbgFeature, Ws2801MethodBase<TwoWireHspiImple<SpiSpeedHz>>>
      |                                                                                           ^~
wled00/bus_wrapper.h:584:37: note: in expansion of macro 'B_HS_WS1_3'
  584 |       case I_HS_WS1_3: busPtr = new B_HS_WS1_3(len, pins[1], pins[0]); break;
      |                                     ^~~~~~~~~~
wled00/bus_wrapper.h:584:48: warning: left operand of comma operator has no effect [-Wunused-value]
  584 |       case I_HS_WS1_3: busPtr = new B_HS_WS1_3(len, pins[1], pins[0]); break;
      |                                                ^~~
wled00/bus_wrapper.h:584:59: warning: value computed is not used [-Wunused-value]
  584 |       case I_HS_WS1_3: busPtr = new B_HS_WS1_3(len, pins[1], pins[0]); break;
      |                                                     ~~~~~~^
wled00/bus_wrapper.h:584:59: warning: right operand of comma operator has no effect [-Wunused-value]
wled00/bus_wrapper.h: In static member function 'static void PolyBus::show(void*, uint8_t, bool)':
wled00/bus_wrapper.h:309:51: error: 'DotStarEsp32HspiHzMethod' was not declared in this scope; did you mean 'DotStarSpiHzMethod'?
  309 | #define B_HS_DOT_3 NeoPixelBus<DotStarBgrFeature, DotStarEsp32HspiHzMethod> //hardware HSPI (was DotStarEsp32DmaHspi5MhzMethod in NPB @ 2.6.9)
      |                                                   ^~~~~~~~~~~~~~~~~~~~~~~~
wled00/bus_wrapper.h:676:37: note: in expansion of macro 'B_HS_DOT_3'
  676 |       case I_HS_DOT_3: (static_cast<B_HS_DOT_3*>(busPtr))->Show(consistent); break;
      |                                     ^~~~~~~~~~
wled00/bus_wrapper.h:309:75: error: template argument 2 is invalid
  309 | #define B_HS_DOT_3 NeoPixelBus<DotStarBgrFeature, DotStarEsp32HspiHzMethod> //hardware HSPI (was DotStarEsp32DmaHspi5MhzMethod in NPB @ 2.6.9)
      |                                                                           ^
wled00/bus_wrapper.h:676:37: note: in expansion of macro 'B_HS_DOT_3'
  676 |       case I_HS_DOT_3: (static_cast<B_HS_DOT_3*>(busPtr))->Show(consistent); break;
      |                                     ^~~~~~~~~~
wled00/bus_wrapper.h:676:47: error: expected '>' before '*' token
  676 |       case I_HS_DOT_3: (static_cast<B_HS_DOT_3*>(busPtr))->Show(consistent); break;
      |                                               ^
wled00/bus_wrapper.h:676:47: error: expected '(' before '*' token
  676 |       case I_HS_DOT_3: (static_cast<B_HS_DOT_3*>(busPtr))->Show(consistent); break;
      |                                               ^
      |                                               (
wled00/bus_wrapper.h:676:48: error: expected primary-expression before '>' token
  676 |       case I_HS_DOT_3: (static_cast<B_HS_DOT_3*>(busPtr))->Show(consistent); break;
      |                                                ^
wled00/bus_wrapper.h:676:76: error: expected ')' before ';' token
  676 |       case I_HS_DOT_3: (static_cast<B_HS_DOT_3*>(busPtr))->Show(consistent); break;
      |                        ~                                                   ^
      |                                                                            )
wled00/bus_wrapper.h:325:64: error: 'TwoWireHspiImple' was not declared in this scope; did you mean 'TwoWireSpiImple'?
  325 | #define B_HS_WS1_3 NeoPixelBus<NeoRbgFeature, Ws2801MethodBase<TwoWireHspiImple<SpiSpeedHz>>>
      |                                                                ^~~~~~~~~~~~~~~~
wled00/bus_wrapper.h:682:37: note: in expansion of macro 'B_HS_WS1_3'
  682 |       case I_HS_WS1_3: (static_cast<B_HS_WS1_3*>(busPtr))->Show(consistent); break;
      |                                     ^~~~~~~~~~
wled00/bus_wrapper.h:325:81: error: template argument 1 is invalid
  325 | #define B_HS_WS1_3 NeoPixelBus<NeoRbgFeature, Ws2801MethodBase<TwoWireHspiImple<SpiSpeedHz>>>
      |                                                                                 ^~~~~~~~~~
wled00/bus_wrapper.h:682:37: note: in expansion of macro 'B_HS_WS1_3'
  682 |       case I_HS_WS1_3: (static_cast<B_HS_WS1_3*>(busPtr))->Show(consistent); break;
      |                                     ^~~~~~~~~~
wled00/bus_wrapper.h:325:91: error: template argument 2 is invalid
  325 | #define B_HS_WS1_3 NeoPixelBus<NeoRbgFeature, Ws2801MethodBase<TwoWireHspiImple<SpiSpeedHz>>>
      |                                                                                           ^~
wled00/bus_wrapper.h:682:37: note: in expansion of macro 'B_HS_WS1_3'
  682 |       case I_HS_WS1_3: (static_cast<B_HS_WS1_3*>(busPtr))->Show(consistent); break;
      |                                     ^~~~~~~~~~
wled00/bus_wrapper.h:682:47: error: expected '(' before '*' token
  682 |       case I_HS_WS1_3: (static_cast<B_HS_WS1_3*>(busPtr))->Show(consistent); break;
      |                                               ^
      |                                               (
wled00/bus_wrapper.h:682:48: error: expected primary-expression before '>' token
  682 |       case I_HS_WS1_3: (static_cast<B_HS_WS1_3*>(busPtr))->Show(consistent); break;
      |                                                ^
wled00/bus_wrapper.h:682:76: error: expected ')' before ';' token
  682 |       case I_HS_WS1_3: (static_cast<B_HS_WS1_3*>(busPtr))->Show(consistent); break;
      |                        ~                                                   ^
      |                                                                            )
wled00/bus_wrapper.h: In static member function 'static bool PolyBus::canShow(void*, uint8_t)':
wled00/bus_wrapper.h:309:51: error: 'DotStarEsp32HspiHzMethod' was not declared in this scope; did you mean 'DotStarSpiHzMethod'?
  309 | #define B_HS_DOT_3 NeoPixelBus<DotStarBgrFeature, DotStarEsp32HspiHzMethod> //hardware HSPI (was DotStarEsp32DmaHspi5MhzMethod in NPB @ 2.6.9)
      |                                                   ^~~~~~~~~~~~~~~~~~~~~~~~
wled00/bus_wrapper.h:772:44: note: in expansion of macro 'B_HS_DOT_3'
  772 |       case I_HS_DOT_3: return (static_cast<B_HS_DOT_3*>(busPtr))->CanShow(); break;
      |                                            ^~~~~~~~~~
wled00/bus_wrapper.h:309:75: error: template argument 2 is invalid
  309 | #define B_HS_DOT_3 NeoPixelBus<DotStarBgrFeature, DotStarEsp32HspiHzMethod> //hardware HSPI (was DotStarEsp32DmaHspi5MhzMethod in NPB @ 2.6.9)
      |                                                                           ^
wled00/bus_wrapper.h:772:44: note: in expansion of macro 'B_HS_DOT_3'
  772 |       case I_HS_DOT_3: return (static_cast<B_HS_DOT_3*>(busPtr))->CanShow(); break;
      |                                            ^~~~~~~~~~
wled00/bus_wrapper.h:772:54: error: expected '>' before '*' token
  772 |       case I_HS_DOT_3: return (static_cast<B_HS_DOT_3*>(busPtr))->CanShow(); break;
      |                                                      ^
wled00/bus_wrapper.h:772:54: error: expected '(' before '*' token
  772 |       case I_HS_DOT_3: return (static_cast<B_HS_DOT_3*>(busPtr))->CanShow(); break;
      |                                                      ^
      |                                                      (
wled00/bus_wrapper.h:772:55: error: expected primary-expression before '>' token
  772 |       case I_HS_DOT_3: return (static_cast<B_HS_DOT_3*>(busPtr))->CanShow(); break;
      |                                                       ^
wled00/bus_wrapper.h:772:76: error: expected ')' before ';' token
  772 |       case I_HS_DOT_3: return (static_cast<B_HS_DOT_3*>(busPtr))->CanShow(); break;
      |                               ~                                            ^
      |                                                                            )
wled00/bus_wrapper.h:325:64: error: 'TwoWireHspiImple' was not declared in this scope; did you mean 'TwoWireSpiImple'?
  325 | #define B_HS_WS1_3 NeoPixelBus<NeoRbgFeature, Ws2801MethodBase<TwoWireHspiImple<SpiSpeedHz>>>
      |                                                                ^~~~~~~~~~~~~~~~
wled00/bus_wrapper.h:778:44: note: in expansion of macro 'B_HS_WS1_3'
  778 |       case I_HS_WS1_3: return (static_cast<B_HS_WS1_3*>(busPtr))->CanShow(); break;
      |                                            ^~~~~~~~~~
wled00/bus_wrapper.h:325:81: error: template argument 1 is invalid
  325 | #define B_HS_WS1_3 NeoPixelBus<NeoRbgFeature, Ws2801MethodBase<TwoWireHspiImple<SpiSpeedHz>>>
      |                                                                                 ^~~~~~~~~~
wled00/bus_wrapper.h:778:44: note: in expansion of macro 'B_HS_WS1_3'
  778 |       case I_HS_WS1_3: return (static_cast<B_HS_WS1_3*>(busPtr))->CanShow(); break;
      |                                            ^~~~~~~~~~
wled00/bus_wrapper.h:325:91: error: template argument 2 is invalid
  325 | #define B_HS_WS1_3 NeoPixelBus<NeoRbgFeature, Ws2801MethodBase<TwoWireHspiImple<SpiSpeedHz>>>
      |                                                                                           ^~
wled00/bus_wrapper.h:778:44: note: in expansion of macro 'B_HS_WS1_3'
  778 |       case I_HS_WS1_3: return (static_cast<B_HS_WS1_3*>(busPtr))->CanShow(); break;
      |                                            ^~~~~~~~~~
wled00/bus_wrapper.h:778:54: error: expected '(' before '*' token
  778 |       case I_HS_WS1_3: return (static_cast<B_HS_WS1_3*>(busPtr))->CanShow(); break;
      |                                                      ^
      |                                                      (
wled00/bus_wrapper.h:778:55: error: expected primary-expression before '>' token
  778 |       case I_HS_WS1_3: return (static_cast<B_HS_WS1_3*>(busPtr))->CanShow(); break;
      |                                                       ^
wled00/bus_wrapper.h:778:76: error: expected ')' before ';' token
  778 |       case I_HS_WS1_3: return (static_cast<B_HS_WS1_3*>(busPtr))->CanShow(); break;
      |                               ~                                            ^
      |                                                                            )
wled00/bus_wrapper.h: In static member function 'static void PolyBus::setPixelColor(void*, uint8_t, uint16_t, uint32_t, uint8_t, uint16_t)':
wled00/bus_wrapper.h:309:51: error: 'DotStarEsp32HspiHzMethod' was not declared in this scope; did you mean 'DotStarSpiHzMethod'?
  309 | #define B_HS_DOT_3 NeoPixelBus<DotStarBgrFeature, DotStarEsp32HspiHzMethod> //hardware HSPI (was DotStarEsp32DmaHspi5MhzMethod in NPB @ 2.6.9)
      |                                                   ^~~~~~~~~~~~~~~~~~~~~~~~
wled00/bus_wrapper.h:894:37: note: in expansion of macro 'B_HS_DOT_3'
  894 |       case I_HS_DOT_3: (static_cast<B_HS_DOT_3*>(busPtr))->SetPixelColor(pix, RgbColor(col)); break;
      |                                     ^~~~~~~~~~
wled00/bus_wrapper.h:309:75: error: template argument 2 is invalid
  309 | #define B_HS_DOT_3 NeoPixelBus<DotStarBgrFeature, DotStarEsp32HspiHzMethod> //hardware HSPI (was DotStarEsp32DmaHspi5MhzMethod in NPB @ 2.6.9)
      |                                                                           ^
wled00/bus_wrapper.h:894:37: note: in expansion of macro 'B_HS_DOT_3'
  894 |       case I_HS_DOT_3: (static_cast<B_HS_DOT_3*>(busPtr))->SetPixelColor(pix, RgbColor(col)); break;
      |                                     ^~~~~~~~~~
In file included from wled00/bus_manager.cpp:28:
wled00/bus_wrapper.h:894:47: error: expected '>' before '*' token
  894 |       case I_HS_DOT_3: (static_cast<B_HS_DOT_3*>(busPtr))->SetPixelColor(pix, RgbColor(col)); break;
      |                                               ^
wled00/bus_wrapper.h:894:47: error: expected '(' before '*' token
  894 |       case I_HS_DOT_3: (static_cast<B_HS_DOT_3*>(busPtr))->SetPixelColor(pix, RgbColor(col)); break;
      |                                               ^
      |                                               (
wled00/bus_wrapper.h:894:48: error: expected primary-expression before '>' token
  894 |       case I_HS_DOT_3: (static_cast<B_HS_DOT_3*>(busPtr))->SetPixelColor(pix, RgbColor(col)); break;
      |                                                ^
wled00/bus_wrapper.h:894:93: error: expected ')' before ';' token
  894 |       case I_HS_DOT_3: (static_cast<B_HS_DOT_3*>(busPtr))->SetPixelColor(pix, RgbColor(col)); break;
      |                        ~                                                                    ^
      |                                                                                             )
In file included from wled00/bus_manager.cpp:28:
wled00/bus_wrapper.h:325:64: error: 'TwoWireHspiImple' was not declared in this scope; did you mean 'TwoWireSpiImple'?
  325 | #define B_HS_WS1_3 NeoPixelBus<NeoRbgFeature, Ws2801MethodBase<TwoWireHspiImple<SpiSpeedHz>>>
      |                                                                ^~~~~~~~~~~~~~~~
wled00/bus_wrapper.h:900:37: note: in expansion of macro 'B_HS_WS1_3'
  900 |       case I_HS_WS1_3: (static_cast<B_HS_WS1_3*>(busPtr))->SetPixelColor(pix, RgbColor(col)); break;
      |                                     ^~~~~~~~~~
wled00/bus_wrapper.h:325:81: error: template argument 1 is invalid
  325 | #define B_HS_WS1_3 NeoPixelBus<NeoRbgFeature, Ws2801MethodBase<TwoWireHspiImple<SpiSpeedHz>>>
      |                                                                                 ^~~~~~~~~~
wled00/bus_wrapper.h:900:37: note: in expansion of macro 'B_HS_WS1_3'
  900 |       case I_HS_WS1_3: (static_cast<B_HS_WS1_3*>(busPtr))->SetPixelColor(pix, RgbColor(col)); break;
      |                                     ^~~~~~~~~~
wled00/bus_wrapper.h:325:91: error: template argument 2 is invalid
  325 | #define B_HS_WS1_3 NeoPixelBus<NeoRbgFeature, Ws2801MethodBase<TwoWireHspiImple<SpiSpeedHz>>>
      |                                                                                           ^~
wled00/bus_wrapper.h:900:37: note: in expansion of macro 'B_HS_WS1_3'
  900 |       case I_HS_WS1_3: (static_cast<B_HS_WS1_3*>(busPtr))->SetPixelColor(pix, RgbColor(col)); break;
      |                                     ^~~~~~~~~~
In file included from wled00/bus_manager.cpp:28:
wled00/bus_wrapper.h:900:47: error: expected '(' before '*' token
  900 |       case I_HS_WS1_3: (static_cast<B_HS_WS1_3*>(busPtr))->SetPixelColor(pix, RgbColor(col)); break;
      |                                               ^
      |                                               (
wled00/bus_wrapper.h:900:48: error: expected primary-expression before '>' token
  900 |       case I_HS_WS1_3: (static_cast<B_HS_WS1_3*>(busPtr))->SetPixelColor(pix, RgbColor(col)); break;
      |                                                ^
wled00/bus_wrapper.h:900:93: error: expected ')' before ';' token
  900 |       case I_HS_WS1_3: (static_cast<B_HS_WS1_3*>(busPtr))->SetPixelColor(pix, RgbColor(col)); break;
      |                        ~                                                                    ^
      |                                                                                             )
In file included from wled00/bus_manager.cpp:28:
wled00/bus_wrapper.h: In static member function 'static uint32_t PolyBus::getPixelColor(void*, uint8_t, uint16_t, uint8_t)':
wled00/bus_wrapper.h:309:51: error: 'DotStarEsp32HspiHzMethod' was not declared in this scope; did you mean 'DotStarSpiHzMethod'?
  309 | #define B_HS_DOT_3 NeoPixelBus<DotStarBgrFeature, DotStarEsp32HspiHzMethod> //hardware HSPI (was DotStarEsp32DmaHspi5MhzMethod in NPB @ 2.6.9)
      |                                                   ^~~~~~~~~~~~~~~~~~~~~~~~
wled00/bus_wrapper.h:991:43: note: in expansion of macro 'B_HS_DOT_3'
  991 |       case I_HS_DOT_3: col = (static_cast<B_HS_DOT_3*>(busPtr))->GetPixelColor(pix); break;
      |                                           ^~~~~~~~~~
wled00/bus_wrapper.h:309:75: error: template argument 2 is invalid
  309 | #define B_HS_DOT_3 NeoPixelBus<DotStarBgrFeature, DotStarEsp32HspiHzMethod> //hardware HSPI (was DotStarEsp32DmaHspi5MhzMethod in NPB @ 2.6.9)
      |                                                                           ^
wled00/bus_wrapper.h:991:43: note: in expansion of macro 'B_HS_DOT_3'
  991 |       case I_HS_DOT_3: col = (static_cast<B_HS_DOT_3*>(busPtr))->GetPixelColor(pix); break;
      |                                           ^~~~~~~~~~
In file included from wled00/bus_manager.cpp:28:
wled00/bus_wrapper.h:991:53: error: expected '>' before '*' token
  991 |       case I_HS_DOT_3: col = (static_cast<B_HS_DOT_3*>(busPtr))->GetPixelColor(pix); break;
      |                                                     ^
wled00/bus_wrapper.h:991:53: error: expected '(' before '*' token
  991 |       case I_HS_DOT_3: col = (static_cast<B_HS_DOT_3*>(busPtr))->GetPixelColor(pix); break;
      |                                                     ^
      |                                                     (
wled00/bus_wrapper.h:991:54: error: expected primary-expression before '>' token
  991 |       case I_HS_DOT_3: col = (static_cast<B_HS_DOT_3*>(busPtr))->GetPixelColor(pix); break;
      |                                                      ^
wled00/bus_wrapper.h:991:84: error: expected ')' before ';' token
  991 |       case I_HS_DOT_3: col = (static_cast<B_HS_DOT_3*>(busPtr))->GetPixelColor(pix); break;
      |                              ~                                                     ^
      |                                                                                    )
In file included from wled00/bus_manager.cpp:28:
wled00/bus_wrapper.h:325:64: error: 'TwoWireHspiImple' was not declared in this scope; did you mean 'TwoWireSpiImple'?
  325 | #define B_HS_WS1_3 NeoPixelBus<NeoRbgFeature, Ws2801MethodBase<TwoWireHspiImple<SpiSpeedHz>>>
      |                                                                ^~~~~~~~~~~~~~~~
wled00/bus_wrapper.h:997:43: note: in expansion of macro 'B_HS_WS1_3'
  997 |       case I_HS_WS1_3: col = (static_cast<B_HS_WS1_3*>(busPtr))->GetPixelColor(pix); break;
      |                                           ^~~~~~~~~~
wled00/bus_wrapper.h:325:81: error: template argument 1 is invalid
  325 | #define B_HS_WS1_3 NeoPixelBus<NeoRbgFeature, Ws2801MethodBase<TwoWireHspiImple<SpiSpeedHz>>>
      |                                                                                 ^~~~~~~~~~
wled00/bus_wrapper.h:997:43: note: in expansion of macro 'B_HS_WS1_3'
  997 |       case I_HS_WS1_3: col = (static_cast<B_HS_WS1_3*>(busPtr))->GetPixelColor(pix); break;
      |                                           ^~~~~~~~~~
wled00/bus_wrapper.h:325:91: error: template argument 2 is invalid
  325 | #define B_HS_WS1_3 NeoPixelBus<NeoRbgFeature, Ws2801MethodBase<TwoWireHspiImple<SpiSpeedHz>>>
      |                                                                                           ^~
wled00/bus_wrapper.h:997:43: note: in expansion of macro 'B_HS_WS1_3'
  997 |       case I_HS_WS1_3: col = (static_cast<B_HS_WS1_3*>(busPtr))->GetPixelColor(pix); break;
      |                                           ^~~~~~~~~~
In file included from wled00/bus_manager.cpp:28:
wled00/bus_wrapper.h:997:53: error: expected '(' before '*' token
  997 |       case I_HS_WS1_3: col = (static_cast<B_HS_WS1_3*>(busPtr))->GetPixelColor(pix); break;
      |                                                     ^
      |                                                     (
wled00/bus_wrapper.h:997:54: error: expected primary-expression before '>' token
  997 |       case I_HS_WS1_3: col = (static_cast<B_HS_WS1_3*>(busPtr))->GetPixelColor(pix); break;
      |                                                      ^
wled00/bus_wrapper.h:997:84: error: expected ')' before ';' token
  997 |       case I_HS_WS1_3: col = (static_cast<B_HS_WS1_3*>(busPtr))->GetPixelColor(pix); break;
      |                              ~                                                     ^
      |                                                                                    )
In file included from wled00/bus_manager.cpp:28:
wled00/bus_wrapper.h: In static member function 'static void PolyBus::cleanup(void*, uint8_t)':
wled00/bus_wrapper.h:309:51: error: 'DotStarEsp32HspiHzMethod' was not declared in this scope; did you mean 'DotStarSpiHzMethod'?
  309 | #define B_HS_DOT_3 NeoPixelBus<DotStarBgrFeature, DotStarEsp32HspiHzMethod> //hardware HSPI (was DotStarEsp32DmaHspi5MhzMethod in NPB @ 2.6.9)
      |                                                   ^~~~~~~~~~~~~~~~~~~~~~~~
wled00/bus_wrapper.h:1106:44: note: in expansion of macro 'B_HS_DOT_3'
 1106 |       case I_HS_DOT_3: delete (static_cast<B_HS_DOT_3*>(busPtr)); break;
      |                                            ^~~~~~~~~~
wled00/bus_wrapper.h:309:75: error: template argument 2 is invalid
  309 | #define B_HS_DOT_3 NeoPixelBus<DotStarBgrFeature, DotStarEsp32HspiHzMethod> //hardware HSPI (was DotStarEsp32DmaHspi5MhzMethod in NPB @ 2.6.9)
      |                                                                           ^
wled00/bus_wrapper.h:1106:44: note: in expansion of macro 'B_HS_DOT_3'
 1106 |       case I_HS_DOT_3: delete (static_cast<B_HS_DOT_3*>(busPtr)); break;
      |                                            ^~~~~~~~~~
In file included from wled00/bus_manager.cpp:28:
wled00/bus_wrapper.h:1106:54: error: expected '>' before '*' token
 1106 |       case I_HS_DOT_3: delete (static_cast<B_HS_DOT_3*>(busPtr)); break;
      |                                                      ^
wled00/bus_wrapper.h:1106:54: error: expected '(' before '*' token
 1106 |       case I_HS_DOT_3: delete (static_cast<B_HS_DOT_3*>(busPtr)); break;
      |                                                      ^
      |                                                      (
wled00/bus_wrapper.h:1106:55: error: expected primary-expression before '>' token
 1106 |       case I_HS_DOT_3: delete (static_cast<B_HS_DOT_3*>(busPtr)); break;
      |                                                       ^
wled00/bus_wrapper.h:1106:65: error: expected ')' before ';' token
 1106 |       case I_HS_DOT_3: delete (static_cast<B_HS_DOT_3*>(busPtr)); break;
      |                               ~                                 ^
      |                                                                 )
In file included from wled00/bus_manager.cpp:28:
wled00/bus_wrapper.h:325:64: error: 'TwoWireHspiImple' was not declared in this scope; did you mean 'TwoWireSpiImple'?
  325 | #define B_HS_WS1_3 NeoPixelBus<NeoRbgFeature, Ws2801MethodBase<TwoWireHspiImple<SpiSpeedHz>>>
      |                                                                ^~~~~~~~~~~~~~~~
wled00/bus_wrapper.h:1112:44: note: in expansion of macro 'B_HS_WS1_3'
 1112 |       case I_HS_WS1_3: delete (static_cast<B_HS_WS1_3*>(busPtr)); break;
      |                                            ^~~~~~~~~~
wled00/bus_wrapper.h:325:81: error: template argument 1 is invalid
  325 | #define B_HS_WS1_3 NeoPixelBus<NeoRbgFeature, Ws2801MethodBase<TwoWireHspiImple<SpiSpeedHz>>>
      |                                                                                 ^~~~~~~~~~
wled00/bus_wrapper.h:1112:44: note: in expansion of macro 'B_HS_WS1_3'
 1112 |       case I_HS_WS1_3: delete (static_cast<B_HS_WS1_3*>(busPtr)); break;
      |                                            ^~~~~~~~~~
wled00/bus_wrapper.h:325:91: error: template argument 2 is invalid
  325 | #define B_HS_WS1_3 NeoPixelBus<NeoRbgFeature, Ws2801MethodBase<TwoWireHspiImple<SpiSpeedHz>>>
      |                                                                                           ^~
wled00/bus_wrapper.h:1112:44: note: in expansion of macro 'B_HS_WS1_3'
 1112 |       case I_HS_WS1_3: delete (static_cast<B_HS_WS1_3*>(busPtr)); break;
      |                                            ^~~~~~~~~~
In file included from wled00/bus_manager.cpp:28:
wled00/bus_wrapper.h:1112:54: error: expected '(' before '*' token
 1112 |       case I_HS_WS1_3: delete (static_cast<B_HS_WS1_3*>(busPtr)); break;
      |                                                      ^
      |                                                      (
wled00/bus_wrapper.h:1112:55: error: expected primary-expression before '>' token
 1112 |       case I_HS_WS1_3: delete (static_cast<B_HS_WS1_3*>(busPtr)); break;
      |                                                       ^
wled00/bus_wrapper.h:1112:65: error: expected ')' before ';' token
 1112 |       case I_HS_WS1_3: delete (static_cast<B_HS_WS1_3*>(busPtr)); break;
      |                               ~                                 ^
      |                                                                 )
In file included from wled00/bus_manager.cpp:28:
wled00/bus_wrapper.h: In static member function 'static unsigned int PolyBus::getDataSize(void*, uint8_t)':
wled00/bus_wrapper.h:309:51: error: 'DotStarEsp32HspiHzMethod' was not declared in this scope; did you mean 'DotStarSpiHzMethod'?
  309 | #define B_HS_DOT_3 NeoPixelBus<DotStarBgrFeature, DotStarEsp32HspiHzMethod> //hardware HSPI (was DotStarEsp32DmaHspi5MhzMethod in NPB @ 2.6.9)
      |                                                   ^~~~~~~~~~~~~~~~~~~~~~~~
wled00/bus_wrapper.h:1203:44: note: in expansion of macro 'B_HS_DOT_3'
 1203 |       case I_HS_DOT_3: size = (static_cast<B_HS_DOT_3*>(busPtr))->PixelsSize()*2; break;
      |                                            ^~~~~~~~~~
wled00/bus_wrapper.h:309:75: error: template argument 2 is invalid
  309 | #define B_HS_DOT_3 NeoPixelBus<DotStarBgrFeature, DotStarEsp32HspiHzMethod> //hardware HSPI (was DotStarEsp32DmaHspi5MhzMethod in NPB @ 2.6.9)
      |                                                                           ^
wled00/bus_wrapper.h:1203:44: note: in expansion of macro 'B_HS_DOT_3'
 1203 |       case I_HS_DOT_3: size = (static_cast<B_HS_DOT_3*>(busPtr))->PixelsSize()*2; break;
      |                                            ^~~~~~~~~~
In file included from wled00/bus_manager.cpp:28:
wled00/bus_wrapper.h:1203:54: error: expected '>' before '*' token
 1203 |       case I_HS_DOT_3: size = (static_cast<B_HS_DOT_3*>(busPtr))->PixelsSize()*2; break;
      |                                                      ^
wled00/bus_wrapper.h:1203:54: error: expected '(' before '*' token
 1203 |       case I_HS_DOT_3: size = (static_cast<B_HS_DOT_3*>(busPtr))->PixelsSize()*2; break;
      |                                                      ^
      |                                                      (
wled00/bus_wrapper.h:1203:55: error: expected primary-expression before '>' token
 1203 |       case I_HS_DOT_3: size = (static_cast<B_HS_DOT_3*>(busPtr))->PixelsSize()*2; break;
      |                                                       ^
wled00/bus_wrapper.h:1203:81: error: expected ')' before ';' token
 1203 |       case I_HS_DOT_3: size = (static_cast<B_HS_DOT_3*>(busPtr))->PixelsSize()*2; break;
      |                               ~                                                 ^
      |                                                                                 )
In file included from wled00/bus_manager.cpp:28:
wled00/bus_wrapper.h:325:64: error: 'TwoWireHspiImple' was not declared in this scope; did you mean 'TwoWireSpiImple'?
  325 | #define B_HS_WS1_3 NeoPixelBus<NeoRbgFeature, Ws2801MethodBase<TwoWireHspiImple<SpiSpeedHz>>>
      |                                                                ^~~~~~~~~~~~~~~~
wled00/bus_wrapper.h:1209:44: note: in expansion of macro 'B_HS_WS1_3'
 1209 |       case I_HS_WS1_3: size = (static_cast<B_HS_WS1_3*>(busPtr))->PixelsSize()*2; break;
      |                                            ^~~~~~~~~~
wled00/bus_wrapper.h:325:81: error: template argument 1 is invalid
  325 | #define B_HS_WS1_3 NeoPixelBus<NeoRbgFeature, Ws2801MethodBase<TwoWireHspiImple<SpiSpeedHz>>>
      |                                                                                 ^~~~~~~~~~
wled00/bus_wrapper.h:1209:44: note: in expansion of macro 'B_HS_WS1_3'
 1209 |       case I_HS_WS1_3: size = (static_cast<B_HS_WS1_3*>(busPtr))->PixelsSize()*2; break;
      |                                            ^~~~~~~~~~
wled00/bus_wrapper.h:325:91: error: template argument 2 is invalid
  325 | #define B_HS_WS1_3 NeoPixelBus<NeoRbgFeature, Ws2801MethodBase<TwoWireHspiImple<SpiSpeedHz>>>
      |                                                                                           ^~
wled00/bus_wrapper.h:1209:44: note: in expansion of macro 'B_HS_WS1_3'
 1209 |       case I_HS_WS1_3: size = (static_cast<B_HS_WS1_3*>(busPtr))->PixelsSize()*2; break;
      |                                            ^~~~~~~~~~
In file included from wled00/bus_manager.cpp:28:
wled00/bus_wrapper.h:1209:54: error: expected '(' before '*' token
 1209 |       case I_HS_WS1_3: size = (static_cast<B_HS_WS1_3*>(busPtr))->PixelsSize()*2; break;
      |                                                      ^
      |                                                      (
wled00/bus_wrapper.h:1209:55: error: expected primary-expression before '>' token
 1209 |       case I_HS_WS1_3: size = (static_cast<B_HS_WS1_3*>(busPtr))->PixelsSize()*2; break;
      |                                                       ^
wled00/bus_wrapper.h:1209:81: error: expected ')' before ';' token
 1209 |       case I_HS_WS1_3: size = (static_cast<B_HS_WS1_3*>(busPtr))->PixelsSize()*2; break;
      |                               ~                                                 ^
      |                                                                                 )
In file included from wled00/bus_manager.cpp:27:
wled00/bus_manager.h: In constructor 'BusDigital::BusDigital(const BusConfig&, uint8_t)':
wled00/bus_manager.h:277:14: warning: 'BusDigital::_milliAmpsPerLed' will be initialized after [-Wreorder]
  277 |     uint8_t  _milliAmpsPerLed;
      |              ^~~~~~~~~~~~~~~~
wled00/bus_manager.h:276:14: warning:   'uint16_t BusDigital::_milliAmpsMax' [-Wreorder]
  276 |     uint16_t _milliAmpsMax;
      |              ^~~~~~~~~~~~~
wled00/bus_manager.cpp:161:1: warning:   when initialized here [-Wreorder]
  161 | BusDigital::BusDigital(const BusConfig &bc, uint8_t nr)
      | ^~~~~~~~~~
*** [.pio/build/custom_build/src/bus_manager.cpp.o] Error 1
In file included from wled00/cfg.cpp:2:
wled00/wled_ethernet.h:25:3: error: 'eth_phy_type_t' does not name a type
   25 |   eth_phy_type_t eth_type;
      |   ^~~~~~~~~~~~~~
wled00/wled_ethernet.h:26:3: error: 'eth_clock_mode_t' does not name a type
   26 |   eth_clock_mode_t eth_clk_mode;
      |   ^~~~~~~~~~~~~~~~
wled00/cfg.cpp: In function 'bool deserializeConfig(ArduinoJson::JsonObject, bool)':
wled00/cfg.cpp:54:9: error: 'ethernetType' was not declared in this scope; did you mean 'ethernet'?
   54 |   CJSON(ethernetType, ethernet["type"]);
      |         ^~~~~~~~~~~~
wled00/cfg.cpp:39:20: note: in definition of macro 'CJSON'
   39 | #define CJSON(a,b) a = b | a
      |                    ^
*** [.pio/build/custom_build/src/cfg.cpp.o] Error 1
========================= [FAILED] Took 53.70 seconds =========================

Environment    Status    Duration
-------------  --------  ------------
custom_build   FAILED    00:00:53.703
==================== 1 failed, 0 succeeded in 00:00:53.703 ====================
Processing custom_build (board: nodemcuv2; platform: espressif8266@4.2.1; framework: arduino)
--------------------------------------------------------------------------------
Verbose mode can be enabled via `-v, --verbose` option
*** use existing my_config.h ***
Installing node packages
npm ci

added 67 packages, and audited 68 packages in 640ms

13 packages are looking for funding
  run `npm fund` for details

found 0 vulnerabilities
npm run build

> wled@0.16.0-alpha build
> node tools/cdata.js


	  ##  ##      ##        ######    ######
	##      ##    ##      ##        ##  ##  ##
	##  ##  ##  ##        ######        ##  ##
	##  ##  ##  ##        ##            ##  ##
	  ##  ##      ######    ######    ######
		 build script for web UI

Web UI is already built
CONFIGURATION: https://docs.platformio.org/page/boards/espressif8266/nodemcuv2.html
PLATFORM: Espressif 8266 (4.2.1) > NodeMCU 1.0 (ESP-12E Module)
HARDWARE: ESP8266 80MHz, 80KB RAM, 4MB Flash
PACKAGES: 
 - framework-arduinoespressif8266 @ 3.30102.0 (3.1.2) 
 - tool-esptool @ 1.413.0 (4.13) 
 - tool-esptoolpy @ 2.40900.250804 (4.9.0) 
 - toolchain-xtensa @ 2.100300.220621 (10.3.0)
LDF: Library Dependency Finder -> https://bit.ly/configure-pio-ldf
LDF Modes: Finder ~ chain, Compatibility ~ strict
Found 49 compatible libraries
Scanning dependencies...
Dependency Graph
|-- ESPAsyncTCP @ 1.2.2
|-- ESPAsyncUDP @ 0.0.0-alpha+sha.697c75a025
|-- ESP8266PWM
|-- FastLED @ 3.6.0
|-- IRremoteESP8266 @ 2.8.2
|-- NeoPixelBus @ 2.8.3
|-- ESPAsyncWebServerWLED @ 2.4.2+sha.39b830c
|-- AsyncMqttClient @ 0.9.0
|-- QuickEspNow @ 0.8.1+sha.193e991
|-- DHT
|-- Internal_Temperature_v2
|-- Wire @ 1.0
|-- Hash @ 1.0
|-- ArduinoOTA @ 1.0
|-- EEPROM @ 1.0
|-- DNSServer @ 1.1.1
|-- ESP8266WiFi @ 1.0
|-- ESP8266mDNS @ 1.2
|-- LittleFS @ 0.1.0
|-- SPI @ 1.0
|-- ESP8266WebServer @ 1.0
Building in release mode
Retrieved `.pio/build/custom_build/libe4a/FastLED/FastLED.cpp.o' from cache
Retrieved `.pio/build/custom_build/libe4a/FastLED/colorpalettes.cpp.o' from cache
Retrieved `.pio/build/custom_build/libe4a/FastLED/colorutils.cpp.o' from cache
Retrieved `.pio/build/custom_build/libe4a/FastLED/bitswap.cpp.o' from cache
Retrieved `.pio/build/custom_build/libe4a/FastLED/hsv2rgb.cpp.o' from cache
Retrieved `.pio/build/custom_build/libe4a/FastLED/lib8tion.cpp.o' from cache
Retrieved `.pio/build/custom_build/libe4a/FastLED/noise.cpp.o' from cache
Retrieved `.pio/build/custom_build/libe4a/FastLED/platforms.cpp.o' from cache
Retrieved `.pio/build/custom_build/libe4a/FastLED/platforms/esp/32/clockless_rmt_esp32.cpp.o' from cache
Retrieved `.pio/build/custom_build/libe4a/FastLED/power_mgt.cpp.o' from cache
Retrieved `.pio/build/custom_build/libe4a/FastLED/wiring.cpp.o' from cache
Retrieved `.pio/build/custom_build/lib1b1/DHT/DHT.cpp.o' from cache
Retrieved `.pio/build/custom_build/lib356/Internal_Temperature_v2/Internal_Temperature_v2.cpp.o' from cache
Retrieved `.pio/build/custom_build/src/FX.cpp.o' from cache
Retrieved `.pio/build/custom_build/src/FX_2Dfcn.cpp.o' from cache
Retrieved `.pio/build/custom_build/src/FX_fcn.cpp.o' from cache
Retrieved `.pio/build/custom_build/src/FXparticleSystem.cpp.o' from cache
Retrieved `.pio/build/custom_build/src/alexa.cpp.o' from cache
Compiling .pio/build/custom_build/src/bus_manager.cpp.o
Retrieved `.pio/build/custom_build/src/button.cpp.o' from cache
Compiling .pio/build/custom_build/src/cfg.cpp.o
In file included from wled00/cfg.cpp:1:
wled00/wled.h:36: warning: "WLED_ENABLE_MQTT" redefined
   36 |   #define WLED_ENABLE_MQTT         // saves 12kb
      | 
<command-line>: note: this is the location of the previous definition
Compiling .pio/build/custom_build/src/colors.cpp.o
In file included from wled00/colors.cpp:1:
wled00/wled.h:36: warning: "WLED_ENABLE_MQTT" redefined
   36 |   #define WLED_ENABLE_MQTT         // saves 12kb
      | 
<command-line>: note: this is the location of the previous definition
Compiling .pio/build/custom_build/src/dmx_input.cpp.o
In file included from wled00/dmx_input.cpp:1:
wled00/wled.h:36: warning: "WLED_ENABLE_MQTT" redefined
   36 |   #define WLED_ENABLE_MQTT         // saves 12kb
      | 
<command-line>: note: this is the location of the previous definition
In file included from .pio/libdeps/custom_build/FastLED/src/FastLED.h:75,
                 from wled00/colors.h:9,
                 from wled00/bus_manager.cpp:25:
.pio/libdeps/custom_build/FastLED/src/fastspi.h:157:23: note: '#pragma message: No hardware SPI pins defined.  All SPI access will default to bitbanged output'
  157 | #      pragma message "No hardware SPI pins defined.  All SPI access will default to bitbanged output"
      |                       ^~~~~~~~~~~~~~~~~~~~~~~~~~~~~~~~~~~~~~~~~~~~~~~~~~~~~~~~~~~~~~~~~~~~~~~~~~~~~~~~
In file included from wled00/bus_manager.cpp:28:
wled00/bus_wrapper.h: In static member function 'static void PolyBus::begin(void*, uint8_t, uint8_t*, uint16_t)':
wled00/bus_wrapper.h:309:51: error: 'DotStarEsp32HspiHzMethod' was not declared in this scope; did you mean 'DotStarSpiHzMethod'?
  309 | #define B_HS_DOT_3 NeoPixelBus<DotStarBgrFeature, DotStarEsp32HspiHzMethod> //hardware HSPI (was DotStarEsp32DmaHspi5MhzMethod in NPB @ 2.6.9)
      |                                                   ^~~~~~~~~~~~~~~~~~~~~~~~
wled00/bus_wrapper.h:401:37: note: in expansion of macro 'B_HS_DOT_3'
  401 |       case I_HS_DOT_3: beginDotStar<B_HS_DOT_3*>(busPtr, -1, -1, -1, -1, clock_kHz); break;
      |                                     ^~~~~~~~~~
wled00/bus_wrapper.h:309:75: error: template argument 2 is invalid
  309 | #define B_HS_DOT_3 NeoPixelBus<DotStarBgrFeature, DotStarEsp32HspiHzMethod> //hardware HSPI (was DotStarEsp32DmaHspi5MhzMethod in NPB @ 2.6.9)
      |                                                                           ^
wled00/bus_wrapper.h:401:37: note: in expansion of macro 'B_HS_DOT_3'
  401 |       case I_HS_DOT_3: beginDotStar<B_HS_DOT_3*>(busPtr, -1, -1, -1, -1, clock_kHz); break;
      |                                     ^~~~~~~~~~
wled00/bus_wrapper.h:401:24: error: parse error in template argument list
  401 |       case I_HS_DOT_3: beginDotStar<B_HS_DOT_3*>(busPtr, -1, -1, -1, -1, clock_kHz); break;
      |                        ^~~~~~~~~~~~~~~~~~~~~~~~~
wled00/bus_wrapper.h:401:83: error: no matching function for call to 'PolyBus::beginDotStar<<expression error> >(void*&, int, int, int, int, uint16_t&)'
  401 |       case I_HS_DOT_3: beginDotStar<B_HS_DOT_3*>(busPtr, -1, -1, -1, -1, clock_kHz); break;
      |                                                                                   ^
wled00/bus_wrapper.h:350:15: note: candidate: 'template<class T> static void PolyBus::beginDotStar(void*, int8_t, int8_t, int8_t, int8_t, uint16_t)'
  350 |   static void beginDotStar(void* busPtr, int8_t sck, int8_t miso, int8_t mosi, int8_t ss, uint16_t clock_kHz /* 0 == use default */) {
      |               ^~~~~~~~~~~~
wled00/bus_wrapper.h:350:15: note:   template argument deduction/substitution failed:
wled00/bus_wrapper.h:401:83: error: template argument 1 is invalid
  401 |       case I_HS_DOT_3: beginDotStar<B_HS_DOT_3*>(busPtr, -1, -1, -1, -1, clock_kHz); break;
      |                                                                                   ^
wled00/bus_wrapper.h:325:64: error: 'TwoWireHspiImple' was not declared in this scope; did you mean 'TwoWireSpiImple'?
  325 | #define B_HS_WS1_3 NeoPixelBus<NeoRbgFeature, Ws2801MethodBase<TwoWireHspiImple<SpiSpeedHz>>>
      |                                                                ^~~~~~~~~~~~~~~~
wled00/bus_wrapper.h:404:37: note: in expansion of macro 'B_HS_WS1_3'
  404 |       case I_HS_WS1_3: beginDotStar<B_HS_WS1_3*>(busPtr, -1, -1, -1, -1, clock_kHz); break;
      |                                     ^~~~~~~~~~
wled00/bus_wrapper.h:325:81: error: template argument 1 is invalid
  325 | #define B_HS_WS1_3 NeoPixelBus<NeoRbgFeature, Ws2801MethodBase<TwoWireHspiImple<SpiSpeedHz>>>
      |                                                                                 ^~~~~~~~~~
wled00/bus_wrapper.h:404:37: note: in expansion of macro 'B_HS_WS1_3'
  404 |       case I_HS_WS1_3: beginDotStar<B_HS_WS1_3*>(busPtr, -1, -1, -1, -1, clock_kHz); break;
      |                                     ^~~~~~~~~~
wled00/bus_wrapper.h:325:91: error: template argument 2 is invalid
  325 | #define B_HS_WS1_3 NeoPixelBus<NeoRbgFeature, Ws2801MethodBase<TwoWireHspiImple<SpiSpeedHz>>>
      |                                                                                           ^~
wled00/bus_wrapper.h:404:37: note: in expansion of macro 'B_HS_WS1_3'
  404 |       case I_HS_WS1_3: beginDotStar<B_HS_WS1_3*>(busPtr, -1, -1, -1, -1, clock_kHz); break;
      |                                     ^~~~~~~~~~
wled00/bus_wrapper.h:404:48: error: expected primary-expression before '>' token
  404 |       case I_HS_WS1_3: beginDotStar<B_HS_WS1_3*>(busPtr, -1, -1, -1, -1, clock_kHz); break;
      |                                                ^
wled00/bus_wrapper.h:404:50: warning: left operand of comma operator has no effect [-Wunused-value]
  404 |       case I_HS_WS1_3: beginDotStar<B_HS_WS1_3*>(busPtr, -1, -1, -1, -1, clock_kHz); break;
      |                                                  ^~~~~~
wled00/bus_wrapper.h:404:63: warning: right operand of comma operator has no effect [-Wunused-value]
  404 |       case I_HS_WS1_3: beginDotStar<B_HS_WS1_3*>(busPtr, -1, -1, -1, -1, clock_kHz); break;
      |                                                               ^
wled00/bus_wrapper.h:404:67: warning: right operand of comma operator has no effect [-Wunused-value]
  404 |       case I_HS_WS1_3: beginDotStar<B_HS_WS1_3*>(busPtr, -1, -1, -1, -1, clock_kHz); break;
      |                                                                   ^
wled00/bus_wrapper.h:404:71: warning: right operand of comma operator has no effect [-Wunused-value]
  404 |       case I_HS_WS1_3: beginDotStar<B_HS_WS1_3*>(busPtr, -1, -1, -1, -1, clock_kHz); break;
      |                                                                       ^
wled00/bus_wrapper.h:404:74: warning: right operand of comma operator has no effect [-Wunused-value]
  404 |       case I_HS_WS1_3: beginDotStar<B_HS_WS1_3*>(busPtr, -1, -1, -1, -1, clock_kHz); break;
      |                                                                          ^~~~~~~~~
wled00/bus_wrapper.h: In static member function 'static void* PolyBus::create(uint8_t, uint8_t*, uint16_t, uint8_t)':
wled00/bus_wrapper.h:309:51: error: 'DotStarEsp32HspiHzMethod' was not declared in this scope; did you mean 'DotStarSpiHzMethod'?
  309 | #define B_HS_DOT_3 NeoPixelBus<DotStarBgrFeature, DotStarEsp32HspiHzMethod> //hardware HSPI (was DotStarEsp32DmaHspi5MhzMethod in NPB @ 2.6.9)
      |                                                   ^~~~~~~~~~~~~~~~~~~~~~~~
wled00/bus_wrapper.h:578:37: note: in expansion of macro 'B_HS_DOT_3'
  578 |       case I_HS_DOT_3: busPtr = new B_HS_DOT_3(len, pins[1], pins[0]); break;
      |                                     ^~~~~~~~~~
wled00/bus_wrapper.h:309:75: error: template argument 2 is invalid
  309 | #define B_HS_DOT_3 NeoPixelBus<DotStarBgrFeature, DotStarEsp32HspiHzMethod> //hardware HSPI (was DotStarEsp32DmaHspi5MhzMethod in NPB @ 2.6.9)
      |                                                                           ^
wled00/bus_wrapper.h:578:37: note: in expansion of macro 'B_HS_DOT_3'
  578 |       case I_HS_DOT_3: busPtr = new B_HS_DOT_3(len, pins[1], pins[0]); break;
      |                                     ^~~~~~~~~~
wled00/bus_wrapper.h:325:64: error: 'TwoWireHspiImple' was not declared in this scope; did you mean 'TwoWireSpiImple'?
  325 | #define B_HS_WS1_3 NeoPixelBus<NeoRbgFeature, Ws2801MethodBase<TwoWireHspiImple<SpiSpeedHz>>>
      |                                                                ^~~~~~~~~~~~~~~~
wled00/bus_wrapper.h:584:37: note: in expansion of macro 'B_HS_WS1_3'
  584 |       case I_HS_WS1_3: busPtr = new B_HS_WS1_3(len, pins[1], pins[0]); break;
      |                                     ^~~~~~~~~~
wled00/bus_wrapper.h:325:81: error: template argument 1 is invalid
  325 | #define B_HS_WS1_3 NeoPixelBus<NeoRbgFeature, Ws2801MethodBase<TwoWireHspiImple<SpiSpeedHz>>>
      |                                                                                 ^~~~~~~~~~
wled00/bus_wrapper.h:584:37: note: in expansion of macro 'B_HS_WS1_3'
  584 |       case I_HS_WS1_3: busPtr = new B_HS_WS1_3(len, pins[1], pins[0]); break;
      |                                     ^~~~~~~~~~
wled00/bus_wrapper.h:325:91: error: template argument 2 is invalid
  325 | #define B_HS_WS1_3 NeoPixelBus<NeoRbgFeature, Ws2801MethodBase<TwoWireHspiImple<SpiSpeedHz>>>
      |                                                                                           ^~
wled00/bus_wrapper.h:584:37: note: in expansion of macro 'B_HS_WS1_3'
  584 |       case I_HS_WS1_3: busPtr = new B_HS_WS1_3(len, pins[1], pins[0]); break;
      |                                     ^~~~~~~~~~
wled00/bus_wrapper.h:584:48: warning: left operand of comma operator has no effect [-Wunused-value]
  584 |       case I_HS_WS1_3: busPtr = new B_HS_WS1_3(len, pins[1], pins[0]); break;
      |                                                ^~~
wled00/bus_wrapper.h:584:59: warning: value computed is not used [-Wunused-value]
  584 |       case I_HS_WS1_3: busPtr = new B_HS_WS1_3(len, pins[1], pins[0]); break;
      |                                                     ~~~~~~^
wled00/bus_wrapper.h:584:59: warning: right operand of comma operator has no effect [-Wunused-value]
wled00/bus_wrapper.h: In static member function 'static void PolyBus::show(void*, uint8_t, bool)':
wled00/bus_wrapper.h:309:51: error: 'DotStarEsp32HspiHzMethod' was not declared in this scope; did you mean 'DotStarSpiHzMethod'?
  309 | #define B_HS_DOT_3 NeoPixelBus<DotStarBgrFeature, DotStarEsp32HspiHzMethod> //hardware HSPI (was DotStarEsp32DmaHspi5MhzMethod in NPB @ 2.6.9)
      |                                                   ^~~~~~~~~~~~~~~~~~~~~~~~
wled00/bus_wrapper.h:676:37: note: in expansion of macro 'B_HS_DOT_3'
  676 |       case I_HS_DOT_3: (static_cast<B_HS_DOT_3*>(busPtr))->Show(consistent); break;
      |                                     ^~~~~~~~~~
wled00/bus_wrapper.h:309:75: error: template argument 2 is invalid
  309 | #define B_HS_DOT_3 NeoPixelBus<DotStarBgrFeature, DotStarEsp32HspiHzMethod> //hardware HSPI (was DotStarEsp32DmaHspi5MhzMethod in NPB @ 2.6.9)
      |                                                                           ^
wled00/bus_wrapper.h:676:37: note: in expansion of macro 'B_HS_DOT_3'
  676 |       case I_HS_DOT_3: (static_cast<B_HS_DOT_3*>(busPtr))->Show(consistent); break;
      |                                     ^~~~~~~~~~
wled00/bus_wrapper.h:676:47: error: expected '>' before '*' token
  676 |       case I_HS_DOT_3: (static_cast<B_HS_DOT_3*>(busPtr))->Show(consistent); break;
      |                                               ^
wled00/bus_wrapper.h:676:47: error: expected '(' before '*' token
  676 |       case I_HS_DOT_3: (static_cast<B_HS_DOT_3*>(busPtr))->Show(consistent); break;
      |                                               ^
      |                                               (
wled00/bus_wrapper.h:676:48: error: expected primary-expression before '>' token
  676 |       case I_HS_DOT_3: (static_cast<B_HS_DOT_3*>(busPtr))->Show(consistent); break;
      |                                                ^
wled00/bus_wrapper.h:676:76: error: expected ')' before ';' token
  676 |       case I_HS_DOT_3: (static_cast<B_HS_DOT_3*>(busPtr))->Show(consistent); break;
      |                        ~                                                   ^
      |                                                                            )
wled00/bus_wrapper.h:325:64: error: 'TwoWireHspiImple' was not declared in this scope; did you mean 'TwoWireSpiImple'?
  325 | #define B_HS_WS1_3 NeoPixelBus<NeoRbgFeature, Ws2801MethodBase<TwoWireHspiImple<SpiSpeedHz>>>
      |                                                                ^~~~~~~~~~~~~~~~
wled00/bus_wrapper.h:682:37: note: in expansion of macro 'B_HS_WS1_3'
  682 |       case I_HS_WS1_3: (static_cast<B_HS_WS1_3*>(busPtr))->Show(consistent); break;
      |                                     ^~~~~~~~~~
wled00/bus_wrapper.h:325:81: error: template argument 1 is invalid
  325 | #define B_HS_WS1_3 NeoPixelBus<NeoRbgFeature, Ws2801MethodBase<TwoWireHspiImple<SpiSpeedHz>>>
      |                                                                                 ^~~~~~~~~~
wled00/bus_wrapper.h:682:37: note: in expansion of macro 'B_HS_WS1_3'
  682 |       case I_HS_WS1_3: (static_cast<B_HS_WS1_3*>(busPtr))->Show(consistent); break;
      |                                     ^~~~~~~~~~
wled00/bus_wrapper.h:325:91: error: template argument 2 is invalid
  325 | #define B_HS_WS1_3 NeoPixelBus<NeoRbgFeature, Ws2801MethodBase<TwoWireHspiImple<SpiSpeedHz>>>
      |                                                                                           ^~
wled00/bus_wrapper.h:682:37: note: in expansion of macro 'B_HS_WS1_3'
  682 |       case I_HS_WS1_3: (static_cast<B_HS_WS1_3*>(busPtr))->Show(consistent); break;
      |                                     ^~~~~~~~~~
wled00/bus_wrapper.h:682:47: error: expected '(' before '*' token
  682 |       case I_HS_WS1_3: (static_cast<B_HS_WS1_3*>(busPtr))->Show(consistent); break;
      |                                               ^
      |                                               (
wled00/bus_wrapper.h:682:48: error: expected primary-expression before '>' token
  682 |       case I_HS_WS1_3: (static_cast<B_HS_WS1_3*>(busPtr))->Show(consistent); break;
      |                                                ^
wled00/bus_wrapper.h:682:76: error: expected ')' before ';' token
  682 |       case I_HS_WS1_3: (static_cast<B_HS_WS1_3*>(busPtr))->Show(consistent); break;
      |                        ~                                                   ^
      |                                                                            )
wled00/bus_wrapper.h: In static member function 'static bool PolyBus::canShow(void*, uint8_t)':
wled00/bus_wrapper.h:309:51: error: 'DotStarEsp32HspiHzMethod' was not declared in this scope; did you mean 'DotStarSpiHzMethod'?
  309 | #define B_HS_DOT_3 NeoPixelBus<DotStarBgrFeature, DotStarEsp32HspiHzMethod> //hardware HSPI (was DotStarEsp32DmaHspi5MhzMethod in NPB @ 2.6.9)
      |                                                   ^~~~~~~~~~~~~~~~~~~~~~~~
wled00/bus_wrapper.h:772:44: note: in expansion of macro 'B_HS_DOT_3'
  772 |       case I_HS_DOT_3: return (static_cast<B_HS_DOT_3*>(busPtr))->CanShow(); break;
      |                                            ^~~~~~~~~~
wled00/bus_wrapper.h:309:75: error: template argument 2 is invalid
  309 | #define B_HS_DOT_3 NeoPixelBus<DotStarBgrFeature, DotStarEsp32HspiHzMethod> //hardware HSPI (was DotStarEsp32DmaHspi5MhzMethod in NPB @ 2.6.9)
      |                                                                           ^
wled00/bus_wrapper.h:772:44: note: in expansion of macro 'B_HS_DOT_3'
  772 |       case I_HS_DOT_3: return (static_cast<B_HS_DOT_3*>(busPtr))->CanShow(); break;
      |                                            ^~~~~~~~~~
wled00/bus_wrapper.h:772:54: error: expected '>' before '*' token
  772 |       case I_HS_DOT_3: return (static_cast<B_HS_DOT_3*>(busPtr))->CanShow(); break;
      |                                                      ^
wled00/bus_wrapper.h:772:54: error: expected '(' before '*' token
  772 |       case I_HS_DOT_3: return (static_cast<B_HS_DOT_3*>(busPtr))->CanShow(); break;
      |                                                      ^
      |                                                      (
wled00/bus_wrapper.h:772:55: error: expected primary-expression before '>' token
  772 |       case I_HS_DOT_3: return (static_cast<B_HS_DOT_3*>(busPtr))->CanShow(); break;
      |                                                       ^
wled00/bus_wrapper.h:772:76: error: expected ')' before ';' token
  772 |       case I_HS_DOT_3: return (static_cast<B_HS_DOT_3*>(busPtr))->CanShow(); break;
      |                               ~                                            ^
      |                                                                            )
wled00/bus_wrapper.h:325:64: error: 'TwoWireHspiImple' was not declared in this scope; did you mean 'TwoWireSpiImple'?
  325 | #define B_HS_WS1_3 NeoPixelBus<NeoRbgFeature, Ws2801MethodBase<TwoWireHspiImple<SpiSpeedHz>>>
      |                                                                ^~~~~~~~~~~~~~~~
wled00/bus_wrapper.h:778:44: note: in expansion of macro 'B_HS_WS1_3'
  778 |       case I_HS_WS1_3: return (static_cast<B_HS_WS1_3*>(busPtr))->CanShow(); break;
      |                                            ^~~~~~~~~~
wled00/bus_wrapper.h:325:81: error: template argument 1 is invalid
  325 | #define B_HS_WS1_3 NeoPixelBus<NeoRbgFeature, Ws2801MethodBase<TwoWireHspiImple<SpiSpeedHz>>>
      |                                                                                 ^~~~~~~~~~
wled00/bus_wrapper.h:778:44: note: in expansion of macro 'B_HS_WS1_3'
  778 |       case I_HS_WS1_3: return (static_cast<B_HS_WS1_3*>(busPtr))->CanShow(); break;
      |                                            ^~~~~~~~~~
wled00/bus_wrapper.h:325:91: error: template argument 2 is invalid
  325 | #define B_HS_WS1_3 NeoPixelBus<NeoRbgFeature, Ws2801MethodBase<TwoWireHspiImple<SpiSpeedHz>>>
      |                                                                                           ^~
wled00/bus_wrapper.h:778:44: note: in expansion of macro 'B_HS_WS1_3'
  778 |       case I_HS_WS1_3: return (static_cast<B_HS_WS1_3*>(busPtr))->CanShow(); break;
      |                                            ^~~~~~~~~~
wled00/bus_wrapper.h:778:54: error: expected '(' before '*' token
  778 |       case I_HS_WS1_3: return (static_cast<B_HS_WS1_3*>(busPtr))->CanShow(); break;
      |                                                      ^
      |                                                      (
wled00/bus_wrapper.h:778:55: error: expected primary-expression before '>' token
  778 |       case I_HS_WS1_3: return (static_cast<B_HS_WS1_3*>(busPtr))->CanShow(); break;
      |                                                       ^
wled00/bus_wrapper.h:778:76: error: expected ')' before ';' token
  778 |       case I_HS_WS1_3: return (static_cast<B_HS_WS1_3*>(busPtr))->CanShow(); break;
      |                               ~                                            ^
      |                                                                            )
wled00/bus_wrapper.h: In static member function 'static void PolyBus::setPixelColor(void*, uint8_t, uint16_t, uint32_t, uint8_t, uint16_t)':
wled00/bus_wrapper.h:309:51: error: 'DotStarEsp32HspiHzMethod' was not declared in this scope; did you mean 'DotStarSpiHzMethod'?
  309 | #define B_HS_DOT_3 NeoPixelBus<DotStarBgrFeature, DotStarEsp32HspiHzMethod> //hardware HSPI (was DotStarEsp32DmaHspi5MhzMethod in NPB @ 2.6.9)
      |                                                   ^~~~~~~~~~~~~~~~~~~~~~~~
wled00/bus_wrapper.h:894:37: note: in expansion of macro 'B_HS_DOT_3'
  894 |       case I_HS_DOT_3: (static_cast<B_HS_DOT_3*>(busPtr))->SetPixelColor(pix, RgbColor(col)); break;
      |                                     ^~~~~~~~~~
wled00/bus_wrapper.h:309:75: error: template argument 2 is invalid
  309 | #define B_HS_DOT_3 NeoPixelBus<DotStarBgrFeature, DotStarEsp32HspiHzMethod> //hardware HSPI (was DotStarEsp32DmaHspi5MhzMethod in NPB @ 2.6.9)
      |                                                                           ^
wled00/bus_wrapper.h:894:37: note: in expansion of macro 'B_HS_DOT_3'
  894 |       case I_HS_DOT_3: (static_cast<B_HS_DOT_3*>(busPtr))->SetPixelColor(pix, RgbColor(col)); break;
      |                                     ^~~~~~~~~~
In file included from wled00/bus_manager.cpp:28:
wled00/bus_wrapper.h:894:47: error: expected '>' before '*' token
  894 |       case I_HS_DOT_3: (static_cast<B_HS_DOT_3*>(busPtr))->SetPixelColor(pix, RgbColor(col)); break;
      |                                               ^
wled00/bus_wrapper.h:894:47: error: expected '(' before '*' token
  894 |       case I_HS_DOT_3: (static_cast<B_HS_DOT_3*>(busPtr))->SetPixelColor(pix, RgbColor(col)); break;
      |                                               ^
      |                                               (
wled00/bus_wrapper.h:894:48: error: expected primary-expression before '>' token
  894 |       case I_HS_DOT_3: (static_cast<B_HS_DOT_3*>(busPtr))->SetPixelColor(pix, RgbColor(col)); break;
      |                                                ^
wled00/bus_wrapper.h:894:93: error: expected ')' before ';' token
  894 |       case I_HS_DOT_3: (static_cast<B_HS_DOT_3*>(busPtr))->SetPixelColor(pix, RgbColor(col)); break;
      |                        ~                                                                    ^
      |                                                                                             )
In file included from wled00/bus_manager.cpp:28:
wled00/bus_wrapper.h:325:64: error: 'TwoWireHspiImple' was not declared in this scope; did you mean 'TwoWireSpiImple'?
  325 | #define B_HS_WS1_3 NeoPixelBus<NeoRbgFeature, Ws2801MethodBase<TwoWireHspiImple<SpiSpeedHz>>>
      |                                                                ^~~~~~~~~~~~~~~~
wled00/bus_wrapper.h:900:37: note: in expansion of macro 'B_HS_WS1_3'
  900 |       case I_HS_WS1_3: (static_cast<B_HS_WS1_3*>(busPtr))->SetPixelColor(pix, RgbColor(col)); break;
      |                                     ^~~~~~~~~~
wled00/bus_wrapper.h:325:81: error: template argument 1 is invalid
  325 | #define B_HS_WS1_3 NeoPixelBus<NeoRbgFeature, Ws2801MethodBase<TwoWireHspiImple<SpiSpeedHz>>>
      |                                                                                 ^~~~~~~~~~
wled00/bus_wrapper.h:900:37: note: in expansion of macro 'B_HS_WS1_3'
  900 |       case I_HS_WS1_3: (static_cast<B_HS_WS1_3*>(busPtr))->SetPixelColor(pix, RgbColor(col)); break;
      |                                     ^~~~~~~~~~
wled00/bus_wrapper.h:325:91: error: template argument 2 is invalid
  325 | #define B_HS_WS1_3 NeoPixelBus<NeoRbgFeature, Ws2801MethodBase<TwoWireHspiImple<SpiSpeedHz>>>
      |                                                                                           ^~
wled00/bus_wrapper.h:900:37: note: in expansion of macro 'B_HS_WS1_3'
  900 |       case I_HS_WS1_3: (static_cast<B_HS_WS1_3*>(busPtr))->SetPixelColor(pix, RgbColor(col)); break;
      |                                     ^~~~~~~~~~
In file included from wled00/bus_manager.cpp:28:
wled00/bus_wrapper.h:900:47: error: expected '(' before '*' token
  900 |       case I_HS_WS1_3: (static_cast<B_HS_WS1_3*>(busPtr))->SetPixelColor(pix, RgbColor(col)); break;
      |                                               ^
      |                                               (
wled00/bus_wrapper.h:900:48: error: expected primary-expression before '>' token
  900 |       case I_HS_WS1_3: (static_cast<B_HS_WS1_3*>(busPtr))->SetPixelColor(pix, RgbColor(col)); break;
      |                                                ^
wled00/bus_wrapper.h:900:93: error: expected ')' before ';' token
  900 |       case I_HS_WS1_3: (static_cast<B_HS_WS1_3*>(busPtr))->SetPixelColor(pix, RgbColor(col)); break;
      |                        ~                                                                    ^
      |                                                                                             )
In file included from wled00/bus_manager.cpp:28:
wled00/bus_wrapper.h: In static member function 'static uint32_t PolyBus::getPixelColor(void*, uint8_t, uint16_t, uint8_t)':
wled00/bus_wrapper.h:309:51: error: 'DotStarEsp32HspiHzMethod' was not declared in this scope; did you mean 'DotStarSpiHzMethod'?
  309 | #define B_HS_DOT_3 NeoPixelBus<DotStarBgrFeature, DotStarEsp32HspiHzMethod> //hardware HSPI (was DotStarEsp32DmaHspi5MhzMethod in NPB @ 2.6.9)
      |                                                   ^~~~~~~~~~~~~~~~~~~~~~~~
wled00/bus_wrapper.h:991:43: note: in expansion of macro 'B_HS_DOT_3'
  991 |       case I_HS_DOT_3: col = (static_cast<B_HS_DOT_3*>(busPtr))->GetPixelColor(pix); break;
      |                                           ^~~~~~~~~~
wled00/bus_wrapper.h:309:75: error: template argument 2 is invalid
  309 | #define B_HS_DOT_3 NeoPixelBus<DotStarBgrFeature, DotStarEsp32HspiHzMethod> //hardware HSPI (was DotStarEsp32DmaHspi5MhzMethod in NPB @ 2.6.9)
      |                                                                           ^
wled00/bus_wrapper.h:991:43: note: in expansion of macro 'B_HS_DOT_3'
  991 |       case I_HS_DOT_3: col = (static_cast<B_HS_DOT_3*>(busPtr))->GetPixelColor(pix); break;
      |                                           ^~~~~~~~~~
In file included from wled00/bus_manager.cpp:28:
wled00/bus_wrapper.h:991:53: error: expected '>' before '*' token
  991 |       case I_HS_DOT_3: col = (static_cast<B_HS_DOT_3*>(busPtr))->GetPixelColor(pix); break;
      |                                                     ^
wled00/bus_wrapper.h:991:53: error: expected '(' before '*' token
  991 |       case I_HS_DOT_3: col = (static_cast<B_HS_DOT_3*>(busPtr))->GetPixelColor(pix); break;
      |                                                     ^
      |                                                     (
wled00/bus_wrapper.h:991:54: error: expected primary-expression before '>' token
  991 |       case I_HS_DOT_3: col = (static_cast<B_HS_DOT_3*>(busPtr))->GetPixelColor(pix); break;
      |                                                      ^
wled00/bus_wrapper.h:991:84: error: expected ')' before ';' token
  991 |       case I_HS_DOT_3: col = (static_cast<B_HS_DOT_3*>(busPtr))->GetPixelColor(pix); break;
      |                              ~                                                     ^
      |                                                                                    )
In file included from wled00/bus_manager.cpp:28:
wled00/bus_wrapper.h:325:64: error: 'TwoWireHspiImple' was not declared in this scope; did you mean 'TwoWireSpiImple'?
  325 | #define B_HS_WS1_3 NeoPixelBus<NeoRbgFeature, Ws2801MethodBase<TwoWireHspiImple<SpiSpeedHz>>>
      |                                                                ^~~~~~~~~~~~~~~~
wled00/bus_wrapper.h:997:43: note: in expansion of macro 'B_HS_WS1_3'
  997 |       case I_HS_WS1_3: col = (static_cast<B_HS_WS1_3*>(busPtr))->GetPixelColor(pix); break;
      |                                           ^~~~~~~~~~
wled00/bus_wrapper.h:325:81: error: template argument 1 is invalid
  325 | #define B_HS_WS1_3 NeoPixelBus<NeoRbgFeature, Ws2801MethodBase<TwoWireHspiImple<SpiSpeedHz>>>
      |                                                                                 ^~~~~~~~~~
wled00/bus_wrapper.h:997:43: note: in expansion of macro 'B_HS_WS1_3'
  997 |       case I_HS_WS1_3: col = (static_cast<B_HS_WS1_3*>(busPtr))->GetPixelColor(pix); break;
      |                                           ^~~~~~~~~~
wled00/bus_wrapper.h:325:91: error: template argument 2 is invalid
  325 | #define B_HS_WS1_3 NeoPixelBus<NeoRbgFeature, Ws2801MethodBase<TwoWireHspiImple<SpiSpeedHz>>>
      |                                                                                           ^~
wled00/bus_wrapper.h:997:43: note: in expansion of macro 'B_HS_WS1_3'
  997 |       case I_HS_WS1_3: col = (static_cast<B_HS_WS1_3*>(busPtr))->GetPixelColor(pix); break;
      |                                           ^~~~~~~~~~
In file included from wled00/bus_manager.cpp:28:
wled00/bus_wrapper.h:997:53: error: expected '(' before '*' token
  997 |       case I_HS_WS1_3: col = (static_cast<B_HS_WS1_3*>(busPtr))->GetPixelColor(pix); break;
      |                                                     ^
      |                                                     (
wled00/bus_wrapper.h:997:54: error: expected primary-expression before '>' token
  997 |       case I_HS_WS1_3: col = (static_cast<B_HS_WS1_3*>(busPtr))->GetPixelColor(pix); break;
      |                                                      ^
wled00/bus_wrapper.h:997:84: error: expected ')' before ';' token
  997 |       case I_HS_WS1_3: col = (static_cast<B_HS_WS1_3*>(busPtr))->GetPixelColor(pix); break;
      |                              ~                                                     ^
      |                                                                                    )
In file included from wled00/bus_manager.cpp:28:
wled00/bus_wrapper.h: In static member function 'static void PolyBus::cleanup(void*, uint8_t)':
wled00/bus_wrapper.h:309:51: error: 'DotStarEsp32HspiHzMethod' was not declared in this scope; did you mean 'DotStarSpiHzMethod'?
  309 | #define B_HS_DOT_3 NeoPixelBus<DotStarBgrFeature, DotStarEsp32HspiHzMethod> //hardware HSPI (was DotStarEsp32DmaHspi5MhzMethod in NPB @ 2.6.9)
      |                                                   ^~~~~~~~~~~~~~~~~~~~~~~~
wled00/bus_wrapper.h:1106:44: note: in expansion of macro 'B_HS_DOT_3'
 1106 |       case I_HS_DOT_3: delete (static_cast<B_HS_DOT_3*>(busPtr)); break;
      |                                            ^~~~~~~~~~
wled00/bus_wrapper.h:309:75: error: template argument 2 is invalid
  309 | #define B_HS_DOT_3 NeoPixelBus<DotStarBgrFeature, DotStarEsp32HspiHzMethod> //hardware HSPI (was DotStarEsp32DmaHspi5MhzMethod in NPB @ 2.6.9)
      |                                                                           ^
wled00/bus_wrapper.h:1106:44: note: in expansion of macro 'B_HS_DOT_3'
 1106 |       case I_HS_DOT_3: delete (static_cast<B_HS_DOT_3*>(busPtr)); break;
      |                                            ^~~~~~~~~~
In file included from wled00/bus_manager.cpp:28:
wled00/bus_wrapper.h:1106:54: error: expected '>' before '*' token
 1106 |       case I_HS_DOT_3: delete (static_cast<B_HS_DOT_3*>(busPtr)); break;
      |                                                      ^
wled00/bus_wrapper.h:1106:54: error: expected '(' before '*' token
 1106 |       case I_HS_DOT_3: delete (static_cast<B_HS_DOT_3*>(busPtr)); break;
      |                                                      ^
      |                                                      (
wled00/bus_wrapper.h:1106:55: error: expected primary-expression before '>' token
 1106 |       case I_HS_DOT_3: delete (static_cast<B_HS_DOT_3*>(busPtr)); break;
      |                                                       ^
wled00/bus_wrapper.h:1106:65: error: expected ')' before ';' token
 1106 |       case I_HS_DOT_3: delete (static_cast<B_HS_DOT_3*>(busPtr)); break;
      |                               ~                                 ^
      |                                                                 )
In file included from wled00/bus_manager.cpp:28:
wled00/bus_wrapper.h:325:64: error: 'TwoWireHspiImple' was not declared in this scope; did you mean 'TwoWireSpiImple'?
  325 | #define B_HS_WS1_3 NeoPixelBus<NeoRbgFeature, Ws2801MethodBase<TwoWireHspiImple<SpiSpeedHz>>>
      |                                                                ^~~~~~~~~~~~~~~~
wled00/bus_wrapper.h:1112:44: note: in expansion of macro 'B_HS_WS1_3'
 1112 |       case I_HS_WS1_3: delete (static_cast<B_HS_WS1_3*>(busPtr)); break;
      |                                            ^~~~~~~~~~
wled00/bus_wrapper.h:325:81: error: template argument 1 is invalid
  325 | #define B_HS_WS1_3 NeoPixelBus<NeoRbgFeature, Ws2801MethodBase<TwoWireHspiImple<SpiSpeedHz>>>
      |                                                                                 ^~~~~~~~~~
wled00/bus_wrapper.h:1112:44: note: in expansion of macro 'B_HS_WS1_3'
 1112 |       case I_HS_WS1_3: delete (static_cast<B_HS_WS1_3*>(busPtr)); break;
      |                                            ^~~~~~~~~~
wled00/bus_wrapper.h:325:91: error: template argument 2 is invalid
  325 | #define B_HS_WS1_3 NeoPixelBus<NeoRbgFeature, Ws2801MethodBase<TwoWireHspiImple<SpiSpeedHz>>>
      |                                                                                           ^~
wled00/bus_wrapper.h:1112:44: note: in expansion of macro 'B_HS_WS1_3'
 1112 |       case I_HS_WS1_3: delete (static_cast<B_HS_WS1_3*>(busPtr)); break;
      |                                            ^~~~~~~~~~
In file included from wled00/bus_manager.cpp:28:
wled00/bus_wrapper.h:1112:54: error: expected '(' before '*' token
 1112 |       case I_HS_WS1_3: delete (static_cast<B_HS_WS1_3*>(busPtr)); break;
      |                                                      ^
      |                                                      (
wled00/bus_wrapper.h:1112:55: error: expected primary-expression before '>' token
 1112 |       case I_HS_WS1_3: delete (static_cast<B_HS_WS1_3*>(busPtr)); break;
      |                                                       ^
wled00/bus_wrapper.h:1112:65: error: expected ')' before ';' token
 1112 |       case I_HS_WS1_3: delete (static_cast<B_HS_WS1_3*>(busPtr)); break;
      |                               ~                                 ^
      |                                                                 )
In file included from wled00/bus_manager.cpp:28:
wled00/bus_wrapper.h: In static member function 'static unsigned int PolyBus::getDataSize(void*, uint8_t)':
wled00/bus_wrapper.h:309:51: error: 'DotStarEsp32HspiHzMethod' was not declared in this scope; did you mean 'DotStarSpiHzMethod'?
  309 | #define B_HS_DOT_3 NeoPixelBus<DotStarBgrFeature, DotStarEsp32HspiHzMethod> //hardware HSPI (was DotStarEsp32DmaHspi5MhzMethod in NPB @ 2.6.9)
      |                                                   ^~~~~~~~~~~~~~~~~~~~~~~~
wled00/bus_wrapper.h:1203:44: note: in expansion of macro 'B_HS_DOT_3'
 1203 |       case I_HS_DOT_3: size = (static_cast<B_HS_DOT_3*>(busPtr))->PixelsSize()*2; break;
      |                                            ^~~~~~~~~~
wled00/bus_wrapper.h:309:75: error: template argument 2 is invalid
  309 | #define B_HS_DOT_3 NeoPixelBus<DotStarBgrFeature, DotStarEsp32HspiHzMethod> //hardware HSPI (was DotStarEsp32DmaHspi5MhzMethod in NPB @ 2.6.9)
      |                                                                           ^
wled00/bus_wrapper.h:1203:44: note: in expansion of macro 'B_HS_DOT_3'
 1203 |       case I_HS_DOT_3: size = (static_cast<B_HS_DOT_3*>(busPtr))->PixelsSize()*2; break;
      |                                            ^~~~~~~~~~
In file included from wled00/bus_manager.cpp:28:
wled00/bus_wrapper.h:1203:54: error: expected '>' before '*' token
 1203 |       case I_HS_DOT_3: size = (static_cast<B_HS_DOT_3*>(busPtr))->PixelsSize()*2; break;
      |                                                      ^
wled00/bus_wrapper.h:1203:54: error: expected '(' before '*' token
 1203 |       case I_HS_DOT_3: size = (static_cast<B_HS_DOT_3*>(busPtr))->PixelsSize()*2; break;
      |                                                      ^
      |                                                      (
wled00/bus_wrapper.h:1203:55: error: expected primary-expression before '>' token
 1203 |       case I_HS_DOT_3: size = (static_cast<B_HS_DOT_3*>(busPtr))->PixelsSize()*2; break;
      |                                                       ^
wled00/bus_wrapper.h:1203:81: error: expected ')' before ';' token
 1203 |       case I_HS_DOT_3: size = (static_cast<B_HS_DOT_3*>(busPtr))->PixelsSize()*2; break;
      |                               ~                                                 ^
      |                                                                                 )
In file included from wled00/bus_manager.cpp:28:
wled00/bus_wrapper.h:325:64: error: 'TwoWireHspiImple' was not declared in this scope; did you mean 'TwoWireSpiImple'?
  325 | #define B_HS_WS1_3 NeoPixelBus<NeoRbgFeature, Ws2801MethodBase<TwoWireHspiImple<SpiSpeedHz>>>
      |                                                                ^~~~~~~~~~~~~~~~
wled00/bus_wrapper.h:1209:44: note: in expansion of macro 'B_HS_WS1_3'
 1209 |       case I_HS_WS1_3: size = (static_cast<B_HS_WS1_3*>(busPtr))->PixelsSize()*2; break;
      |                                            ^~~~~~~~~~
wled00/bus_wrapper.h:325:81: error: template argument 1 is invalid
  325 | #define B_HS_WS1_3 NeoPixelBus<NeoRbgFeature, Ws2801MethodBase<TwoWireHspiImple<SpiSpeedHz>>>
      |                                                                                 ^~~~~~~~~~
wled00/bus_wrapper.h:1209:44: note: in expansion of macro 'B_HS_WS1_3'
 1209 |       case I_HS_WS1_3: size = (static_cast<B_HS_WS1_3*>(busPtr))->PixelsSize()*2; break;
      |                                            ^~~~~~~~~~
wled00/bus_wrapper.h:325:91: error: template argument 2 is invalid
  325 | #define B_HS_WS1_3 NeoPixelBus<NeoRbgFeature, Ws2801MethodBase<TwoWireHspiImple<SpiSpeedHz>>>
      |                                                                                           ^~
wled00/bus_wrapper.h:1209:44: note: in expansion of macro 'B_HS_WS1_3'
 1209 |       case I_HS_WS1_3: size = (static_cast<B_HS_WS1_3*>(busPtr))->PixelsSize()*2; break;
      |                                            ^~~~~~~~~~
In file included from wled00/bus_manager.cpp:28:
wled00/bus_wrapper.h:1209:54: error: expected '(' before '*' token
 1209 |       case I_HS_WS1_3: size = (static_cast<B_HS_WS1_3*>(busPtr))->PixelsSize()*2; break;
      |                                                      ^
      |                                                      (
wled00/bus_wrapper.h:1209:55: error: expected primary-expression before '>' token
 1209 |       case I_HS_WS1_3: size = (static_cast<B_HS_WS1_3*>(busPtr))->PixelsSize()*2; break;
      |                                                       ^
wled00/bus_wrapper.h:1209:81: error: expected ')' before ';' token
 1209 |       case I_HS_WS1_3: size = (static_cast<B_HS_WS1_3*>(busPtr))->PixelsSize()*2; break;
      |                               ~                                                 ^
      |                                                                                 )
In file included from wled00/bus_manager.cpp:27:
wled00/bus_manager.h: In constructor 'BusDigital::BusDigital(const BusConfig&, uint8_t)':
wled00/bus_manager.h:277:14: warning: 'BusDigital::_milliAmpsPerLed' will be initialized after [-Wreorder]
  277 |     uint8_t  _milliAmpsPerLed;
      |              ^~~~~~~~~~~~~~~~
wled00/bus_manager.h:276:14: warning:   'uint16_t BusDigital::_milliAmpsMax' [-Wreorder]
  276 |     uint16_t _milliAmpsMax;
      |              ^~~~~~~~~~~~~
wled00/bus_manager.cpp:161:1: warning:   when initialized here [-Wreorder]
  161 | BusDigital::BusDigital(const BusConfig &bc, uint8_t nr)
      | ^~~~~~~~~~
*** [.pio/build/custom_build/src/bus_manager.cpp.o] Error 1
In file included from wled00/cfg.cpp:2:
wled00/wled_ethernet.h:25:3: error: 'eth_phy_type_t' does not name a type
   25 |   eth_phy_type_t eth_type;
      |   ^~~~~~~~~~~~~~
wled00/wled_ethernet.h:26:3: error: 'eth_clock_mode_t' does not name a type
   26 |   eth_clock_mode_t eth_clk_mode;
      |   ^~~~~~~~~~~~~~~~
wled00/cfg.cpp: In function 'bool deserializeConfig(ArduinoJson::JsonObject, bool)':
wled00/cfg.cpp:54:9: error: 'ethernetType' was not declared in this scope; did you mean 'ethernet'?
   54 |   CJSON(ethernetType, ethernet["type"]);
      |         ^~~~~~~~~~~~
wled00/cfg.cpp:39:20: note: in definition of macro 'CJSON'
   39 | #define CJSON(a,b) a = b | a
      |                    ^
*** [.pio/build/custom_build/src/cfg.cpp.o] Error 1
========================== [FAILED] Took 5.25 seconds ==========================

Environment    Status    Duration
-------------  --------  ------------
custom_build   FAILED    00:00:05.255
==================== 1 failed, 0 succeeded in 00:00:05.255 ====================
