Repo to build:
https://github.com/wled/WLED/archive/refs/heads/0_15_x.zip
Enviroment to build:
[env:custom_build]
extends = env:esp32c3dev
build_flags = ${env:esp32c3dev.build_flags} -D WLED_DEBUG
-D USERMOD_AUDIOREACTIVE
-D I2S_SCK_PIN=5
-D I2S_WS_PIN=6
-D I2S_SD_PIN=7
-D I2S_USE_APLL=0
Hacks to apply:

--2025-12-30 03:20:20--  https://github.com/wled/WLED/archive/refs/heads/0_15_x.zip
Resolving github.com (github.com)... 140.82.112.4
Connecting to github.com (github.com)|140.82.112.4|:443... connected.
HTTP request sent, awaiting response... 302 Found
Location: https://codeload.github.com/wled/WLED/zip/refs/heads/0_15_x [following]
--2025-12-30 03:20:20--  https://codeload.github.com/wled/WLED/zip/refs/heads/0_15_x
Resolving codeload.github.com (codeload.github.com)... 140.82.114.9
Connecting to codeload.github.com (codeload.github.com)|140.82.114.9|:443... connected.
HTTP request sent, awaiting response... 200 OK
Length: unspecified [application/zip]
Saving to: ‘/tmp/WLEDtemp/mm.zip’

     0K .......... .......... .......... .......... ..........  437K
    50K .......... .......... .......... .......... ..........  873K
   100K .......... .......... .......... .......... ..........  179M
   150K .......... .......... .......... .......... ..........  297M
   200K .......... .......... .......... .......... ..........  876K
   250K .......... .......... .......... .......... ..........  238M
   300K .......... .......... .......... .......... ..........  249M
   350K .......... .......... .......... .......... ..........  257M
   400K .......... .......... .......... .......... ..........  881K
   450K .......... .......... .......... .......... ..........  238M
   500K .......... .......... .......... .......... ..........  210M
   550K .......... .......... .......... .......... ..........  554M
   600K .......... .......... .......... .......... ..........  564M
   650K .......... .......... .......... .......... ..........  600M
   700K .......... .......... .......... .......... ..........  664M
   750K .......... .......... .......... .......... ..........  579M
   800K .......... .......... .......... .......... ..........  623M
   850K .......... .......... .......... .......... ..........  883K
   900K .......... .......... .......... .......... ..........  258M
   950K .......... .......... .......... .......... ..........  381M
  1000K .......... .......... .......... .......... ..........  527M
  1050K .......... .......... .......... .......... ..........  493M
  1100K .......... .......... .......... .......... ..........  635M
  1150K .......... .......... .......... .......... ..........  726M
  1200K .......... .......... .......... .......... ..........  383M
  1250K .......... .......... .......... .......... ..........  593M
  1300K .......... .......... .......... .......... ..........  659M
  1350K .......... .......... .......... .......... ..........  573M
  1400K .......... .......... .......... .......... ..........  620M
  1450K .......... .......... .......... .......... ..........  594M
  1500K .......... .......... .......... .......... ..........  626M
  1550K .......... .......... .......... .......... ..........  587M
  1600K .......... .......... .......... .......... ..........  453M
  1650K .......... .......... .......... .......... ..........  607M
  1700K .......... .......... .......... .......... ..........  907K
  1750K .......... .......... .......... .......... ..........  257M
  1800K .......... .......... .......... .......... ..........  335M
  1850K .......... .......... .......... .......... ..........  368M
  1900K .......... .......... .......... .......... ..........  299M
  1950K .......... .......... .......... .......... ..........  556M
  2000K .......... .......... .......... .......... ..........  294M
  2050K .......... .......... .......... .......... ..........  351M
  2100K .......... .......... .......... .......... ..........  570M
  2150K .......... .......... .......... .......... ..........  365M
  2200K .......... .......... .......... .......... ..........  377M
  2250K .......... .......... .......... .......... ..........  549M
  2300K .......... .......... .......... .......... ..........  431M
  2350K .......... .......... .......... .......... ..........  394M
  2400K .......... .......... .......... .......... ..........  465M
  2450K .......... .......... .......... .......... ..........  681M
  2500K .......... .......... .......... .......... ..........  788M
  2550K .......... .......... .......... .......... ..........  708M
  2600K .......... .......... .......... .......... ..........  572M
  2650K .......... .......... .......... .......... ..........  654M
  2700K .......... .......... .......... .......... ..........  779M
  2750K .......... .......... .......... .......... ..........  696M
  2800K .......... .......... .......... .......... ..........  643M
  2850K .......... .......... .......... .......... ..........  615M
  2900K .......... .......... .......... .......... ..........  872M
  2950K .......... .......... .......... .......... ..........  653M
  3000K .......... .......... .......... .......... ..........  603M
  3050K .......... .......... .......... .......... ..........  548M
  3100K .......... .......... .......... .......... ..........  734M
  3150K .......... .......... .......... .......... ..........  783M
  3200K .......... .......... .......... .......... ..........  715M
  3250K .......... .......... .......... .......... ..........  579M
  3300K .......... .......... .......... .......... ..........  683M
  3350K .......... .......... .......... .......... ..........  683M
  3400K .......... .......... .......... .......... ..........  722M
  3450K .......... .......... .......... .......... ..........  587M
  3500K .......... .......... .......... .......... ..........  923K
  3550K .......... .......... .......... .......... ..........  280M
  3600K .......... .......... .......... .......... ..........  271M
  3650K .......... .......... .......... .......... ..........  290M
  3700K .......... .......... .......... .......... ..........  252M
  3750K .......... .......... .......... .......... ..........  265M
  3800K .......... .......... .......... .......... ..........  324M
  3850K .......... .......... .......... .......... ..........  269M
  3900K .......... .......... .......... .......... ..........  404M
  3950K .......... .......... .......... .......... ..........  519M
  4000K .......... .......... .......... .......... ..........  224M
  4050K .......... .......... .......... .......... ..........  491M
  4100K .......... .......... .......... .......... ..........  300M
  4150K .......... .......... .......... .......... ..........  347M
  4200K .......... .......... .......... .......... ..........  260M
  4250K .......... .......... .......... .......... ..........  318M
  4300K .......... .......... .......... .......... ..........  180M
  4350K .......... .......... .......... .......... ..........  416M
  4400K .......... .......... .......... .......... ..........  237M
  4450K .......... .......... .......... .......... ..........  614M
  4500K .......... .......... .......... .......... ..........  528M
  4550K .......... .......... .......... .......... ..........  585M
  4600K .......... .......... .......... .......... ..........  578M
  4650K .......... .......... .......... .......... ..........  621M
  4700K .......... .......... .......... .......... ..........  587M
  4750K .......... .......... .......... .......... ..........  402M
  4800K .......... .......... .......... .......... ..........  558M
  4850K .......... .......... .......... .......... ..........  605M
  4900K .......... .......... .......... .......... ..........  581M
  4950K .......... .......... .......... .......... ..........  559M
  5000K .......... .......... .......... .......... ..........  362M
  5050K .......... .......... .......... .......... ..........  641M
  5100K .......... .......... .......... .......... ..........  567M
  5150K .......... .......... .......... .......... ..........  551M
  5200K .......... .......... .......... .......... ..........  560M
  5250K .......... .......... .......... .......... ..........  512M
  5300K .......... .......... .......... .......... ..........  513M
  5350K .......... .......... .......... .......... ..........  677M
  5400K .......... .......... .......... .......... ..........  708M
  5450K .......... .......... .......... .......... ..........  738M
  5500K .......... .......... .......... .......... ..........  723M
  5550K .......... .......... .......... .......... ..........  688M
  5600K .......... .......... .......... .......... ..........  674M
  5650K .......... .......... .......... .......... ..........  604M
  5700K .......... .......... .......... .......... ..........  659M
  5750K .......... .......... .......... .......... ..........  684M
  5800K .......... .......... .......... .......... ..........  667M
  5850K .......... .......... .......... .......... ..........  753M
  5900K .......... .......... .......... .......... ..........  727M
  5950K .......... .......... .......... .......... ..........  717M
  6000K .......... .......... .......... .......... ..........  582M
  6050K .......... .......... .......... .......... ..........  573M
  6100K .......... .......... .......... .......... ..........  690M
  6150K .......... .......... .......... .......... ..........  733M
  6200K .......... .......... .......... .......... ..........  685M
  6250K .......... .......... .......... .......... ..........  739M
  6300K .......... .......... .......... .......... ..........  694M
  6350K .......... .......... .......... .......... ..........  727M
  6400K .......... .......... .......... .......... ..........  649M
  6450K .......... .......... .......... .......... ..........  614M
  6500K .......... .......... .......... .......... ..........  689M
  6550K .......... .......... .......... .......... ..........  689M
  6600K .......... .......... .......... .......... ..........  717M
  6650K .......... .......... .......... .......... ..........  733M
  6700K .......... .......... .......... .......... ..........  984K
  6750K .......... .......... .......... .......... ..........  298M
  6800K .......... .......... .......... .......... ..........  228M
  6850K .......... .......... .......... .......... ..........  321M
  6900K .......... .......... .......... .......... ..........  438M
  6950K .......... .......... .......... .......... ..........  326M
  7000K .......... .......... .......... .......... ..........  246M
  7050K .......... .......... .......... .......... ..........  414M
  7100K .......... .......... .......... .......... ..........  409M
  7150K .......... .......... .......... .......... ..........  462M
  7200K .......... .......... .......... .......... ..........  475M
  7250K .......... .......... .......... .......... ..........  563M
  7300K .......... .......... .......... .......... ..........  373M
  7350K .......... .......... .......... .......... ..........  390M
  7400K .......... .......... .......... .......... ..........  348M
  7450K .......... .......... .......... .......... ..........  397M
  7500K .......... .......... .......... .......... ..........  588M
  7550K .......... .......... .......... .......... ..........  342M
  7600K .......... .......... .......... .......... ..........  551M
  7650K .......... .......... .......... .......... ..........  445M
  7700K .......... .......... .......... .......... ..........  291M
  7750K .......... .......... .......... .......... ..........  541M
  7800K .......... .......... .......... .......... ..........  379M
  7850K .......... .......... .......... .......... ..........  681M
  7900K .......... .......... .......... .......... ..........  587M
  7950K .......... .......... .......... .......... ..........  441M
  8000K .......... .......... .......... .......... ..........  611M
  8050K .......... .......... .......... .......... ..........  548M
  8100K .......... .......... .......... .......... ..........  559M
  8150K .......... .......... .......... .......... ..........  586M
  8200K .......... .......... .......... .......... ..........  512M
  8250K .......... .......... .......... .......... ..........  580M
  8300K .......... .......... .......... .......... ..........  586M
  8350K .......... .......... .......... .......... ..........  611M
  8400K .......... .......... .......... .......... ..........  616M
  8450K .......... .......... .......... .......... ..........  829M
  8500K .......... .......... .......... .......... ..........  707M
  8550K .......... .......... .......... .......... ..........  707M
  8600K .......... .......... .......... .......... ..........  760M
  8650K .......... .......... .......... .......... ..........  584M
  8700K .......... .......... .......... .......... ..........  573M
  8750K .......... .......... .......... .......... ..........  944K
  8800K .......... .......... .......... .......... ..........  253M
  8850K .......... .......... .......... .......... ..........  342M
  8900K .......... .......... .......... .......... ..........  324M
  8950K .......... .......... .......... .......... ..........  307M
  9000K .......... .......... .......... .......... ..........  368M
  9050K .......... .......... .......... .......... ..........  463M
  9100K .......... .......... .......... .......... ..........  202M
  9150K .......... .......... .......... .......... ..........  495M
  9200K .......... .......... .......... .......... ..........  292M
  9250K .......... .......... .......... .......... ..........  587M
  9300K .......... .......... .......... .......... ..........  581M
  9350K .......... .......... .......... .......... ..........  454M
  9400K .......... .......... .......... .......... ..........  643M
  9450K .......... .......... .......... .......... ..........  531M
  9500K .......... .......... .......... .......... ..........  592M
  9550K .......... .......... .......... .......... ..........  451M
  9600K .......... .......... .......... .......... ..........  648M
  9650K .......... .......... .......... .......... ..........  627M
  9700K .......... .......... .......... .......... ..........  504M
  9750K .......... .......... .......... .......... ..........  568M
  9800K .......... .......... .......... .......... ..........  611M
  9850K .......... .......... .......... .......... ..........  574M
  9900K .......... .......... .......... .......... ..........  535M
  9950K .......... .......... .......... .......... ..........  493M
 10000K .......... .......... .......... .......... ..........  638M
 10050K .......... .......... .......... .......... ..........  333M
 10100K .......... .......... .......... .......... ..........  213M
 10150K .......... .......... .......... .......... ..........  231M
 10200K .......... .......... .......... .......... ..........  219M
 10250K .......... .......... .......... .......... ..........  224M
 10300K .......... .......... .......... .......... ..........  214M
 10350K .......... .......... .......... .......... ..........  233M
 10400K .......... .......... .......... .......... ..........  229M
 10450K .......... .......... .......... .......... ..........  273M
 10500K .......... ..                                           276M=0.6s

2025-12-30 03:20:21 (17.8 MB/s) - ‘/tmp/WLEDtemp/mm.zip’ saved [10765253]

npm warn deprecated osenv@0.1.5: This package is no longer supported.
npm warn deprecated uuid@3.4.0: Please upgrade  to version 7 or higher.  Older versions may use Math.random() in certain circumstances, which is known to be problematic.  See https://v8.dev/blog/math-random for details.
npm warn deprecated q@1.5.1: You or someone you depend on is using Q, the JavaScript Promise library that gave JavaScript developers strong feelings about promises. They can almost certainly migrate to the native JavaScript promise now. Thank you literally everyone for joining me in this bet against the odds. Be excellent to each other.
npm warn deprecated
npm warn deprecated (For a CapTP with native promises, see @endo/eventual-send and @endo/captp)
npm warn deprecated har-validator@5.1.5: this library is no longer supported
npm warn deprecated request@2.88.2: request has been deprecated, see https://github.com/request/request/issues/3142
npm warn deprecated uuid@2.0.3: Please upgrade  to version 7 or higher.  Older versions may use Math.random() in certain circumstances, which is known to be problematic.  See https://v8.dev/blog/math-random for details.
npm warn deprecated svgo@0.6.6: This SVGO version is no longer supported. Upgrade to v2.x.x.

added 238 packages, and audited 239 packages in 4s

9 packages are looking for funding
  run `npm fund` for details

16 vulnerabilities (1 low, 7 moderate, 5 high, 3 critical)

To address issues that do not require attention, run:
  npm audit fix

To address all issues (including breaking changes), run:
  npm audit fix --force

Run `npm audit` for details.
InvalidProjectConfError: Invalid '/tmp/WLEDtemp/WLED-0_15_x/platformio.ini' (project configuration file): 'Source contains parsing errors: '/tmp/WLEDtemp/WLED-0_15_x/platformio.ini'
	[line 666]: '-D USERMOD_AUDIOREACTIVE\n''
Traceback (most recent call last):
  File "/opt/hostedtoolcache/Python/3.10.19/x64/lib/python3.10/site-packages/platformio/project/config.py", line 111, in read
    self._parser.read(path, "utf-8")
  File "/opt/hostedtoolcache/Python/3.10.19/x64/lib/python3.10/configparser.py", line 699, in read
    self._read(fp, filename)
  File "/opt/hostedtoolcache/Python/3.10.19/x64/lib/python3.10/configparser.py", line 1118, in _read
    raise e
configparser.ParsingError: Source contains parsing errors: '/tmp/WLEDtemp/WLED-0_15_x/platformio.ini'
	[line 666]: '-D USERMOD_AUDIOREACTIVE\n'

The above exception was the direct cause of the following exception:

Traceback (most recent call last):
  File "/opt/hostedtoolcache/Python/3.10.19/x64/bin/pio", line 7, in <module>
    sys.exit(main())
  File "/opt/hostedtoolcache/Python/3.10.19/x64/lib/python3.10/site-packages/platformio/__main__.py", line 134, in main
    maintenance.on_platformio_exit()
  File "/opt/hostedtoolcache/Python/3.10.19/x64/lib/python3.10/site-packages/platformio/maintenance.py", line 65, in on_platformio_exit
    telemetry.on_exit()
  File "/opt/hostedtoolcache/Python/3.10.19/x64/lib/python3.10/site-packages/platformio/telemetry.py", line 177, in on_exit
    TelemetryLogger().send()
  File "/opt/hostedtoolcache/Python/3.10.19/x64/lib/python3.10/site-packages/platformio/util.py", line 133, in get_instance
    _instances[cls] = cls(*args, **kwargs)
  File "/opt/hostedtoolcache/Python/3.10.19/x64/lib/python3.10/site-packages/platformio/telemetry.py", line 78, in __init__
    self._http_session = HTTPSession()
  File "/opt/hostedtoolcache/Python/3.10.19/x64/lib/python3.10/site-packages/platformio/http.py", line 52, in __init__
    self.headers.update({"User-Agent": app.get_user_agent()})
  File "/opt/hostedtoolcache/Python/3.10.19/x64/lib/python3.10/site-packages/platformio/app.py", line 277, in get_user_agent
    if not get_setting("enable_telemetry"):
  File "/opt/hostedtoolcache/Python/3.10.19/x64/lib/python3.10/site-packages/platformio/app.py", line 208, in get_setting
    with State() as state:
  File "/opt/hostedtoolcache/Python/3.10.19/x64/lib/python3.10/site-packages/platformio/app.py", line 88, in __init__
    self.path = resolve_state_path("core_dir", "appstate.json")
  File "/opt/hostedtoolcache/Python/3.10.19/x64/lib/python3.10/site-packages/platformio/app.py", line 77, in resolve_state_path
    state_dir = ProjectConfig.get_instance().get("platformio", conf_option_dir)
  File "/opt/hostedtoolcache/Python/3.10.19/x64/lib/python3.10/site-packages/platformio/project/config.py", line 524, in get_instance
    instance = {"mtime": mtime, "config": ProjectConfig(path)}
  File "/opt/hostedtoolcache/Python/3.10.19/x64/lib/python3.10/site-packages/platformio/project/config.py", line 99, in __init__
    self.read(path, parse_extra)
  File "/opt/hostedtoolcache/Python/3.10.19/x64/lib/python3.10/site-packages/platformio/project/config.py", line 113, in read
    raise exception.InvalidProjectConfError(path, str(exc)) from exc
platformio.project.exception.InvalidProjectConfError: Invalid '/tmp/WLEDtemp/WLED-0_15_x/platformio.ini' (project configuration file): 'Source contains parsing errors: '/tmp/WLEDtemp/WLED-0_15_x/platformio.ini'
	[line 666]: '-D USERMOD_AUDIOREACTIVE\n''
Exception ignored in atexit callback: <function _finalize at 0x7f7d02138700>
Traceback (most recent call last):
  File "/opt/hostedtoolcache/Python/3.10.19/x64/lib/python3.10/site-packages/platformio/telemetry.py", line 313, in _finalize
    telemetry = TelemetryLogger()
  File "/opt/hostedtoolcache/Python/3.10.19/x64/lib/python3.10/site-packages/platformio/util.py", line 133, in get_instance
    _instances[cls] = cls(*args, **kwargs)
  File "/opt/hostedtoolcache/Python/3.10.19/x64/lib/python3.10/site-packages/platformio/telemetry.py", line 78, in __init__
    self._http_session = HTTPSession()
  File "/opt/hostedtoolcache/Python/3.10.19/x64/lib/python3.10/site-packages/platformio/http.py", line 52, in __init__
    self.headers.update({"User-Agent": app.get_user_agent()})
  File "/opt/hostedtoolcache/Python/3.10.19/x64/lib/python3.10/site-packages/platformio/app.py", line 277, in get_user_agent
    if not get_setting("enable_telemetry"):
  File "/opt/hostedtoolcache/Python/3.10.19/x64/lib/python3.10/site-packages/platformio/app.py", line 208, in get_setting
    with State() as state:
  File "/opt/hostedtoolcache/Python/3.10.19/x64/lib/python3.10/site-packages/platformio/app.py", line 88, in __init__
    self.path = resolve_state_path("core_dir", "appstate.json")
  File "/opt/hostedtoolcache/Python/3.10.19/x64/lib/python3.10/site-packages/platformio/app.py", line 77, in resolve_state_path
    state_dir = ProjectConfig.get_instance().get("platformio", conf_option_dir)
  File "/opt/hostedtoolcache/Python/3.10.19/x64/lib/python3.10/site-packages/platformio/project/config.py", line 524, in get_instance
    instance = {"mtime": mtime, "config": ProjectConfig(path)}
  File "/opt/hostedtoolcache/Python/3.10.19/x64/lib/python3.10/site-packages/platformio/project/config.py", line 99, in __init__
    self.read(path, parse_extra)
  File "/opt/hostedtoolcache/Python/3.10.19/x64/lib/python3.10/site-packages/platformio/project/config.py", line 113, in read
    raise exception.InvalidProjectConfError(path, str(exc)) from exc
platformio.project.exception.InvalidProjectConfError: Invalid '/tmp/WLEDtemp/WLED-0_15_x/platformio.ini' (project configuration file): 'Source contains parsing errors: '/tmp/WLEDtemp/WLED-0_15_x/platformio.ini'
	[line 666]: '-D USERMOD_AUDIOREACTIVE\n''
InvalidProjectConfError: Invalid '/tmp/WLEDtemp/WLED-0_15_x/platformio.ini' (project configuration file): 'Source contains parsing errors: '/tmp/WLEDtemp/WLED-0_15_x/platformio.ini'
	[line 666]: '-D USERMOD_AUDIOREACTIVE\n''
Traceback (most recent call last):
  File "/opt/hostedtoolcache/Python/3.10.19/x64/lib/python3.10/site-packages/platformio/project/config.py", line 111, in read
    self._parser.read(path, "utf-8")
  File "/opt/hostedtoolcache/Python/3.10.19/x64/lib/python3.10/configparser.py", line 699, in read
    self._read(fp, filename)
  File "/opt/hostedtoolcache/Python/3.10.19/x64/lib/python3.10/configparser.py", line 1118, in _read
    raise e
configparser.ParsingError: Source contains parsing errors: '/tmp/WLEDtemp/WLED-0_15_x/platformio.ini'
	[line 666]: '-D USERMOD_AUDIOREACTIVE\n'

The above exception was the direct cause of the following exception:

Traceback (most recent call last):
  File "/opt/hostedtoolcache/Python/3.10.19/x64/bin/pio", line 7, in <module>
    sys.exit(main())
  File "/opt/hostedtoolcache/Python/3.10.19/x64/lib/python3.10/site-packages/platformio/__main__.py", line 134, in main
    maintenance.on_platformio_exit()
  File "/opt/hostedtoolcache/Python/3.10.19/x64/lib/python3.10/site-packages/platformio/maintenance.py", line 65, in on_platformio_exit
    telemetry.on_exit()
  File "/opt/hostedtoolcache/Python/3.10.19/x64/lib/python3.10/site-packages/platformio/telemetry.py", line 177, in on_exit
    TelemetryLogger().send()
  File "/opt/hostedtoolcache/Python/3.10.19/x64/lib/python3.10/site-packages/platformio/util.py", line 133, in get_instance
    _instances[cls] = cls(*args, **kwargs)
  File "/opt/hostedtoolcache/Python/3.10.19/x64/lib/python3.10/site-packages/platformio/telemetry.py", line 78, in __init__
    self._http_session = HTTPSession()
  File "/opt/hostedtoolcache/Python/3.10.19/x64/lib/python3.10/site-packages/platformio/http.py", line 52, in __init__
    self.headers.update({"User-Agent": app.get_user_agent()})
  File "/opt/hostedtoolcache/Python/3.10.19/x64/lib/python3.10/site-packages/platformio/app.py", line 277, in get_user_agent
    if not get_setting("enable_telemetry"):
  File "/opt/hostedtoolcache/Python/3.10.19/x64/lib/python3.10/site-packages/platformio/app.py", line 208, in get_setting
    with State() as state:
  File "/opt/hostedtoolcache/Python/3.10.19/x64/lib/python3.10/site-packages/platformio/app.py", line 88, in __init__
    self.path = resolve_state_path("core_dir", "appstate.json")
  File "/opt/hostedtoolcache/Python/3.10.19/x64/lib/python3.10/site-packages/platformio/app.py", line 77, in resolve_state_path
    state_dir = ProjectConfig.get_instance().get("platformio", conf_option_dir)
  File "/opt/hostedtoolcache/Python/3.10.19/x64/lib/python3.10/site-packages/platformio/project/config.py", line 524, in get_instance
    instance = {"mtime": mtime, "config": ProjectConfig(path)}
  File "/opt/hostedtoolcache/Python/3.10.19/x64/lib/python3.10/site-packages/platformio/project/config.py", line 99, in __init__
    self.read(path, parse_extra)
  File "/opt/hostedtoolcache/Python/3.10.19/x64/lib/python3.10/site-packages/platformio/project/config.py", line 113, in read
    raise exception.InvalidProjectConfError(path, str(exc)) from exc
platformio.project.exception.InvalidProjectConfError: Invalid '/tmp/WLEDtemp/WLED-0_15_x/platformio.ini' (project configuration file): 'Source contains parsing errors: '/tmp/WLEDtemp/WLED-0_15_x/platformio.ini'
	[line 666]: '-D USERMOD_AUDIOREACTIVE\n''
Exception ignored in atexit callback: <function _finalize at 0x7f323d538700>
Traceback (most recent call last):
  File "/opt/hostedtoolcache/Python/3.10.19/x64/lib/python3.10/site-packages/platformio/telemetry.py", line 313, in _finalize
    telemetry = TelemetryLogger()
  File "/opt/hostedtoolcache/Python/3.10.19/x64/lib/python3.10/site-packages/platformio/util.py", line 133, in get_instance
    _instances[cls] = cls(*args, **kwargs)
  File "/opt/hostedtoolcache/Python/3.10.19/x64/lib/python3.10/site-packages/platformio/telemetry.py", line 78, in __init__
    self._http_session = HTTPSession()
  File "/opt/hostedtoolcache/Python/3.10.19/x64/lib/python3.10/site-packages/platformio/http.py", line 52, in __init__
    self.headers.update({"User-Agent": app.get_user_agent()})
  File "/opt/hostedtoolcache/Python/3.10.19/x64/lib/python3.10/site-packages/platformio/app.py", line 277, in get_user_agent
    if not get_setting("enable_telemetry"):
  File "/opt/hostedtoolcache/Python/3.10.19/x64/lib/python3.10/site-packages/platformio/app.py", line 208, in get_setting
    with State() as state:
  File "/opt/hostedtoolcache/Python/3.10.19/x64/lib/python3.10/site-packages/platformio/app.py", line 88, in __init__
    self.path = resolve_state_path("core_dir", "appstate.json")
  File "/opt/hostedtoolcache/Python/3.10.19/x64/lib/python3.10/site-packages/platformio/app.py", line 77, in resolve_state_path
    state_dir = ProjectConfig.get_instance().get("platformio", conf_option_dir)
  File "/opt/hostedtoolcache/Python/3.10.19/x64/lib/python3.10/site-packages/platformio/project/config.py", line 524, in get_instance
    instance = {"mtime": mtime, "config": ProjectConfig(path)}
  File "/opt/hostedtoolcache/Python/3.10.19/x64/lib/python3.10/site-packages/platformio/project/config.py", line 99, in __init__
    self.read(path, parse_extra)
  File "/opt/hostedtoolcache/Python/3.10.19/x64/lib/python3.10/site-packages/platformio/project/config.py", line 113, in read
    raise exception.InvalidProjectConfError(path, str(exc)) from exc
platformio.project.exception.InvalidProjectConfError: Invalid '/tmp/WLEDtemp/WLED-0_15_x/platformio.ini' (project configuration file): 'Source contains parsing errors: '/tmp/WLEDtemp/WLED-0_15_x/platformio.ini'
	[line 666]: '-D USERMOD_AUDIOREACTIVE\n''
