Repo to build:
https://github.com/wled/WLED/archive/refs/heads/main.zip
Enviroment to build:
[env:custom_build]
extends = env:esp32dev
build_flags = ${env:esp32dev.build_flags} -D WLED_ENABLE_DMX -D CLIENT_SSID='"ART"' -D CLIENT_PASS='"aabbccdd"'
Hacks to apply:
1
--2025-12-22 22:29:07--  https://github.com/wled/WLED/archive/refs/heads/main.zip
Resolving github.com (github.com)... 140.82.113.3
Connecting to github.com (github.com)|140.82.113.3|:443... connected.
HTTP request sent, awaiting response... No data received.
Retrying.

--2025-12-22 22:29:09--  (try: 2)  https://github.com/wled/WLED/archive/refs/heads/main.zip
Connecting to github.com (github.com)|140.82.113.3|:443... connected.
HTTP request sent, awaiting response... 302 Found
Location: https://codeload.github.com/wled/WLED/zip/refs/heads/main [following]
--2025-12-22 22:29:12--  https://codeload.github.com/wled/WLED/zip/refs/heads/main
Resolving codeload.github.com (codeload.github.com)... 140.82.112.9
Connecting to codeload.github.com (codeload.github.com)|140.82.112.9|:443... connected.
HTTP request sent, awaiting response... 200 OK
Length: unspecified [application/zip]
Saving to: ‘/tmp/WLEDtemp/mm.zip’

     0K .......... .......... .......... .......... ..........  998K
    50K .......... .......... .......... .......... .......... 3.11M
   100K .......... .......... .......... .......... ..........  128M
   150K .......... .......... .......... .......... .......... 3.20M
   200K .......... .......... .......... .......... ..........  241M
   250K .......... .......... .......... .......... ..........  304M
   300K .......... .......... .......... .......... .......... 3.19M
   350K .......... .......... .......... .......... ..........  219M
   400K .......... .......... .......... .......... ..........  289M
   450K .......... .......... .......... .......... ..........  279M
   500K .......... .......... .......... .......... ..........  347M
   550K .......... .......... .......... .......... ..........  370M
   600K .......... .......... .......... .......... ..........  378M
   650K .......... .......... .......... .......... .......... 3.35M
   700K .......... .......... .......... .......... ..........  203M
   750K .......... .......... .......... .......... ..........  175M
   800K .......... .......... .......... .......... ..........  291M
   850K .......... .......... .......... .......... ..........  276M
   900K .......... .......... .......... .......... ..........  276M
   950K .......... .......... .......... .......... ..........  399M
  1000K .......... .......... .......... .......... ..........  183M
  1050K .......... .......... .......... .......... ..........  395M
  1100K .......... .......... .......... .......... ..........  294M
  1150K .......... .......... .......... .......... ..........  360M
  1200K .......... .......... .......... .......... .......... 3.63M
  1250K .......... .......... .......... .......... .......... 20.9M
  1300K .......... .......... .......... .......... ..........  116M
  1350K .......... .......... .......... .......... ..........  156M
  1400K .......... .......... .......... .......... ..........  111M
  1450K .......... .......... .......... .......... .......... 64.7M
  1500K .......... .......... .......... .......... .......... 67.9M
  1550K .......... .......... .......... .......... ..........  116M
  1600K .......... .......... .......... .......... ..........  302M
  1650K .......... .......... .......... .......... ..........  304M
  1700K .......... .......... .......... .......... .......... 98.5M
  1750K .......... .......... .......... .......... ..........  325M
  1800K .......... .......... .......... .......... ..........  359M
  1850K .......... .......... .......... .......... ..........  299M
  1900K .......... .......... .......... .......... ..........  343M
  1950K .......... .......... .......... .......... ..........  134M
  2000K .......... .......... .......... .......... ..........  155M
  2050K .......... .......... .......... .......... .......... 42.6M
  2100K .......... .......... .......... .......... ..........  121M
  2150K .......... .......... .......... .......... ..........  261M
  2200K .......... .......... .......... .......... ..........  311M
  2250K .......... .......... .......... .......... ..........  320M
  2300K .......... .......... .......... .......... .......... 60.1M
  2350K .......... .......... .......... .......... .......... 9.14M
  2400K .......... .......... .......... .......... ..........  390M
  2450K .......... .......... .......... .......... .......... 59.4M
  2500K .......... .......... .......... .......... .......... 40.3M
  2550K .......... .......... .......... .......... .......... 57.5M
  2600K .......... .......... .......... .......... ..........  389M
  2650K .......... .......... .......... .......... ..........  365M
  2700K .......... .......... .......... .......... ..........  373M
  2750K .......... .......... .......... .......... .......... 61.6M
  2800K .......... .......... .......... .......... ..........  260M
  2850K .......... .......... .......... .......... ..........  135M
  2900K .......... .......... .......... .......... ..........  345M
  2950K .......... .......... .......... .......... ..........  226M
  3000K .......... .......... .......... .......... ..........  151M
  3050K .......... .......... .......... .......... ..........  159M
  3100K .......... .......... .......... .......... ..........  138M
  3150K .......... .......... .......... .......... ..........  158M
  3200K .......... .......... .......... .......... ..........  164M
  3250K .......... .......... .......... .......... .......... 10.8M
  3300K .......... .......... .......... .......... .......... 92.6M
  3350K .......... .......... .......... .......... ..........  122M
  3400K .......... .......... .......... .......... .......... 30.3M
  3450K .......... .......... .......... .......... .......... 10.4M
  3500K .......... .......... .......... .......... ..........  114M
  3550K .......... .......... .......... .......... .......... 37.8M
  3600K .......... .......... .......... .......... .......... 24.6M
  3650K .......... .......... .......... .......... .......... 24.6M
  3700K .......... .......... .......... .......... .......... 8.49M
  3750K .......... .......... .......... .......... ..........  127M
  3800K .......... .......... .......... .......... .......... 6.54M
  3850K .......... .......... .......... .......... ..........  105M
  3900K .......... .......... .......... .......... ..........  121M
  3950K .......... .......... .......... .......... .......... 97.0M
  4000K .......... .......... .......... .......... ..........  159M
  4050K .......... .......... .......... .......... .......... 7.41M
  4100K .......... .......... .......... .......... ..........  143M
  4150K .......... .......... .......... .......... .......... 27.1M
  4200K .......... .......... .......... .......... .......... 35.1M
  4250K .......... .......... .......... .......... .......... 7.38M
  4300K .......... .......... .......... .......... .......... 10.0M
  4350K .......... .......... .......... .......... ..........  135M
  4400K .......... .......... .......... .......... .......... 1.94M
  4450K .......... .......... .......... .......... .......... 94.7M
  4500K .......... .......... .......... .......... .......... 71.9M
  4550K .......... .......... .......... .......... ..........  141M
  4600K .......... .......... .......... .......... ..........  115M
  4650K .......... .......... .......... .......... ..........  181M
  4700K .......... .......... .......... .......... ..........  317M
  4750K .......... .......... .......... .......... ..........  177M
  4800K .......... .......... .......... .......... ..........  270M
  4850K .......... .......... .......... .......... ..........  362M
  4900K .......... .......... .......... .......... ..........  235M
  4950K .......... .......... .......... .......... ..........  260M
  5000K .......... .......... .......... .......... ..........  196M
  5050K .......... .......... .......... .......... ..........  384M
  5100K .......... .......... .......... .......... ..........  232M
  5150K .......... .......... .......... .......... .......... 1.63M
  5200K .......... .......... .......... .......... .......... 77.4M
  5250K .......... .......... .......... .......... .......... 70.1M
  5300K .......... .......... .......... .......... ..........  125M
  5350K .......... .......... .......... .......... ..........  218M
  5400K .......... .......... .......... .......... ..........  262M
  5450K .......... .......... .......... .......... ..........  382M
  5500K .......... .......... .......... .......... ..........  262M
  5550K .......... .......... .......... .......... ..........  246M
  5600K .......... .......... .......... .......... ..........  322M
  5650K .......... .......... .......... .......... ..........  409M
  5700K .......... .......... .......... .......... ..........  204M
  5750K .......... .......... .......... .......... ..........  360M
  5800K .......... .......... .......... .......... ..........  191M
  5850K .......... .......... .......... .......... ..........  301M
  5900K .......... .......... .......... .......... ..........  372M
  5950K .......... .......... .......... .......... ..........  370M
  6000K .......... .......... .......... .......... .......... 1.62M
  6050K .......... .......... .......... .......... ..........  104M
  6100K .......... .......... .......... .......... ..........  135M
  6150K .......... .......... .......... .......... ..........  194M
  6200K .......... .......... .......... .......... ..........  364M
  6250K .......... .......... .......... .......... ..........  380M
  6300K .......... .......... .......... .......... ..........  277M
  6350K .......... .......... .......... .......... ..........  373M
  6400K .......... .......... .......... .......... ..........  343M
  6450K .......... .......... .......... .......... ..........  371M
  6500K .......... .......... .......... .......... ..........  285M
  6550K .......... .......... .......... .......... ..........  190M
  6600K .......... .......... .......... .......... ..........  299M
  6650K .......... .......... .......... .......... ..........  393M
  6700K .......... .......... .......... .......... ..........  337M
  6750K .......... .......... .......... .......... ..........  346M
  6800K .......... .......... .......... .......... ..........  365M
  6850K .......... .......... .......... .......... ..........  392M
  6900K .......... .......... .......... .......... ..........  269M
  6950K .......... .......... .......... .......... ..........  309M
  7000K .......... .......... .......... .......... ..........  367M
  7050K .......... .......... .......... .......... ..........  384M
  7100K .......... .......... .......... .......... .......... 1.83M
  7150K .......... .......... .......... .......... ..........  110M
  7200K .......... .......... .......... .......... ..........  150M
  7250K .......... .......... .......... .......... .......... 92.5M
  7300K .......... .......... .......... .......... ..........  387M
  7350K .......... .......... .......... .......... .......... 66.1M
  7400K .......... .......... .......... .......... ..........  367M
  7450K .......... .......... .......... .......... ..........  367M
  7500K .......... .......... .......... .......... ..........  110M
  7550K .......... .......... .......... .......... ..........  224M
  7600K .......... .......... .......... .......... ..........  368M
  7650K .......... .......... .......... .......... ..........  366M
  7700K .......... .......... .......... .......... ..........  114M
  7750K .......... .......... .......... .......... ..........  361M
  7800K .......... .......... .......... .......... ..........  304M
  7850K .......... .......... .......... .......... ..........  351M
  7900K .......... .......... .......... .......... ..........  341M
  7950K .......... .......... .......... .......... ..........  272M
  8000K .......... .......... .......... .......... .......... 2.96M
  8050K .......... .......... .......... .......... ..........  284M
  8100K .......... .......... .......... .......... ..........  147M
  8150K .......... .......... .......... .......... ..........  109M
  8200K .......... .......... .......... .......... ..........  143M
  8250K .......... .......... .......... .......... .......... 96.9M
  8300K .......... .......... .......... .......... ..........  257M
  8350K .......... .......... .......... .......... ..........  283M
  8400K .......... .......... .......... .......... ..........  342M
  8450K .......... .......... .......... .......... ..........  162M
  8500K .......... .......... .......... .......... ..........  334M
  8550K .......... .......... .......... .......... ..........  173M
  8600K .......... .......... .......... .......... .......... 9.47M
  8650K .......... .......... .......... .......... .......... 4.01M
  8700K .......... .......... .......... .......... ..........  101M
  8750K .......... .......... .......... .......... ..........  110M
  8800K .......... .......... .......... .......... ..........  151M
  8850K .......... .......... .......... .......... ..........  184M
  8900K .......... .......... .......... .......... ..........  286M
  8950K .......... .......... .......... .......... .......... 6.37M
  9000K .......... .......... .......... .......... ..........  114M
  9050K .......... .......... .......... .......... ..........  129M
  9100K .......... .......... .......... .......... ..........  153M
  9150K .......... .......... .......... .......... ..........  303M
  9200K .......... .......... .......... .......... .......... 4.81M
  9250K .......... .......... .......... .......... ..........  111M
  9300K .......... .......... .......... .......... .......... 72.0M
  9350K .......... .......... .......... .......... .......... 96.5M
  9400K .......... .......... .......... .......... ..........  275M
  9450K .......... .......... .......... .......... ..........  370M
  9500K .......... .......... .......... .......... .......... 47.7M
  9550K .......... .......... .......... .......... .......... 30.5M
  9600K .......... .......... .......... .......... .......... 37.9M
  9650K .......... .......... .......... .......... .......... 1.17M
  9700K .......... .......... .......... .......... ..........  105M
  9750K .......... .......... .......... .......... .......... 94.6M
  9800K .......... .......... .......... .......... ..........  152M
  9850K .......... .......... .......... .......... ..........  315M
  9900K .......... .......... .......... .......... ..........  342M
  9950K .......... .......... .......... .......... ..........  187M
 10000K .......... .......... .......... .......... ..........  133M
 10050K .......... .......... .......... .......... ..........  328M
 10100K .......... .......... .......... .......... ..........  393M
 10150K .......... .......... .......... .......... ..........  209M
 10200K .......... .......... .......... .......... ..........  316M
 10250K .......... .......... .......... .......... ..........  333M
 10300K .......... .......... .......... .......... ..........  340M
 10350K .......... .......... .......... .......... ..........  256M
 10400K .......... .......... .......... .......... ..........  269M
 10450K .......... .......... .......... .......... ..........  334M
 10500K .......... .......... .......... .......... ..........  386M
 10550K .......... .......... .......... .......... ..........  344M
 10600K .......... .......... .......... .......... ..........  303M
 10650K .......... .......... .......... .......... .......... 25.7M
 10700K .......... .......... .......... .......... .......... 5.73M
 10750K .......... .......... .......... .......... .......... 34.1M
 10800K .......... .......... .......... .......... .......... 2.19M
 10850K .......... .......... .......... .......... .......... 95.1M
 10900K .......... .......... .......... .......... .......... 27.7M
 10950K .......... .......... .......... .......... .......... 4.60M
 11000K .......... .......... .......... .......... .......... 9.66M
 11050K .......... .......... .......... .......... .......... 8.04M
 11100K .......... .......... .......... .......... .......... 6.04M
 11150K .......... .......... .......... .......... .......... 12.0M
 11200K .......... .......... .......... .......... .......... 9.32M
 11250K .......... .......... .......... .......... .......... 9.16M
 11300K .......... .......... .......... .......... .......... 7.81M
 11350K .......... .......... .......... .......... .......... 11.0M
 11400K .......... .......... .......... .......... .......... 5.94M
 11450K .......... .......... .......... .......... .......... 4.85M
 11500K .......... .......... .......... .......... .......... 18.7M
 11550K .......... .......... .......... .......... .......... 14.2M
 11600K .......... .......... .......... .......... ......     21.0M=0.6s

2025-12-22 22:29:13 (20.3 MB/s) - ‘/tmp/WLEDtemp/mm.zip’ saved [11926071]


added 67 packages, and audited 68 packages in 2s

13 packages are looking for funding
  run `npm fund` for details

found 0 vulnerabilities
Apply hackTo be used with DMX_OUTPUT option for ESP32: use GPIO32 instead of GPIO2 as DMX output pin
********************************************************************************
If you like PlatformIO, please:
- star it on GitHub > https://github.com/platformio/platformio-core
- follow us on LinkedIn to stay up-to-date on the latest project news > https://www.linkedin.com/company/platformio/
- try PlatformIO IDE for embedded development > https://platformio.org/platformio-ide
********************************************************************************

Processing custom_build (board: esp32dev; platform: https://github.com/tasmota/platform-espressif32/releases/download/2023.06.02/platform-espressif32.zip; framework: arduino)
--------------------------------------------------------------------------------
Platform Manager: Installing https://github.com/tasmota/platform-espressif32/releases/download/2023.06.02/platform-espressif32.zip
Downloading...
Platform Manager: Error: Please read https://bit.ly/package-manager-ioerror
ConnectionError: Traceback (most recent call last):
  File "/opt/hostedtoolcache/Python/3.10.19/x64/lib/python3.10/site-packages/urllib3/connectionpool.py", line 787, in urlopen
    response = self._make_request(
  File "/opt/hostedtoolcache/Python/3.10.19/x64/lib/python3.10/site-packages/urllib3/connectionpool.py", line 534, in _make_request
    response = conn.getresponse()
  File "/opt/hostedtoolcache/Python/3.10.19/x64/lib/python3.10/site-packages/urllib3/connection.py", line 571, in getresponse
    httplib_response = super().getresponse()
  File "/opt/hostedtoolcache/Python/3.10.19/x64/lib/python3.10/http/client.py", line 1375, in getresponse
    response.begin()
  File "/opt/hostedtoolcache/Python/3.10.19/x64/lib/python3.10/http/client.py", line 318, in begin
    version, status, reason = self._read_status()
  File "/opt/hostedtoolcache/Python/3.10.19/x64/lib/python3.10/http/client.py", line 287, in _read_status
    raise RemoteDisconnected("Remote end closed connection without"
http.client.RemoteDisconnected: Remote end closed connection without response

During handling of the above exception, another exception occurred:

Traceback (most recent call last):
  File "/opt/hostedtoolcache/Python/3.10.19/x64/lib/python3.10/site-packages/requests/adapters.py", line 644, in send
    resp = conn.urlopen(
  File "/opt/hostedtoolcache/Python/3.10.19/x64/lib/python3.10/site-packages/urllib3/connectionpool.py", line 841, in urlopen
    retries = retries.increment(
  File "/opt/hostedtoolcache/Python/3.10.19/x64/lib/python3.10/site-packages/urllib3/util/retry.py", line 474, in increment
    raise reraise(type(error), error, _stacktrace)
  File "/opt/hostedtoolcache/Python/3.10.19/x64/lib/python3.10/site-packages/urllib3/util/util.py", line 38, in reraise
    raise value.with_traceback(tb)
  File "/opt/hostedtoolcache/Python/3.10.19/x64/lib/python3.10/site-packages/urllib3/connectionpool.py", line 787, in urlopen
    response = self._make_request(
  File "/opt/hostedtoolcache/Python/3.10.19/x64/lib/python3.10/site-packages/urllib3/connectionpool.py", line 534, in _make_request
    response = conn.getresponse()
  File "/opt/hostedtoolcache/Python/3.10.19/x64/lib/python3.10/site-packages/urllib3/connection.py", line 571, in getresponse
    httplib_response = super().getresponse()
  File "/opt/hostedtoolcache/Python/3.10.19/x64/lib/python3.10/http/client.py", line 1375, in getresponse
    response.begin()
  File "/opt/hostedtoolcache/Python/3.10.19/x64/lib/python3.10/http/client.py", line 318, in begin
    version, status, reason = self._read_status()
  File "/opt/hostedtoolcache/Python/3.10.19/x64/lib/python3.10/http/client.py", line 287, in _read_status
    raise RemoteDisconnected("Remote end closed connection without"
urllib3.exceptions.ProtocolError: ('Connection aborted.', RemoteDisconnected('Remote end closed connection without response'))

During handling of the above exception, another exception occurred:

Traceback (most recent call last):
  File "/opt/hostedtoolcache/Python/3.10.19/x64/lib/python3.10/site-packages/platformio/__main__.py", line 103, in main
    cli()  # pylint: disable=no-value-for-parameter
  File "/opt/hostedtoolcache/Python/3.10.19/x64/lib/python3.10/site-packages/click/core.py", line 1157, in __call__
    return self.main(*args, **kwargs)
  File "/opt/hostedtoolcache/Python/3.10.19/x64/lib/python3.10/site-packages/click/core.py", line 1078, in main
    rv = self.invoke(ctx)
  File "/opt/hostedtoolcache/Python/3.10.19/x64/lib/python3.10/site-packages/platformio/cli.py", line 85, in invoke
    return super().invoke(ctx)
  File "/opt/hostedtoolcache/Python/3.10.19/x64/lib/python3.10/site-packages/click/core.py", line 1688, in invoke
    return _process_result(sub_ctx.command.invoke(sub_ctx))
  File "/opt/hostedtoolcache/Python/3.10.19/x64/lib/python3.10/site-packages/click/core.py", line 1434, in invoke
    return ctx.invoke(self.callback, **ctx.params)
  File "/opt/hostedtoolcache/Python/3.10.19/x64/lib/python3.10/site-packages/click/core.py", line 783, in invoke
    return __callback(*args, **kwargs)
  File "/opt/hostedtoolcache/Python/3.10.19/x64/lib/python3.10/site-packages/click/decorators.py", line 33, in new_func
    return f(get_current_context(), *args, **kwargs)
  File "/opt/hostedtoolcache/Python/3.10.19/x64/lib/python3.10/site-packages/platformio/run/cli.py", line 147, in cli
    process_env(
  File "/opt/hostedtoolcache/Python/3.10.19/x64/lib/python3.10/site-packages/platformio/run/cli.py", line 210, in process_env
    ).process()
  File "/opt/hostedtoolcache/Python/3.10.19/x64/lib/python3.10/site-packages/platformio/run/processor.py", line 81, in process
    install_project_env_dependencies(
  File "/opt/hostedtoolcache/Python/3.10.19/x64/lib/python3.10/site-packages/platformio/package/commands/install.py", line 132, in install_project_env_dependencies
    _install_project_env_platform(project_env, options),
  File "/opt/hostedtoolcache/Python/3.10.19/x64/lib/python3.10/site-packages/platformio/package/commands/install.py", line 149, in _install_project_env_platform
    PlatformPackageManager().install(
  File "/opt/hostedtoolcache/Python/3.10.19/x64/lib/python3.10/site-packages/platformio/package/manager/platform.py", line 50, in install
    pkg = super().install(spec, force=force, skip_dependencies=True)
  File "/opt/hostedtoolcache/Python/3.10.19/x64/lib/python3.10/site-packages/platformio/package/manager/_install.py", line 47, in install
    pkg = self._install(spec, skip_dependencies=skip_dependencies, force=force)
  File "/opt/hostedtoolcache/Python/3.10.19/x64/lib/python3.10/site-packages/platformio/package/manager/_install.py", line 97, in _install
    pkg = self.install_from_uri(spec.uri, spec)
  File "/opt/hostedtoolcache/Python/3.10.19/x64/lib/python3.10/site-packages/platformio/package/manager/_install.py", line 189, in install_from_uri
    dl_path = self.download(uri, checksum)
  File "/opt/hostedtoolcache/Python/3.10.19/x64/lib/python3.10/site-packages/platformio/package/manager/_download.py", line 88, in download
    raise exc
  File "/opt/hostedtoolcache/Python/3.10.19/x64/lib/python3.10/site-packages/platformio/package/manager/_download.py", line 69, in download
    fd = FileDownloader(url)
  File "/opt/hostedtoolcache/Python/3.10.19/x64/lib/python3.10/site-packages/platformio/package/download.py", line 33, in __init__
    self._http_response = self._http_session.get(
  File "/opt/hostedtoolcache/Python/3.10.19/x64/lib/python3.10/site-packages/requests/sessions.py", line 602, in get
    return self.request("GET", url, **kwargs)
  File "/opt/hostedtoolcache/Python/3.10.19/x64/lib/python3.10/site-packages/platformio/http.py", line 64, in request
    return super().request(
  File "/opt/hostedtoolcache/Python/3.10.19/x64/lib/python3.10/site-packages/requests/sessions.py", line 589, in request
    resp = self.send(prep, **send_kwargs)
  File "/opt/hostedtoolcache/Python/3.10.19/x64/lib/python3.10/site-packages/requests/sessions.py", line 703, in send
    r = adapter.send(request, **kwargs)
  File "/opt/hostedtoolcache/Python/3.10.19/x64/lib/python3.10/site-packages/requests/adapters.py", line 659, in send
    raise ConnectionError(err, request=request)
requests.exceptions.ConnectionError: ('Connection aborted.', RemoteDisconnected('Remote end closed connection without response'))

============================================================

An unexpected error occurred. Further steps:

* Verify that you have the latest version of PlatformIO using
  `python -m pip install -U platformio` command

* Try to find answer in FAQ Troubleshooting section
  https://docs.platformio.org/page/faq/index.html

* Report this problem to the developers
  https://github.com/platformio/platformio-core/issues

============================================================

Processing custom_build (board: esp32dev; platform: https://github.com/tasmota/platform-espressif32/releases/download/2023.06.02/platform-espressif32.zip; framework: arduino)
--------------------------------------------------------------------------------
Platform Manager: Installing https://github.com/tasmota/platform-espressif32/releases/download/2023.06.02/platform-espressif32.zip
Downloading...
Platform Manager: Error: Please read https://bit.ly/package-manager-ioerror
ConnectionError: Traceback (most recent call last):
  File "/opt/hostedtoolcache/Python/3.10.19/x64/lib/python3.10/site-packages/urllib3/connectionpool.py", line 787, in urlopen
    response = self._make_request(
  File "/opt/hostedtoolcache/Python/3.10.19/x64/lib/python3.10/site-packages/urllib3/connectionpool.py", line 534, in _make_request
    response = conn.getresponse()
  File "/opt/hostedtoolcache/Python/3.10.19/x64/lib/python3.10/site-packages/urllib3/connection.py", line 571, in getresponse
    httplib_response = super().getresponse()
  File "/opt/hostedtoolcache/Python/3.10.19/x64/lib/python3.10/http/client.py", line 1375, in getresponse
    response.begin()
  File "/opt/hostedtoolcache/Python/3.10.19/x64/lib/python3.10/http/client.py", line 318, in begin
    version, status, reason = self._read_status()
  File "/opt/hostedtoolcache/Python/3.10.19/x64/lib/python3.10/http/client.py", line 287, in _read_status
    raise RemoteDisconnected("Remote end closed connection without"
http.client.RemoteDisconnected: Remote end closed connection without response

During handling of the above exception, another exception occurred:

Traceback (most recent call last):
  File "/opt/hostedtoolcache/Python/3.10.19/x64/lib/python3.10/site-packages/requests/adapters.py", line 644, in send
    resp = conn.urlopen(
  File "/opt/hostedtoolcache/Python/3.10.19/x64/lib/python3.10/site-packages/urllib3/connectionpool.py", line 841, in urlopen
    retries = retries.increment(
  File "/opt/hostedtoolcache/Python/3.10.19/x64/lib/python3.10/site-packages/urllib3/util/retry.py", line 474, in increment
    raise reraise(type(error), error, _stacktrace)
  File "/opt/hostedtoolcache/Python/3.10.19/x64/lib/python3.10/site-packages/urllib3/util/util.py", line 38, in reraise
    raise value.with_traceback(tb)
  File "/opt/hostedtoolcache/Python/3.10.19/x64/lib/python3.10/site-packages/urllib3/connectionpool.py", line 787, in urlopen
    response = self._make_request(
  File "/opt/hostedtoolcache/Python/3.10.19/x64/lib/python3.10/site-packages/urllib3/connectionpool.py", line 534, in _make_request
    response = conn.getresponse()
  File "/opt/hostedtoolcache/Python/3.10.19/x64/lib/python3.10/site-packages/urllib3/connection.py", line 571, in getresponse
    httplib_response = super().getresponse()
  File "/opt/hostedtoolcache/Python/3.10.19/x64/lib/python3.10/http/client.py", line 1375, in getresponse
    response.begin()
  File "/opt/hostedtoolcache/Python/3.10.19/x64/lib/python3.10/http/client.py", line 318, in begin
    version, status, reason = self._read_status()
  File "/opt/hostedtoolcache/Python/3.10.19/x64/lib/python3.10/http/client.py", line 287, in _read_status
    raise RemoteDisconnected("Remote end closed connection without"
urllib3.exceptions.ProtocolError: ('Connection aborted.', RemoteDisconnected('Remote end closed connection without response'))

During handling of the above exception, another exception occurred:

Traceback (most recent call last):
  File "/opt/hostedtoolcache/Python/3.10.19/x64/lib/python3.10/site-packages/platformio/__main__.py", line 103, in main
    cli()  # pylint: disable=no-value-for-parameter
  File "/opt/hostedtoolcache/Python/3.10.19/x64/lib/python3.10/site-packages/click/core.py", line 1157, in __call__
    return self.main(*args, **kwargs)
  File "/opt/hostedtoolcache/Python/3.10.19/x64/lib/python3.10/site-packages/click/core.py", line 1078, in main
    rv = self.invoke(ctx)
  File "/opt/hostedtoolcache/Python/3.10.19/x64/lib/python3.10/site-packages/platformio/cli.py", line 85, in invoke
    return super().invoke(ctx)
  File "/opt/hostedtoolcache/Python/3.10.19/x64/lib/python3.10/site-packages/click/core.py", line 1688, in invoke
    return _process_result(sub_ctx.command.invoke(sub_ctx))
  File "/opt/hostedtoolcache/Python/3.10.19/x64/lib/python3.10/site-packages/click/core.py", line 1434, in invoke
    return ctx.invoke(self.callback, **ctx.params)
  File "/opt/hostedtoolcache/Python/3.10.19/x64/lib/python3.10/site-packages/click/core.py", line 783, in invoke
    return __callback(*args, **kwargs)
  File "/opt/hostedtoolcache/Python/3.10.19/x64/lib/python3.10/site-packages/click/decorators.py", line 33, in new_func
    return f(get_current_context(), *args, **kwargs)
  File "/opt/hostedtoolcache/Python/3.10.19/x64/lib/python3.10/site-packages/platformio/run/cli.py", line 147, in cli
    process_env(
  File "/opt/hostedtoolcache/Python/3.10.19/x64/lib/python3.10/site-packages/platformio/run/cli.py", line 210, in process_env
    ).process()
  File "/opt/hostedtoolcache/Python/3.10.19/x64/lib/python3.10/site-packages/platformio/run/processor.py", line 81, in process
    install_project_env_dependencies(
  File "/opt/hostedtoolcache/Python/3.10.19/x64/lib/python3.10/site-packages/platformio/package/commands/install.py", line 132, in install_project_env_dependencies
    _install_project_env_platform(project_env, options),
  File "/opt/hostedtoolcache/Python/3.10.19/x64/lib/python3.10/site-packages/platformio/package/commands/install.py", line 149, in _install_project_env_platform
    PlatformPackageManager().install(
  File "/opt/hostedtoolcache/Python/3.10.19/x64/lib/python3.10/site-packages/platformio/package/manager/platform.py", line 50, in install
    pkg = super().install(spec, force=force, skip_dependencies=True)
  File "/opt/hostedtoolcache/Python/3.10.19/x64/lib/python3.10/site-packages/platformio/package/manager/_install.py", line 47, in install
    pkg = self._install(spec, skip_dependencies=skip_dependencies, force=force)
  File "/opt/hostedtoolcache/Python/3.10.19/x64/lib/python3.10/site-packages/platformio/package/manager/_install.py", line 97, in _install
    pkg = self.install_from_uri(spec.uri, spec)
  File "/opt/hostedtoolcache/Python/3.10.19/x64/lib/python3.10/site-packages/platformio/package/manager/_install.py", line 189, in install_from_uri
    dl_path = self.download(uri, checksum)
  File "/opt/hostedtoolcache/Python/3.10.19/x64/lib/python3.10/site-packages/platformio/package/manager/_download.py", line 88, in download
    raise exc
  File "/opt/hostedtoolcache/Python/3.10.19/x64/lib/python3.10/site-packages/platformio/package/manager/_download.py", line 69, in download
    fd = FileDownloader(url)
  File "/opt/hostedtoolcache/Python/3.10.19/x64/lib/python3.10/site-packages/platformio/package/download.py", line 33, in __init__
    self._http_response = self._http_session.get(
  File "/opt/hostedtoolcache/Python/3.10.19/x64/lib/python3.10/site-packages/requests/sessions.py", line 602, in get
    return self.request("GET", url, **kwargs)
  File "/opt/hostedtoolcache/Python/3.10.19/x64/lib/python3.10/site-packages/platformio/http.py", line 64, in request
    return super().request(
  File "/opt/hostedtoolcache/Python/3.10.19/x64/lib/python3.10/site-packages/requests/sessions.py", line 589, in request
    resp = self.send(prep, **send_kwargs)
  File "/opt/hostedtoolcache/Python/3.10.19/x64/lib/python3.10/site-packages/requests/sessions.py", line 703, in send
    r = adapter.send(request, **kwargs)
  File "/opt/hostedtoolcache/Python/3.10.19/x64/lib/python3.10/site-packages/requests/adapters.py", line 659, in send
    raise ConnectionError(err, request=request)
requests.exceptions.ConnectionError: ('Connection aborted.', RemoteDisconnected('Remote end closed connection without response'))

============================================================

An unexpected error occurred. Further steps:

* Verify that you have the latest version of PlatformIO using
  `python -m pip install -U platformio` command

* Try to find answer in FAQ Troubleshooting section
  https://docs.platformio.org/page/faq/index.html

* Report this problem to the developers
  https://github.com/platformio/platformio-core/issues

============================================================

