Repo to build:
https://github.com/wled/WLED/archive/refs/heads/0_15_x.zip
Enviroment to build:
[env:custom_build]
extends = env:nodemcuv2
build_flags = ${env:nodemcuv2.build_flags} -D WLED_USE_ETHERNET -D WLED_AP_SSID_UNIQUE -D CLIENT_SSID='""' -D CLIENT_PASS='""'
Hacks to apply:

--2025-12-17 21:32:22--  https://github.com/wled/WLED/archive/refs/heads/0_15_x.zip
Resolving github.com (github.com)... 140.82.113.4
Connecting to github.com (github.com)|140.82.113.4|:443... connected.
HTTP request sent, awaiting response... 302 Found
Location: https://codeload.github.com/wled/WLED/zip/refs/heads/0_15_x [following]
--2025-12-17 21:32:22--  https://codeload.github.com/wled/WLED/zip/refs/heads/0_15_x
Resolving codeload.github.com (codeload.github.com)... 140.82.114.10
Connecting to codeload.github.com (codeload.github.com)|140.82.114.10|:443... connected.
HTTP request sent, awaiting response... 200 OK
Length: unspecified [application/zip]
Saving to: ‘/tmp/WLEDtemp/mm.zip’

     0K .......... .......... .......... .......... .......... 1.07M
    50K .......... .......... .......... .......... .......... 2.14M
   100K .......... .......... .......... .......... ..........  101M
   150K .......... .......... .......... .......... .......... 99.2M
   200K .......... .......... .......... .......... .......... 2.19M
   250K .......... .......... .......... .......... ..........  127M
   300K .......... .......... .......... .......... ..........  119M
   350K .......... .......... .......... .......... ..........  164M
   400K .......... .......... .......... .......... .......... 2.28M
   450K .......... .......... .......... .......... ..........  140M
   500K .......... .......... .......... .......... ..........  151M
   550K .......... .......... .......... .......... ..........  239M
   600K .......... .......... .......... .......... ..........  363M
   650K .......... .......... .......... .......... ..........  329M
   700K .......... .......... .......... .......... ..........  339M
   750K .......... .......... .......... .......... ..........  366M
   800K .......... .......... .......... .......... ..........  309M
   850K .......... .......... .......... .......... .......... 2.30M
   900K .......... .......... .......... .......... ..........  307M
   950K .......... .......... .......... .......... ..........  205M
  1000K .......... .......... .......... .......... ..........  373M
  1050K .......... .......... .......... .......... ..........  319M
  1100K .......... .......... .......... .......... ..........  394M
  1150K .......... .......... .......... .......... ..........  385M
  1200K .......... .......... .......... .......... .......... 5.05M
  1250K .......... .......... .......... .......... ..........  106M
  1300K .......... .......... .......... .......... ..........  112M
  1350K .......... .......... .......... .......... ..........  159M
  1400K .......... .......... .......... .......... ..........  145M
  1450K .......... .......... .......... .......... .......... 90.8M
  1500K .......... .......... .......... .......... ..........  111M
  1550K .......... .......... .......... .......... ..........  207M
  1600K .......... .......... .......... .......... ..........  226M
  1650K .......... .......... .......... .......... ..........  254M
  1700K .......... .......... .......... .......... .......... 5.34M
  1750K .......... .......... .......... .......... ..........  301M
  1800K .......... .......... .......... .......... ..........  175M
  1850K .......... .......... .......... .......... ..........  291M
  1900K .......... .......... .......... .......... ..........  351M
  1950K .......... .......... .......... .......... ..........  210M
  2000K .......... .......... .......... .......... ..........  157M
  2050K .......... .......... .......... .......... ..........  143M
  2100K .......... .......... .......... .......... ..........  163M
  2150K .......... .......... .......... .......... ..........  154M
  2200K .......... .......... .......... .......... ..........  156M
  2250K .......... .......... .......... .......... ..........  158M
  2300K .......... .......... .......... .......... ..........  165M
  2350K .......... .......... .......... .......... ..........  157M
  2400K .......... .......... .......... .......... .......... 6.84M
  2450K .......... .......... .......... .......... ..........  277M
  2500K .......... .......... .......... .......... ..........  228M
  2550K .......... .......... .......... .......... ..........  278M
  2600K .......... .......... .......... .......... ..........  242M
  2650K .......... .......... .......... .......... ..........  306M
  2700K .......... .......... .......... .......... ..........  285M
  2750K .......... .......... .......... .......... ..........  341M
  2800K .......... .......... .......... .......... ..........  334M
  2850K .......... .......... .......... .......... ..........  400M
  2900K .......... .......... .......... .......... ..........  145M
  2950K .......... .......... .......... .......... ..........  319M
  3000K .......... .......... .......... .......... ..........  316M
  3050K .......... .......... .......... .......... ..........  154M
  3100K .......... .......... .......... .......... ..........  147M
  3150K .......... .......... .......... .......... ..........  150M
  3200K .......... .......... .......... .......... ..........  144M
  3250K .......... .......... .......... .......... .......... 9.70M
  3300K .......... .......... .......... .......... .......... 82.2M
  3350K .......... .......... .......... .......... ..........  123M
  3400K .......... .......... .......... .......... .......... 18.2M
  3450K .......... .......... .......... .......... .......... 9.31M
  3500K .......... .......... .......... .......... .......... 68.1M
  3550K .......... .......... .......... .......... .......... 11.2M
  3600K .......... .......... .......... .......... .......... 7.81M
  3650K .......... .......... .......... .......... ..........  126M
  3700K .......... .......... .......... .......... .......... 10.9M
  3750K .......... .......... .......... .......... .......... 96.0M
  3800K .......... .......... .......... .......... .......... 4.74M
  3850K .......... .......... .......... .......... ..........  285M
  3900K .......... .......... .......... .......... ..........  137M
  3950K .......... .......... .......... .......... .......... 78.7M
  4000K .......... .......... .......... .......... .......... 11.9M
  4050K .......... .......... .......... .......... ..........  230M
  4100K .......... .......... .......... .......... ..........  260M
  4150K .......... .......... .......... .......... ..........  342M
  4200K .......... .......... .......... .......... .......... 47.6M
  4250K .......... .......... .......... .......... .......... 14.7M
  4300K .......... .......... .......... .......... .......... 6.50M
  4350K .......... .......... .......... .......... ..........  135M
  4400K .......... .......... .......... .......... .......... 1.79M
  4450K .......... .......... .......... .......... ..........  112M
  4500K .......... .......... .......... .......... ..........  158M
  4550K .......... .......... .......... .......... .......... 19.9M
  4600K .......... .......... .......... .......... ..........  113M
  4650K .......... .......... .......... .......... ..........  175M
  4700K .......... .......... .......... .......... ..........  324M
  4750K .......... .......... .......... .......... ..........  302M
  4800K .......... .......... .......... .......... ..........  377M
  4850K .......... .......... .......... .......... ..........  374M
  4900K .......... .......... .......... .......... ..........  381M
  4950K .......... .......... .......... .......... ..........  379M
  5000K .......... .......... .......... .......... ..........  349M
  5050K .......... .......... .......... .......... ..........  249M
  5100K .......... .......... .......... .......... ..........  456M
  5150K .......... .......... .......... .......... .......... 1.87M
  5200K .......... .......... .......... .......... ..........  126M
  5250K .......... .......... .......... .......... ..........  130M
  5300K .......... .......... .......... .......... ..........  143M
  5350K .......... .......... .......... .......... ..........  252M
  5400K .......... .......... .......... .......... ..........  409M
  5450K .......... .......... .......... .......... ..........  278M
  5500K .......... .......... .......... .......... ..........  313M
  5550K .......... .......... .......... .......... ..........  364M
  5600K .......... .......... .......... .......... ..........  426M
  5650K .......... .......... .......... .......... ..........  274M
  5700K .......... .......... .......... .......... ..........  399M
  5750K .......... .......... .......... .......... ..........  259M
  5800K .......... .......... .......... .......... ..........  413M
  5850K .......... .......... .......... .......... ..........  261M
  5900K .......... .......... .......... .......... ..........  340M
  5950K .......... .......... .......... .......... ..........  428M
  6000K .......... .......... .......... .......... .......... 1.30M
  6050K .......... .......... .......... .......... ..........  106M
  6100K .......... .......... .......... .......... ..........  122M
  6150K .......... .......... .......... .......... ..........  138M
  6200K .......... .......... .......... .......... ..........  153M
  6250K .......... .......... .......... .......... ..........  159M
  6300K .......... .......... .......... .......... ..........  135M
  6350K .......... .......... .......... .......... .......... 88.3M
  6400K .......... .......... .......... .......... ..........  129M
  6450K .......... .......... .......... .......... ..........  143M
  6500K .......... .......... .......... .......... ..........  293M
  6550K .......... .......... .......... .......... ..........  291M
  6600K .......... .......... .......... .......... ..........  370M
  6650K .......... .......... .......... .......... ..........  404M
  6700K .......... .......... .......... .......... ..........  319M
  6750K .......... .......... .......... .......... ..........  283M
  6800K .......... .......... .......... .......... ..........  425M
  6850K .......... .......... .......... .......... ..........  310M
  6900K .......... .......... .......... .......... .......... 69.8M
  6950K .......... .......... .......... .......... ..........  148M
  7000K .......... .......... .......... .......... ..........  137M
  7050K .......... .......... .......... .......... ..........  146M
  7100K .......... .......... .......... .......... .......... 1.91M
  7150K .......... .......... .......... .......... .......... 98.4M
  7200K .......... .......... .......... .......... ..........  117M
  7250K .......... .......... .......... .......... ..........  140M
  7300K .......... .......... .......... .......... ..........  148M
  7350K .......... .......... .......... .......... ..........  149M
  7400K .......... .......... .......... .......... ..........  139M
  7450K .......... .......... .......... .......... ..........  166M
  7500K .......... .......... .......... .......... ..........  163M
  7550K .......... .......... .......... .......... ..........  161M
  7600K .......... .......... .......... .......... ..........  161M
  7650K .......... .......... .......... .......... ..........  168M
  7700K .......... .......... .......... .......... ..........  162M
  7750K .......... .......... .......... .......... ..........  186M
  7800K .......... .......... .......... .......... .......... 9.48M
  7850K .......... .......... .......... .......... ..........  142M
  7900K .......... .......... .......... .......... ..........  402M
  7950K .......... .......... .......... .......... ..........  283M
  8000K .......... .......... .......... .......... .......... 3.34M
  8050K .......... .......... .......... .......... ..........  121M
  8100K .......... .......... .......... .......... .......... 74.0M
  8150K .......... .......... .......... .......... ..........  206M
  8200K .......... .......... .......... .......... ..........  239M
  8250K .......... .......... .......... .......... ..........  363M
  8300K .......... .......... .......... .......... ..........  340M
  8350K .......... .......... .......... .......... ..........  355M
  8400K .......... .......... .......... .......... ..........  325M
  8450K .......... .......... .......... .......... ..........  391M
  8500K .......... .......... .......... .......... ..........  372M
  8550K .......... .......... .......... .......... ..........  396M
  8600K .......... .......... .......... .......... .......... 17.2M
  8650K .......... .......... .......... .......... .......... 1.48M
  8700K .......... .......... .......... .......... ..........  102M
  8750K .......... .......... .......... .......... .......... 48.1M
  8800K .......... .......... .......... .......... .......... 54.9M
  8850K .......... .......... .......... .......... ..........  123M
  8900K .......... .......... .......... .......... ..........  294M
  8950K .......... .......... .......... .......... .......... 87.3M
  9000K .......... .......... .......... .......... ..........  124M
  9050K .......... .......... .......... .......... ..........  222M
  9100K .......... .......... .......... .......... ..........  341M
  9150K .......... .......... .......... .......... ..........  392M
  9200K .......... .......... .......... .......... .......... 15.3M
  9250K .......... .......... .......... .......... ..........  108M
  9300K .......... .......... .......... .......... ..........  301M
  9350K .......... .......... .......... .......... .......... 72.8M
  9400K .......... .......... .......... .......... ..........  154M
  9450K .......... .......... .......... .......... ..........  182M
  9500K .......... .......... .......... .......... ..........  361M
  9550K .......... .......... .......... .......... .......... 19.9M
  9600K .......... .......... .......... .......... ..........  203M
  9650K .......... .......... .......... .......... .......... 4.98M
  9700K .......... .......... .......... .......... .......... 41.4M
  9750K .......... .......... .......... .......... .......... 5.50M
  9800K .......... .......... .......... .......... .......... 4.50M
  9850K .......... .......... .......... .......... .......... 33.5M
  9900K .......... .......... .......... .......... .......... 5.97M
  9950K .......... .......... .......... .......... .......... 4.03M
 10000K .......... .......... .......... .......... .......... 73.7M
 10050K .......... .......... .......... .......... .......... 10.5M
 10100K .......... .......... .......... .......... .......... 8.22M
 10150K .......... .......... .......... .......... .......... 9.27M
 10200K .......... .......... .......... .......... .......... 10.0M
 10250K .......... .......... .......... .......... .......... 4.60M
 10300K .......... .......... .......... .......... .......... 3.74M
 10350K .......... .......... .......... .......... ..........  129M
 10400K .......... .......... .......... .......... .......... 12.1M
 10450K .......... .......... .......... .......... ..........  123M
 10500K .......... ..                                          4.92M=0.5s

2025-12-17 21:32:23 (18.9 MB/s) - ‘/tmp/WLEDtemp/mm.zip’ saved [10765248]

npm warn deprecated osenv@0.1.5: This package is no longer supported.
npm warn deprecated uuid@3.4.0: Please upgrade  to version 7 or higher.  Older versions may use Math.random() in certain circumstances, which is known to be problematic.  See https://v8.dev/blog/math-random for details.
npm warn deprecated har-validator@5.1.5: this library is no longer supported
npm warn deprecated q@1.5.1: You or someone you depend on is using Q, the JavaScript Promise library that gave JavaScript developers strong feelings about promises. They can almost certainly migrate to the native JavaScript promise now. Thank you literally everyone for joining me in this bet against the odds. Be excellent to each other.
npm warn deprecated
npm warn deprecated (For a CapTP with native promises, see @endo/eventual-send and @endo/captp)
npm warn deprecated request@2.88.2: request has been deprecated, see https://github.com/request/request/issues/3142
npm warn deprecated uuid@2.0.3: Please upgrade  to version 7 or higher.  Older versions may use Math.random() in certain circumstances, which is known to be problematic.  See https://v8.dev/blog/math-random for details.
npm warn deprecated svgo@0.6.6: This SVGO version is no longer supported. Upgrade to v2.x.x.

added 238 packages, and audited 239 packages in 4s

9 packages are looking for funding
  run `npm fund` for details

16 vulnerabilities (1 low, 7 moderate, 5 high, 3 critical)

To address issues that do not require attention, run:
  npm audit fix

To address all issues (including breaking changes), run:
  npm audit fix --force

Run `npm audit` for details.
********************************************************************************
If you like PlatformIO, please:
- star it on GitHub > https://github.com/platformio/platformio-core
- follow us on LinkedIn to stay up-to-date on the latest project news > https://www.linkedin.com/company/platformio/
- try PlatformIO IDE for embedded development > https://platformio.org/platformio-ide
********************************************************************************

Processing custom_build (board: nodemcuv2; platform: espressif8266@4.2.1; framework: arduino)
--------------------------------------------------------------------------------
Platform Manager: Installing espressif8266 @ 4.2.1
Downloading 0% 10% 20% 30% 40%
Unpacking 0% 10% 20% 30% 40% 50% 60% 70% 80% 90% 100%
Platform Manager: espressif8266@4.2.1 has been installed!
Tool Manager: Installing platformio/toolchain-xtensa @ ~2.100300.220621
Downloading 0% 10% 20% 30% 40% 50% 60% 70% 80% 90% 100%
Unpacking 0% 10% 20% 30% 40% 50% 60% 70% 80% 90% 100%
Tool Manager: toolchain-xtensa@2.100300.220621 has been installed!
Tool Manager: Installing platformio/framework-arduinoespressif8266 @ ~3.30102.0
Downloading 0% 10% 20% 30% 40% 50% 60% 70% 80% 90% 100%
Unpacking 0% 10% 20% 30% 40% 50% 60% 70% 80% 90% 100%
Tool Manager: framework-arduinoespressif8266@3.30102.0 has been installed!
Tool Manager: Installing platformio/tool-esptool @ *
Downloading 0% 10% 20%
Unpacking 0% 10% 20%
Tool Manager: tool-esptool@1.413.0 has been installed!
Tool Manager: Installing platformio/tool-esptoolpy @ *
Downloading 0% 10% 20% 30% 40% 50% 60% 70% 80% 90% 100%
Unpacking 0% 10% 20% 30% 40% 50% 60% 70% 80% 90% 100%
Collecting cryptography~=45.0.3
  Downloading cryptography-45.0.7-cp37-abi3-manylinux_2_34_x86_64.whl.metadata (5.7 kB)
Collecting ecdsa~=0.19.1
  Downloading ecdsa-0.19.1-py2.py3-none-any.whl.metadata (29 kB)
Collecting bitstring~=4.3.1
  Downloading bitstring-4.3.1-py3-none-any.whl.metadata (5.3 kB)
Collecting reedsolo~=1.7.0
  Downloading reedsolo-1.7.0-py3-none-any.whl.metadata (23 kB)
Collecting intelhex~=2.3.0
  Downloading intelhex-2.3.0-py2.py3-none-any.whl.metadata (2.7 kB)
Collecting cffi>=1.14 (from cryptography~=45.0.3)
  Downloading cffi-2.0.0-cp310-cp310-manylinux2014_x86_64.manylinux_2_17_x86_64.whl.metadata (2.6 kB)
Collecting six>=1.9.0 (from ecdsa~=0.19.1)
  Downloading six-1.17.0-py2.py3-none-any.whl.metadata (1.7 kB)
Collecting bitarray<4.0,>=3.0.0 (from bitstring~=4.3.1)
  Downloading bitarray-3.8.0-cp310-cp310-manylinux2014_x86_64.manylinux_2_17_x86_64.manylinux_2_28_x86_64.whl.metadata (34 kB)
Collecting pycparser (from cffi>=1.14->cryptography~=45.0.3)
  Downloading pycparser-2.23-py3-none-any.whl.metadata (993 bytes)
Downloading cryptography-45.0.7-cp37-abi3-manylinux_2_34_x86_64.whl (4.4 MB)
   ━━━━━━━━━━━━━━━━━━━━━━━━━━━━━━━━━━━━━━━━ 4.4/4.4 MB 14.9 MB/s  0:00:00
Downloading ecdsa-0.19.1-py2.py3-none-any.whl (150 kB)
Downloading bitstring-4.3.1-py3-none-any.whl (71 kB)
Downloading reedsolo-1.7.0-py3-none-any.whl (32 kB)
Downloading intelhex-2.3.0-py2.py3-none-any.whl (50 kB)
Downloading bitarray-3.8.0-cp310-cp310-manylinux2014_x86_64.manylinux_2_17_x86_64.manylinux_2_28_x86_64.whl (329 kB)
Downloading cffi-2.0.0-cp310-cp310-manylinux2014_x86_64.manylinux_2_17_x86_64.whl (216 kB)
Downloading six-1.17.0-py2.py3-none-any.whl (11 kB)
Downloading pycparser-2.23-py3-none-any.whl (118 kB)
Installing collected packages: reedsolo, intelhex, bitarray, six, pycparser, bitstring, ecdsa, cffi, cryptography

Successfully installed bitarray-3.8.0 bitstring-4.3.1 cffi-2.0.0 cryptography-45.0.7 ecdsa-0.19.1 intelhex-2.3.0 pycparser-2.23 reedsolo-1.7.0 six-1.17.0
Tool Manager: tool-esptoolpy@2.40900.250804 has been installed!
Tool Manager: Installing platformio/tool-scons @ ~4.40801.0
Downloading 0% 10% 20% 30% 40% 50% 60% 70% 80% 90% 100%
Unpacking 0% 10% 20% 30% 40% 50% 60% 70% 80% 90% 100%
Tool Manager: tool-scons@4.40801.0 has been installed!
Library Manager: Installing fastled/FastLED @ 3.6.0
Downloading 0% 10% 20% 30% 40% 50% 60% 70% 80% 90% 100%
Unpacking 0% 10% 20% 30% 40% 50% 60% 70% 80% 90% 100%
Library Manager: FastLED@3.6.0 has been installed!
Library Manager: Installing git+https://github.com/Makuna/NeoPixelBus.git#a0919d1c10696614625978dd6fb750a1317a14ce
git version 2.52.0
Cloning into '/home/runner/.platformio/.cache/tmp/pkg-installing-xrbvs1wo'...
HEAD is now at a0919d1 Fix off-by-one in 8266 DMA translation (#894)
Library Manager: NeoPixelBus@2.8.4+sha.a0919d1 has been installed!
Library Manager: Resolving dependencies...
Library Manager: Installing git+https://github.com/Aircoookie/ESPAsyncWebServer.git#v2.4.2
git version 2.52.0
Cloning into '/home/runner/.platformio/.cache/tmp/pkg-installing-0sa8lduu'...
warning: refs/tags/v2.4.2 fb607f9322798a25413e701e470542eca648de6e is not a commit!
Note: switching to '39b830c852054444ea12a8b5d7fcb4fa004a89d7'.

You are in 'detached HEAD' state. You can look around, make experimental
changes and commit them, and you can discard any commits you make in this
state without impacting any branches by switching back to a branch.

If you want to create a new branch to retain commits you create, you may
do so (now or later) by using -c with the switch command. Example:

  git switch -c <new-branch-name>

Or undo this operation with:

  git switch -

Turn off this advice by setting config variable advice.detachedHead to false

Library Manager: ESPAsyncWebServerWLED@2.4.2+sha.39b830c has been installed!
Library Manager: Resolving dependencies...
Library Manager: Installing me-no-dev/ESPAsyncTCP @ ^1.2.2
Downloading 0% 10% 20% 30% 40% 50%
Unpacking 0% 10% 20% 30% 40% 50% 60% 70% 80% 90% 100%
Library Manager: ESPAsyncTCP@1.2.2 has been installed!
Library Manager: Installing git+https://github.com/blazoncek/QuickESPNow.git#optional-debug
git version 2.52.0
Cloning into '/home/runner/.platformio/.cache/tmp/pkg-installing-e_l54f0y'...
Library Manager: QuickEspNow@0.8.1+sha.193e991 has been installed!
Library Manager: Installing makuna/NeoPixelBus @ ^2.8.3
Downloading 0% 10% 20% 30% 40% 50% 60% 70% 80% 90% 100%
Unpacking 0% 10% 20% 30% 40% 50% 60% 70% 80% 90% 100%
Library Manager: NeoPixelBus@2.8.4 has been installed!
Verbose mode can be enabled via `-v, --verbose` option
Installing node packages
npm install

up to date, audited 239 packages in 689ms

9 packages are looking for funding
  run `npm fund` for details

16 vulnerabilities (1 low, 7 moderate, 5 high, 3 critical)

To address issues that do not require attention, run:
  npm audit fix

To address all issues (including breaking changes), run:
  npm audit fix --force

Run `npm audit` for details.
npm run build

> wled@0.15.4-beta build
> node tools/cdata.js


	  ##  ##      ##        ######    ######
	##      ##    ##      ##        ##  ##  ##
	##  ##  ##  ##        ######        ##  ##
	##  ##  ##  ##        ##            ##  ##
	  ##  ##      ######    ######    ######
		 build script for web UI

File wled00/html_ui.h does not exist. Rebuilding...
Reading wled00/data/index.htm
Reading wled00/data/pixart/pixart.htm
Reading wled00/data/cpal/cpal.htm
Reading wled00/data/pxmagic/pxmagic.htm
Reading wled00/data/style.css as PAGE_settingsCss
Reading wled00/data/usermod.htm as PAGE_usermod
Minified and compressed style.css from 2989 to 887 bytes
Reading wled00/data/common.js as JS_common
Minified and compressed common.js from 4456 to 1331 bytes
Reading wled00/data/settings.htm as PAGE_settings
Minified and compressed usermod.htm from 77 to 83 bytes
Reading wled00/data/msg.htm as PAGE_msg
Minified msg.htm from 397 to 356 bytes
Reading wled00/data/dmxmap.htm as PAGE_dmxmap
Minified dmxmap.htm from 1485 to 1219 bytes
Reading wled00/data/update.htm as PAGE_update
Minified and compressed settings.htm from 1905 to 676 bytes
Reading wled00/data/settings_wifi.htm as PAGE_settings_wifi
Minified and compressed update.htm from 2246 to 883 bytes
Reading wled00/data/welcome.htm as PAGE_welcome
Minified and compressed settings_wifi.htm from 9878 to 2764 bytes
Reading wled00/data/settings_leds.htm as PAGE_settings_leds
Minified and compressed welcome.htm from 2490 to 1522 bytes
Reading wled00/data/liveview.htm as PAGE_liveview
Minified and compressed liveview.htm from 3099 to 1006 bytes
Reading wled00/data/liveviewws2D.htm as PAGE_liveviewws2D
Minified and compressed liveviewws2D.htm from 2422 to 869 bytes
Reading wled00/data/404.htm as PAGE_404
Minified and compressed 404.htm from 1469 to 865 bytes
Reading wled00/data/favicon.ico as favicon
Writing 36133 characters into wled00/html_other.h
Minified and compressed settings_leds.htm from 41604 to 8990 bytes
Reading wled00/data/settings_dmx.htm as PAGE_settings_dmx
Minified and compressed settings_dmx.htm from 3206 to 1299 bytes
Reading wled00/data/settings_ui.htm as PAGE_settings_ui
Minified and compressed settings_ui.htm from 9931 to 2861 bytes
Reading wled00/data/settings_sync.htm as PAGE_settings_sync
Minified and compressed settings_sync.htm from 9958 to 2944 bytes
Reading wled00/data/settings_time.htm as PAGE_settings_time
Minified and compressed settings_time.htm from 10313 to 3002 bytes
Reading wled00/data/settings_sec.htm as PAGE_settings_sec
Minified and compressed settings_sec.htm from 5150 to 1948 bytes
Reading wled00/data/settings_um.htm as PAGE_settings_um
Minified and compressed settings_um.htm from 11434 to 2849 bytes
Reading wled00/data/settings_2D.htm as PAGE_settings_2D
Minified and compressed settings_2D.htm from 10267 to 2613 bytes
Reading wled00/data/settings_pin.htm as PAGE_settings_pin
Minified and compressed settings_pin.htm from 734 to 444 bytes
Writing 202074 characters into wled00/html_settings.h
Minified and compressed wled00/data/cpal/cpal.htm from 23386 to 4968 bytes
Writing wled00/html_cpal.h
Minified and compressed wled00/data/pxmagic/pxmagic.htm from 43940 to 8699 bytes
Writing wled00/html_pxmagic.h
Minified and compressed wled00/data/index.htm from 182160 to 46241 bytes
Writing wled00/html_ui.h
Minified and compressed wled00/data/pixart/pixart.htm from 38312 to 8294 bytes
Writing wled00/html_pixart.h
CONFIGURATION: https://docs.platformio.org/page/boards/espressif8266/nodemcuv2.html
PLATFORM: Espressif 8266 (4.2.1) > NodeMCU 1.0 (ESP-12E Module)
HARDWARE: ESP8266 80MHz, 80KB RAM, 4MB Flash
PACKAGES: 
 - framework-arduinoespressif8266 @ 3.30102.0 (3.1.2) 
 - tool-esptool @ 1.413.0 (4.13) 
 - tool-esptoolpy @ 2.40900.250804 (4.9.0) 
 - toolchain-xtensa @ 2.100300.220621 (10.3.0)
LDF: Library Dependency Finder -> https://bit.ly/configure-pio-ldf
LDF Modes: Finder ~ chain, Compatibility ~ strict
Library Manager: Installing ESPAsyncUDP
Downloading 0% 10% 20%
Unpacking 0% 10% 20% 30% 40% 50% 60% 70% 80% 90% 100%
Library Manager: ESPAsyncUDP@0.0.0-alpha+sha.697c75a025 has been installed!
Library Manager: Installing IRremoteESP8266 @ 2.8.2
Downloading 0% 10% 20% 30% 40% 50% 60% 70% 80% 90% 100%
Unpacking 0% 10% 20% 30% 40% 50% 60% 70% 80% 90% 100%
Library Manager: IRremoteESP8266@2.8.2 has been installed!
Found 46 compatible libraries
Scanning dependencies...
Dependency Graph
|-- ESPAsyncTCP @ 1.2.2
|-- ESPAsyncUDP @ 0.0.0-alpha+sha.697c75a025
|-- ESP8266PWM
|-- FastLED @ 3.6.0
|-- IRremoteESP8266 @ 2.8.2
|-- NeoPixelBus @ 2.8.4+sha.a0919d1
|-- ESPAsyncWebServerWLED @ 2.4.2+sha.39b830c
|-- QuickEspNow @ 0.8.1+sha.193e991
|-- Wire @ 1.0
|-- SD @ 2.0.0
|-- SPI @ 1.0
|-- Hash @ 1.0
|-- EEPROM @ 1.0
|-- ArduinoOTA @ 1.0
|-- DNSServer @ 1.1.1
|-- ESP8266WiFi @ 1.0
|-- ESP8266mDNS @ 1.2
|-- LittleFS @ 0.1.0
|-- ESP8266WebServer @ 1.0
Building in release mode
Compiling .pio/build/custom_build/libd3c/FastLED/FastLED.cpp.o
Compiling .pio/build/custom_build/libd3c/FastLED/bitswap.cpp.o
Compiling .pio/build/custom_build/libd3c/FastLED/colorpalettes.cpp.o
Compiling .pio/build/custom_build/libd3c/FastLED/colorutils.cpp.o
Compiling .pio/build/custom_build/libd3c/FastLED/hsv2rgb.cpp.o
Compiling .pio/build/custom_build/libd3c/FastLED/lib8tion.cpp.o
Compiling .pio/build/custom_build/libd3c/FastLED/noise.cpp.o
Compiling .pio/build/custom_build/libd3c/FastLED/platforms.cpp.o
Compiling .pio/build/custom_build/libd3c/FastLED/platforms/esp/32/clockless_rmt_esp32.cpp.o
Compiling .pio/build/custom_build/libd3c/FastLED/power_mgt.cpp.o
Compiling .pio/build/custom_build/libd3c/FastLED/wiring.cpp.o
Compiling .pio/build/custom_build/src/FX.cpp.o
Compiling .pio/build/custom_build/src/FX_2Dfcn.cpp.o
Compiling .pio/build/custom_build/src/FX_fcn.cpp.o
Compiling .pio/build/custom_build/src/alexa.cpp.o
wled00/FX.cpp: In function 'uint16_t mode_random_chase()':
wled00/FX.cpp:1747:11: warning: comparison of integer expressions of different signedness: 'int' and 'unsigned int' [-Wsign-compare]
 1747 |     if (i == SEGLEN -1U && SEGENV.aux1 != (it & 0xFFFFU)) { //new first color in next frame
      |         ~~^~~~~~~~~~~~~
Compiling .pio/build/custom_build/src/bus_manager.cpp.o
Compiling .pio/build/custom_build/src/button.cpp.o
In file included from wled00/bus_manager.cpp:22:
wled00/bus_wrapper.h: In static member function 'static void PolyBus::begin(void*, uint8_t, uint8_t*, uint16_t)':
wled00/bus_wrapper.h:309:53: error: 'DotStarEsp32HspiHzMethod' was not declared in this scope; did you mean 'DotStarSpiHzMethod'?
  309 | #define B_HS_DOT_3 NeoPixelBusLg<DotStarBgrFeature, DotStarEsp32HspiHzMethod, NeoGammaNullMethod> //hardware HSPI (was DotStarEsp32DmaHspi5MhzMethod in NPB @ 2.6.9)
      |                                                     ^~~~~~~~~~~~~~~~~~~~~~~~
wled00/bus_wrapper.h:401:37: note: in expansion of macro 'B_HS_DOT_3'
  401 |       case I_HS_DOT_3: beginDotStar<B_HS_DOT_3*>(busPtr, -1, -1, -1, -1, clock_kHz); break;
      |                                     ^~~~~~~~~~
wled00/bus_wrapper.h:309:97: error: template argument 2 is invalid
  309 | #define B_HS_DOT_3 NeoPixelBusLg<DotStarBgrFeature, DotStarEsp32HspiHzMethod, NeoGammaNullMethod> //hardware HSPI (was DotStarEsp32DmaHspi5MhzMethod in NPB @ 2.6.9)
      |                                                                                                 ^
wled00/bus_wrapper.h:401:37: note: in expansion of macro 'B_HS_DOT_3'
  401 |       case I_HS_DOT_3: beginDotStar<B_HS_DOT_3*>(busPtr, -1, -1, -1, -1, clock_kHz); break;
      |                                     ^~~~~~~~~~
wled00/bus_wrapper.h:401:24: error: parse error in template argument list
  401 |       case I_HS_DOT_3: beginDotStar<B_HS_DOT_3*>(busPtr, -1, -1, -1, -1, clock_kHz); break;
      |                        ^~~~~~~~~~~~~~~~~~~~~~~~~
wled00/bus_wrapper.h:401:83: error: no matching function for call to 'PolyBus::beginDotStar<<expression error> >(void*&, int, int, int, int, uint16_t&)'
  401 |       case I_HS_DOT_3: beginDotStar<B_HS_DOT_3*>(busPtr, -1, -1, -1, -1, clock_kHz); break;
      |                                                                                   ^
wled00/bus_wrapper.h:350:15: note: candidate: 'template<class T> static void PolyBus::beginDotStar(void*, int8_t, int8_t, int8_t, int8_t, uint16_t)'
  350 |   static void beginDotStar(void* busPtr, int8_t sck, int8_t miso, int8_t mosi, int8_t ss, uint16_t clock_kHz /* 0 == use default */) {
      |               ^~~~~~~~~~~~
wled00/bus_wrapper.h:350:15: note:   template argument deduction/substitution failed:
wled00/bus_wrapper.h:401:83: error: template argument 1 is invalid
  401 |       case I_HS_DOT_3: beginDotStar<B_HS_DOT_3*>(busPtr, -1, -1, -1, -1, clock_kHz); break;
      |                                                                                   ^
wled00/bus_wrapper.h:325:66: error: 'TwoWireHspiImple' was not declared in this scope; did you mean 'TwoWireSpiImple'?
  325 | #define B_HS_WS1_3 NeoPixelBusLg<NeoRbgFeature, Ws2801MethodBase<TwoWireHspiImple<SpiSpeedHz>>, NeoGammaNullMethod>
      |                                                                  ^~~~~~~~~~~~~~~~
wled00/bus_wrapper.h:404:37: note: in expansion of macro 'B_HS_WS1_3'
  404 |       case I_HS_WS1_3: beginDotStar<B_HS_WS1_3*>(busPtr, -1, -1, -1, -1, clock_kHz); break;
      |                                     ^~~~~~~~~~
wled00/bus_wrapper.h:325:83: error: template argument 1 is invalid
  325 | #define B_HS_WS1_3 NeoPixelBusLg<NeoRbgFeature, Ws2801MethodBase<TwoWireHspiImple<SpiSpeedHz>>, NeoGammaNullMethod>
      |                                                                                   ^~~~~~~~~~
wled00/bus_wrapper.h:404:37: note: in expansion of macro 'B_HS_WS1_3'
  404 |       case I_HS_WS1_3: beginDotStar<B_HS_WS1_3*>(busPtr, -1, -1, -1, -1, clock_kHz); break;
      |                                     ^~~~~~~~~~
wled00/bus_wrapper.h:325:93: error: template argument 2 is invalid
  325 | #define B_HS_WS1_3 NeoPixelBusLg<NeoRbgFeature, Ws2801MethodBase<TwoWireHspiImple<SpiSpeedHz>>, NeoGammaNullMethod>
      |                                                                                             ^~
wled00/bus_wrapper.h:404:37: note: in expansion of macro 'B_HS_WS1_3'
  404 |       case I_HS_WS1_3: beginDotStar<B_HS_WS1_3*>(busPtr, -1, -1, -1, -1, clock_kHz); break;
      |                                     ^~~~~~~~~~
wled00/bus_wrapper.h:404:48: error: expected primary-expression before '>' token
  404 |       case I_HS_WS1_3: beginDotStar<B_HS_WS1_3*>(busPtr, -1, -1, -1, -1, clock_kHz); break;
      |                                                ^
wled00/bus_wrapper.h:404:50: warning: left operand of comma operator has no effect [-Wunused-value]
  404 |       case I_HS_WS1_3: beginDotStar<B_HS_WS1_3*>(busPtr, -1, -1, -1, -1, clock_kHz); break;
      |                                                  ^~~~~~
wled00/bus_wrapper.h:404:63: warning: right operand of comma operator has no effect [-Wunused-value]
  404 |       case I_HS_WS1_3: beginDotStar<B_HS_WS1_3*>(busPtr, -1, -1, -1, -1, clock_kHz); break;
      |                                                               ^
wled00/bus_wrapper.h:404:67: warning: right operand of comma operator has no effect [-Wunused-value]
  404 |       case I_HS_WS1_3: beginDotStar<B_HS_WS1_3*>(busPtr, -1, -1, -1, -1, clock_kHz); break;
      |                                                                   ^
wled00/bus_wrapper.h:404:71: warning: right operand of comma operator has no effect [-Wunused-value]
  404 |       case I_HS_WS1_3: beginDotStar<B_HS_WS1_3*>(busPtr, -1, -1, -1, -1, clock_kHz); break;
      |                                                                       ^
wled00/bus_wrapper.h:404:74: warning: right operand of comma operator has no effect [-Wunused-value]
  404 |       case I_HS_WS1_3: beginDotStar<B_HS_WS1_3*>(busPtr, -1, -1, -1, -1, clock_kHz); break;
      |                                                                          ^~~~~~~~~
Compiling .pio/build/custom_build/src/cfg.cpp.o
wled00/bus_wrapper.h: In static member function 'static void* PolyBus::create(uint8_t, uint8_t*, uint16_t, uint8_t)':
wled00/bus_wrapper.h:309:53: error: 'DotStarEsp32HspiHzMethod' was not declared in this scope; did you mean 'DotStarSpiHzMethod'?
  309 | #define B_HS_DOT_3 NeoPixelBusLg<DotStarBgrFeature, DotStarEsp32HspiHzMethod, NeoGammaNullMethod> //hardware HSPI (was DotStarEsp32DmaHspi5MhzMethod in NPB @ 2.6.9)
      |                                                     ^~~~~~~~~~~~~~~~~~~~~~~~
wled00/bus_wrapper.h:578:37: note: in expansion of macro 'B_HS_DOT_3'
  578 |       case I_HS_DOT_3: busPtr = new B_HS_DOT_3(len, pins[1], pins[0]); break;
      |                                     ^~~~~~~~~~
wled00/bus_wrapper.h:309:97: error: template argument 2 is invalid
  309 | #define B_HS_DOT_3 NeoPixelBusLg<DotStarBgrFeature, DotStarEsp32HspiHzMethod, NeoGammaNullMethod> //hardware HSPI (was DotStarEsp32DmaHspi5MhzMethod in NPB @ 2.6.9)
      |                                                                                                 ^
wled00/bus_wrapper.h:578:37: note: in expansion of macro 'B_HS_DOT_3'
  578 |       case I_HS_DOT_3: busPtr = new B_HS_DOT_3(len, pins[1], pins[0]); break;
      |                                     ^~~~~~~~~~
wled00/bus_wrapper.h:325:66: error: 'TwoWireHspiImple' was not declared in this scope; did you mean 'TwoWireSpiImple'?
  325 | #define B_HS_WS1_3 NeoPixelBusLg<NeoRbgFeature, Ws2801MethodBase<TwoWireHspiImple<SpiSpeedHz>>, NeoGammaNullMethod>
      |                                                                  ^~~~~~~~~~~~~~~~
wled00/bus_wrapper.h:584:37: note: in expansion of macro 'B_HS_WS1_3'
  584 |       case I_HS_WS1_3: busPtr = new B_HS_WS1_3(len, pins[1], pins[0]); break;
      |                                     ^~~~~~~~~~
wled00/bus_wrapper.h:325:83: error: template argument 1 is invalid
  325 | #define B_HS_WS1_3 NeoPixelBusLg<NeoRbgFeature, Ws2801MethodBase<TwoWireHspiImple<SpiSpeedHz>>, NeoGammaNullMethod>
      |                                                                                   ^~~~~~~~~~
wled00/bus_wrapper.h:584:37: note: in expansion of macro 'B_HS_WS1_3'
  584 |       case I_HS_WS1_3: busPtr = new B_HS_WS1_3(len, pins[1], pins[0]); break;
      |                                     ^~~~~~~~~~
wled00/bus_wrapper.h:325:93: error: template argument 2 is invalid
  325 | #define B_HS_WS1_3 NeoPixelBusLg<NeoRbgFeature, Ws2801MethodBase<TwoWireHspiImple<SpiSpeedHz>>, NeoGammaNullMethod>
      |                                                                                             ^~
wled00/bus_wrapper.h:584:37: note: in expansion of macro 'B_HS_WS1_3'
  584 |       case I_HS_WS1_3: busPtr = new B_HS_WS1_3(len, pins[1], pins[0]); break;
      |                                     ^~~~~~~~~~
wled00/bus_wrapper.h:325:115: error: expected primary-expression before '>' token
  325 | #define B_HS_WS1_3 NeoPixelBusLg<NeoRbgFeature, Ws2801MethodBase<TwoWireHspiImple<SpiSpeedHz>>, NeoGammaNullMethod>
      |                                                                                                                   ^
wled00/bus_wrapper.h:584:37: note: in expansion of macro 'B_HS_WS1_3'
  584 |       case I_HS_WS1_3: busPtr = new B_HS_WS1_3(len, pins[1], pins[0]); break;
      |                                     ^~~~~~~~~~
wled00/bus_wrapper.h:584:48: warning: left operand of comma operator has no effect [-Wunused-value]
  584 |       case I_HS_WS1_3: busPtr = new B_HS_WS1_3(len, pins[1], pins[0]); break;
      |                                                ^~~
wled00/bus_wrapper.h:584:59: warning: value computed is not used [-Wunused-value]
  584 |       case I_HS_WS1_3: busPtr = new B_HS_WS1_3(len, pins[1], pins[0]); break;
      |                                                     ~~~~~~^
wled00/bus_wrapper.h:584:59: warning: right operand of comma operator has no effect [-Wunused-value]
wled00/bus_wrapper.h: In static member function 'static void PolyBus::show(void*, uint8_t, bool)':
wled00/bus_wrapper.h:309:53: error: 'DotStarEsp32HspiHzMethod' was not declared in this scope; did you mean 'DotStarSpiHzMethod'?
  309 | #define B_HS_DOT_3 NeoPixelBusLg<DotStarBgrFeature, DotStarEsp32HspiHzMethod, NeoGammaNullMethod> //hardware HSPI (was DotStarEsp32DmaHspi5MhzMethod in NPB @ 2.6.9)
      |                                                     ^~~~~~~~~~~~~~~~~~~~~~~~
wled00/bus_wrapper.h:676:37: note: in expansion of macro 'B_HS_DOT_3'
  676 |       case I_HS_DOT_3: (static_cast<B_HS_DOT_3*>(busPtr))->Show(consistent); break;
      |                                     ^~~~~~~~~~
wled00/bus_wrapper.h:309:97: error: template argument 2 is invalid
  309 | #define B_HS_DOT_3 NeoPixelBusLg<DotStarBgrFeature, DotStarEsp32HspiHzMethod, NeoGammaNullMethod> //hardware HSPI (was DotStarEsp32DmaHspi5MhzMethod in NPB @ 2.6.9)
      |                                                                                                 ^
wled00/bus_wrapper.h:676:37: note: in expansion of macro 'B_HS_DOT_3'
  676 |       case I_HS_DOT_3: (static_cast<B_HS_DOT_3*>(busPtr))->Show(consistent); break;
      |                                     ^~~~~~~~~~
wled00/bus_wrapper.h:676:47: error: expected '>' before '*' token
  676 |       case I_HS_DOT_3: (static_cast<B_HS_DOT_3*>(busPtr))->Show(consistent); break;
      |                                               ^
wled00/bus_wrapper.h:676:47: error: expected '(' before '*' token
  676 |       case I_HS_DOT_3: (static_cast<B_HS_DOT_3*>(busPtr))->Show(consistent); break;
      |                                               ^
      |                                               (
wled00/bus_wrapper.h:676:48: error: expected primary-expression before '>' token
  676 |       case I_HS_DOT_3: (static_cast<B_HS_DOT_3*>(busPtr))->Show(consistent); break;
      |                                                ^
wled00/bus_wrapper.h:676:76: error: expected ')' before ';' token
  676 |       case I_HS_DOT_3: (static_cast<B_HS_DOT_3*>(busPtr))->Show(consistent); break;
      |                        ~                                                   ^
      |                                                                            )
wled00/bus_wrapper.h:325:66: error: 'TwoWireHspiImple' was not declared in this scope; did you mean 'TwoWireSpiImple'?
  325 | #define B_HS_WS1_3 NeoPixelBusLg<NeoRbgFeature, Ws2801MethodBase<TwoWireHspiImple<SpiSpeedHz>>, NeoGammaNullMethod>
      |                                                                  ^~~~~~~~~~~~~~~~
wled00/bus_wrapper.h:682:37: note: in expansion of macro 'B_HS_WS1_3'
  682 |       case I_HS_WS1_3: (static_cast<B_HS_WS1_3*>(busPtr))->Show(consistent); break;
      |                                     ^~~~~~~~~~
wled00/bus_wrapper.h:325:83: error: template argument 1 is invalid
  325 | #define B_HS_WS1_3 NeoPixelBusLg<NeoRbgFeature, Ws2801MethodBase<TwoWireHspiImple<SpiSpeedHz>>, NeoGammaNullMethod>
      |                                                                                   ^~~~~~~~~~
wled00/bus_wrapper.h:682:37: note: in expansion of macro 'B_HS_WS1_3'
  682 |       case I_HS_WS1_3: (static_cast<B_HS_WS1_3*>(busPtr))->Show(consistent); break;
      |                                     ^~~~~~~~~~
wled00/bus_wrapper.h:325:93: error: template argument 2 is invalid
  325 | #define B_HS_WS1_3 NeoPixelBusLg<NeoRbgFeature, Ws2801MethodBase<TwoWireHspiImple<SpiSpeedHz>>, NeoGammaNullMethod>
      |                                                                                             ^~
wled00/bus_wrapper.h:682:37: note: in expansion of macro 'B_HS_WS1_3'
  682 |       case I_HS_WS1_3: (static_cast<B_HS_WS1_3*>(busPtr))->Show(consistent); break;
      |                                     ^~~~~~~~~~
wled00/bus_wrapper.h:325:95: error: expected '>' before ',' token
  325 | #define B_HS_WS1_3 NeoPixelBusLg<NeoRbgFeature, Ws2801MethodBase<TwoWireHspiImple<SpiSpeedHz>>, NeoGammaNullMethod>
      |                                                                                               ^
wled00/bus_wrapper.h:682:37: note: in expansion of macro 'B_HS_WS1_3'
  682 |       case I_HS_WS1_3: (static_cast<B_HS_WS1_3*>(busPtr))->Show(consistent); break;
      |                                     ^~~~~~~~~~
wled00/bus_wrapper.h:325:95: error: expected '(' before ',' token
  325 | #define B_HS_WS1_3 NeoPixelBusLg<NeoRbgFeature, Ws2801MethodBase<TwoWireHspiImple<SpiSpeedHz>>, NeoGammaNullMethod>
      |                                                                                               ^
wled00/bus_wrapper.h:682:37: note: in expansion of macro 'B_HS_WS1_3'
  682 |       case I_HS_WS1_3: (static_cast<B_HS_WS1_3*>(busPtr))->Show(consistent); break;
      |                                     ^~~~~~~~~~
wled00/bus_wrapper.h:325:95: error: expected primary-expression before ',' token
  325 | #define B_HS_WS1_3 NeoPixelBusLg<NeoRbgFeature, Ws2801MethodBase<TwoWireHspiImple<SpiSpeedHz>>, NeoGammaNullMethod>
      |                                                                                               ^
wled00/bus_wrapper.h:682:37: note: in expansion of macro 'B_HS_WS1_3'
  682 |       case I_HS_WS1_3: (static_cast<B_HS_WS1_3*>(busPtr))->Show(consistent); break;
      |                                     ^~~~~~~~~~
wled00/bus_wrapper.h:325:115: error: expected primary-expression before '>' token
  325 | #define B_HS_WS1_3 NeoPixelBusLg<NeoRbgFeature, Ws2801MethodBase<TwoWireHspiImple<SpiSpeedHz>>, NeoGammaNullMethod>
      |                                                                                                                   ^
wled00/bus_wrapper.h:682:37: note: in expansion of macro 'B_HS_WS1_3'
  682 |       case I_HS_WS1_3: (static_cast<B_HS_WS1_3*>(busPtr))->Show(consistent); break;
      |                                     ^~~~~~~~~~
wled00/bus_wrapper.h:682:48: error: expected primary-expression before '>' token
  682 |       case I_HS_WS1_3: (static_cast<B_HS_WS1_3*>(busPtr))->Show(consistent); break;
      |                                                ^
wled00/bus_wrapper.h:682:76: error: expected ')' before ';' token
  682 |       case I_HS_WS1_3: (static_cast<B_HS_WS1_3*>(busPtr))->Show(consistent); break;
      |                        ~                                                   ^
      |                                                                            )
wled00/bus_wrapper.h: In static member function 'static bool PolyBus::canShow(void*, uint8_t)':
wled00/bus_wrapper.h:309:53: error: 'DotStarEsp32HspiHzMethod' was not declared in this scope; did you mean 'DotStarSpiHzMethod'?
  309 | #define B_HS_DOT_3 NeoPixelBusLg<DotStarBgrFeature, DotStarEsp32HspiHzMethod, NeoGammaNullMethod> //hardware HSPI (was DotStarEsp32DmaHspi5MhzMethod in NPB @ 2.6.9)
      |                                                     ^~~~~~~~~~~~~~~~~~~~~~~~
wled00/bus_wrapper.h:772:44: note: in expansion of macro 'B_HS_DOT_3'
  772 |       case I_HS_DOT_3: return (static_cast<B_HS_DOT_3*>(busPtr))->CanShow(); break;
      |                                            ^~~~~~~~~~
wled00/bus_wrapper.h:309:97: error: template argument 2 is invalid
  309 | #define B_HS_DOT_3 NeoPixelBusLg<DotStarBgrFeature, DotStarEsp32HspiHzMethod, NeoGammaNullMethod> //hardware HSPI (was DotStarEsp32DmaHspi5MhzMethod in NPB @ 2.6.9)
      |                                                                                                 ^
wled00/bus_wrapper.h:772:44: note: in expansion of macro 'B_HS_DOT_3'
  772 |       case I_HS_DOT_3: return (static_cast<B_HS_DOT_3*>(busPtr))->CanShow(); break;
      |                                            ^~~~~~~~~~
wled00/bus_wrapper.h:772:54: error: expected '>' before '*' token
  772 |       case I_HS_DOT_3: return (static_cast<B_HS_DOT_3*>(busPtr))->CanShow(); break;
      |                                                      ^
wled00/bus_wrapper.h:772:54: error: expected '(' before '*' token
  772 |       case I_HS_DOT_3: return (static_cast<B_HS_DOT_3*>(busPtr))->CanShow(); break;
      |                                                      ^
      |                                                      (
wled00/bus_wrapper.h:772:55: error: expected primary-expression before '>' token
  772 |       case I_HS_DOT_3: return (static_cast<B_HS_DOT_3*>(busPtr))->CanShow(); break;
      |                                                       ^
wled00/bus_wrapper.h:772:76: error: expected ')' before ';' token
  772 |       case I_HS_DOT_3: return (static_cast<B_HS_DOT_3*>(busPtr))->CanShow(); break;
      |                               ~                                            ^
      |                                                                            )
wled00/bus_wrapper.h:325:66: error: 'TwoWireHspiImple' was not declared in this scope; did you mean 'TwoWireSpiImple'?
  325 | #define B_HS_WS1_3 NeoPixelBusLg<NeoRbgFeature, Ws2801MethodBase<TwoWireHspiImple<SpiSpeedHz>>, NeoGammaNullMethod>
      |                                                                  ^~~~~~~~~~~~~~~~
wled00/bus_wrapper.h:778:44: note: in expansion of macro 'B_HS_WS1_3'
  778 |       case I_HS_WS1_3: return (static_cast<B_HS_WS1_3*>(busPtr))->CanShow(); break;
      |                                            ^~~~~~~~~~
wled00/bus_wrapper.h:325:83: error: template argument 1 is invalid
  325 | #define B_HS_WS1_3 NeoPixelBusLg<NeoRbgFeature, Ws2801MethodBase<TwoWireHspiImple<SpiSpeedHz>>, NeoGammaNullMethod>
      |                                                                                   ^~~~~~~~~~
wled00/bus_wrapper.h:778:44: note: in expansion of macro 'B_HS_WS1_3'
  778 |       case I_HS_WS1_3: return (static_cast<B_HS_WS1_3*>(busPtr))->CanShow(); break;
      |                                            ^~~~~~~~~~
wled00/bus_wrapper.h:325:93: error: template argument 2 is invalid
  325 | #define B_HS_WS1_3 NeoPixelBusLg<NeoRbgFeature, Ws2801MethodBase<TwoWireHspiImple<SpiSpeedHz>>, NeoGammaNullMethod>
      |                                                                                             ^~
wled00/bus_wrapper.h:778:44: note: in expansion of macro 'B_HS_WS1_3'
  778 |       case I_HS_WS1_3: return (static_cast<B_HS_WS1_3*>(busPtr))->CanShow(); break;
      |                                            ^~~~~~~~~~
wled00/bus_wrapper.h:325:95: error: expected '>' before ',' token
  325 | #define B_HS_WS1_3 NeoPixelBusLg<NeoRbgFeature, Ws2801MethodBase<TwoWireHspiImple<SpiSpeedHz>>, NeoGammaNullMethod>
      |                                                                                               ^
wled00/bus_wrapper.h:778:44: note: in expansion of macro 'B_HS_WS1_3'
  778 |       case I_HS_WS1_3: return (static_cast<B_HS_WS1_3*>(busPtr))->CanShow(); break;
      |                                            ^~~~~~~~~~
wled00/bus_wrapper.h:325:95: error: expected '(' before ',' token
  325 | #define B_HS_WS1_3 NeoPixelBusLg<NeoRbgFeature, Ws2801MethodBase<TwoWireHspiImple<SpiSpeedHz>>, NeoGammaNullMethod>
      |                                                                                               ^
wled00/bus_wrapper.h:778:44: note: in expansion of macro 'B_HS_WS1_3'
  778 |       case I_HS_WS1_3: return (static_cast<B_HS_WS1_3*>(busPtr))->CanShow(); break;
      |                                            ^~~~~~~~~~
wled00/bus_wrapper.h:325:95: error: expected primary-expression before ',' token
  325 | #define B_HS_WS1_3 NeoPixelBusLg<NeoRbgFeature, Ws2801MethodBase<TwoWireHspiImple<SpiSpeedHz>>, NeoGammaNullMethod>
      |                                                                                               ^
wled00/bus_wrapper.h:778:44: note: in expansion of macro 'B_HS_WS1_3'
  778 |       case I_HS_WS1_3: return (static_cast<B_HS_WS1_3*>(busPtr))->CanShow(); break;
      |                                            ^~~~~~~~~~
wled00/bus_wrapper.h:325:115: error: expected primary-expression before '>' token
  325 | #define B_HS_WS1_3 NeoPixelBusLg<NeoRbgFeature, Ws2801MethodBase<TwoWireHspiImple<SpiSpeedHz>>, NeoGammaNullMethod>
      |                                                                                                                   ^
wled00/bus_wrapper.h:778:44: note: in expansion of macro 'B_HS_WS1_3'
  778 |       case I_HS_WS1_3: return (static_cast<B_HS_WS1_3*>(busPtr))->CanShow(); break;
      |                                            ^~~~~~~~~~
wled00/bus_wrapper.h:778:55: error: expected primary-expression before '>' token
  778 |       case I_HS_WS1_3: return (static_cast<B_HS_WS1_3*>(busPtr))->CanShow(); break;
      |                                                       ^
wled00/bus_wrapper.h:778:76: error: expected ')' before ';' token
  778 |       case I_HS_WS1_3: return (static_cast<B_HS_WS1_3*>(busPtr))->CanShow(); break;
      |                               ~                                            ^
      |                                                                            )
wled00/bus_wrapper.h: In static member function 'static void PolyBus::setPixelColor(void*, uint8_t, uint16_t, uint32_t, uint8_t, uint16_t)':
wled00/bus_wrapper.h:309:53: error: 'DotStarEsp32HspiHzMethod' was not declared in this scope; did you mean 'DotStarSpiHzMethod'?
  309 | #define B_HS_DOT_3 NeoPixelBusLg<DotStarBgrFeature, DotStarEsp32HspiHzMethod, NeoGammaNullMethod> //hardware HSPI (was DotStarEsp32DmaHspi5MhzMethod in NPB @ 2.6.9)
      |                                                     ^~~~~~~~~~~~~~~~~~~~~~~~
wled00/bus_wrapper.h:894:37: note: in expansion of macro 'B_HS_DOT_3'
  894 |       case I_HS_DOT_3: (static_cast<B_HS_DOT_3*>(busPtr))->SetPixelColor(pix, RgbColor(col)); break;
      |                                     ^~~~~~~~~~
wled00/bus_wrapper.h:309:97: error: template argument 2 is invalid
  309 | #define B_HS_DOT_3 NeoPixelBusLg<DotStarBgrFeature, DotStarEsp32HspiHzMethod, NeoGammaNullMethod> //hardware HSPI (was DotStarEsp32DmaHspi5MhzMethod in NPB @ 2.6.9)
      |                                                                                                 ^
wled00/bus_wrapper.h:894:37: note: in expansion of macro 'B_HS_DOT_3'
  894 |       case I_HS_DOT_3: (static_cast<B_HS_DOT_3*>(busPtr))->SetPixelColor(pix, RgbColor(col)); break;
      |                                     ^~~~~~~~~~
In file included from wled00/bus_manager.cpp:22:
wled00/bus_wrapper.h:894:47: error: expected '>' before '*' token
  894 |       case I_HS_DOT_3: (static_cast<B_HS_DOT_3*>(busPtr))->SetPixelColor(pix, RgbColor(col)); break;
      |                                               ^
wled00/bus_wrapper.h:894:47: error: expected '(' before '*' token
  894 |       case I_HS_DOT_3: (static_cast<B_HS_DOT_3*>(busPtr))->SetPixelColor(pix, RgbColor(col)); break;
      |                                               ^
      |                                               (
wled00/bus_wrapper.h:894:48: error: expected primary-expression before '>' token
  894 |       case I_HS_DOT_3: (static_cast<B_HS_DOT_3*>(busPtr))->SetPixelColor(pix, RgbColor(col)); break;
      |                                                ^
wled00/bus_wrapper.h:894:93: error: expected ')' before ';' token
  894 |       case I_HS_DOT_3: (static_cast<B_HS_DOT_3*>(busPtr))->SetPixelColor(pix, RgbColor(col)); break;
      |                        ~                                                                    ^
      |                                                                                             )
In file included from wled00/bus_manager.cpp:22:
wled00/bus_wrapper.h:325:66: error: 'TwoWireHspiImple' was not declared in this scope; did you mean 'TwoWireSpiImple'?
  325 | #define B_HS_WS1_3 NeoPixelBusLg<NeoRbgFeature, Ws2801MethodBase<TwoWireHspiImple<SpiSpeedHz>>, NeoGammaNullMethod>
      |                                                                  ^~~~~~~~~~~~~~~~
wled00/bus_wrapper.h:900:37: note: in expansion of macro 'B_HS_WS1_3'
  900 |       case I_HS_WS1_3: (static_cast<B_HS_WS1_3*>(busPtr))->SetPixelColor(pix, RgbColor(col)); break;
      |                                     ^~~~~~~~~~
wled00/bus_wrapper.h:325:83: error: template argument 1 is invalid
  325 | #define B_HS_WS1_3 NeoPixelBusLg<NeoRbgFeature, Ws2801MethodBase<TwoWireHspiImple<SpiSpeedHz>>, NeoGammaNullMethod>
      |                                                                                   ^~~~~~~~~~
wled00/bus_wrapper.h:900:37: note: in expansion of macro 'B_HS_WS1_3'
  900 |       case I_HS_WS1_3: (static_cast<B_HS_WS1_3*>(busPtr))->SetPixelColor(pix, RgbColor(col)); break;
      |                                     ^~~~~~~~~~
wled00/bus_wrapper.h:325:93: error: template argument 2 is invalid
  325 | #define B_HS_WS1_3 NeoPixelBusLg<NeoRbgFeature, Ws2801MethodBase<TwoWireHspiImple<SpiSpeedHz>>, NeoGammaNullMethod>
      |                                                                                             ^~
wled00/bus_wrapper.h:900:37: note: in expansion of macro 'B_HS_WS1_3'
  900 |       case I_HS_WS1_3: (static_cast<B_HS_WS1_3*>(busPtr))->SetPixelColor(pix, RgbColor(col)); break;
      |                                     ^~~~~~~~~~
wled00/bus_wrapper.h:325:95: error: expected '>' before ',' token
  325 | #define B_HS_WS1_3 NeoPixelBusLg<NeoRbgFeature, Ws2801MethodBase<TwoWireHspiImple<SpiSpeedHz>>, NeoGammaNullMethod>
      |                                                                                               ^
wled00/bus_wrapper.h:900:37: note: in expansion of macro 'B_HS_WS1_3'
  900 |       case I_HS_WS1_3: (static_cast<B_HS_WS1_3*>(busPtr))->SetPixelColor(pix, RgbColor(col)); break;
      |                                     ^~~~~~~~~~
wled00/bus_wrapper.h:325:95: error: expected '(' before ',' token
  325 | #define B_HS_WS1_3 NeoPixelBusLg<NeoRbgFeature, Ws2801MethodBase<TwoWireHspiImple<SpiSpeedHz>>, NeoGammaNullMethod>
      |                                                                                               ^
wled00/bus_wrapper.h:900:37: note: in expansion of macro 'B_HS_WS1_3'
  900 |       case I_HS_WS1_3: (static_cast<B_HS_WS1_3*>(busPtr))->SetPixelColor(pix, RgbColor(col)); break;
      |                                     ^~~~~~~~~~
wled00/bus_wrapper.h:325:95: error: expected primary-expression before ',' token
  325 | #define B_HS_WS1_3 NeoPixelBusLg<NeoRbgFeature, Ws2801MethodBase<TwoWireHspiImple<SpiSpeedHz>>, NeoGammaNullMethod>
      |                                                                                               ^
wled00/bus_wrapper.h:900:37: note: in expansion of macro 'B_HS_WS1_3'
  900 |       case I_HS_WS1_3: (static_cast<B_HS_WS1_3*>(busPtr))->SetPixelColor(pix, RgbColor(col)); break;
      |                                     ^~~~~~~~~~
wled00/bus_wrapper.h:325:115: error: expected primary-expression before '>' token
  325 | #define B_HS_WS1_3 NeoPixelBusLg<NeoRbgFeature, Ws2801MethodBase<TwoWireHspiImple<SpiSpeedHz>>, NeoGammaNullMethod>
      |                                                                                                                   ^
wled00/bus_wrapper.h:900:37: note: in expansion of macro 'B_HS_WS1_3'
  900 |       case I_HS_WS1_3: (static_cast<B_HS_WS1_3*>(busPtr))->SetPixelColor(pix, RgbColor(col)); break;
      |                                     ^~~~~~~~~~
In file included from wled00/bus_manager.cpp:22:
wled00/bus_wrapper.h:900:48: error: expected primary-expression before '>' token
  900 |       case I_HS_WS1_3: (static_cast<B_HS_WS1_3*>(busPtr))->SetPixelColor(pix, RgbColor(col)); break;
      |                                                ^
wled00/bus_wrapper.h:900:93: error: expected ')' before ';' token
  900 |       case I_HS_WS1_3: (static_cast<B_HS_WS1_3*>(busPtr))->SetPixelColor(pix, RgbColor(col)); break;
      |                        ~                                                                    ^
      |                                                                                             )
In file included from wled00/bus_manager.cpp:22:
wled00/bus_wrapper.h: In static member function 'static void PolyBus::setBrightness(void*, uint8_t, uint8_t)':
wled00/bus_wrapper.h:309:53: error: 'DotStarEsp32HspiHzMethod' was not declared in this scope; did you mean 'DotStarSpiHzMethod'?
  309 | #define B_HS_DOT_3 NeoPixelBusLg<DotStarBgrFeature, DotStarEsp32HspiHzMethod, NeoGammaNullMethod> //hardware HSPI (was DotStarEsp32DmaHspi5MhzMethod in NPB @ 2.6.9)
      |                                                     ^~~~~~~~~~~~~~~~~~~~~~~~
wled00/bus_wrapper.h:990:37: note: in expansion of macro 'B_HS_DOT_3'
  990 |       case I_HS_DOT_3: (static_cast<B_HS_DOT_3*>(busPtr))->SetLuminance(b); break;
      |                                     ^~~~~~~~~~
wled00/bus_wrapper.h:309:97: error: template argument 2 is invalid
  309 | #define B_HS_DOT_3 NeoPixelBusLg<DotStarBgrFeature, DotStarEsp32HspiHzMethod, NeoGammaNullMethod> //hardware HSPI (was DotStarEsp32DmaHspi5MhzMethod in NPB @ 2.6.9)
      |                                                                                                 ^
wled00/bus_wrapper.h:990:37: note: in expansion of macro 'B_HS_DOT_3'
  990 |       case I_HS_DOT_3: (static_cast<B_HS_DOT_3*>(busPtr))->SetLuminance(b); break;
      |                                     ^~~~~~~~~~
In file included from wled00/bus_manager.cpp:22:
wled00/bus_wrapper.h:990:47: error: expected '>' before '*' token
  990 |       case I_HS_DOT_3: (static_cast<B_HS_DOT_3*>(busPtr))->SetLuminance(b); break;
      |                                               ^
wled00/bus_wrapper.h:990:47: error: expected '(' before '*' token
  990 |       case I_HS_DOT_3: (static_cast<B_HS_DOT_3*>(busPtr))->SetLuminance(b); break;
      |                                               ^
      |                                               (
wled00/bus_wrapper.h:990:48: error: expected primary-expression before '>' token
  990 |       case I_HS_DOT_3: (static_cast<B_HS_DOT_3*>(busPtr))->SetLuminance(b); break;
      |                                                ^
wled00/bus_wrapper.h:990:75: error: expected ')' before ';' token
  990 |       case I_HS_DOT_3: (static_cast<B_HS_DOT_3*>(busPtr))->SetLuminance(b); break;
      |                        ~                                                  ^
      |                                                                           )
In file included from wled00/bus_manager.cpp:22:
wled00/bus_wrapper.h:325:66: error: 'TwoWireHspiImple' was not declared in this scope; did you mean 'TwoWireSpiImple'?
  325 | #define B_HS_WS1_3 NeoPixelBusLg<NeoRbgFeature, Ws2801MethodBase<TwoWireHspiImple<SpiSpeedHz>>, NeoGammaNullMethod>
      |                                                                  ^~~~~~~~~~~~~~~~
wled00/bus_wrapper.h:996:37: note: in expansion of macro 'B_HS_WS1_3'
  996 |       case I_HS_WS1_3: (static_cast<B_HS_WS1_3*>(busPtr))->SetLuminance(b); break;
      |                                     ^~~~~~~~~~
wled00/bus_wrapper.h:325:83: error: template argument 1 is invalid
  325 | #define B_HS_WS1_3 NeoPixelBusLg<NeoRbgFeature, Ws2801MethodBase<TwoWireHspiImple<SpiSpeedHz>>, NeoGammaNullMethod>
      |                                                                                   ^~~~~~~~~~
wled00/bus_wrapper.h:996:37: note: in expansion of macro 'B_HS_WS1_3'
  996 |       case I_HS_WS1_3: (static_cast<B_HS_WS1_3*>(busPtr))->SetLuminance(b); break;
      |                                     ^~~~~~~~~~
wled00/bus_wrapper.h:325:93: error: template argument 2 is invalid
  325 | #define B_HS_WS1_3 NeoPixelBusLg<NeoRbgFeature, Ws2801MethodBase<TwoWireHspiImple<SpiSpeedHz>>, NeoGammaNullMethod>
      |                                                                                             ^~
wled00/bus_wrapper.h:996:37: note: in expansion of macro 'B_HS_WS1_3'
  996 |       case I_HS_WS1_3: (static_cast<B_HS_WS1_3*>(busPtr))->SetLuminance(b); break;
      |                                     ^~~~~~~~~~
wled00/bus_wrapper.h:325:95: error: expected '>' before ',' token
  325 | #define B_HS_WS1_3 NeoPixelBusLg<NeoRbgFeature, Ws2801MethodBase<TwoWireHspiImple<SpiSpeedHz>>, NeoGammaNullMethod>
      |                                                                                               ^
wled00/bus_wrapper.h:996:37: note: in expansion of macro 'B_HS_WS1_3'
  996 |       case I_HS_WS1_3: (static_cast<B_HS_WS1_3*>(busPtr))->SetLuminance(b); break;
      |                                     ^~~~~~~~~~
wled00/bus_wrapper.h:325:95: error: expected '(' before ',' token
  325 | #define B_HS_WS1_3 NeoPixelBusLg<NeoRbgFeature, Ws2801MethodBase<TwoWireHspiImple<SpiSpeedHz>>, NeoGammaNullMethod>
      |                                                                                               ^
wled00/bus_wrapper.h:996:37: note: in expansion of macro 'B_HS_WS1_3'
  996 |       case I_HS_WS1_3: (static_cast<B_HS_WS1_3*>(busPtr))->SetLuminance(b); break;
      |                                     ^~~~~~~~~~
wled00/bus_wrapper.h:325:95: error: expected primary-expression before ',' token
  325 | #define B_HS_WS1_3 NeoPixelBusLg<NeoRbgFeature, Ws2801MethodBase<TwoWireHspiImple<SpiSpeedHz>>, NeoGammaNullMethod>
      |                                                                                               ^
wled00/bus_wrapper.h:996:37: note: in expansion of macro 'B_HS_WS1_3'
  996 |       case I_HS_WS1_3: (static_cast<B_HS_WS1_3*>(busPtr))->SetLuminance(b); break;
      |                                     ^~~~~~~~~~
wled00/bus_wrapper.h:325:115: error: expected primary-expression before '>' token
  325 | #define B_HS_WS1_3 NeoPixelBusLg<NeoRbgFeature, Ws2801MethodBase<TwoWireHspiImple<SpiSpeedHz>>, NeoGammaNullMethod>
      |                                                                                                                   ^
wled00/bus_wrapper.h:996:37: note: in expansion of macro 'B_HS_WS1_3'
  996 |       case I_HS_WS1_3: (static_cast<B_HS_WS1_3*>(busPtr))->SetLuminance(b); break;
      |                                     ^~~~~~~~~~
In file included from wled00/bus_manager.cpp:22:
wled00/bus_wrapper.h:996:48: error: expected primary-expression before '>' token
  996 |       case I_HS_WS1_3: (static_cast<B_HS_WS1_3*>(busPtr))->SetLuminance(b); break;
      |                                                ^
wled00/bus_wrapper.h:996:75: error: expected ')' before ';' token
  996 |       case I_HS_WS1_3: (static_cast<B_HS_WS1_3*>(busPtr))->SetLuminance(b); break;
      |                        ~                                                  ^
      |                                                                           )
In file included from wled00/bus_manager.cpp:22:
wled00/bus_wrapper.h: In static member function 'static uint32_t PolyBus::getPixelColor(void*, uint8_t, uint16_t, uint8_t)':
wled00/bus_wrapper.h:309:53: error: 'DotStarEsp32HspiHzMethod' was not declared in this scope; did you mean 'DotStarSpiHzMethod'?
  309 | #define B_HS_DOT_3 NeoPixelBusLg<DotStarBgrFeature, DotStarEsp32HspiHzMethod, NeoGammaNullMethod> //hardware HSPI (was DotStarEsp32DmaHspi5MhzMethod in NPB @ 2.6.9)
      |                                                     ^~~~~~~~~~~~~~~~~~~~~~~~
wled00/bus_wrapper.h:1087:43: note: in expansion of macro 'B_HS_DOT_3'
 1087 |       case I_HS_DOT_3: col = (static_cast<B_HS_DOT_3*>(busPtr))->GetPixelColor(pix); break;
      |                                           ^~~~~~~~~~
wled00/bus_wrapper.h:309:97: error: template argument 2 is invalid
  309 | #define B_HS_DOT_3 NeoPixelBusLg<DotStarBgrFeature, DotStarEsp32HspiHzMethod, NeoGammaNullMethod> //hardware HSPI (was DotStarEsp32DmaHspi5MhzMethod in NPB @ 2.6.9)
      |                                                                                                 ^
wled00/bus_wrapper.h:1087:43: note: in expansion of macro 'B_HS_DOT_3'
 1087 |       case I_HS_DOT_3: col = (static_cast<B_HS_DOT_3*>(busPtr))->GetPixelColor(pix); break;
      |                                           ^~~~~~~~~~
In file included from wled00/bus_manager.cpp:22:
wled00/bus_wrapper.h:1087:53: error: expected '>' before '*' token
 1087 |       case I_HS_DOT_3: col = (static_cast<B_HS_DOT_3*>(busPtr))->GetPixelColor(pix); break;
      |                                                     ^
wled00/bus_wrapper.h:1087:53: error: expected '(' before '*' token
 1087 |       case I_HS_DOT_3: col = (static_cast<B_HS_DOT_3*>(busPtr))->GetPixelColor(pix); break;
      |                                                     ^
      |                                                     (
wled00/bus_wrapper.h:1087:54: error: expected primary-expression before '>' token
 1087 |       case I_HS_DOT_3: col = (static_cast<B_HS_DOT_3*>(busPtr))->GetPixelColor(pix); break;
      |                                                      ^
wled00/bus_wrapper.h:1087:84: error: expected ')' before ';' token
 1087 |       case I_HS_DOT_3: col = (static_cast<B_HS_DOT_3*>(busPtr))->GetPixelColor(pix); break;
      |                              ~                                                     ^
      |                                                                                    )
In file included from wled00/bus_manager.cpp:22:
wled00/bus_wrapper.h:325:66: error: 'TwoWireHspiImple' was not declared in this scope; did you mean 'TwoWireSpiImple'?
  325 | #define B_HS_WS1_3 NeoPixelBusLg<NeoRbgFeature, Ws2801MethodBase<TwoWireHspiImple<SpiSpeedHz>>, NeoGammaNullMethod>
      |                                                                  ^~~~~~~~~~~~~~~~
wled00/bus_wrapper.h:1093:43: note: in expansion of macro 'B_HS_WS1_3'
 1093 |       case I_HS_WS1_3: col = (static_cast<B_HS_WS1_3*>(busPtr))->GetPixelColor(pix); break;
      |                                           ^~~~~~~~~~
wled00/bus_wrapper.h:325:83: error: template argument 1 is invalid
  325 | #define B_HS_WS1_3 NeoPixelBusLg<NeoRbgFeature, Ws2801MethodBase<TwoWireHspiImple<SpiSpeedHz>>, NeoGammaNullMethod>
      |                                                                                   ^~~~~~~~~~
wled00/bus_wrapper.h:1093:43: note: in expansion of macro 'B_HS_WS1_3'
 1093 |       case I_HS_WS1_3: col = (static_cast<B_HS_WS1_3*>(busPtr))->GetPixelColor(pix); break;
      |                                           ^~~~~~~~~~
wled00/bus_wrapper.h:325:93: error: template argument 2 is invalid
  325 | #define B_HS_WS1_3 NeoPixelBusLg<NeoRbgFeature, Ws2801MethodBase<TwoWireHspiImple<SpiSpeedHz>>, NeoGammaNullMethod>
      |                                                                                             ^~
wled00/bus_wrapper.h:1093:43: note: in expansion of macro 'B_HS_WS1_3'
 1093 |       case I_HS_WS1_3: col = (static_cast<B_HS_WS1_3*>(busPtr))->GetPixelColor(pix); break;
      |                                           ^~~~~~~~~~
wled00/bus_wrapper.h:325:95: error: expected '>' before ',' token
  325 | #define B_HS_WS1_3 NeoPixelBusLg<NeoRbgFeature, Ws2801MethodBase<TwoWireHspiImple<SpiSpeedHz>>, NeoGammaNullMethod>
      |                                                                                               ^
wled00/bus_wrapper.h:1093:43: note: in expansion of macro 'B_HS_WS1_3'
 1093 |       case I_HS_WS1_3: col = (static_cast<B_HS_WS1_3*>(busPtr))->GetPixelColor(pix); break;
      |                                           ^~~~~~~~~~
wled00/bus_wrapper.h:325:95: error: expected '(' before ',' token
  325 | #define B_HS_WS1_3 NeoPixelBusLg<NeoRbgFeature, Ws2801MethodBase<TwoWireHspiImple<SpiSpeedHz>>, NeoGammaNullMethod>
      |                                                                                               ^
wled00/bus_wrapper.h:1093:43: note: in expansion of macro 'B_HS_WS1_3'
 1093 |       case I_HS_WS1_3: col = (static_cast<B_HS_WS1_3*>(busPtr))->GetPixelColor(pix); break;
      |                                           ^~~~~~~~~~
wled00/bus_wrapper.h:325:95: error: expected primary-expression before ',' token
  325 | #define B_HS_WS1_3 NeoPixelBusLg<NeoRbgFeature, Ws2801MethodBase<TwoWireHspiImple<SpiSpeedHz>>, NeoGammaNullMethod>
      |                                                                                               ^
wled00/bus_wrapper.h:1093:43: note: in expansion of macro 'B_HS_WS1_3'
 1093 |       case I_HS_WS1_3: col = (static_cast<B_HS_WS1_3*>(busPtr))->GetPixelColor(pix); break;
      |                                           ^~~~~~~~~~
wled00/bus_wrapper.h:325:115: error: expected primary-expression before '>' token
  325 | #define B_HS_WS1_3 NeoPixelBusLg<NeoRbgFeature, Ws2801MethodBase<TwoWireHspiImple<SpiSpeedHz>>, NeoGammaNullMethod>
      |                                                                                                                   ^
wled00/bus_wrapper.h:1093:43: note: in expansion of macro 'B_HS_WS1_3'
 1093 |       case I_HS_WS1_3: col = (static_cast<B_HS_WS1_3*>(busPtr))->GetPixelColor(pix); break;
      |                                           ^~~~~~~~~~
In file included from wled00/bus_manager.cpp:22:
wled00/bus_wrapper.h:1093:54: error: expected primary-expression before '>' token
 1093 |       case I_HS_WS1_3: col = (static_cast<B_HS_WS1_3*>(busPtr))->GetPixelColor(pix); break;
      |                                                      ^
wled00/bus_wrapper.h:1093:84: error: expected ')' before ';' token
 1093 |       case I_HS_WS1_3: col = (static_cast<B_HS_WS1_3*>(busPtr))->GetPixelColor(pix); break;
      |                              ~                                                     ^
      |                                                                                    )
In file included from wled00/bus_manager.cpp:22:
wled00/bus_wrapper.h: In static member function 'static void PolyBus::cleanup(void*, uint8_t)':
wled00/bus_wrapper.h:309:53: error: 'DotStarEsp32HspiHzMethod' was not declared in this scope; did you mean 'DotStarSpiHzMethod'?
  309 | #define B_HS_DOT_3 NeoPixelBusLg<DotStarBgrFeature, DotStarEsp32HspiHzMethod, NeoGammaNullMethod> //hardware HSPI (was DotStarEsp32DmaHspi5MhzMethod in NPB @ 2.6.9)
      |                                                     ^~~~~~~~~~~~~~~~~~~~~~~~
wled00/bus_wrapper.h:1202:44: note: in expansion of macro 'B_HS_DOT_3'
 1202 |       case I_HS_DOT_3: delete (static_cast<B_HS_DOT_3*>(busPtr)); break;
      |                                            ^~~~~~~~~~
wled00/bus_wrapper.h:309:97: error: template argument 2 is invalid
  309 | #define B_HS_DOT_3 NeoPixelBusLg<DotStarBgrFeature, DotStarEsp32HspiHzMethod, NeoGammaNullMethod> //hardware HSPI (was DotStarEsp32DmaHspi5MhzMethod in NPB @ 2.6.9)
      |                                                                                                 ^
wled00/bus_wrapper.h:1202:44: note: in expansion of macro 'B_HS_DOT_3'
 1202 |       case I_HS_DOT_3: delete (static_cast<B_HS_DOT_3*>(busPtr)); break;
      |                                            ^~~~~~~~~~
In file included from wled00/bus_manager.cpp:22:
wled00/bus_wrapper.h:1202:54: error: expected '>' before '*' token
 1202 |       case I_HS_DOT_3: delete (static_cast<B_HS_DOT_3*>(busPtr)); break;
      |                                                      ^
wled00/bus_wrapper.h:1202:54: error: expected '(' before '*' token
 1202 |       case I_HS_DOT_3: delete (static_cast<B_HS_DOT_3*>(busPtr)); break;
      |                                                      ^
      |                                                      (
wled00/bus_wrapper.h:1202:55: error: expected primary-expression before '>' token
 1202 |       case I_HS_DOT_3: delete (static_cast<B_HS_DOT_3*>(busPtr)); break;
      |                                                       ^
wled00/bus_wrapper.h:1202:65: error: expected ')' before ';' token
 1202 |       case I_HS_DOT_3: delete (static_cast<B_HS_DOT_3*>(busPtr)); break;
      |                               ~                                 ^
      |                                                                 )
In file included from wled00/bus_manager.cpp:22:
wled00/bus_wrapper.h:325:66: error: 'TwoWireHspiImple' was not declared in this scope; did you mean 'TwoWireSpiImple'?
  325 | #define B_HS_WS1_3 NeoPixelBusLg<NeoRbgFeature, Ws2801MethodBase<TwoWireHspiImple<SpiSpeedHz>>, NeoGammaNullMethod>
      |                                                                  ^~~~~~~~~~~~~~~~
wled00/bus_wrapper.h:1208:44: note: in expansion of macro 'B_HS_WS1_3'
 1208 |       case I_HS_WS1_3: delete (static_cast<B_HS_WS1_3*>(busPtr)); break;
      |                                            ^~~~~~~~~~
wled00/bus_wrapper.h:325:83: error: template argument 1 is invalid
  325 | #define B_HS_WS1_3 NeoPixelBusLg<NeoRbgFeature, Ws2801MethodBase<TwoWireHspiImple<SpiSpeedHz>>, NeoGammaNullMethod>
      |                                                                                   ^~~~~~~~~~
wled00/bus_wrapper.h:1208:44: note: in expansion of macro 'B_HS_WS1_3'
 1208 |       case I_HS_WS1_3: delete (static_cast<B_HS_WS1_3*>(busPtr)); break;
      |                                            ^~~~~~~~~~
wled00/bus_wrapper.h:325:93: error: template argument 2 is invalid
  325 | #define B_HS_WS1_3 NeoPixelBusLg<NeoRbgFeature, Ws2801MethodBase<TwoWireHspiImple<SpiSpeedHz>>, NeoGammaNullMethod>
      |                                                                                             ^~
wled00/bus_wrapper.h:1208:44: note: in expansion of macro 'B_HS_WS1_3'
 1208 |       case I_HS_WS1_3: delete (static_cast<B_HS_WS1_3*>(busPtr)); break;
      |                                            ^~~~~~~~~~
wled00/bus_wrapper.h:325:95: error: expected '>' before ',' token
  325 | #define B_HS_WS1_3 NeoPixelBusLg<NeoRbgFeature, Ws2801MethodBase<TwoWireHspiImple<SpiSpeedHz>>, NeoGammaNullMethod>
      |                                                                                               ^
wled00/bus_wrapper.h:1208:44: note: in expansion of macro 'B_HS_WS1_3'
 1208 |       case I_HS_WS1_3: delete (static_cast<B_HS_WS1_3*>(busPtr)); break;
      |                                            ^~~~~~~~~~
wled00/bus_wrapper.h:325:95: error: expected '(' before ',' token
  325 | #define B_HS_WS1_3 NeoPixelBusLg<NeoRbgFeature, Ws2801MethodBase<TwoWireHspiImple<SpiSpeedHz>>, NeoGammaNullMethod>
      |                                                                                               ^
wled00/bus_wrapper.h:1208:44: note: in expansion of macro 'B_HS_WS1_3'
 1208 |       case I_HS_WS1_3: delete (static_cast<B_HS_WS1_3*>(busPtr)); break;
      |                                            ^~~~~~~~~~
wled00/bus_wrapper.h:325:95: error: expected primary-expression before ',' token
  325 | #define B_HS_WS1_3 NeoPixelBusLg<NeoRbgFeature, Ws2801MethodBase<TwoWireHspiImple<SpiSpeedHz>>, NeoGammaNullMethod>
      |                                                                                               ^
wled00/bus_wrapper.h:1208:44: note: in expansion of macro 'B_HS_WS1_3'
 1208 |       case I_HS_WS1_3: delete (static_cast<B_HS_WS1_3*>(busPtr)); break;
      |                                            ^~~~~~~~~~
wled00/bus_wrapper.h:325:115: error: expected primary-expression before '>' token
  325 | #define B_HS_WS1_3 NeoPixelBusLg<NeoRbgFeature, Ws2801MethodBase<TwoWireHspiImple<SpiSpeedHz>>, NeoGammaNullMethod>
      |                                                                                                                   ^
wled00/bus_wrapper.h:1208:44: note: in expansion of macro 'B_HS_WS1_3'
 1208 |       case I_HS_WS1_3: delete (static_cast<B_HS_WS1_3*>(busPtr)); break;
      |                                            ^~~~~~~~~~
In file included from wled00/bus_manager.cpp:22:
wled00/bus_wrapper.h:1208:55: error: expected primary-expression before '>' token
 1208 |       case I_HS_WS1_3: delete (static_cast<B_HS_WS1_3*>(busPtr)); break;
      |                                                       ^
wled00/bus_wrapper.h:1208:65: error: expected ')' before ';' token
 1208 |       case I_HS_WS1_3: delete (static_cast<B_HS_WS1_3*>(busPtr)); break;
      |                               ~                                 ^
      |                                                                 )
In file included from wled00/bus_manager.cpp:22:
wled00/bus_wrapper.h: In static member function 'static unsigned int PolyBus::getDataSize(void*, uint8_t)':
wled00/bus_wrapper.h:309:53: error: 'DotStarEsp32HspiHzMethod' was not declared in this scope; did you mean 'DotStarSpiHzMethod'?
  309 | #define B_HS_DOT_3 NeoPixelBusLg<DotStarBgrFeature, DotStarEsp32HspiHzMethod, NeoGammaNullMethod> //hardware HSPI (was DotStarEsp32DmaHspi5MhzMethod in NPB @ 2.6.9)
      |                                                     ^~~~~~~~~~~~~~~~~~~~~~~~
wled00/bus_wrapper.h:1299:44: note: in expansion of macro 'B_HS_DOT_3'
 1299 |       case I_HS_DOT_3: size = (static_cast<B_HS_DOT_3*>(busPtr))->PixelsSize()*2; break;
      |                                            ^~~~~~~~~~
wled00/bus_wrapper.h:309:97: error: template argument 2 is invalid
  309 | #define B_HS_DOT_3 NeoPixelBusLg<DotStarBgrFeature, DotStarEsp32HspiHzMethod, NeoGammaNullMethod> //hardware HSPI (was DotStarEsp32DmaHspi5MhzMethod in NPB @ 2.6.9)
      |                                                                                                 ^
wled00/bus_wrapper.h:1299:44: note: in expansion of macro 'B_HS_DOT_3'
 1299 |       case I_HS_DOT_3: size = (static_cast<B_HS_DOT_3*>(busPtr))->PixelsSize()*2; break;
      |                                            ^~~~~~~~~~
In file included from wled00/bus_manager.cpp:22:
wled00/bus_wrapper.h:1299:54: error: expected '>' before '*' token
 1299 |       case I_HS_DOT_3: size = (static_cast<B_HS_DOT_3*>(busPtr))->PixelsSize()*2; break;
      |                                                      ^
wled00/bus_wrapper.h:1299:54: error: expected '(' before '*' token
 1299 |       case I_HS_DOT_3: size = (static_cast<B_HS_DOT_3*>(busPtr))->PixelsSize()*2; break;
      |                                                      ^
      |                                                      (
wled00/bus_wrapper.h:1299:55: error: expected primary-expression before '>' token
 1299 |       case I_HS_DOT_3: size = (static_cast<B_HS_DOT_3*>(busPtr))->PixelsSize()*2; break;
      |                                                       ^
wled00/bus_wrapper.h:1299:81: error: expected ')' before ';' token
 1299 |       case I_HS_DOT_3: size = (static_cast<B_HS_DOT_3*>(busPtr))->PixelsSize()*2; break;
      |                               ~                                                 ^
      |                                                                                 )
In file included from wled00/bus_manager.cpp:22:
wled00/bus_wrapper.h:325:66: error: 'TwoWireHspiImple' was not declared in this scope; did you mean 'TwoWireSpiImple'?
  325 | #define B_HS_WS1_3 NeoPixelBusLg<NeoRbgFeature, Ws2801MethodBase<TwoWireHspiImple<SpiSpeedHz>>, NeoGammaNullMethod>
      |                                                                  ^~~~~~~~~~~~~~~~
wled00/bus_wrapper.h:1305:44: note: in expansion of macro 'B_HS_WS1_3'
 1305 |       case I_HS_WS1_3: size = (static_cast<B_HS_WS1_3*>(busPtr))->PixelsSize()*2; break;
      |                                            ^~~~~~~~~~
wled00/bus_wrapper.h:325:83: error: template argument 1 is invalid
  325 | #define B_HS_WS1_3 NeoPixelBusLg<NeoRbgFeature, Ws2801MethodBase<TwoWireHspiImple<SpiSpeedHz>>, NeoGammaNullMethod>
      |                                                                                   ^~~~~~~~~~
wled00/bus_wrapper.h:1305:44: note: in expansion of macro 'B_HS_WS1_3'
 1305 |       case I_HS_WS1_3: size = (static_cast<B_HS_WS1_3*>(busPtr))->PixelsSize()*2; break;
      |                                            ^~~~~~~~~~
wled00/bus_wrapper.h:325:93: error: template argument 2 is invalid
  325 | #define B_HS_WS1_3 NeoPixelBusLg<NeoRbgFeature, Ws2801MethodBase<TwoWireHspiImple<SpiSpeedHz>>, NeoGammaNullMethod>
      |                                                                                             ^~
wled00/bus_wrapper.h:1305:44: note: in expansion of macro 'B_HS_WS1_3'
 1305 |       case I_HS_WS1_3: size = (static_cast<B_HS_WS1_3*>(busPtr))->PixelsSize()*2; break;
      |                                            ^~~~~~~~~~
wled00/bus_wrapper.h:325:95: error: expected '>' before ',' token
  325 | #define B_HS_WS1_3 NeoPixelBusLg<NeoRbgFeature, Ws2801MethodBase<TwoWireHspiImple<SpiSpeedHz>>, NeoGammaNullMethod>
      |                                                                                               ^
wled00/bus_wrapper.h:1305:44: note: in expansion of macro 'B_HS_WS1_3'
 1305 |       case I_HS_WS1_3: size = (static_cast<B_HS_WS1_3*>(busPtr))->PixelsSize()*2; break;
      |                                            ^~~~~~~~~~
wled00/bus_wrapper.h:325:95: error: expected '(' before ',' token
  325 | #define B_HS_WS1_3 NeoPixelBusLg<NeoRbgFeature, Ws2801MethodBase<TwoWireHspiImple<SpiSpeedHz>>, NeoGammaNullMethod>
      |                                                                                               ^
wled00/bus_wrapper.h:1305:44: note: in expansion of macro 'B_HS_WS1_3'
 1305 |       case I_HS_WS1_3: size = (static_cast<B_HS_WS1_3*>(busPtr))->PixelsSize()*2; break;
      |                                            ^~~~~~~~~~
wled00/bus_wrapper.h:325:95: error: expected primary-expression before ',' token
  325 | #define B_HS_WS1_3 NeoPixelBusLg<NeoRbgFeature, Ws2801MethodBase<TwoWireHspiImple<SpiSpeedHz>>, NeoGammaNullMethod>
      |                                                                                               ^
wled00/bus_wrapper.h:1305:44: note: in expansion of macro 'B_HS_WS1_3'
 1305 |       case I_HS_WS1_3: size = (static_cast<B_HS_WS1_3*>(busPtr))->PixelsSize()*2; break;
      |                                            ^~~~~~~~~~
wled00/bus_wrapper.h:325:115: error: expected primary-expression before '>' token
  325 | #define B_HS_WS1_3 NeoPixelBusLg<NeoRbgFeature, Ws2801MethodBase<TwoWireHspiImple<SpiSpeedHz>>, NeoGammaNullMethod>
      |                                                                                                                   ^
wled00/bus_wrapper.h:1305:44: note: in expansion of macro 'B_HS_WS1_3'
 1305 |       case I_HS_WS1_3: size = (static_cast<B_HS_WS1_3*>(busPtr))->PixelsSize()*2; break;
      |                                            ^~~~~~~~~~
In file included from wled00/bus_manager.cpp:22:
wled00/bus_wrapper.h:1305:55: error: expected primary-expression before '>' token
 1305 |       case I_HS_WS1_3: size = (static_cast<B_HS_WS1_3*>(busPtr))->PixelsSize()*2; break;
      |                                                       ^
wled00/bus_wrapper.h:1305:81: error: expected ')' before ';' token
 1305 |       case I_HS_WS1_3: size = (static_cast<B_HS_WS1_3*>(busPtr))->PixelsSize()*2; break;
      |                               ~                                                 ^
      |                                                                                 )
*** [.pio/build/custom_build/src/bus_manager.cpp.o] Error 1
In file included from wled00/cfg.cpp:2:
wled00/wled_ethernet.h:25:3: error: 'eth_phy_type_t' does not name a type
   25 |   eth_phy_type_t eth_type;
      |   ^~~~~~~~~~~~~~
wled00/wled_ethernet.h:26:3: error: 'eth_clock_mode_t' does not name a type
   26 |   eth_clock_mode_t eth_clk_mode;
      |   ^~~~~~~~~~~~~~~~
wled00/cfg.cpp: In function 'void serializeConfig()':
wled00/cfg.cpp:779:42: error: 'const ethernet_settings' {aka 'const struct EthernetSettings'} has no member named 'eth_clk_mode'
  779 |     switch (ethernetBoards[ethernetType].eth_clk_mode) {
      |                                          ^~~~~~~~~~~~
wled00/cfg.cpp:780:12: error: 'ETH_CLOCK_GPIO0_IN' was not declared in this scope
  780 |       case ETH_CLOCK_GPIO0_IN:
      |            ^~~~~~~~~~~~~~~~~~
wled00/cfg.cpp:781:12: error: 'ETH_CLOCK_GPIO0_OUT' was not declared in this scope
  781 |       case ETH_CLOCK_GPIO0_OUT:
      |            ^~~~~~~~~~~~~~~~~~~
wled00/cfg.cpp:784:12: error: 'ETH_CLOCK_GPIO16_OUT' was not declared in this scope
  784 |       case ETH_CLOCK_GPIO16_OUT:
      |            ^~~~~~~~~~~~~~~~~~~~
wled00/cfg.cpp:787:12: error: 'ETH_CLOCK_GPIO17_OUT' was not declared in this scope
  787 |       case ETH_CLOCK_GPIO17_OUT:
      |            ^~~~~~~~~~~~~~~~~~~~
*** [.pio/build/custom_build/src/cfg.cpp.o] Error 1
========================= [FAILED] Took 51.93 seconds =========================

Environment    Status    Duration
-------------  --------  ------------
custom_build   FAILED    00:00:51.929
==================== 1 failed, 0 succeeded in 00:00:51.929 ====================
Processing custom_build (board: nodemcuv2; platform: espressif8266@4.2.1; framework: arduino)
--------------------------------------------------------------------------------
Verbose mode can be enabled via `-v, --verbose` option
*** use existing my_config.h ***
Installing node packages
npm install

up to date, audited 239 packages in 658ms

9 packages are looking for funding
  run `npm fund` for details

16 vulnerabilities (1 low, 7 moderate, 5 high, 3 critical)

To address issues that do not require attention, run:
  npm audit fix

To address all issues (including breaking changes), run:
  npm audit fix --force

Run `npm audit` for details.
npm run build

> wled@0.15.4-beta build
> node tools/cdata.js


	  ##  ##      ##        ######    ######
	##      ##    ##      ##        ##  ##  ##
	##  ##  ##  ##        ######        ##  ##
	##  ##  ##  ##        ##            ##  ##
	  ##  ##      ######    ######    ######
		 build script for web UI

Web UI is already built
CONFIGURATION: https://docs.platformio.org/page/boards/espressif8266/nodemcuv2.html
PLATFORM: Espressif 8266 (4.2.1) > NodeMCU 1.0 (ESP-12E Module)
HARDWARE: ESP8266 80MHz, 80KB RAM, 4MB Flash
PACKAGES: 
 - framework-arduinoespressif8266 @ 3.30102.0 (3.1.2) 
 - tool-esptool @ 1.413.0 (4.13) 
 - tool-esptoolpy @ 2.40900.250804 (4.9.0) 
 - toolchain-xtensa @ 2.100300.220621 (10.3.0)
LDF: Library Dependency Finder -> https://bit.ly/configure-pio-ldf
LDF Modes: Finder ~ chain, Compatibility ~ strict
Found 46 compatible libraries
Scanning dependencies...
Dependency Graph
|-- ESPAsyncTCP @ 1.2.2
|-- ESPAsyncUDP @ 0.0.0-alpha+sha.697c75a025
|-- ESP8266PWM
|-- FastLED @ 3.6.0
|-- IRremoteESP8266 @ 2.8.2
|-- NeoPixelBus @ 2.8.4+sha.a0919d1
|-- ESPAsyncWebServerWLED @ 2.4.2+sha.39b830c
|-- QuickEspNow @ 0.8.1+sha.193e991
|-- Wire @ 1.0
|-- SD @ 2.0.0
|-- SPI @ 1.0
|-- Hash @ 1.0
|-- EEPROM @ 1.0
|-- ArduinoOTA @ 1.0
|-- DNSServer @ 1.1.1
|-- ESP8266WiFi @ 1.0
|-- ESP8266mDNS @ 1.2
|-- LittleFS @ 0.1.0
|-- ESP8266WebServer @ 1.0
Building in release mode
Retrieved `.pio/build/custom_build/libd3c/FastLED/FastLED.cpp.o' from cache
Retrieved `.pio/build/custom_build/libd3c/FastLED/bitswap.cpp.o' from cache
Retrieved `.pio/build/custom_build/libd3c/FastLED/colorpalettes.cpp.o' from cache
Retrieved `.pio/build/custom_build/libd3c/FastLED/colorutils.cpp.o' from cache
Retrieved `.pio/build/custom_build/libd3c/FastLED/hsv2rgb.cpp.o' from cache
Retrieved `.pio/build/custom_build/libd3c/FastLED/lib8tion.cpp.o' from cache
Retrieved `.pio/build/custom_build/libd3c/FastLED/noise.cpp.o' from cache
Retrieved `.pio/build/custom_build/libd3c/FastLED/platforms.cpp.o' from cache
Retrieved `.pio/build/custom_build/libd3c/FastLED/platforms/esp/32/clockless_rmt_esp32.cpp.o' from cache
Retrieved `.pio/build/custom_build/libd3c/FastLED/wiring.cpp.o' from cache
Retrieved `.pio/build/custom_build/libd3c/FastLED/power_mgt.cpp.o' from cache
Retrieved `.pio/build/custom_build/src/FX.cpp.o' from cache
Retrieved `.pio/build/custom_build/src/FX_2Dfcn.cpp.o' from cache
Retrieved `.pio/build/custom_build/src/FX_fcn.cpp.o' from cache
Retrieved `.pio/build/custom_build/src/alexa.cpp.o' from cache
Compiling .pio/build/custom_build/src/bus_manager.cpp.o
Retrieved `.pio/build/custom_build/src/button.cpp.o' from cache
Compiling .pio/build/custom_build/src/cfg.cpp.o
Compiling .pio/build/custom_build/src/colors.cpp.o
Compiling .pio/build/custom_build/src/dmx.cpp.o
In file included from wled00/bus_manager.cpp:22:
wled00/bus_wrapper.h: In static member function 'static void PolyBus::begin(void*, uint8_t, uint8_t*, uint16_t)':
wled00/bus_wrapper.h:309:53: error: 'DotStarEsp32HspiHzMethod' was not declared in this scope; did you mean 'DotStarSpiHzMethod'?
  309 | #define B_HS_DOT_3 NeoPixelBusLg<DotStarBgrFeature, DotStarEsp32HspiHzMethod, NeoGammaNullMethod> //hardware HSPI (was DotStarEsp32DmaHspi5MhzMethod in NPB @ 2.6.9)
      |                                                     ^~~~~~~~~~~~~~~~~~~~~~~~
wled00/bus_wrapper.h:401:37: note: in expansion of macro 'B_HS_DOT_3'
  401 |       case I_HS_DOT_3: beginDotStar<B_HS_DOT_3*>(busPtr, -1, -1, -1, -1, clock_kHz); break;
      |                                     ^~~~~~~~~~
wled00/bus_wrapper.h:309:97: error: template argument 2 is invalid
  309 | #define B_HS_DOT_3 NeoPixelBusLg<DotStarBgrFeature, DotStarEsp32HspiHzMethod, NeoGammaNullMethod> //hardware HSPI (was DotStarEsp32DmaHspi5MhzMethod in NPB @ 2.6.9)
      |                                                                                                 ^
wled00/bus_wrapper.h:401:37: note: in expansion of macro 'B_HS_DOT_3'
  401 |       case I_HS_DOT_3: beginDotStar<B_HS_DOT_3*>(busPtr, -1, -1, -1, -1, clock_kHz); break;
      |                                     ^~~~~~~~~~
wled00/bus_wrapper.h:401:24: error: parse error in template argument list
  401 |       case I_HS_DOT_3: beginDotStar<B_HS_DOT_3*>(busPtr, -1, -1, -1, -1, clock_kHz); break;
      |                        ^~~~~~~~~~~~~~~~~~~~~~~~~
wled00/bus_wrapper.h:401:83: error: no matching function for call to 'PolyBus::beginDotStar<<expression error> >(void*&, int, int, int, int, uint16_t&)'
  401 |       case I_HS_DOT_3: beginDotStar<B_HS_DOT_3*>(busPtr, -1, -1, -1, -1, clock_kHz); break;
      |                                                                                   ^
wled00/bus_wrapper.h:350:15: note: candidate: 'template<class T> static void PolyBus::beginDotStar(void*, int8_t, int8_t, int8_t, int8_t, uint16_t)'
  350 |   static void beginDotStar(void* busPtr, int8_t sck, int8_t miso, int8_t mosi, int8_t ss, uint16_t clock_kHz /* 0 == use default */) {
      |               ^~~~~~~~~~~~
wled00/bus_wrapper.h:350:15: note:   template argument deduction/substitution failed:
wled00/bus_wrapper.h:401:83: error: template argument 1 is invalid
  401 |       case I_HS_DOT_3: beginDotStar<B_HS_DOT_3*>(busPtr, -1, -1, -1, -1, clock_kHz); break;
      |                                                                                   ^
wled00/bus_wrapper.h:325:66: error: 'TwoWireHspiImple' was not declared in this scope; did you mean 'TwoWireSpiImple'?
  325 | #define B_HS_WS1_3 NeoPixelBusLg<NeoRbgFeature, Ws2801MethodBase<TwoWireHspiImple<SpiSpeedHz>>, NeoGammaNullMethod>
      |                                                                  ^~~~~~~~~~~~~~~~
wled00/bus_wrapper.h:404:37: note: in expansion of macro 'B_HS_WS1_3'
  404 |       case I_HS_WS1_3: beginDotStar<B_HS_WS1_3*>(busPtr, -1, -1, -1, -1, clock_kHz); break;
      |                                     ^~~~~~~~~~
wled00/bus_wrapper.h:325:83: error: template argument 1 is invalid
  325 | #define B_HS_WS1_3 NeoPixelBusLg<NeoRbgFeature, Ws2801MethodBase<TwoWireHspiImple<SpiSpeedHz>>, NeoGammaNullMethod>
      |                                                                                   ^~~~~~~~~~
wled00/bus_wrapper.h:404:37: note: in expansion of macro 'B_HS_WS1_3'
  404 |       case I_HS_WS1_3: beginDotStar<B_HS_WS1_3*>(busPtr, -1, -1, -1, -1, clock_kHz); break;
      |                                     ^~~~~~~~~~
wled00/bus_wrapper.h:325:93: error: template argument 2 is invalid
  325 | #define B_HS_WS1_3 NeoPixelBusLg<NeoRbgFeature, Ws2801MethodBase<TwoWireHspiImple<SpiSpeedHz>>, NeoGammaNullMethod>
      |                                                                                             ^~
wled00/bus_wrapper.h:404:37: note: in expansion of macro 'B_HS_WS1_3'
  404 |       case I_HS_WS1_3: beginDotStar<B_HS_WS1_3*>(busPtr, -1, -1, -1, -1, clock_kHz); break;
      |                                     ^~~~~~~~~~
wled00/bus_wrapper.h:404:48: error: expected primary-expression before '>' token
  404 |       case I_HS_WS1_3: beginDotStar<B_HS_WS1_3*>(busPtr, -1, -1, -1, -1, clock_kHz); break;
      |                                                ^
wled00/bus_wrapper.h:404:50: warning: left operand of comma operator has no effect [-Wunused-value]
  404 |       case I_HS_WS1_3: beginDotStar<B_HS_WS1_3*>(busPtr, -1, -1, -1, -1, clock_kHz); break;
      |                                                  ^~~~~~
wled00/bus_wrapper.h:404:63: warning: right operand of comma operator has no effect [-Wunused-value]
  404 |       case I_HS_WS1_3: beginDotStar<B_HS_WS1_3*>(busPtr, -1, -1, -1, -1, clock_kHz); break;
      |                                                               ^
wled00/bus_wrapper.h:404:67: warning: right operand of comma operator has no effect [-Wunused-value]
  404 |       case I_HS_WS1_3: beginDotStar<B_HS_WS1_3*>(busPtr, -1, -1, -1, -1, clock_kHz); break;
      |                                                                   ^
wled00/bus_wrapper.h:404:71: warning: right operand of comma operator has no effect [-Wunused-value]
  404 |       case I_HS_WS1_3: beginDotStar<B_HS_WS1_3*>(busPtr, -1, -1, -1, -1, clock_kHz); break;
      |                                                                       ^
wled00/bus_wrapper.h:404:74: warning: right operand of comma operator has no effect [-Wunused-value]
  404 |       case I_HS_WS1_3: beginDotStar<B_HS_WS1_3*>(busPtr, -1, -1, -1, -1, clock_kHz); break;
      |                                                                          ^~~~~~~~~
wled00/bus_wrapper.h: In static member function 'static void* PolyBus::create(uint8_t, uint8_t*, uint16_t, uint8_t)':
wled00/bus_wrapper.h:309:53: error: 'DotStarEsp32HspiHzMethod' was not declared in this scope; did you mean 'DotStarSpiHzMethod'?
  309 | #define B_HS_DOT_3 NeoPixelBusLg<DotStarBgrFeature, DotStarEsp32HspiHzMethod, NeoGammaNullMethod> //hardware HSPI (was DotStarEsp32DmaHspi5MhzMethod in NPB @ 2.6.9)
      |                                                     ^~~~~~~~~~~~~~~~~~~~~~~~
wled00/bus_wrapper.h:578:37: note: in expansion of macro 'B_HS_DOT_3'
  578 |       case I_HS_DOT_3: busPtr = new B_HS_DOT_3(len, pins[1], pins[0]); break;
      |                                     ^~~~~~~~~~
wled00/bus_wrapper.h:309:97: error: template argument 2 is invalid
  309 | #define B_HS_DOT_3 NeoPixelBusLg<DotStarBgrFeature, DotStarEsp32HspiHzMethod, NeoGammaNullMethod> //hardware HSPI (was DotStarEsp32DmaHspi5MhzMethod in NPB @ 2.6.9)
      |                                                                                                 ^
wled00/bus_wrapper.h:578:37: note: in expansion of macro 'B_HS_DOT_3'
  578 |       case I_HS_DOT_3: busPtr = new B_HS_DOT_3(len, pins[1], pins[0]); break;
      |                                     ^~~~~~~~~~
wled00/bus_wrapper.h:325:66: error: 'TwoWireHspiImple' was not declared in this scope; did you mean 'TwoWireSpiImple'?
  325 | #define B_HS_WS1_3 NeoPixelBusLg<NeoRbgFeature, Ws2801MethodBase<TwoWireHspiImple<SpiSpeedHz>>, NeoGammaNullMethod>
      |                                                                  ^~~~~~~~~~~~~~~~
wled00/bus_wrapper.h:584:37: note: in expansion of macro 'B_HS_WS1_3'
  584 |       case I_HS_WS1_3: busPtr = new B_HS_WS1_3(len, pins[1], pins[0]); break;
      |                                     ^~~~~~~~~~
wled00/bus_wrapper.h:325:83: error: template argument 1 is invalid
  325 | #define B_HS_WS1_3 NeoPixelBusLg<NeoRbgFeature, Ws2801MethodBase<TwoWireHspiImple<SpiSpeedHz>>, NeoGammaNullMethod>
      |                                                                                   ^~~~~~~~~~
wled00/bus_wrapper.h:584:37: note: in expansion of macro 'B_HS_WS1_3'
  584 |       case I_HS_WS1_3: busPtr = new B_HS_WS1_3(len, pins[1], pins[0]); break;
      |                                     ^~~~~~~~~~
wled00/bus_wrapper.h:325:93: error: template argument 2 is invalid
  325 | #define B_HS_WS1_3 NeoPixelBusLg<NeoRbgFeature, Ws2801MethodBase<TwoWireHspiImple<SpiSpeedHz>>, NeoGammaNullMethod>
      |                                                                                             ^~
wled00/bus_wrapper.h:584:37: note: in expansion of macro 'B_HS_WS1_3'
  584 |       case I_HS_WS1_3: busPtr = new B_HS_WS1_3(len, pins[1], pins[0]); break;
      |                                     ^~~~~~~~~~
wled00/bus_wrapper.h:325:115: error: expected primary-expression before '>' token
  325 | #define B_HS_WS1_3 NeoPixelBusLg<NeoRbgFeature, Ws2801MethodBase<TwoWireHspiImple<SpiSpeedHz>>, NeoGammaNullMethod>
      |                                                                                                                   ^
wled00/bus_wrapper.h:584:37: note: in expansion of macro 'B_HS_WS1_3'
  584 |       case I_HS_WS1_3: busPtr = new B_HS_WS1_3(len, pins[1], pins[0]); break;
      |                                     ^~~~~~~~~~
wled00/bus_wrapper.h:584:48: warning: left operand of comma operator has no effect [-Wunused-value]
  584 |       case I_HS_WS1_3: busPtr = new B_HS_WS1_3(len, pins[1], pins[0]); break;
      |                                                ^~~
wled00/bus_wrapper.h:584:59: warning: value computed is not used [-Wunused-value]
  584 |       case I_HS_WS1_3: busPtr = new B_HS_WS1_3(len, pins[1], pins[0]); break;
      |                                                     ~~~~~~^
wled00/bus_wrapper.h:584:59: warning: right operand of comma operator has no effect [-Wunused-value]
wled00/bus_wrapper.h: In static member function 'static void PolyBus::show(void*, uint8_t, bool)':
wled00/bus_wrapper.h:309:53: error: 'DotStarEsp32HspiHzMethod' was not declared in this scope; did you mean 'DotStarSpiHzMethod'?
  309 | #define B_HS_DOT_3 NeoPixelBusLg<DotStarBgrFeature, DotStarEsp32HspiHzMethod, NeoGammaNullMethod> //hardware HSPI (was DotStarEsp32DmaHspi5MhzMethod in NPB @ 2.6.9)
      |                                                     ^~~~~~~~~~~~~~~~~~~~~~~~
wled00/bus_wrapper.h:676:37: note: in expansion of macro 'B_HS_DOT_3'
  676 |       case I_HS_DOT_3: (static_cast<B_HS_DOT_3*>(busPtr))->Show(consistent); break;
      |                                     ^~~~~~~~~~
wled00/bus_wrapper.h:309:97: error: template argument 2 is invalid
  309 | #define B_HS_DOT_3 NeoPixelBusLg<DotStarBgrFeature, DotStarEsp32HspiHzMethod, NeoGammaNullMethod> //hardware HSPI (was DotStarEsp32DmaHspi5MhzMethod in NPB @ 2.6.9)
      |                                                                                                 ^
wled00/bus_wrapper.h:676:37: note: in expansion of macro 'B_HS_DOT_3'
  676 |       case I_HS_DOT_3: (static_cast<B_HS_DOT_3*>(busPtr))->Show(consistent); break;
      |                                     ^~~~~~~~~~
wled00/bus_wrapper.h:676:47: error: expected '>' before '*' token
  676 |       case I_HS_DOT_3: (static_cast<B_HS_DOT_3*>(busPtr))->Show(consistent); break;
      |                                               ^
wled00/bus_wrapper.h:676:47: error: expected '(' before '*' token
  676 |       case I_HS_DOT_3: (static_cast<B_HS_DOT_3*>(busPtr))->Show(consistent); break;
      |                                               ^
      |                                               (
wled00/bus_wrapper.h:676:48: error: expected primary-expression before '>' token
  676 |       case I_HS_DOT_3: (static_cast<B_HS_DOT_3*>(busPtr))->Show(consistent); break;
      |                                                ^
wled00/bus_wrapper.h:676:76: error: expected ')' before ';' token
  676 |       case I_HS_DOT_3: (static_cast<B_HS_DOT_3*>(busPtr))->Show(consistent); break;
      |                        ~                                                   ^
      |                                                                            )
wled00/bus_wrapper.h:325:66: error: 'TwoWireHspiImple' was not declared in this scope; did you mean 'TwoWireSpiImple'?
  325 | #define B_HS_WS1_3 NeoPixelBusLg<NeoRbgFeature, Ws2801MethodBase<TwoWireHspiImple<SpiSpeedHz>>, NeoGammaNullMethod>
      |                                                                  ^~~~~~~~~~~~~~~~
wled00/bus_wrapper.h:682:37: note: in expansion of macro 'B_HS_WS1_3'
  682 |       case I_HS_WS1_3: (static_cast<B_HS_WS1_3*>(busPtr))->Show(consistent); break;
      |                                     ^~~~~~~~~~
wled00/bus_wrapper.h:325:83: error: template argument 1 is invalid
  325 | #define B_HS_WS1_3 NeoPixelBusLg<NeoRbgFeature, Ws2801MethodBase<TwoWireHspiImple<SpiSpeedHz>>, NeoGammaNullMethod>
      |                                                                                   ^~~~~~~~~~
wled00/bus_wrapper.h:682:37: note: in expansion of macro 'B_HS_WS1_3'
  682 |       case I_HS_WS1_3: (static_cast<B_HS_WS1_3*>(busPtr))->Show(consistent); break;
      |                                     ^~~~~~~~~~
wled00/bus_wrapper.h:325:93: error: template argument 2 is invalid
  325 | #define B_HS_WS1_3 NeoPixelBusLg<NeoRbgFeature, Ws2801MethodBase<TwoWireHspiImple<SpiSpeedHz>>, NeoGammaNullMethod>
      |                                                                                             ^~
wled00/bus_wrapper.h:682:37: note: in expansion of macro 'B_HS_WS1_3'
  682 |       case I_HS_WS1_3: (static_cast<B_HS_WS1_3*>(busPtr))->Show(consistent); break;
      |                                     ^~~~~~~~~~
wled00/bus_wrapper.h:325:95: error: expected '>' before ',' token
  325 | #define B_HS_WS1_3 NeoPixelBusLg<NeoRbgFeature, Ws2801MethodBase<TwoWireHspiImple<SpiSpeedHz>>, NeoGammaNullMethod>
      |                                                                                               ^
wled00/bus_wrapper.h:682:37: note: in expansion of macro 'B_HS_WS1_3'
  682 |       case I_HS_WS1_3: (static_cast<B_HS_WS1_3*>(busPtr))->Show(consistent); break;
      |                                     ^~~~~~~~~~
wled00/bus_wrapper.h:325:95: error: expected '(' before ',' token
  325 | #define B_HS_WS1_3 NeoPixelBusLg<NeoRbgFeature, Ws2801MethodBase<TwoWireHspiImple<SpiSpeedHz>>, NeoGammaNullMethod>
      |                                                                                               ^
wled00/bus_wrapper.h:682:37: note: in expansion of macro 'B_HS_WS1_3'
  682 |       case I_HS_WS1_3: (static_cast<B_HS_WS1_3*>(busPtr))->Show(consistent); break;
      |                                     ^~~~~~~~~~
wled00/bus_wrapper.h:325:95: error: expected primary-expression before ',' token
  325 | #define B_HS_WS1_3 NeoPixelBusLg<NeoRbgFeature, Ws2801MethodBase<TwoWireHspiImple<SpiSpeedHz>>, NeoGammaNullMethod>
      |                                                                                               ^
wled00/bus_wrapper.h:682:37: note: in expansion of macro 'B_HS_WS1_3'
  682 |       case I_HS_WS1_3: (static_cast<B_HS_WS1_3*>(busPtr))->Show(consistent); break;
      |                                     ^~~~~~~~~~
wled00/bus_wrapper.h:325:115: error: expected primary-expression before '>' token
  325 | #define B_HS_WS1_3 NeoPixelBusLg<NeoRbgFeature, Ws2801MethodBase<TwoWireHspiImple<SpiSpeedHz>>, NeoGammaNullMethod>
      |                                                                                                                   ^
wled00/bus_wrapper.h:682:37: note: in expansion of macro 'B_HS_WS1_3'
  682 |       case I_HS_WS1_3: (static_cast<B_HS_WS1_3*>(busPtr))->Show(consistent); break;
      |                                     ^~~~~~~~~~
wled00/bus_wrapper.h:682:48: error: expected primary-expression before '>' token
  682 |       case I_HS_WS1_3: (static_cast<B_HS_WS1_3*>(busPtr))->Show(consistent); break;
      |                                                ^
wled00/bus_wrapper.h:682:76: error: expected ')' before ';' token
  682 |       case I_HS_WS1_3: (static_cast<B_HS_WS1_3*>(busPtr))->Show(consistent); break;
      |                        ~                                                   ^
      |                                                                            )
wled00/bus_wrapper.h: In static member function 'static bool PolyBus::canShow(void*, uint8_t)':
wled00/bus_wrapper.h:309:53: error: 'DotStarEsp32HspiHzMethod' was not declared in this scope; did you mean 'DotStarSpiHzMethod'?
  309 | #define B_HS_DOT_3 NeoPixelBusLg<DotStarBgrFeature, DotStarEsp32HspiHzMethod, NeoGammaNullMethod> //hardware HSPI (was DotStarEsp32DmaHspi5MhzMethod in NPB @ 2.6.9)
      |                                                     ^~~~~~~~~~~~~~~~~~~~~~~~
wled00/bus_wrapper.h:772:44: note: in expansion of macro 'B_HS_DOT_3'
  772 |       case I_HS_DOT_3: return (static_cast<B_HS_DOT_3*>(busPtr))->CanShow(); break;
      |                                            ^~~~~~~~~~
wled00/bus_wrapper.h:309:97: error: template argument 2 is invalid
  309 | #define B_HS_DOT_3 NeoPixelBusLg<DotStarBgrFeature, DotStarEsp32HspiHzMethod, NeoGammaNullMethod> //hardware HSPI (was DotStarEsp32DmaHspi5MhzMethod in NPB @ 2.6.9)
      |                                                                                                 ^
wled00/bus_wrapper.h:772:44: note: in expansion of macro 'B_HS_DOT_3'
  772 |       case I_HS_DOT_3: return (static_cast<B_HS_DOT_3*>(busPtr))->CanShow(); break;
      |                                            ^~~~~~~~~~
wled00/bus_wrapper.h:772:54: error: expected '>' before '*' token
  772 |       case I_HS_DOT_3: return (static_cast<B_HS_DOT_3*>(busPtr))->CanShow(); break;
      |                                                      ^
wled00/bus_wrapper.h:772:54: error: expected '(' before '*' token
  772 |       case I_HS_DOT_3: return (static_cast<B_HS_DOT_3*>(busPtr))->CanShow(); break;
      |                                                      ^
      |                                                      (
wled00/bus_wrapper.h:772:55: error: expected primary-expression before '>' token
  772 |       case I_HS_DOT_3: return (static_cast<B_HS_DOT_3*>(busPtr))->CanShow(); break;
      |                                                       ^
wled00/bus_wrapper.h:772:76: error: expected ')' before ';' token
  772 |       case I_HS_DOT_3: return (static_cast<B_HS_DOT_3*>(busPtr))->CanShow(); break;
      |                               ~                                            ^
      |                                                                            )
wled00/bus_wrapper.h:325:66: error: 'TwoWireHspiImple' was not declared in this scope; did you mean 'TwoWireSpiImple'?
  325 | #define B_HS_WS1_3 NeoPixelBusLg<NeoRbgFeature, Ws2801MethodBase<TwoWireHspiImple<SpiSpeedHz>>, NeoGammaNullMethod>
      |                                                                  ^~~~~~~~~~~~~~~~
wled00/bus_wrapper.h:778:44: note: in expansion of macro 'B_HS_WS1_3'
  778 |       case I_HS_WS1_3: return (static_cast<B_HS_WS1_3*>(busPtr))->CanShow(); break;
      |                                            ^~~~~~~~~~
wled00/bus_wrapper.h:325:83: error: template argument 1 is invalid
  325 | #define B_HS_WS1_3 NeoPixelBusLg<NeoRbgFeature, Ws2801MethodBase<TwoWireHspiImple<SpiSpeedHz>>, NeoGammaNullMethod>
      |                                                                                   ^~~~~~~~~~
wled00/bus_wrapper.h:778:44: note: in expansion of macro 'B_HS_WS1_3'
  778 |       case I_HS_WS1_3: return (static_cast<B_HS_WS1_3*>(busPtr))->CanShow(); break;
      |                                            ^~~~~~~~~~
wled00/bus_wrapper.h:325:93: error: template argument 2 is invalid
  325 | #define B_HS_WS1_3 NeoPixelBusLg<NeoRbgFeature, Ws2801MethodBase<TwoWireHspiImple<SpiSpeedHz>>, NeoGammaNullMethod>
      |                                                                                             ^~
wled00/bus_wrapper.h:778:44: note: in expansion of macro 'B_HS_WS1_3'
  778 |       case I_HS_WS1_3: return (static_cast<B_HS_WS1_3*>(busPtr))->CanShow(); break;
      |                                            ^~~~~~~~~~
wled00/bus_wrapper.h:325:95: error: expected '>' before ',' token
  325 | #define B_HS_WS1_3 NeoPixelBusLg<NeoRbgFeature, Ws2801MethodBase<TwoWireHspiImple<SpiSpeedHz>>, NeoGammaNullMethod>
      |                                                                                               ^
wled00/bus_wrapper.h:778:44: note: in expansion of macro 'B_HS_WS1_3'
  778 |       case I_HS_WS1_3: return (static_cast<B_HS_WS1_3*>(busPtr))->CanShow(); break;
      |                                            ^~~~~~~~~~
wled00/bus_wrapper.h:325:95: error: expected '(' before ',' token
  325 | #define B_HS_WS1_3 NeoPixelBusLg<NeoRbgFeature, Ws2801MethodBase<TwoWireHspiImple<SpiSpeedHz>>, NeoGammaNullMethod>
      |                                                                                               ^
wled00/bus_wrapper.h:778:44: note: in expansion of macro 'B_HS_WS1_3'
  778 |       case I_HS_WS1_3: return (static_cast<B_HS_WS1_3*>(busPtr))->CanShow(); break;
      |                                            ^~~~~~~~~~
wled00/bus_wrapper.h:325:95: error: expected primary-expression before ',' token
  325 | #define B_HS_WS1_3 NeoPixelBusLg<NeoRbgFeature, Ws2801MethodBase<TwoWireHspiImple<SpiSpeedHz>>, NeoGammaNullMethod>
      |                                                                                               ^
wled00/bus_wrapper.h:778:44: note: in expansion of macro 'B_HS_WS1_3'
  778 |       case I_HS_WS1_3: return (static_cast<B_HS_WS1_3*>(busPtr))->CanShow(); break;
      |                                            ^~~~~~~~~~
wled00/bus_wrapper.h:325:115: error: expected primary-expression before '>' token
  325 | #define B_HS_WS1_3 NeoPixelBusLg<NeoRbgFeature, Ws2801MethodBase<TwoWireHspiImple<SpiSpeedHz>>, NeoGammaNullMethod>
      |                                                                                                                   ^
wled00/bus_wrapper.h:778:44: note: in expansion of macro 'B_HS_WS1_3'
  778 |       case I_HS_WS1_3: return (static_cast<B_HS_WS1_3*>(busPtr))->CanShow(); break;
      |                                            ^~~~~~~~~~
wled00/bus_wrapper.h:778:55: error: expected primary-expression before '>' token
  778 |       case I_HS_WS1_3: return (static_cast<B_HS_WS1_3*>(busPtr))->CanShow(); break;
      |                                                       ^
wled00/bus_wrapper.h:778:76: error: expected ')' before ';' token
  778 |       case I_HS_WS1_3: return (static_cast<B_HS_WS1_3*>(busPtr))->CanShow(); break;
      |                               ~                                            ^
      |                                                                            )
wled00/bus_wrapper.h: In static member function 'static void PolyBus::setPixelColor(void*, uint8_t, uint16_t, uint32_t, uint8_t, uint16_t)':
wled00/bus_wrapper.h:309:53: error: 'DotStarEsp32HspiHzMethod' was not declared in this scope; did you mean 'DotStarSpiHzMethod'?
  309 | #define B_HS_DOT_3 NeoPixelBusLg<DotStarBgrFeature, DotStarEsp32HspiHzMethod, NeoGammaNullMethod> //hardware HSPI (was DotStarEsp32DmaHspi5MhzMethod in NPB @ 2.6.9)
      |                                                     ^~~~~~~~~~~~~~~~~~~~~~~~
wled00/bus_wrapper.h:894:37: note: in expansion of macro 'B_HS_DOT_3'
  894 |       case I_HS_DOT_3: (static_cast<B_HS_DOT_3*>(busPtr))->SetPixelColor(pix, RgbColor(col)); break;
      |                                     ^~~~~~~~~~
wled00/bus_wrapper.h:309:97: error: template argument 2 is invalid
  309 | #define B_HS_DOT_3 NeoPixelBusLg<DotStarBgrFeature, DotStarEsp32HspiHzMethod, NeoGammaNullMethod> //hardware HSPI (was DotStarEsp32DmaHspi5MhzMethod in NPB @ 2.6.9)
      |                                                                                                 ^
wled00/bus_wrapper.h:894:37: note: in expansion of macro 'B_HS_DOT_3'
  894 |       case I_HS_DOT_3: (static_cast<B_HS_DOT_3*>(busPtr))->SetPixelColor(pix, RgbColor(col)); break;
      |                                     ^~~~~~~~~~
In file included from wled00/bus_manager.cpp:22:
wled00/bus_wrapper.h:894:47: error: expected '>' before '*' token
  894 |       case I_HS_DOT_3: (static_cast<B_HS_DOT_3*>(busPtr))->SetPixelColor(pix, RgbColor(col)); break;
      |                                               ^
wled00/bus_wrapper.h:894:47: error: expected '(' before '*' token
  894 |       case I_HS_DOT_3: (static_cast<B_HS_DOT_3*>(busPtr))->SetPixelColor(pix, RgbColor(col)); break;
      |                                               ^
      |                                               (
wled00/bus_wrapper.h:894:48: error: expected primary-expression before '>' token
  894 |       case I_HS_DOT_3: (static_cast<B_HS_DOT_3*>(busPtr))->SetPixelColor(pix, RgbColor(col)); break;
      |                                                ^
wled00/bus_wrapper.h:894:93: error: expected ')' before ';' token
  894 |       case I_HS_DOT_3: (static_cast<B_HS_DOT_3*>(busPtr))->SetPixelColor(pix, RgbColor(col)); break;
      |                        ~                                                                    ^
      |                                                                                             )
In file included from wled00/bus_manager.cpp:22:
wled00/bus_wrapper.h:325:66: error: 'TwoWireHspiImple' was not declared in this scope; did you mean 'TwoWireSpiImple'?
  325 | #define B_HS_WS1_3 NeoPixelBusLg<NeoRbgFeature, Ws2801MethodBase<TwoWireHspiImple<SpiSpeedHz>>, NeoGammaNullMethod>
      |                                                                  ^~~~~~~~~~~~~~~~
wled00/bus_wrapper.h:900:37: note: in expansion of macro 'B_HS_WS1_3'
  900 |       case I_HS_WS1_3: (static_cast<B_HS_WS1_3*>(busPtr))->SetPixelColor(pix, RgbColor(col)); break;
      |                                     ^~~~~~~~~~
wled00/bus_wrapper.h:325:83: error: template argument 1 is invalid
  325 | #define B_HS_WS1_3 NeoPixelBusLg<NeoRbgFeature, Ws2801MethodBase<TwoWireHspiImple<SpiSpeedHz>>, NeoGammaNullMethod>
      |                                                                                   ^~~~~~~~~~
wled00/bus_wrapper.h:900:37: note: in expansion of macro 'B_HS_WS1_3'
  900 |       case I_HS_WS1_3: (static_cast<B_HS_WS1_3*>(busPtr))->SetPixelColor(pix, RgbColor(col)); break;
      |                                     ^~~~~~~~~~
wled00/bus_wrapper.h:325:93: error: template argument 2 is invalid
  325 | #define B_HS_WS1_3 NeoPixelBusLg<NeoRbgFeature, Ws2801MethodBase<TwoWireHspiImple<SpiSpeedHz>>, NeoGammaNullMethod>
      |                                                                                             ^~
wled00/bus_wrapper.h:900:37: note: in expansion of macro 'B_HS_WS1_3'
  900 |       case I_HS_WS1_3: (static_cast<B_HS_WS1_3*>(busPtr))->SetPixelColor(pix, RgbColor(col)); break;
      |                                     ^~~~~~~~~~
wled00/bus_wrapper.h:325:95: error: expected '>' before ',' token
  325 | #define B_HS_WS1_3 NeoPixelBusLg<NeoRbgFeature, Ws2801MethodBase<TwoWireHspiImple<SpiSpeedHz>>, NeoGammaNullMethod>
      |                                                                                               ^
wled00/bus_wrapper.h:900:37: note: in expansion of macro 'B_HS_WS1_3'
  900 |       case I_HS_WS1_3: (static_cast<B_HS_WS1_3*>(busPtr))->SetPixelColor(pix, RgbColor(col)); break;
      |                                     ^~~~~~~~~~
wled00/bus_wrapper.h:325:95: error: expected '(' before ',' token
  325 | #define B_HS_WS1_3 NeoPixelBusLg<NeoRbgFeature, Ws2801MethodBase<TwoWireHspiImple<SpiSpeedHz>>, NeoGammaNullMethod>
      |                                                                                               ^
wled00/bus_wrapper.h:900:37: note: in expansion of macro 'B_HS_WS1_3'
  900 |       case I_HS_WS1_3: (static_cast<B_HS_WS1_3*>(busPtr))->SetPixelColor(pix, RgbColor(col)); break;
      |                                     ^~~~~~~~~~
wled00/bus_wrapper.h:325:95: error: expected primary-expression before ',' token
  325 | #define B_HS_WS1_3 NeoPixelBusLg<NeoRbgFeature, Ws2801MethodBase<TwoWireHspiImple<SpiSpeedHz>>, NeoGammaNullMethod>
      |                                                                                               ^
wled00/bus_wrapper.h:900:37: note: in expansion of macro 'B_HS_WS1_3'
  900 |       case I_HS_WS1_3: (static_cast<B_HS_WS1_3*>(busPtr))->SetPixelColor(pix, RgbColor(col)); break;
      |                                     ^~~~~~~~~~
wled00/bus_wrapper.h:325:115: error: expected primary-expression before '>' token
  325 | #define B_HS_WS1_3 NeoPixelBusLg<NeoRbgFeature, Ws2801MethodBase<TwoWireHspiImple<SpiSpeedHz>>, NeoGammaNullMethod>
      |                                                                                                                   ^
wled00/bus_wrapper.h:900:37: note: in expansion of macro 'B_HS_WS1_3'
  900 |       case I_HS_WS1_3: (static_cast<B_HS_WS1_3*>(busPtr))->SetPixelColor(pix, RgbColor(col)); break;
      |                                     ^~~~~~~~~~
In file included from wled00/bus_manager.cpp:22:
wled00/bus_wrapper.h:900:48: error: expected primary-expression before '>' token
  900 |       case I_HS_WS1_3: (static_cast<B_HS_WS1_3*>(busPtr))->SetPixelColor(pix, RgbColor(col)); break;
      |                                                ^
wled00/bus_wrapper.h:900:93: error: expected ')' before ';' token
  900 |       case I_HS_WS1_3: (static_cast<B_HS_WS1_3*>(busPtr))->SetPixelColor(pix, RgbColor(col)); break;
      |                        ~                                                                    ^
      |                                                                                             )
In file included from wled00/bus_manager.cpp:22:
wled00/bus_wrapper.h: In static member function 'static void PolyBus::setBrightness(void*, uint8_t, uint8_t)':
wled00/bus_wrapper.h:309:53: error: 'DotStarEsp32HspiHzMethod' was not declared in this scope; did you mean 'DotStarSpiHzMethod'?
  309 | #define B_HS_DOT_3 NeoPixelBusLg<DotStarBgrFeature, DotStarEsp32HspiHzMethod, NeoGammaNullMethod> //hardware HSPI (was DotStarEsp32DmaHspi5MhzMethod in NPB @ 2.6.9)
      |                                                     ^~~~~~~~~~~~~~~~~~~~~~~~
wled00/bus_wrapper.h:990:37: note: in expansion of macro 'B_HS_DOT_3'
  990 |       case I_HS_DOT_3: (static_cast<B_HS_DOT_3*>(busPtr))->SetLuminance(b); break;
      |                                     ^~~~~~~~~~
wled00/bus_wrapper.h:309:97: error: template argument 2 is invalid
  309 | #define B_HS_DOT_3 NeoPixelBusLg<DotStarBgrFeature, DotStarEsp32HspiHzMethod, NeoGammaNullMethod> //hardware HSPI (was DotStarEsp32DmaHspi5MhzMethod in NPB @ 2.6.9)
      |                                                                                                 ^
wled00/bus_wrapper.h:990:37: note: in expansion of macro 'B_HS_DOT_3'
  990 |       case I_HS_DOT_3: (static_cast<B_HS_DOT_3*>(busPtr))->SetLuminance(b); break;
      |                                     ^~~~~~~~~~
In file included from wled00/bus_manager.cpp:22:
wled00/bus_wrapper.h:990:47: error: expected '>' before '*' token
  990 |       case I_HS_DOT_3: (static_cast<B_HS_DOT_3*>(busPtr))->SetLuminance(b); break;
      |                                               ^
wled00/bus_wrapper.h:990:47: error: expected '(' before '*' token
  990 |       case I_HS_DOT_3: (static_cast<B_HS_DOT_3*>(busPtr))->SetLuminance(b); break;
      |                                               ^
      |                                               (
wled00/bus_wrapper.h:990:48: error: expected primary-expression before '>' token
  990 |       case I_HS_DOT_3: (static_cast<B_HS_DOT_3*>(busPtr))->SetLuminance(b); break;
      |                                                ^
wled00/bus_wrapper.h:990:75: error: expected ')' before ';' token
  990 |       case I_HS_DOT_3: (static_cast<B_HS_DOT_3*>(busPtr))->SetLuminance(b); break;
      |                        ~                                                  ^
      |                                                                           )
In file included from wled00/bus_manager.cpp:22:
wled00/bus_wrapper.h:325:66: error: 'TwoWireHspiImple' was not declared in this scope; did you mean 'TwoWireSpiImple'?
  325 | #define B_HS_WS1_3 NeoPixelBusLg<NeoRbgFeature, Ws2801MethodBase<TwoWireHspiImple<SpiSpeedHz>>, NeoGammaNullMethod>
      |                                                                  ^~~~~~~~~~~~~~~~
wled00/bus_wrapper.h:996:37: note: in expansion of macro 'B_HS_WS1_3'
  996 |       case I_HS_WS1_3: (static_cast<B_HS_WS1_3*>(busPtr))->SetLuminance(b); break;
      |                                     ^~~~~~~~~~
wled00/bus_wrapper.h:325:83: error: template argument 1 is invalid
  325 | #define B_HS_WS1_3 NeoPixelBusLg<NeoRbgFeature, Ws2801MethodBase<TwoWireHspiImple<SpiSpeedHz>>, NeoGammaNullMethod>
      |                                                                                   ^~~~~~~~~~
wled00/bus_wrapper.h:996:37: note: in expansion of macro 'B_HS_WS1_3'
  996 |       case I_HS_WS1_3: (static_cast<B_HS_WS1_3*>(busPtr))->SetLuminance(b); break;
      |                                     ^~~~~~~~~~
wled00/bus_wrapper.h:325:93: error: template argument 2 is invalid
  325 | #define B_HS_WS1_3 NeoPixelBusLg<NeoRbgFeature, Ws2801MethodBase<TwoWireHspiImple<SpiSpeedHz>>, NeoGammaNullMethod>
      |                                                                                             ^~
wled00/bus_wrapper.h:996:37: note: in expansion of macro 'B_HS_WS1_3'
  996 |       case I_HS_WS1_3: (static_cast<B_HS_WS1_3*>(busPtr))->SetLuminance(b); break;
      |                                     ^~~~~~~~~~
wled00/bus_wrapper.h:325:95: error: expected '>' before ',' token
  325 | #define B_HS_WS1_3 NeoPixelBusLg<NeoRbgFeature, Ws2801MethodBase<TwoWireHspiImple<SpiSpeedHz>>, NeoGammaNullMethod>
      |                                                                                               ^
wled00/bus_wrapper.h:996:37: note: in expansion of macro 'B_HS_WS1_3'
  996 |       case I_HS_WS1_3: (static_cast<B_HS_WS1_3*>(busPtr))->SetLuminance(b); break;
      |                                     ^~~~~~~~~~
wled00/bus_wrapper.h:325:95: error: expected '(' before ',' token
  325 | #define B_HS_WS1_3 NeoPixelBusLg<NeoRbgFeature, Ws2801MethodBase<TwoWireHspiImple<SpiSpeedHz>>, NeoGammaNullMethod>
      |                                                                                               ^
wled00/bus_wrapper.h:996:37: note: in expansion of macro 'B_HS_WS1_3'
  996 |       case I_HS_WS1_3: (static_cast<B_HS_WS1_3*>(busPtr))->SetLuminance(b); break;
      |                                     ^~~~~~~~~~
wled00/bus_wrapper.h:325:95: error: expected primary-expression before ',' token
  325 | #define B_HS_WS1_3 NeoPixelBusLg<NeoRbgFeature, Ws2801MethodBase<TwoWireHspiImple<SpiSpeedHz>>, NeoGammaNullMethod>
      |                                                                                               ^
wled00/bus_wrapper.h:996:37: note: in expansion of macro 'B_HS_WS1_3'
  996 |       case I_HS_WS1_3: (static_cast<B_HS_WS1_3*>(busPtr))->SetLuminance(b); break;
      |                                     ^~~~~~~~~~
wled00/bus_wrapper.h:325:115: error: expected primary-expression before '>' token
  325 | #define B_HS_WS1_3 NeoPixelBusLg<NeoRbgFeature, Ws2801MethodBase<TwoWireHspiImple<SpiSpeedHz>>, NeoGammaNullMethod>
      |                                                                                                                   ^
wled00/bus_wrapper.h:996:37: note: in expansion of macro 'B_HS_WS1_3'
  996 |       case I_HS_WS1_3: (static_cast<B_HS_WS1_3*>(busPtr))->SetLuminance(b); break;
      |                                     ^~~~~~~~~~
In file included from wled00/bus_manager.cpp:22:
wled00/bus_wrapper.h:996:48: error: expected primary-expression before '>' token
  996 |       case I_HS_WS1_3: (static_cast<B_HS_WS1_3*>(busPtr))->SetLuminance(b); break;
      |                                                ^
wled00/bus_wrapper.h:996:75: error: expected ')' before ';' token
  996 |       case I_HS_WS1_3: (static_cast<B_HS_WS1_3*>(busPtr))->SetLuminance(b); break;
      |                        ~                                                  ^
      |                                                                           )
In file included from wled00/bus_manager.cpp:22:
wled00/bus_wrapper.h: In static member function 'static uint32_t PolyBus::getPixelColor(void*, uint8_t, uint16_t, uint8_t)':
wled00/bus_wrapper.h:309:53: error: 'DotStarEsp32HspiHzMethod' was not declared in this scope; did you mean 'DotStarSpiHzMethod'?
  309 | #define B_HS_DOT_3 NeoPixelBusLg<DotStarBgrFeature, DotStarEsp32HspiHzMethod, NeoGammaNullMethod> //hardware HSPI (was DotStarEsp32DmaHspi5MhzMethod in NPB @ 2.6.9)
      |                                                     ^~~~~~~~~~~~~~~~~~~~~~~~
wled00/bus_wrapper.h:1087:43: note: in expansion of macro 'B_HS_DOT_3'
 1087 |       case I_HS_DOT_3: col = (static_cast<B_HS_DOT_3*>(busPtr))->GetPixelColor(pix); break;
      |                                           ^~~~~~~~~~
wled00/bus_wrapper.h:309:97: error: template argument 2 is invalid
  309 | #define B_HS_DOT_3 NeoPixelBusLg<DotStarBgrFeature, DotStarEsp32HspiHzMethod, NeoGammaNullMethod> //hardware HSPI (was DotStarEsp32DmaHspi5MhzMethod in NPB @ 2.6.9)
      |                                                                                                 ^
wled00/bus_wrapper.h:1087:43: note: in expansion of macro 'B_HS_DOT_3'
 1087 |       case I_HS_DOT_3: col = (static_cast<B_HS_DOT_3*>(busPtr))->GetPixelColor(pix); break;
      |                                           ^~~~~~~~~~
In file included from wled00/bus_manager.cpp:22:
wled00/bus_wrapper.h:1087:53: error: expected '>' before '*' token
 1087 |       case I_HS_DOT_3: col = (static_cast<B_HS_DOT_3*>(busPtr))->GetPixelColor(pix); break;
      |                                                     ^
wled00/bus_wrapper.h:1087:53: error: expected '(' before '*' token
 1087 |       case I_HS_DOT_3: col = (static_cast<B_HS_DOT_3*>(busPtr))->GetPixelColor(pix); break;
      |                                                     ^
      |                                                     (
wled00/bus_wrapper.h:1087:54: error: expected primary-expression before '>' token
 1087 |       case I_HS_DOT_3: col = (static_cast<B_HS_DOT_3*>(busPtr))->GetPixelColor(pix); break;
      |                                                      ^
wled00/bus_wrapper.h:1087:84: error: expected ')' before ';' token
 1087 |       case I_HS_DOT_3: col = (static_cast<B_HS_DOT_3*>(busPtr))->GetPixelColor(pix); break;
      |                              ~                                                     ^
      |                                                                                    )
In file included from wled00/bus_manager.cpp:22:
wled00/bus_wrapper.h:325:66: error: 'TwoWireHspiImple' was not declared in this scope; did you mean 'TwoWireSpiImple'?
  325 | #define B_HS_WS1_3 NeoPixelBusLg<NeoRbgFeature, Ws2801MethodBase<TwoWireHspiImple<SpiSpeedHz>>, NeoGammaNullMethod>
      |                                                                  ^~~~~~~~~~~~~~~~
wled00/bus_wrapper.h:1093:43: note: in expansion of macro 'B_HS_WS1_3'
 1093 |       case I_HS_WS1_3: col = (static_cast<B_HS_WS1_3*>(busPtr))->GetPixelColor(pix); break;
      |                                           ^~~~~~~~~~
wled00/bus_wrapper.h:325:83: error: template argument 1 is invalid
  325 | #define B_HS_WS1_3 NeoPixelBusLg<NeoRbgFeature, Ws2801MethodBase<TwoWireHspiImple<SpiSpeedHz>>, NeoGammaNullMethod>
      |                                                                                   ^~~~~~~~~~
wled00/bus_wrapper.h:1093:43: note: in expansion of macro 'B_HS_WS1_3'
 1093 |       case I_HS_WS1_3: col = (static_cast<B_HS_WS1_3*>(busPtr))->GetPixelColor(pix); break;
      |                                           ^~~~~~~~~~
wled00/bus_wrapper.h:325:93: error: template argument 2 is invalid
  325 | #define B_HS_WS1_3 NeoPixelBusLg<NeoRbgFeature, Ws2801MethodBase<TwoWireHspiImple<SpiSpeedHz>>, NeoGammaNullMethod>
      |                                                                                             ^~
wled00/bus_wrapper.h:1093:43: note: in expansion of macro 'B_HS_WS1_3'
 1093 |       case I_HS_WS1_3: col = (static_cast<B_HS_WS1_3*>(busPtr))->GetPixelColor(pix); break;
      |                                           ^~~~~~~~~~
wled00/bus_wrapper.h:325:95: error: expected '>' before ',' token
  325 | #define B_HS_WS1_3 NeoPixelBusLg<NeoRbgFeature, Ws2801MethodBase<TwoWireHspiImple<SpiSpeedHz>>, NeoGammaNullMethod>
      |                                                                                               ^
wled00/bus_wrapper.h:1093:43: note: in expansion of macro 'B_HS_WS1_3'
 1093 |       case I_HS_WS1_3: col = (static_cast<B_HS_WS1_3*>(busPtr))->GetPixelColor(pix); break;
      |                                           ^~~~~~~~~~
wled00/bus_wrapper.h:325:95: error: expected '(' before ',' token
  325 | #define B_HS_WS1_3 NeoPixelBusLg<NeoRbgFeature, Ws2801MethodBase<TwoWireHspiImple<SpiSpeedHz>>, NeoGammaNullMethod>
      |                                                                                               ^
wled00/bus_wrapper.h:1093:43: note: in expansion of macro 'B_HS_WS1_3'
 1093 |       case I_HS_WS1_3: col = (static_cast<B_HS_WS1_3*>(busPtr))->GetPixelColor(pix); break;
      |                                           ^~~~~~~~~~
wled00/bus_wrapper.h:325:95: error: expected primary-expression before ',' token
  325 | #define B_HS_WS1_3 NeoPixelBusLg<NeoRbgFeature, Ws2801MethodBase<TwoWireHspiImple<SpiSpeedHz>>, NeoGammaNullMethod>
      |                                                                                               ^
wled00/bus_wrapper.h:1093:43: note: in expansion of macro 'B_HS_WS1_3'
 1093 |       case I_HS_WS1_3: col = (static_cast<B_HS_WS1_3*>(busPtr))->GetPixelColor(pix); break;
      |                                           ^~~~~~~~~~
wled00/bus_wrapper.h:325:115: error: expected primary-expression before '>' token
  325 | #define B_HS_WS1_3 NeoPixelBusLg<NeoRbgFeature, Ws2801MethodBase<TwoWireHspiImple<SpiSpeedHz>>, NeoGammaNullMethod>
      |                                                                                                                   ^
wled00/bus_wrapper.h:1093:43: note: in expansion of macro 'B_HS_WS1_3'
 1093 |       case I_HS_WS1_3: col = (static_cast<B_HS_WS1_3*>(busPtr))->GetPixelColor(pix); break;
      |                                           ^~~~~~~~~~
In file included from wled00/bus_manager.cpp:22:
wled00/bus_wrapper.h:1093:54: error: expected primary-expression before '>' token
 1093 |       case I_HS_WS1_3: col = (static_cast<B_HS_WS1_3*>(busPtr))->GetPixelColor(pix); break;
      |                                                      ^
wled00/bus_wrapper.h:1093:84: error: expected ')' before ';' token
 1093 |       case I_HS_WS1_3: col = (static_cast<B_HS_WS1_3*>(busPtr))->GetPixelColor(pix); break;
      |                              ~                                                     ^
      |                                                                                    )
In file included from wled00/bus_manager.cpp:22:
wled00/bus_wrapper.h: In static member function 'static void PolyBus::cleanup(void*, uint8_t)':
wled00/bus_wrapper.h:309:53: error: 'DotStarEsp32HspiHzMethod' was not declared in this scope; did you mean 'DotStarSpiHzMethod'?
  309 | #define B_HS_DOT_3 NeoPixelBusLg<DotStarBgrFeature, DotStarEsp32HspiHzMethod, NeoGammaNullMethod> //hardware HSPI (was DotStarEsp32DmaHspi5MhzMethod in NPB @ 2.6.9)
      |                                                     ^~~~~~~~~~~~~~~~~~~~~~~~
wled00/bus_wrapper.h:1202:44: note: in expansion of macro 'B_HS_DOT_3'
 1202 |       case I_HS_DOT_3: delete (static_cast<B_HS_DOT_3*>(busPtr)); break;
      |                                            ^~~~~~~~~~
wled00/bus_wrapper.h:309:97: error: template argument 2 is invalid
  309 | #define B_HS_DOT_3 NeoPixelBusLg<DotStarBgrFeature, DotStarEsp32HspiHzMethod, NeoGammaNullMethod> //hardware HSPI (was DotStarEsp32DmaHspi5MhzMethod in NPB @ 2.6.9)
      |                                                                                                 ^
wled00/bus_wrapper.h:1202:44: note: in expansion of macro 'B_HS_DOT_3'
 1202 |       case I_HS_DOT_3: delete (static_cast<B_HS_DOT_3*>(busPtr)); break;
      |                                            ^~~~~~~~~~
In file included from wled00/bus_manager.cpp:22:
wled00/bus_wrapper.h:1202:54: error: expected '>' before '*' token
 1202 |       case I_HS_DOT_3: delete (static_cast<B_HS_DOT_3*>(busPtr)); break;
      |                                                      ^
wled00/bus_wrapper.h:1202:54: error: expected '(' before '*' token
 1202 |       case I_HS_DOT_3: delete (static_cast<B_HS_DOT_3*>(busPtr)); break;
      |                                                      ^
      |                                                      (
wled00/bus_wrapper.h:1202:55: error: expected primary-expression before '>' token
 1202 |       case I_HS_DOT_3: delete (static_cast<B_HS_DOT_3*>(busPtr)); break;
      |                                                       ^
wled00/bus_wrapper.h:1202:65: error: expected ')' before ';' token
 1202 |       case I_HS_DOT_3: delete (static_cast<B_HS_DOT_3*>(busPtr)); break;
      |                               ~                                 ^
      |                                                                 )
In file included from wled00/bus_manager.cpp:22:
wled00/bus_wrapper.h:325:66: error: 'TwoWireHspiImple' was not declared in this scope; did you mean 'TwoWireSpiImple'?
  325 | #define B_HS_WS1_3 NeoPixelBusLg<NeoRbgFeature, Ws2801MethodBase<TwoWireHspiImple<SpiSpeedHz>>, NeoGammaNullMethod>
      |                                                                  ^~~~~~~~~~~~~~~~
wled00/bus_wrapper.h:1208:44: note: in expansion of macro 'B_HS_WS1_3'
 1208 |       case I_HS_WS1_3: delete (static_cast<B_HS_WS1_3*>(busPtr)); break;
      |                                            ^~~~~~~~~~
wled00/bus_wrapper.h:325:83: error: template argument 1 is invalid
  325 | #define B_HS_WS1_3 NeoPixelBusLg<NeoRbgFeature, Ws2801MethodBase<TwoWireHspiImple<SpiSpeedHz>>, NeoGammaNullMethod>
      |                                                                                   ^~~~~~~~~~
wled00/bus_wrapper.h:1208:44: note: in expansion of macro 'B_HS_WS1_3'
 1208 |       case I_HS_WS1_3: delete (static_cast<B_HS_WS1_3*>(busPtr)); break;
      |                                            ^~~~~~~~~~
wled00/bus_wrapper.h:325:93: error: template argument 2 is invalid
  325 | #define B_HS_WS1_3 NeoPixelBusLg<NeoRbgFeature, Ws2801MethodBase<TwoWireHspiImple<SpiSpeedHz>>, NeoGammaNullMethod>
      |                                                                                             ^~
wled00/bus_wrapper.h:1208:44: note: in expansion of macro 'B_HS_WS1_3'
 1208 |       case I_HS_WS1_3: delete (static_cast<B_HS_WS1_3*>(busPtr)); break;
      |                                            ^~~~~~~~~~
wled00/bus_wrapper.h:325:95: error: expected '>' before ',' token
  325 | #define B_HS_WS1_3 NeoPixelBusLg<NeoRbgFeature, Ws2801MethodBase<TwoWireHspiImple<SpiSpeedHz>>, NeoGammaNullMethod>
      |                                                                                               ^
wled00/bus_wrapper.h:1208:44: note: in expansion of macro 'B_HS_WS1_3'
 1208 |       case I_HS_WS1_3: delete (static_cast<B_HS_WS1_3*>(busPtr)); break;
      |                                            ^~~~~~~~~~
wled00/bus_wrapper.h:325:95: error: expected '(' before ',' token
  325 | #define B_HS_WS1_3 NeoPixelBusLg<NeoRbgFeature, Ws2801MethodBase<TwoWireHspiImple<SpiSpeedHz>>, NeoGammaNullMethod>
      |                                                                                               ^
wled00/bus_wrapper.h:1208:44: note: in expansion of macro 'B_HS_WS1_3'
 1208 |       case I_HS_WS1_3: delete (static_cast<B_HS_WS1_3*>(busPtr)); break;
      |                                            ^~~~~~~~~~
wled00/bus_wrapper.h:325:95: error: expected primary-expression before ',' token
  325 | #define B_HS_WS1_3 NeoPixelBusLg<NeoRbgFeature, Ws2801MethodBase<TwoWireHspiImple<SpiSpeedHz>>, NeoGammaNullMethod>
      |                                                                                               ^
wled00/bus_wrapper.h:1208:44: note: in expansion of macro 'B_HS_WS1_3'
 1208 |       case I_HS_WS1_3: delete (static_cast<B_HS_WS1_3*>(busPtr)); break;
      |                                            ^~~~~~~~~~
wled00/bus_wrapper.h:325:115: error: expected primary-expression before '>' token
  325 | #define B_HS_WS1_3 NeoPixelBusLg<NeoRbgFeature, Ws2801MethodBase<TwoWireHspiImple<SpiSpeedHz>>, NeoGammaNullMethod>
      |                                                                                                                   ^
wled00/bus_wrapper.h:1208:44: note: in expansion of macro 'B_HS_WS1_3'
 1208 |       case I_HS_WS1_3: delete (static_cast<B_HS_WS1_3*>(busPtr)); break;
      |                                            ^~~~~~~~~~
In file included from wled00/bus_manager.cpp:22:
wled00/bus_wrapper.h:1208:55: error: expected primary-expression before '>' token
 1208 |       case I_HS_WS1_3: delete (static_cast<B_HS_WS1_3*>(busPtr)); break;
      |                                                       ^
wled00/bus_wrapper.h:1208:65: error: expected ')' before ';' token
 1208 |       case I_HS_WS1_3: delete (static_cast<B_HS_WS1_3*>(busPtr)); break;
      |                               ~                                 ^
      |                                                                 )
In file included from wled00/bus_manager.cpp:22:
wled00/bus_wrapper.h: In static member function 'static unsigned int PolyBus::getDataSize(void*, uint8_t)':
wled00/bus_wrapper.h:309:53: error: 'DotStarEsp32HspiHzMethod' was not declared in this scope; did you mean 'DotStarSpiHzMethod'?
  309 | #define B_HS_DOT_3 NeoPixelBusLg<DotStarBgrFeature, DotStarEsp32HspiHzMethod, NeoGammaNullMethod> //hardware HSPI (was DotStarEsp32DmaHspi5MhzMethod in NPB @ 2.6.9)
      |                                                     ^~~~~~~~~~~~~~~~~~~~~~~~
wled00/bus_wrapper.h:1299:44: note: in expansion of macro 'B_HS_DOT_3'
 1299 |       case I_HS_DOT_3: size = (static_cast<B_HS_DOT_3*>(busPtr))->PixelsSize()*2; break;
      |                                            ^~~~~~~~~~
wled00/bus_wrapper.h:309:97: error: template argument 2 is invalid
  309 | #define B_HS_DOT_3 NeoPixelBusLg<DotStarBgrFeature, DotStarEsp32HspiHzMethod, NeoGammaNullMethod> //hardware HSPI (was DotStarEsp32DmaHspi5MhzMethod in NPB @ 2.6.9)
      |                                                                                                 ^
wled00/bus_wrapper.h:1299:44: note: in expansion of macro 'B_HS_DOT_3'
 1299 |       case I_HS_DOT_3: size = (static_cast<B_HS_DOT_3*>(busPtr))->PixelsSize()*2; break;
      |                                            ^~~~~~~~~~
In file included from wled00/bus_manager.cpp:22:
wled00/bus_wrapper.h:1299:54: error: expected '>' before '*' token
 1299 |       case I_HS_DOT_3: size = (static_cast<B_HS_DOT_3*>(busPtr))->PixelsSize()*2; break;
      |                                                      ^
wled00/bus_wrapper.h:1299:54: error: expected '(' before '*' token
 1299 |       case I_HS_DOT_3: size = (static_cast<B_HS_DOT_3*>(busPtr))->PixelsSize()*2; break;
      |                                                      ^
      |                                                      (
wled00/bus_wrapper.h:1299:55: error: expected primary-expression before '>' token
 1299 |       case I_HS_DOT_3: size = (static_cast<B_HS_DOT_3*>(busPtr))->PixelsSize()*2; break;
      |                                                       ^
wled00/bus_wrapper.h:1299:81: error: expected ')' before ';' token
 1299 |       case I_HS_DOT_3: size = (static_cast<B_HS_DOT_3*>(busPtr))->PixelsSize()*2; break;
      |                               ~                                                 ^
      |                                                                                 )
In file included from wled00/bus_manager.cpp:22:
wled00/bus_wrapper.h:325:66: error: 'TwoWireHspiImple' was not declared in this scope; did you mean 'TwoWireSpiImple'?
  325 | #define B_HS_WS1_3 NeoPixelBusLg<NeoRbgFeature, Ws2801MethodBase<TwoWireHspiImple<SpiSpeedHz>>, NeoGammaNullMethod>
      |                                                                  ^~~~~~~~~~~~~~~~
wled00/bus_wrapper.h:1305:44: note: in expansion of macro 'B_HS_WS1_3'
 1305 |       case I_HS_WS1_3: size = (static_cast<B_HS_WS1_3*>(busPtr))->PixelsSize()*2; break;
      |                                            ^~~~~~~~~~
wled00/bus_wrapper.h:325:83: error: template argument 1 is invalid
  325 | #define B_HS_WS1_3 NeoPixelBusLg<NeoRbgFeature, Ws2801MethodBase<TwoWireHspiImple<SpiSpeedHz>>, NeoGammaNullMethod>
      |                                                                                   ^~~~~~~~~~
wled00/bus_wrapper.h:1305:44: note: in expansion of macro 'B_HS_WS1_3'
 1305 |       case I_HS_WS1_3: size = (static_cast<B_HS_WS1_3*>(busPtr))->PixelsSize()*2; break;
      |                                            ^~~~~~~~~~
wled00/bus_wrapper.h:325:93: error: template argument 2 is invalid
  325 | #define B_HS_WS1_3 NeoPixelBusLg<NeoRbgFeature, Ws2801MethodBase<TwoWireHspiImple<SpiSpeedHz>>, NeoGammaNullMethod>
      |                                                                                             ^~
wled00/bus_wrapper.h:1305:44: note: in expansion of macro 'B_HS_WS1_3'
 1305 |       case I_HS_WS1_3: size = (static_cast<B_HS_WS1_3*>(busPtr))->PixelsSize()*2; break;
      |                                            ^~~~~~~~~~
wled00/bus_wrapper.h:325:95: error: expected '>' before ',' token
  325 | #define B_HS_WS1_3 NeoPixelBusLg<NeoRbgFeature, Ws2801MethodBase<TwoWireHspiImple<SpiSpeedHz>>, NeoGammaNullMethod>
      |                                                                                               ^
wled00/bus_wrapper.h:1305:44: note: in expansion of macro 'B_HS_WS1_3'
 1305 |       case I_HS_WS1_3: size = (static_cast<B_HS_WS1_3*>(busPtr))->PixelsSize()*2; break;
      |                                            ^~~~~~~~~~
wled00/bus_wrapper.h:325:95: error: expected '(' before ',' token
  325 | #define B_HS_WS1_3 NeoPixelBusLg<NeoRbgFeature, Ws2801MethodBase<TwoWireHspiImple<SpiSpeedHz>>, NeoGammaNullMethod>
      |                                                                                               ^
wled00/bus_wrapper.h:1305:44: note: in expansion of macro 'B_HS_WS1_3'
 1305 |       case I_HS_WS1_3: size = (static_cast<B_HS_WS1_3*>(busPtr))->PixelsSize()*2; break;
      |                                            ^~~~~~~~~~
wled00/bus_wrapper.h:325:95: error: expected primary-expression before ',' token
  325 | #define B_HS_WS1_3 NeoPixelBusLg<NeoRbgFeature, Ws2801MethodBase<TwoWireHspiImple<SpiSpeedHz>>, NeoGammaNullMethod>
      |                                                                                               ^
wled00/bus_wrapper.h:1305:44: note: in expansion of macro 'B_HS_WS1_3'
 1305 |       case I_HS_WS1_3: size = (static_cast<B_HS_WS1_3*>(busPtr))->PixelsSize()*2; break;
      |                                            ^~~~~~~~~~
wled00/bus_wrapper.h:325:115: error: expected primary-expression before '>' token
  325 | #define B_HS_WS1_3 NeoPixelBusLg<NeoRbgFeature, Ws2801MethodBase<TwoWireHspiImple<SpiSpeedHz>>, NeoGammaNullMethod>
      |                                                                                                                   ^
wled00/bus_wrapper.h:1305:44: note: in expansion of macro 'B_HS_WS1_3'
 1305 |       case I_HS_WS1_3: size = (static_cast<B_HS_WS1_3*>(busPtr))->PixelsSize()*2; break;
      |                                            ^~~~~~~~~~
In file included from wled00/bus_manager.cpp:22:
wled00/bus_wrapper.h:1305:55: error: expected primary-expression before '>' token
 1305 |       case I_HS_WS1_3: size = (static_cast<B_HS_WS1_3*>(busPtr))->PixelsSize()*2; break;
      |                                                       ^
wled00/bus_wrapper.h:1305:81: error: expected ')' before ';' token
 1305 |       case I_HS_WS1_3: size = (static_cast<B_HS_WS1_3*>(busPtr))->PixelsSize()*2; break;
      |                               ~                                                 ^
      |                                                                                 )
*** [.pio/build/custom_build/src/bus_manager.cpp.o] Error 1
In file included from wled00/cfg.cpp:2:
wled00/wled_ethernet.h:25:3: error: 'eth_phy_type_t' does not name a type
   25 |   eth_phy_type_t eth_type;
      |   ^~~~~~~~~~~~~~
wled00/wled_ethernet.h:26:3: error: 'eth_clock_mode_t' does not name a type
   26 |   eth_clock_mode_t eth_clk_mode;
      |   ^~~~~~~~~~~~~~~~
wled00/cfg.cpp: In function 'void serializeConfig()':
wled00/cfg.cpp:779:42: error: 'const ethernet_settings' {aka 'const struct EthernetSettings'} has no member named 'eth_clk_mode'
  779 |     switch (ethernetBoards[ethernetType].eth_clk_mode) {
      |                                          ^~~~~~~~~~~~
wled00/cfg.cpp:780:12: error: 'ETH_CLOCK_GPIO0_IN' was not declared in this scope
  780 |       case ETH_CLOCK_GPIO0_IN:
      |            ^~~~~~~~~~~~~~~~~~
wled00/cfg.cpp:781:12: error: 'ETH_CLOCK_GPIO0_OUT' was not declared in this scope
  781 |       case ETH_CLOCK_GPIO0_OUT:
      |            ^~~~~~~~~~~~~~~~~~~
wled00/cfg.cpp:784:12: error: 'ETH_CLOCK_GPIO16_OUT' was not declared in this scope
  784 |       case ETH_CLOCK_GPIO16_OUT:
      |            ^~~~~~~~~~~~~~~~~~~~
wled00/cfg.cpp:787:12: error: 'ETH_CLOCK_GPIO17_OUT' was not declared in this scope
  787 |       case ETH_CLOCK_GPIO17_OUT:
      |            ^~~~~~~~~~~~~~~~~~~~
*** [.pio/build/custom_build/src/cfg.cpp.o] Error 1
========================== [FAILED] Took 5.45 seconds ==========================

Environment    Status    Duration
-------------  --------  ------------
custom_build   FAILED    00:00:05.452
==================== 1 failed, 0 succeeded in 00:00:05.452 ====================
