Repo to build:
https://github.com/wled/WLED/archive/refs/heads/main.zip
Enviroment to build:
[env:custom_build]
extends = env:esp32s3dev_16MB_opi
board_build.flash_mode = dio
board_build.f_flash = 80000000L
board_upload.flash_size = 16MB
board_build.mcu = esp32s3
board_build.f_cpu = 240000000L
board_build.psram_type = qspi
board_build.arduino.memory_type = dio_qspi
board_build.partitions = ${esp32.large_partitions}
build_flags = ${env:esp32s3dev_16MB_opi.build_flags}
-D WLED_DISABLE_LOXONE 
-D WLED_DISABLE_ALEXA 
-D WLED_DISABLE_HUESYNC 
-D WLED_DISABLE_2D 
-D WLED_DISABLE_FASTLED

Hacks to apply:

--2025-10-18 19:39:06--  https://github.com/wled/WLED/archive/refs/heads/main.zip
Resolving github.com (github.com)... 140.82.116.3
Connecting to github.com (github.com)|140.82.116.3|:443... connected.
HTTP request sent, awaiting response... 302 Found
Location: https://codeload.github.com/wled/WLED/zip/refs/heads/main [following]
--2025-10-18 19:39:06--  https://codeload.github.com/wled/WLED/zip/refs/heads/main
Resolving codeload.github.com (codeload.github.com)... 140.82.116.10
Connecting to codeload.github.com (codeload.github.com)|140.82.116.10|:443... connected.
HTTP request sent, awaiting response... 200 OK
Length: unspecified [application/zip]
Saving to: ‘/tmp/WLEDtemp/mm.zip’

     0K .......... .......... .......... .......... .......... 1.35M
    50K .......... .......... .......... .......... .......... 2.72M
   100K .......... .......... .......... .......... ..........  118M
   150K .......... .......... .......... .......... .......... 2.77M
   200K .......... .......... .......... .......... .......... 95.3M
   250K .......... .......... .......... .......... ..........  113M
   300K .......... .......... .......... .......... ..........  160M
   350K .......... .......... .......... .......... .......... 4.12M
   400K .......... .......... .......... .......... .......... 8.89M
   450K .......... .......... .......... .......... ..........  112M
   500K .......... .......... .......... .......... ..........  158M
   550K .......... .......... .......... .......... ..........  164M
   600K .......... .......... .......... .......... .......... 4.33M
   650K .......... .......... .......... .......... ..........  146M
   700K .......... .......... .......... .......... ..........  149M
   750K .......... .......... .......... .......... .......... 10.4M
   800K .......... .......... .......... .......... .......... 93.1M
   850K .......... .......... .......... .......... .......... 94.9M
   900K .......... .......... .......... .......... ..........  136M
   950K .......... .......... .......... .......... ..........  148M
  1000K .......... .......... .......... .......... ..........  160M
  1050K .......... .......... .......... .......... ..........  163M
  1100K .......... .......... .......... .......... ..........  153M
  1150K .......... .......... .......... .......... ..........  159M
  1200K .......... .......... .......... .......... .......... 2.02M
  1250K .......... .......... .......... .......... .......... 76.1M
  1300K .......... .......... .......... .......... .......... 74.7M
  1350K .......... .......... .......... .......... ..........  107M
  1400K .......... .......... .......... .......... .......... 62.8M
  1450K .......... .......... .......... .......... ..........  101M
  1500K .......... .......... .......... .......... .......... 94.0M
  1550K .......... .......... .......... .......... ..........  131M
  1600K .......... .......... .......... .......... ..........  104M
  1650K .......... .......... .......... .......... .......... 81.1M
  1700K .......... .......... .......... .......... ..........  125M
  1750K .......... .......... .......... .......... ..........  101M
  1800K .......... .......... .......... .......... ..........  162M
  1850K .......... .......... .......... .......... ..........  162M
  1900K .......... .......... .......... .......... ..........  153M
  1950K .......... .......... .......... .......... ..........  162M
  2000K .......... .......... .......... .......... ..........  157M
  2050K .......... .......... .......... .......... ..........  156M
  2100K .......... .......... .......... .......... ..........  163M
  2150K .......... .......... .......... .......... ..........  161M
  2200K .......... .......... .......... .......... ..........  158M
  2250K .......... .......... .......... .......... ..........  159M
  2300K .......... .......... .......... .......... ..........  162M
  2350K .......... .......... .......... .......... .......... 6.09M
  2400K .......... .......... .......... .......... .......... 46.6M
  2450K .......... .......... .......... .......... .......... 99.5M
  2500K .......... .......... .......... .......... ..........  151M
  2550K .......... .......... .......... .......... ..........  110M
  2600K .......... .......... .......... .......... ..........  129M
  2650K .......... .......... .......... .......... ..........  135M
  2700K .......... .......... .......... .......... ..........  124M
  2750K .......... .......... .......... .......... ..........  120M
  2800K .......... .......... .......... .......... ..........  139M
  2850K .......... .......... .......... .......... .......... 85.3M
  2900K .......... .......... .......... .......... ..........  161M
  2950K .......... .......... .......... .......... ..........  147M
  3000K .......... .......... .......... .......... ..........  159M
  3050K .......... .......... .......... .......... ..........  163M
  3100K .......... .......... .......... .......... ..........  151M
  3150K .......... .......... .......... .......... ..........  162M
  3200K .......... .......... .......... .......... ..........  159M
  3250K .......... .......... .......... .......... .......... 43.8M
  3300K .......... .......... .......... .......... .......... 47.8M
  3350K .......... .......... .......... .......... ..........  125M
  3400K .......... .......... .......... .......... .......... 47.5M
  3450K .......... .......... .......... .......... .......... 9.58M
  3500K .......... .......... .......... .......... .......... 99.2M
  3550K .......... .......... .......... .......... .......... 54.6M
  3600K .......... .......... .......... .......... .......... 29.9M
  3650K .......... .......... .......... .......... .......... 7.20M
  3700K .......... .......... .......... .......... .......... 83.8M
  3750K .......... .......... .......... .......... .......... 94.7M
  3800K .......... .......... .......... .......... .......... 7.49M
  3850K .......... .......... .......... .......... .......... 65.9M
  3900K .......... .......... .......... .......... .......... 95.4M
  3950K .......... .......... .......... .......... ..........  102M
  4000K .......... .......... .......... .......... ..........  145M
  4050K .......... .......... .......... .......... .......... 7.15M
  4100K .......... .......... .......... .......... ..........  101M
  4150K .......... .......... .......... .......... .......... 41.7M
  4200K .......... .......... .......... .......... .......... 35.6M
  4250K .......... .......... .......... .......... .......... 11.6M
  4300K .......... .......... .......... .......... .......... 6.21M
  4350K .......... .......... .......... .......... .......... 90.9M
  4400K .......... .......... .......... .......... .......... 2.07M
  4450K .......... .......... .......... .......... .......... 58.1M
  4500K .......... .......... .......... .......... .......... 31.2M
  4550K .......... .......... .......... .......... ..........  135M
  4600K .......... .......... .......... .......... .......... 27.1M
  4650K .......... .......... .......... .......... ..........  142M
  4700K .......... .......... .......... .......... .......... 25.5M
  4750K .......... .......... .......... .......... ..........  117M
  4800K .......... .......... .......... .......... .......... 38.4M
  4850K .......... .......... .......... .......... ..........  128M
  4900K .......... .......... .......... .......... ..........  125M
  4950K .......... .......... .......... .......... .......... 36.7M
  5000K .......... .......... .......... .......... .......... 30.8M
  5050K .......... .......... .......... .......... ..........  132M
  5100K .......... .......... .......... .......... ..........  132M
  5150K .......... .......... .......... .......... .......... 3.17M
  5200K .......... .......... .......... .......... ..........  128M
  5250K .......... .......... .......... .......... ..........  119M
  5300K .......... .......... .......... .......... ..........  121M
  5350K .......... .......... .......... .......... ..........  113M
  5400K .......... .......... .......... .......... .......... 98.8M
  5450K .......... .......... .......... .......... ..........  115M
  5500K .......... .......... .......... .......... ..........  102M
  5550K .......... .......... .......... .......... ..........  114M
  5600K .......... .......... .......... .......... ..........  158M
  5650K .......... .......... .......... .......... ..........  150M
  5700K .......... .......... .......... .......... ..........  159M
  5750K .......... .......... .......... .......... ..........  163M
  5800K .......... .......... .......... .......... ..........  151M
  5850K .......... .......... .......... .......... ..........  161M
  5900K .......... .......... .......... .......... ..........  159M
  5950K .......... .......... .......... .......... ..........  153M
  6000K .......... .......... .......... .......... .......... 1.54M
  6050K .......... .......... .......... .......... ..........  102M
  6100K .......... .......... .......... .......... .......... 56.1M
  6150K .......... .......... .......... .......... ..........  116M
  6200K .......... .......... .......... .......... ..........  109M
  6250K .......... .......... .......... .......... ..........  119M
  6300K .......... .......... .......... .......... ..........  129M
  6350K .......... .......... .......... .......... ..........  119M
  6400K .......... .......... .......... .......... ..........  117M
  6450K .......... .......... .......... .......... .......... 89.7M
  6500K .......... .......... .......... .......... ..........  157M
  6550K .......... .......... .......... .......... ..........  166M
  6600K .......... .......... .......... .......... ..........  150M
  6650K .......... .......... .......... .......... ..........  164M
  6700K .......... .......... .......... .......... ..........  158M
  6750K .......... .......... .......... .......... ..........  156M
  6800K .......... .......... .......... .......... ..........  158M
  6850K .......... .......... .......... .......... ..........  165M
  6900K .......... .......... .......... .......... ..........  157M
  6950K .......... .......... .......... .......... ..........  155M
  7000K .......... .......... .......... .......... ..........  158M
  7050K .......... .......... .......... .......... ..........  166M
  7100K .......... .......... .......... .......... .......... 2.49M
  7150K .......... .......... .......... .......... .......... 72.4M
  7200K .......... .......... .......... .......... ..........  116M
  7250K .......... .......... .......... .......... ..........  109M
  7300K .......... .......... .......... .......... ..........  110M
  7350K .......... .......... .......... .......... ..........  115M
  7400K .......... .......... .......... .......... ..........  120M
  7450K .......... .......... .......... .......... ..........  102M
  7500K .......... .......... .......... .......... ..........  154M
  7550K .......... .......... .......... .......... ..........  159M
  7600K .......... .......... .......... .......... ..........  165M
  7650K .......... .......... .......... .......... ..........  155M
  7700K .......... .......... .......... .......... ..........  161M
  7750K .......... .......... .......... .......... ..........  160M
  7800K .......... .......... .......... .......... ..........  163M
  7850K .......... .......... .......... .......... ..........  156M
  7900K .......... .......... .......... .......... ..........  160M
  7950K .......... .......... .......... .......... .......... 3.56M
  8000K .......... .......... .......... .......... .......... 36.6M
  8050K .......... .......... .......... .......... ..........  101M
  8100K .......... .......... .......... .......... ..........  103M
  8150K .......... .......... .......... .......... ..........  130M
  8200K .......... .......... .......... .......... .......... 90.4M
  8250K .......... .......... .......... .......... ..........  115M
  8300K .......... .......... .......... .......... ..........  122M
  8350K .......... .......... .......... .......... ..........  163M
  8400K .......... .......... .......... .......... ..........  157M
  8450K .......... .......... .......... .......... ..........  153M
  8500K .......... .......... .......... .......... ..........  162M
  8550K .......... .......... .......... .......... ..........  163M
  8600K .......... .......... .......... .......... .......... 24.7M
  8650K .......... .......... .......... .......... .......... 4.64M
  8700K .......... .......... .......... .......... .......... 41.3M
  8750K .......... .......... .......... .......... ..........  101M
  8800K .......... .......... .......... .......... ..........  119M
  8850K .......... .......... .......... .......... ..........  164M
  8900K .......... .......... .......... .......... ..........  153M
  8950K .......... .......... .......... .......... .......... 9.63M
  9000K .......... .......... .......... .......... .......... 30.1M
  9050K .......... .......... .......... .......... ..........  102M
  9100K .......... .......... .......... .......... ..........  107M
  9150K .......... .......... .......... .......... ..........  152M
  9200K .......... .......... .......... .......... .......... 6.01M
  9250K .......... .......... .......... .......... .......... 35.8M
  9300K .......... .......... .......... .......... ..........  124M
  9350K .......... .......... .......... .......... ..........  102M
  9400K .......... .......... .......... .......... ..........  162M
  9450K .......... .......... .......... .......... ..........  138M
  9500K .......... .......... .......... .......... ..........  162M
  9550K .......... .......... .......... .......... .......... 37.1M
  9600K .......... .......... .......... .......... .......... 36.5M
  9650K .......... .......... .......... .......... .......... 1.22M
  9700K .......... .......... .......... .......... .......... 51.1M
  9750K .......... .......... .......... .......... ..........  132M
  9800K .......... .......... .......... .......... ..........  108M
  9850K .......... .......... .......... .......... ..........  111M
  9900K .......... .......... .......... .......... .......... 98.1M
  9950K .......... .......... .......... .......... ..........  117M
 10000K .......... .......... .......... .......... ..........  107M
 10050K .......... .......... .......... .......... ..........  125M
 10100K .......... .......... .......... .......... ..........  103M
 10150K .......... .......... .......... .......... ..........  145M
 10200K .......... .......... .......... .......... ..........  153M
 10250K .......... .......... .......... .......... ..........  163M
 10300K .......... .......... .......... .......... ..........  159M
 10350K .......... .......... .......... .......... ..........  133M
 10400K .......... .......... .......... .......... ..........  158M
 10450K .......... .......... .......... .......... ..........  163M
 10500K .......... .......... .......... .......... ..........  126M
 10550K .......... .......... .......... .......... ..........  163M
 10600K .......... .......... .......... .......... ..........  162M
 10650K .......... .......... .......... .......... ..........  150M
 10700K .......... .......... .......... .......... .......... 25.4M
 10750K .......... .......... .......... .......... .......... 7.22M
 10800K .......... .......... .......... .......... .......... 2.89M
 10850K .......... .......... .......... .......... .......... 83.5M
 10900K .......... .......... .......... .......... .......... 9.83M
 10950K .......... .......... .......... .......... .......... 6.27M
 11000K .......... .......... .......... .......... .......... 13.6M
 11050K .......... .......... .......... .......... .......... 11.2M
 11100K .......... .......... .......... .......... .......... 8.27M
 11150K .......... .......... .......... .......... .......... 13.2M
 11200K .......... .......... .......... .......... .......... 5.39M
 11250K .......... .......... .......... .......... .......... 42.5M
 11300K .......... .......... .......... .......... .......... 9.68M
 11350K .......... .......... .......... .......... .......... 6.64M
 11400K .......... .......... .......... .......... .......... 6.55M
 11450K .......... .......... .......... .......... .......... 6.87M
 11500K .......... .......... .......... .......... .......... 43.2M
 11550K .......... .......... .......... .......... .....       126M=0.5s

2025-10-18 19:39:07 (21.2 MB/s) - ‘/tmp/WLEDtemp/mm.zip’ saved [11873450]


added 67 packages, and audited 68 packages in 5s

13 packages are looking for funding
  run `npm fund` for details

found 0 vulnerabilities
InvalidProjectConfError: Invalid '/tmp/WLEDtemp/WLED-main/platformio.ini' (project configuration file): 'Source contains parsing errors: '/tmp/WLEDtemp/WLED-main/platformio.ini'
	[line 640]: '-D WLED_DISABLE_LOXONE \n'
	[line 641]: '-D WLED_DISABLE_ALEXA \n'
	[line 642]: '-D WLED_DISABLE_HUESYNC \n'
	[line 643]: '-D WLED_DISABLE_2D \n'
	[line 644]: '-D WLED_DISABLE_FASTLED\n''
Traceback (most recent call last):
  File "/opt/hostedtoolcache/Python/3.9.24/x64/lib/python3.9/site-packages/platformio/project/config.py", line 111, in read
    self._parser.read(path, "utf-8")
  File "/opt/hostedtoolcache/Python/3.9.24/x64/lib/python3.9/configparser.py", line 697, in read
    self._read(fp, filename)
  File "/opt/hostedtoolcache/Python/3.9.24/x64/lib/python3.9/configparser.py", line 1116, in _read
    raise e
configparser.ParsingError: Source contains parsing errors: '/tmp/WLEDtemp/WLED-main/platformio.ini'
	[line 640]: '-D WLED_DISABLE_LOXONE \n'
	[line 641]: '-D WLED_DISABLE_ALEXA \n'
	[line 642]: '-D WLED_DISABLE_HUESYNC \n'
	[line 643]: '-D WLED_DISABLE_2D \n'
	[line 644]: '-D WLED_DISABLE_FASTLED\n'

The above exception was the direct cause of the following exception:

Traceback (most recent call last):
  File "/opt/hostedtoolcache/Python/3.9.24/x64/bin/pio", line 7, in <module>
    sys.exit(main())
  File "/opt/hostedtoolcache/Python/3.9.24/x64/lib/python3.9/site-packages/platformio/__main__.py", line 134, in main
    maintenance.on_platformio_exit()
  File "/opt/hostedtoolcache/Python/3.9.24/x64/lib/python3.9/site-packages/platformio/maintenance.py", line 65, in on_platformio_exit
    telemetry.on_exit()
  File "/opt/hostedtoolcache/Python/3.9.24/x64/lib/python3.9/site-packages/platformio/telemetry.py", line 177, in on_exit
    TelemetryLogger().send()
  File "/opt/hostedtoolcache/Python/3.9.24/x64/lib/python3.9/site-packages/platformio/util.py", line 133, in get_instance
    _instances[cls] = cls(*args, **kwargs)
  File "/opt/hostedtoolcache/Python/3.9.24/x64/lib/python3.9/site-packages/platformio/telemetry.py", line 78, in __init__
    self._http_session = HTTPSession()
  File "/opt/hostedtoolcache/Python/3.9.24/x64/lib/python3.9/site-packages/platformio/http.py", line 52, in __init__
    self.headers.update({"User-Agent": app.get_user_agent()})
  File "/opt/hostedtoolcache/Python/3.9.24/x64/lib/python3.9/site-packages/platformio/app.py", line 277, in get_user_agent
    if not get_setting("enable_telemetry"):
  File "/opt/hostedtoolcache/Python/3.9.24/x64/lib/python3.9/site-packages/platformio/app.py", line 208, in get_setting
    with State() as state:
  File "/opt/hostedtoolcache/Python/3.9.24/x64/lib/python3.9/site-packages/platformio/app.py", line 88, in __init__
    self.path = resolve_state_path("core_dir", "appstate.json")
  File "/opt/hostedtoolcache/Python/3.9.24/x64/lib/python3.9/site-packages/platformio/app.py", line 77, in resolve_state_path
    state_dir = ProjectConfig.get_instance().get("platformio", conf_option_dir)
  File "/opt/hostedtoolcache/Python/3.9.24/x64/lib/python3.9/site-packages/platformio/project/config.py", line 524, in get_instance
    instance = {"mtime": mtime, "config": ProjectConfig(path)}
  File "/opt/hostedtoolcache/Python/3.9.24/x64/lib/python3.9/site-packages/platformio/project/config.py", line 99, in __init__
    self.read(path, parse_extra)
  File "/opt/hostedtoolcache/Python/3.9.24/x64/lib/python3.9/site-packages/platformio/project/config.py", line 113, in read
    raise exception.InvalidProjectConfError(path, str(exc)) from exc
platformio.project.exception.InvalidProjectConfError: Invalid '/tmp/WLEDtemp/WLED-main/platformio.ini' (project configuration file): 'Source contains parsing errors: '/tmp/WLEDtemp/WLED-main/platformio.ini'
	[line 640]: '-D WLED_DISABLE_LOXONE \n'
	[line 641]: '-D WLED_DISABLE_ALEXA \n'
	[line 642]: '-D WLED_DISABLE_HUESYNC \n'
	[line 643]: '-D WLED_DISABLE_2D \n'
	[line 644]: '-D WLED_DISABLE_FASTLED\n''
Error in atexit._run_exitfuncs:
Traceback (most recent call last):
  File "/opt/hostedtoolcache/Python/3.9.24/x64/lib/python3.9/site-packages/platformio/project/config.py", line 111, in read
    self._parser.read(path, "utf-8")
  File "/opt/hostedtoolcache/Python/3.9.24/x64/lib/python3.9/configparser.py", line 697, in read
    self._read(fp, filename)
  File "/opt/hostedtoolcache/Python/3.9.24/x64/lib/python3.9/configparser.py", line 1116, in _read
    raise e
configparser.ParsingError: Source contains parsing errors: '/tmp/WLEDtemp/WLED-main/platformio.ini'
	[line 640]: '-D WLED_DISABLE_LOXONE \n'
	[line 641]: '-D WLED_DISABLE_ALEXA \n'
	[line 642]: '-D WLED_DISABLE_HUESYNC \n'
	[line 643]: '-D WLED_DISABLE_2D \n'
	[line 644]: '-D WLED_DISABLE_FASTLED\n'

The above exception was the direct cause of the following exception:

Traceback (most recent call last):
  File "/opt/hostedtoolcache/Python/3.9.24/x64/lib/python3.9/site-packages/platformio/project/config.py", line 113, in read
    raise exception.InvalidProjectConfError(path, str(exc)) from exc
platformio.project.exception.InvalidProjectConfError: Invalid '/tmp/WLEDtemp/WLED-main/platformio.ini' (project configuration file): 'Source contains parsing errors: '/tmp/WLEDtemp/WLED-main/platformio.ini'
	[line 640]: '-D WLED_DISABLE_LOXONE \n'
	[line 641]: '-D WLED_DISABLE_ALEXA \n'
	[line 642]: '-D WLED_DISABLE_HUESYNC \n'
	[line 643]: '-D WLED_DISABLE_2D \n'
	[line 644]: '-D WLED_DISABLE_FASTLED\n''
InvalidProjectConfError: Invalid '/tmp/WLEDtemp/WLED-main/platformio.ini' (project configuration file): 'Source contains parsing errors: '/tmp/WLEDtemp/WLED-main/platformio.ini'
	[line 640]: '-D WLED_DISABLE_LOXONE \n'
	[line 641]: '-D WLED_DISABLE_ALEXA \n'
	[line 642]: '-D WLED_DISABLE_HUESYNC \n'
	[line 643]: '-D WLED_DISABLE_2D \n'
	[line 644]: '-D WLED_DISABLE_FASTLED\n''
Traceback (most recent call last):
  File "/opt/hostedtoolcache/Python/3.9.24/x64/lib/python3.9/site-packages/platformio/project/config.py", line 111, in read
    self._parser.read(path, "utf-8")
  File "/opt/hostedtoolcache/Python/3.9.24/x64/lib/python3.9/configparser.py", line 697, in read
    self._read(fp, filename)
  File "/opt/hostedtoolcache/Python/3.9.24/x64/lib/python3.9/configparser.py", line 1116, in _read
    raise e
configparser.ParsingError: Source contains parsing errors: '/tmp/WLEDtemp/WLED-main/platformio.ini'
	[line 640]: '-D WLED_DISABLE_LOXONE \n'
	[line 641]: '-D WLED_DISABLE_ALEXA \n'
	[line 642]: '-D WLED_DISABLE_HUESYNC \n'
	[line 643]: '-D WLED_DISABLE_2D \n'
	[line 644]: '-D WLED_DISABLE_FASTLED\n'

The above exception was the direct cause of the following exception:

Traceback (most recent call last):
  File "/opt/hostedtoolcache/Python/3.9.24/x64/bin/pio", line 7, in <module>
    sys.exit(main())
  File "/opt/hostedtoolcache/Python/3.9.24/x64/lib/python3.9/site-packages/platformio/__main__.py", line 134, in main
    maintenance.on_platformio_exit()
  File "/opt/hostedtoolcache/Python/3.9.24/x64/lib/python3.9/site-packages/platformio/maintenance.py", line 65, in on_platformio_exit
    telemetry.on_exit()
  File "/opt/hostedtoolcache/Python/3.9.24/x64/lib/python3.9/site-packages/platformio/telemetry.py", line 177, in on_exit
    TelemetryLogger().send()
  File "/opt/hostedtoolcache/Python/3.9.24/x64/lib/python3.9/site-packages/platformio/util.py", line 133, in get_instance
    _instances[cls] = cls(*args, **kwargs)
  File "/opt/hostedtoolcache/Python/3.9.24/x64/lib/python3.9/site-packages/platformio/telemetry.py", line 78, in __init__
    self._http_session = HTTPSession()
  File "/opt/hostedtoolcache/Python/3.9.24/x64/lib/python3.9/site-packages/platformio/http.py", line 52, in __init__
    self.headers.update({"User-Agent": app.get_user_agent()})
  File "/opt/hostedtoolcache/Python/3.9.24/x64/lib/python3.9/site-packages/platformio/app.py", line 277, in get_user_agent
    if not get_setting("enable_telemetry"):
  File "/opt/hostedtoolcache/Python/3.9.24/x64/lib/python3.9/site-packages/platformio/app.py", line 208, in get_setting
    with State() as state:
  File "/opt/hostedtoolcache/Python/3.9.24/x64/lib/python3.9/site-packages/platformio/app.py", line 88, in __init__
    self.path = resolve_state_path("core_dir", "appstate.json")
  File "/opt/hostedtoolcache/Python/3.9.24/x64/lib/python3.9/site-packages/platformio/app.py", line 77, in resolve_state_path
    state_dir = ProjectConfig.get_instance().get("platformio", conf_option_dir)
  File "/opt/hostedtoolcache/Python/3.9.24/x64/lib/python3.9/site-packages/platformio/project/config.py", line 524, in get_instance
    instance = {"mtime": mtime, "config": ProjectConfig(path)}
  File "/opt/hostedtoolcache/Python/3.9.24/x64/lib/python3.9/site-packages/platformio/project/config.py", line 99, in __init__
    self.read(path, parse_extra)
  File "/opt/hostedtoolcache/Python/3.9.24/x64/lib/python3.9/site-packages/platformio/project/config.py", line 113, in read
    raise exception.InvalidProjectConfError(path, str(exc)) from exc
platformio.project.exception.InvalidProjectConfError: Invalid '/tmp/WLEDtemp/WLED-main/platformio.ini' (project configuration file): 'Source contains parsing errors: '/tmp/WLEDtemp/WLED-main/platformio.ini'
	[line 640]: '-D WLED_DISABLE_LOXONE \n'
	[line 641]: '-D WLED_DISABLE_ALEXA \n'
	[line 642]: '-D WLED_DISABLE_HUESYNC \n'
	[line 643]: '-D WLED_DISABLE_2D \n'
	[line 644]: '-D WLED_DISABLE_FASTLED\n''
Error in atexit._run_exitfuncs:
Traceback (most recent call last):
  File "/opt/hostedtoolcache/Python/3.9.24/x64/lib/python3.9/site-packages/platformio/project/config.py", line 111, in read
    self._parser.read(path, "utf-8")
  File "/opt/hostedtoolcache/Python/3.9.24/x64/lib/python3.9/configparser.py", line 697, in read
    self._read(fp, filename)
  File "/opt/hostedtoolcache/Python/3.9.24/x64/lib/python3.9/configparser.py", line 1116, in _read
    raise e
configparser.ParsingError: Source contains parsing errors: '/tmp/WLEDtemp/WLED-main/platformio.ini'
	[line 640]: '-D WLED_DISABLE_LOXONE \n'
	[line 641]: '-D WLED_DISABLE_ALEXA \n'
	[line 642]: '-D WLED_DISABLE_HUESYNC \n'
	[line 643]: '-D WLED_DISABLE_2D \n'
	[line 644]: '-D WLED_DISABLE_FASTLED\n'

The above exception was the direct cause of the following exception:

Traceback (most recent call last):
  File "/opt/hostedtoolcache/Python/3.9.24/x64/lib/python3.9/site-packages/platformio/project/config.py", line 113, in read
    raise exception.InvalidProjectConfError(path, str(exc)) from exc
platformio.project.exception.InvalidProjectConfError: Invalid '/tmp/WLEDtemp/WLED-main/platformio.ini' (project configuration file): 'Source contains parsing errors: '/tmp/WLEDtemp/WLED-main/platformio.ini'
	[line 640]: '-D WLED_DISABLE_LOXONE \n'
	[line 641]: '-D WLED_DISABLE_ALEXA \n'
	[line 642]: '-D WLED_DISABLE_HUESYNC \n'
	[line 643]: '-D WLED_DISABLE_2D \n'
	[line 644]: '-D WLED_DISABLE_FASTLED\n''
