Repo to build:
https://api.github.com/repos/wled/WLED/zipball/nightly
Enviroment to build:
[env:custom_build]
extends = env:esp32s3dev_16MB_opi
build_flags = ${env:esp32s3dev_16MB_opi.build_flags} -D WLED_ENABLE_DMX -D CLIENT_SSID='"GoodGame"' -D CLIENT_PASS='"d2Pyy4thcasS"'
custom_usermods =  audioreactive 
Hacks to apply:

--2025-12-22 22:04:06--  https://api.github.com/repos/wled/WLED/zipball/nightly
Resolving api.github.com (api.github.com)... 140.82.116.5
Connecting to api.github.com (api.github.com)|140.82.116.5|:443... connected.
HTTP request sent, awaiting response... 302 Found
Location: https://codeload.github.com/wled/WLED/legacy.zip/refs/tags/nightly [following]
--2025-12-22 22:04:07--  https://codeload.github.com/wled/WLED/legacy.zip/refs/tags/nightly
Resolving codeload.github.com (codeload.github.com)... 140.82.116.10
Connecting to codeload.github.com (codeload.github.com)|140.82.116.10|:443... connected.
HTTP request sent, awaiting response... 200 OK
Length: unspecified [application/zip]
Saving to: ‘/tmp/WLEDtemp/mm.zip’

     0K .......... .......... .......... .......... .......... 1.34M
    50K .......... .......... .......... .......... .......... 2.69M
   100K .......... .......... .......... .......... ..........  104M
   150K .......... .......... .......... .......... .......... 5.59M
   200K .......... .......... .......... .......... .......... 5.17M
   250K .......... .......... .......... .......... ..........  117M
   300K .......... .......... .......... .......... .......... 77.4M
   350K .......... .......... .......... .......... .......... 6.22M
   400K .......... .......... .......... .......... .......... 5.30M
   450K .......... .......... .......... .......... ..........  110M
   500K .......... .......... .......... .......... ..........  131M
   550K .......... .......... .......... .......... ..........  129M
   600K .......... .......... .......... .......... .......... 95.4M
   650K .......... .......... .......... .......... ..........  160M
   700K .......... .......... .......... .......... .......... 4.27M
   750K .......... .......... .......... .......... ..........  123M
   800K .......... .......... .......... .......... .......... 18.8M
   850K .......... .......... .......... .......... .......... 23.1M
   900K .......... .......... .......... .......... .......... 1.90M
   950K .......... .......... .......... .......... .......... 59.2M
  1000K .......... .......... .......... .......... .......... 37.2M
  1050K .......... .......... .......... .......... .......... 77.4M
  1100K .......... .......... .......... .......... .......... 70.4M
  1150K .......... .......... .......... .......... .......... 62.0M
  1200K .......... .......... .......... .......... .......... 6.95M
  1250K .......... .......... .......... .......... .......... 47.9M
  1300K .......... .......... .......... .......... ..........  133M
  1350K .......... .......... .......... .......... .......... 1.18M
  1400K .......... .......... .......... .......... ..........  107M
  1450K .......... .......... .......... .......... .......... 44.4M
  1500K .......... .......... .......... .......... ..........  107M
  1550K .......... .......... .......... .......... .......... 70.4M
  1600K .......... .......... .......... .......... .......... 35.6M
  1650K .......... .......... .......... .......... .......... 6.84M
  1700K .......... .......... .......... .......... ..........  119M
  1750K .......... .......... .......... .......... .......... 28.0M
  1800K .......... .......... .......... .......... .......... 1.02M
  1850K .......... .......... .......... .......... .......... 86.9M
  1900K .......... .......... .......... .......... .......... 97.7M
  1950K .......... .......... .......... .......... .......... 57.0M
  2000K .......... .......... .......... .......... .......... 97.4M
  2050K .......... .......... .......... .......... .......... 85.2M
  2100K .......... .......... .......... .......... .......... 26.8M
  2150K .......... .......... .......... .......... .......... 93.8M
  2200K .......... .......... .......... .......... .......... 69.1M
  2250K .......... .......... .......... .......... .......... 3.00M
  2300K .......... .......... .......... .......... .......... 1.51M
  2350K .......... .......... .......... .......... .......... 87.7M
  2400K .......... .......... .......... .......... .......... 96.5M
  2450K .......... .......... .......... .......... ..........  104M
  2500K .......... .......... .......... .......... ..........  112M
  2550K .......... .......... .......... .......... .......... 26.4M
  2600K .......... .......... .......... .......... .......... 69.4M
  2650K .......... .......... .......... .......... ..........  108M
  2700K .......... .......... .......... .......... .......... 3.60M
  2750K .......... .......... .......... .......... .......... 1.38M
  2800K .......... .......... .......... .......... .......... 95.3M
  2850K .......... .......... .......... .......... ..........  115M
  2900K .......... .......... .......... .......... ..........  117M
  2950K .......... .......... .......... .......... .......... 86.1M
  3000K .......... .......... .......... .......... .......... 83.3M
  3050K .......... .......... .......... .......... .......... 22.9M
  3100K .......... .......... .......... .......... .......... 49.8M
  3150K .......... .......... .......... .......... .......... 17.9M
  3200K .......... .......... .......... .......... .......... 2.52M
  3250K .......... .......... .......... .......... .......... 1.74M
  3300K .......... .......... .......... .......... ..........  146M
  3350K .......... .......... .......... .......... .......... 60.7M
  3400K .......... .......... .......... .......... .......... 76.5M
  3450K .......... .......... .......... .......... ..........  150M
  3500K .......... .......... .......... .......... .......... 10.6M
  3550K .......... .......... .......... .......... ..........  121M
  3600K .......... .......... .......... .......... .......... 45.8M
  3650K .......... .......... .......... .......... .......... 3.97M
  3700K .......... .......... .......... .......... .......... 1.45M
  3750K .......... .......... .......... .......... .......... 70.7M
  3800K .......... .......... .......... .......... .......... 53.4M
  3850K .......... .......... .......... .......... .......... 73.8M
  3900K .......... .......... .......... .......... .......... 91.3M
  3950K .......... .......... .......... .......... .......... 77.3M
  4000K .......... .......... .......... .......... .......... 8.51M
  4050K .......... .......... .......... .......... .......... 62.1M
  4100K .......... .......... .......... .......... .......... 4.75M
  4150K .......... .......... .......... .......... .......... 1.48M
  4200K .......... .......... .......... .......... .......... 47.5M
  4250K .......... .......... .......... .......... .......... 74.5M
  4300K .......... .......... .......... .......... ..........  121M
  4350K .......... .......... .......... .......... .......... 71.2M
  4400K .......... .......... .......... .......... ..........  118M
  4450K .......... .......... .......... .......... .......... 10.9M
  4500K .......... .......... .......... .......... .......... 69.8M
  4550K .......... .......... .......... .......... .......... 3.87M
  4600K .......... .......... .......... .......... .......... 2.78M
  4650K .......... .......... .......... .......... .......... 2.70M
  4700K .......... .......... .......... .......... .......... 80.0M
  4750K .......... .......... .......... .......... ..........  101M
  4800K .......... .......... .......... .......... ..........  120M
  4850K .......... .......... .......... .......... ..........  165M
  4900K .......... .......... .......... .......... .......... 15.7M
  4950K .......... .......... .......... .......... .......... 74.6M
  5000K .......... .......... .......... .......... .......... 91.5M
  5050K .......... .......... .......... .......... .......... 2.99M
  5100K .......... .......... .......... .......... .......... 1.55M
  5150K .......... .......... .......... .......... .......... 65.3M
  5200K .......... .......... .......... .......... .......... 66.0M
  5250K .......... .......... .......... .......... ..........  117M
  5300K .......... .......... .......... .......... ..........  110M
  5350K .......... .......... .......... .......... .......... 71.4M
  5400K .......... .......... .......... .......... .......... 17.7M
  5450K .......... .......... .......... .......... .......... 87.1M
  5500K .......... .......... .......... .......... .......... 2.98M
  5550K .......... .......... .......... .......... .......... 87.6M
  5600K .......... .......... .......... .......... .......... 1.52M
  5650K .......... .......... .......... .......... .......... 49.6M
  5700K .......... .......... .......... .......... .......... 54.4M
  5750K .......... .......... .......... .......... .......... 96.1M
  5800K .......... .......... .......... .......... .......... 90.9M
  5850K .......... .......... .......... .......... .......... 4.74M
  5900K .......... .......... .......... .......... .......... 83.2M
  5950K .......... .......... .......... .......... ..........  110M
  6000K .......... .......... .......... .......... .......... 6.58M
  6050K .......... .......... .......... .......... .......... 1.51M
  6100K .......... .......... .......... .......... .......... 91.3M
  6150K .......... .......... .......... .......... .......... 72.9M
  6200K .......... .......... .......... .......... .......... 63.7M
  6250K .......... .......... .......... .......... .......... 90.4M
  6300K .......... .......... .......... .......... .......... 84.2M
  6350K .......... .......... .......... .......... .......... 4.73M
  6400K .......... .......... .......... .......... .......... 80.2M
  6450K .......... .......... .......... .......... .......... 6.72M
  6500K .......... .......... .......... .......... .......... 3.61M
  6550K .......... .......... .......... .......... .......... 2.58M
  6600K .......... .......... .......... .......... .......... 44.1M
  6650K .......... .......... .......... .......... .......... 93.8M
  6700K .......... .......... .......... .......... ..........  106M
  6750K .......... .......... .......... .......... .......... 89.7M
  6800K .......... .......... .......... .......... .......... 35.8M
  6850K .......... .......... .......... .......... .......... 4.87M
  6900K .......... .......... .......... .......... ..........  142M
  6950K .......... .......... .......... .......... .......... 6.23M
  7000K .......... .......... .......... .......... .......... 1.53M
  7050K .......... .......... .......... .......... .......... 54.4M
  7100K .......... .......... .......... .......... .......... 83.7M
  7150K .......... .......... .......... .......... .......... 95.6M
  7200K .......... .......... .......... .......... .......... 71.8M
  7250K .......... .......... .......... .......... .......... 97.3M
  7300K .......... .......... .......... .......... .......... 4.75M
  7350K .......... .......... .......... .......... .......... 50.5M
  7400K .......... .......... .......... .......... ..........  144M
  7450K .......... .......... .......... .......... .......... 6.37M
  7500K .......... .......... .......... .......... .......... 1.51M
  7550K .......... .......... .......... .......... .......... 28.8M
  7600K .......... .......... .......... .......... .......... 92.7M
  7650K .......... .......... .......... .......... .......... 54.8M
  7700K .......... .......... .......... .......... .......... 45.0M
  7750K .......... .......... .......... .......... .......... 99.0M
  7800K .......... .......... .......... .......... .......... 4.54M
  7850K .......... .......... .......... .......... .......... 97.9M
  7900K .......... .......... .......... .......... .......... 8.00M
  7950K .......... .......... .......... .......... .......... 2.53M
  8000K .......... .......... .......... .......... .......... 3.90M
  8050K .......... .......... .......... .......... .......... 19.8M
  8100K .......... .......... .......... .......... .......... 67.7M
  8150K .......... .......... .......... .......... ..........  127M
  8200K .......... .......... .......... .......... .......... 50.2M
  8250K .......... .......... .......... .......... .......... 5.55M
  8300K .......... .......... .......... .......... .......... 82.7M
  8350K .......... .......... .......... .......... .......... 6.78M
  8400K .......... .......... .......... .......... .......... 56.7M
  8450K .......... .......... .......... .......... .......... 1.54M
  8500K .......... .......... .......... .......... .......... 32.5M
  8550K .......... .......... .......... .......... .......... 53.3M
  8600K .......... .......... .......... .......... .......... 99.7M
  8650K .......... .......... .......... .......... .......... 65.8M
  8700K .......... .......... .......... .......... .......... 44.8M
  8750K .......... .......... .......... .......... .......... 4.19M
  8800K .......... .......... .......... .......... .......... 18.8M
  8850K .......... .......... .......... .......... .......... 12.2M
  8900K .......... .......... .......... .......... .......... 4.02M
  8950K .......... .......... .......... .......... .......... 2.53M
  9000K .......... .......... .......... .......... .......... 26.6M
  9050K .......... .......... .......... .......... ..........  106M
  9100K .......... .......... .......... .......... .......... 37.5M
  9150K .......... .......... .......... .......... ..........  114M
  9200K .......... .......... .......... .......... .......... 5.72M
  9250K .......... .......... .......... .......... .......... 10.9M
  9300K .......... .......... .......... .......... .......... 97.0M
  9350K .......... .......... .......... .......... .......... 9.65M
  9400K .......... .......... .......... .......... .......... 1.68M
  9450K .......... .......... .......... .......... .......... 16.2M
  9500K .......... .......... .......... .......... .......... 30.2M
  9550K .......... .......... .......... .......... ..........  130M
  9600K .......... .......... .......... .......... .......... 61.6M
  9650K .......... .......... .......... .......... .......... 56.9M
  9700K .......... .......... .......... .......... .......... 4.29M
  9750K .......... .......... .......... .......... .......... 68.3M
  9800K .......... .......... .......... .......... .......... 10.2M
  9850K .......... .......... .......... .......... .......... 28.0M
  9900K .......... .......... .......... .......... .......... 1.56M
  9950K .......... .......... .......... .......... .......... 28.4M
 10000K .......... .......... .......... .......... .......... 90.2M
 10050K .......... .......... .......... .......... .......... 81.2M
 10100K .......... .......... .......... .......... .......... 77.9M
 10150K .......... .......... .......... .......... ..........  117M
 10200K .......... .......... .......... .......... .......... 3.92M
 10250K .......... .......... .......... .......... .......... 94.9M
 10300K .......... .......... .......... .......... .......... 7.79M
 10350K .......... .......... .......... .......... .......... 2.07M
 10400K .......... .......... .......... .......... .......... 6.48M
 10450K .......... .......... .......... .......... .......... 22.7M
 10500K .......... .......... .......... .......... .......... 72.2M
 10550K .......... .......... .......... .......... .......... 25.7M
 10600K .......... .......... .......... .......... .......... 92.0M
 10650K .......... .......... .......... .......... .......... 73.6M
 10700K .......... .......... .......... .......... .......... 4.06M
 10750K .......... .......... .......... .......... .......... 82.8M
 10800K .......... .......... .......... .......... .......... 11.5M
 10850K .......... .......... .......... .......... .......... 2.06M
 10900K .......... .......... .......... .......... .......... 6.20M
 10950K .......... .......... .......... .......... .......... 7.83M
 11000K .......... .......... .......... .......... .......... 95.0M
 11050K .......... .......... .......... .......... .......... 47.8M
 11100K .......... .......... .......... .......... .......... 80.9M
 11150K .......... .......... .......... .......... .......... 12.4M
 11200K .......... .......... .......... .......... .......... 9.34M
 11250K .......... .......... .......... .......... ..........  125M
 11300K .......... .......... .......... .......... .......... 8.56M
 11350K .......... .......... .......... .......... .......... 1.68M
 11400K .......... .......... .......... .......... .......... 23.5M
 11450K .......... .......... .......... .......... .......... 7.22M
 11500K .......... .......... .......... .......... .......... 44.2M
 11550K .......... .......... .......... .......... .......... 31.3M
 11600K .......... .......... .......... .......... .......... 56.7M
 11650K ......                                                 97.4M=1.3s

2025-12-22 22:04:08 (8.44 MB/s) - ‘/tmp/WLEDtemp/mm.zip’ saved [11936560]


added 67 packages, and audited 68 packages in 2s

13 packages are looking for funding
  run `npm fund` for details

found 0 vulnerabilities
********************************************************************************
If you like PlatformIO, please:
- star it on GitHub > https://github.com/platformio/platformio-core
- follow us on LinkedIn to stay up-to-date on the latest project news > https://www.linkedin.com/company/platformio/
- try PlatformIO IDE for embedded development > https://platformio.org/platformio-ide
********************************************************************************

Processing custom_build (board: esp32-s3-devkitc-1; platform: https://github.com/tasmota/platform-espressif32/releases/download/2023.06.02/platform-espressif32.zip; framework: arduino)
--------------------------------------------------------------------------------
Platform Manager: Installing https://github.com/tasmota/platform-espressif32/releases/download/2023.06.02/platform-espressif32.zip
Platform Manager: Error: Please read https://bit.ly/package-manager-ioerror
ConnectionError: Traceback (most recent call last):
  File "/opt/hostedtoolcache/Python/3.10.19/x64/lib/python3.10/site-packages/urllib3/connectionpool.py", line 787, in urlopen
    response = self._make_request(
  File "/opt/hostedtoolcache/Python/3.10.19/x64/lib/python3.10/site-packages/urllib3/connectionpool.py", line 534, in _make_request
    response = conn.getresponse()
  File "/opt/hostedtoolcache/Python/3.10.19/x64/lib/python3.10/site-packages/urllib3/connection.py", line 571, in getresponse
    httplib_response = super().getresponse()
  File "/opt/hostedtoolcache/Python/3.10.19/x64/lib/python3.10/http/client.py", line 1375, in getresponse
    response.begin()
  File "/opt/hostedtoolcache/Python/3.10.19/x64/lib/python3.10/http/client.py", line 318, in begin
    version, status, reason = self._read_status()
  File "/opt/hostedtoolcache/Python/3.10.19/x64/lib/python3.10/http/client.py", line 287, in _read_status
    raise RemoteDisconnected("Remote end closed connection without"
http.client.RemoteDisconnected: Remote end closed connection without response

During handling of the above exception, another exception occurred:

Traceback (most recent call last):
  File "/opt/hostedtoolcache/Python/3.10.19/x64/lib/python3.10/site-packages/requests/adapters.py", line 644, in send
    resp = conn.urlopen(
  File "/opt/hostedtoolcache/Python/3.10.19/x64/lib/python3.10/site-packages/urllib3/connectionpool.py", line 841, in urlopen
    retries = retries.increment(
  File "/opt/hostedtoolcache/Python/3.10.19/x64/lib/python3.10/site-packages/urllib3/util/retry.py", line 474, in increment
    raise reraise(type(error), error, _stacktrace)
  File "/opt/hostedtoolcache/Python/3.10.19/x64/lib/python3.10/site-packages/urllib3/util/util.py", line 38, in reraise
    raise value.with_traceback(tb)
  File "/opt/hostedtoolcache/Python/3.10.19/x64/lib/python3.10/site-packages/urllib3/connectionpool.py", line 787, in urlopen
    response = self._make_request(
  File "/opt/hostedtoolcache/Python/3.10.19/x64/lib/python3.10/site-packages/urllib3/connectionpool.py", line 534, in _make_request
    response = conn.getresponse()
  File "/opt/hostedtoolcache/Python/3.10.19/x64/lib/python3.10/site-packages/urllib3/connection.py", line 571, in getresponse
    httplib_response = super().getresponse()
  File "/opt/hostedtoolcache/Python/3.10.19/x64/lib/python3.10/http/client.py", line 1375, in getresponse
    response.begin()
  File "/opt/hostedtoolcache/Python/3.10.19/x64/lib/python3.10/http/client.py", line 318, in begin
    version, status, reason = self._read_status()
  File "/opt/hostedtoolcache/Python/3.10.19/x64/lib/python3.10/http/client.py", line 287, in _read_status
    raise RemoteDisconnected("Remote end closed connection without"
urllib3.exceptions.ProtocolError: ('Connection aborted.', RemoteDisconnected('Remote end closed connection without response'))

During handling of the above exception, another exception occurred:

Traceback (most recent call last):
  File "/opt/hostedtoolcache/Python/3.10.19/x64/lib/python3.10/site-packages/platformio/__main__.py", line 103, in main
    cli()  # pylint: disable=no-value-for-parameter
  File "/opt/hostedtoolcache/Python/3.10.19/x64/lib/python3.10/site-packages/click/core.py", line 1157, in __call__
    return self.main(*args, **kwargs)
  File "/opt/hostedtoolcache/Python/3.10.19/x64/lib/python3.10/site-packages/click/core.py", line 1078, in main
    rv = self.invoke(ctx)
  File "/opt/hostedtoolcache/Python/3.10.19/x64/lib/python3.10/site-packages/platformio/cli.py", line 85, in invoke
    return super().invoke(ctx)
  File "/opt/hostedtoolcache/Python/3.10.19/x64/lib/python3.10/site-packages/click/core.py", line 1688, in invoke
    return _process_result(sub_ctx.command.invoke(sub_ctx))
  File "/opt/hostedtoolcache/Python/3.10.19/x64/lib/python3.10/site-packages/click/core.py", line 1434, in invoke
    return ctx.invoke(self.callback, **ctx.params)
  File "/opt/hostedtoolcache/Python/3.10.19/x64/lib/python3.10/site-packages/click/core.py", line 783, in invoke
    return __callback(*args, **kwargs)
  File "/opt/hostedtoolcache/Python/3.10.19/x64/lib/python3.10/site-packages/click/decorators.py", line 33, in new_func
    return f(get_current_context(), *args, **kwargs)
  File "/opt/hostedtoolcache/Python/3.10.19/x64/lib/python3.10/site-packages/platformio/run/cli.py", line 147, in cli
    process_env(
  File "/opt/hostedtoolcache/Python/3.10.19/x64/lib/python3.10/site-packages/platformio/run/cli.py", line 210, in process_env
    ).process()
  File "/opt/hostedtoolcache/Python/3.10.19/x64/lib/python3.10/site-packages/platformio/run/processor.py", line 81, in process
    install_project_env_dependencies(
  File "/opt/hostedtoolcache/Python/3.10.19/x64/lib/python3.10/site-packages/platformio/package/commands/install.py", line 132, in install_project_env_dependencies
    _install_project_env_platform(project_env, options),
  File "/opt/hostedtoolcache/Python/3.10.19/x64/lib/python3.10/site-packages/platformio/package/commands/install.py", line 149, in _install_project_env_platform
    PlatformPackageManager().install(
  File "/opt/hostedtoolcache/Python/3.10.19/x64/lib/python3.10/site-packages/platformio/package/manager/platform.py", line 50, in install
    pkg = super().install(spec, force=force, skip_dependencies=True)
  File "/opt/hostedtoolcache/Python/3.10.19/x64/lib/python3.10/site-packages/platformio/package/manager/_install.py", line 47, in install
    pkg = self._install(spec, skip_dependencies=skip_dependencies, force=force)
  File "/opt/hostedtoolcache/Python/3.10.19/x64/lib/python3.10/site-packages/platformio/package/manager/_install.py", line 97, in _install
    pkg = self.install_from_uri(spec.uri, spec)
  File "/opt/hostedtoolcache/Python/3.10.19/x64/lib/python3.10/site-packages/platformio/package/manager/_install.py", line 189, in install_from_uri
    dl_path = self.download(uri, checksum)
  File "/opt/hostedtoolcache/Python/3.10.19/x64/lib/python3.10/site-packages/platformio/package/manager/_download.py", line 88, in download
    raise exc
  File "/opt/hostedtoolcache/Python/3.10.19/x64/lib/python3.10/site-packages/platformio/package/manager/_download.py", line 69, in download
    fd = FileDownloader(url)
  File "/opt/hostedtoolcache/Python/3.10.19/x64/lib/python3.10/site-packages/platformio/package/download.py", line 33, in __init__
    self._http_response = self._http_session.get(
  File "/opt/hostedtoolcache/Python/3.10.19/x64/lib/python3.10/site-packages/requests/sessions.py", line 602, in get
    return self.request("GET", url, **kwargs)
  File "/opt/hostedtoolcache/Python/3.10.19/x64/lib/python3.10/site-packages/platformio/http.py", line 64, in request
    return super().request(
  File "/opt/hostedtoolcache/Python/3.10.19/x64/lib/python3.10/site-packages/requests/sessions.py", line 589, in request
    resp = self.send(prep, **send_kwargs)
  File "/opt/hostedtoolcache/Python/3.10.19/x64/lib/python3.10/site-packages/requests/sessions.py", line 703, in send
    r = adapter.send(request, **kwargs)
  File "/opt/hostedtoolcache/Python/3.10.19/x64/lib/python3.10/site-packages/requests/adapters.py", line 659, in send
    raise ConnectionError(err, request=request)
requests.exceptions.ConnectionError: ('Connection aborted.', RemoteDisconnected('Remote end closed connection without response'))

============================================================

An unexpected error occurred. Further steps:

* Verify that you have the latest version of PlatformIO using
  `python -m pip install -U platformio` command

* Try to find answer in FAQ Troubleshooting section
  https://docs.platformio.org/page/faq/index.html

* Report this problem to the developers
  https://github.com/platformio/platformio-core/issues

============================================================

Processing custom_build (board: esp32-s3-devkitc-1; platform: https://github.com/tasmota/platform-espressif32/releases/download/2023.06.02/platform-espressif32.zip; framework: arduino)
--------------------------------------------------------------------------------
Platform Manager: Installing https://github.com/tasmota/platform-espressif32/releases/download/2023.06.02/platform-espressif32.zip
PackageException: Got the unrecognized status code '503' when downloaded https://github.com/tasmota/platform-espressif32/releases/download/2023.06.02/platform-espressif32.zip
